Using pre-set license
Built from '2022.3/staging' branch; Version is '2022.3.45f1 (a13dfa44d684) revision 10567162'; Using compiler version '192829333'; Build Type 'Release'
OS: 'Windows 11  (10.0.26200) 64bit CoreSingleLanguage' Language: 'vi' Physical Memory: 16163 MB
BatchMode: 1, IsHumanControllingUs: 0, StartBugReporterOnCrash: 0, Is64bit: 1, IsPro: 1

COMMAND LINE ARGUMENTS:
C:\Program Files\Unity\Hub\Editor\2022.3.45f1\Editor\Unity.exe
-adb2
-batchMode
-noUpm
-name
AssetImportWorker12
-projectPath
D:/DN/UNITY/Solo-Abyss
-logFile
Logs/AssetImportWorker12.log
-srvPort
64320
Successfully changed project path to: D:/DN/UNITY/Solo-Abyss
D:/DN/UNITY/Solo-Abyss
[UnityMemory] Configuration Parameters - Can be set up in boot.config
    "memorysetup-bucket-allocator-granularity=16"
    "memorysetup-bucket-allocator-bucket-count=8"
    "memorysetup-bucket-allocator-block-size=33554432"
    "memorysetup-bucket-allocator-block-count=8"
    "memorysetup-main-allocator-block-size=16777216"
    "memorysetup-thread-allocator-block-size=16777216"
    "memorysetup-gfx-main-allocator-block-size=16777216"
    "memorysetup-gfx-thread-allocator-block-size=16777216"
    "memorysetup-cache-allocator-block-size=4194304"
    "memorysetup-typetree-allocator-block-size=2097152"
    "memorysetup-profiler-bucket-allocator-granularity=16"
    "memorysetup-profiler-bucket-allocator-bucket-count=8"
    "memorysetup-profiler-bucket-allocator-block-size=33554432"
    "memorysetup-profiler-bucket-allocator-block-count=8"
    "memorysetup-profiler-allocator-block-size=16777216"
    "memorysetup-profiler-editor-allocator-block-size=1048576"
    "memorysetup-temp-allocator-size-main=16777216"
    "memorysetup-job-temp-allocator-block-size=2097152"
    "memorysetup-job-temp-allocator-block-size-background=1048576"
    "memorysetup-job-temp-allocator-reduction-small-platforms=262144"
    "memorysetup-allocator-temp-initial-block-size-main=262144"
    "memorysetup-allocator-temp-initial-block-size-worker=262144"
    "memorysetup-temp-allocator-size-background-worker=32768"
    "memorysetup-temp-allocator-size-job-worker=262144"
    "memorysetup-temp-allocator-size-preload-manager=33554432"
    "memorysetup-temp-allocator-size-nav-mesh-worker=65536"
    "memorysetup-temp-allocator-size-audio-worker=65536"
    "memorysetup-temp-allocator-size-cloud-worker=32768"
    "memorysetup-temp-allocator-size-gi-baking-worker=262144"
    "memorysetup-temp-allocator-size-gfx=262144"
Player connection [21888]  Target information:

Player connection [21888]  * "[IP] 26.253.110.139 [Port] 0 [Flags] 2 [Guid] 3163295214 [EditorId] 3163295214 [Version] 1048832 [Id] WindowsEditor(7,GIGABYTE_G5) [Debug] 1 [PackageName] WindowsEditor [ProjectName] Editor" 

Player connection [21888]  * "[IP] 192.168.100.100 [Port] 0 [Flags] 2 [Guid] 3163295214 [EditorId] 3163295214 [Version] 1048832 [Id] WindowsEditor(7,GIGABYTE_G5) [Debug] 1 [PackageName] WindowsEditor [ProjectName] Editor" 

Player connection [21888] Host joined multi-casting on [225.0.0.222:54997]...
Player connection [21888] Host joined alternative multi-casting on [225.0.0.222:34997]...
[PhysX] Initialized MultithreadedTaskDispatcher with 12 workers.
Refreshing native plugins compatible for Editor in 3.71 ms, found 0 plugins.
Preloading 0 native plugins for Editor in 0.00 ms.
Initialize engine version: 2022.3.45f1 (a13dfa44d684)
[Subsystems] Discovering subsystems at path C:/Program Files/Unity/Hub/Editor/2022.3.45f1/Editor/Data/Resources/UnitySubsystems
[Subsystems] Discovering subsystems at path D:/DN/UNITY/Solo-Abyss/Assets
GfxDevice: creating device client; threaded=0; jobified=0
Direct3D:
    Version:  Direct3D 11.0 [level 11.1]
    Renderer: NVIDIA GeForce RTX 3050 Laptop GPU (ID=0x25a2)
    Vendor:   NVIDIA
    VRAM:     3962 MB
    Driver:   32.0.15.9186
Initialize mono
Mono path[0] = 'C:/Program Files/Unity/Hub/Editor/2022.3.45f1/Editor/Data/Managed'
Mono path[1] = 'C:/Program Files/Unity/Hub/Editor/2022.3.45f1/Editor/Data/MonoBleedingEdge/lib/mono/unityjit-win32'
Mono config path = 'C:/Program Files/Unity/Hub/Editor/2022.3.45f1/Editor/Data/MonoBleedingEdge/etc'
Using monoOptions --debugger-agent=transport=dt_socket,embedding=1,server=y,suspend=n,address=127.0.0.1:56724
Begin MonoManager ReloadAssembly
Registering precompiled unity dll's ...
Register platform support module: C:/Program Files/Unity/Hub/Editor/2022.3.45f1/Editor/Data/PlaybackEngines/AndroidPlayer/UnityEditor.Android.Extensions.dll
Register platform support module: C:/Program Files/Unity/Hub/Editor/2022.3.45f1/Editor/Data/PlaybackEngines/WindowsStandaloneSupport/UnityEditor.WindowsStandalone.Extensions.dll
Registered in 0.009382 seconds.
- Loaded All Assemblies, in  0.365 seconds
Native extension for WindowsStandalone target not found
Native extension for Android target not found
Android Extension - Scanning For ADB Devices 247 ms
Mono: successfully reloaded assembly
- Finished resetting the current domain, in  0.532 seconds
Domain Reload Profiling: 896ms
	BeginReloadAssembly (106ms)
		ExecutionOrderSort (0ms)
		DisableScriptedObjects (0ms)
		BackupInstance (0ms)
		ReleaseScriptingObjects (0ms)
		CreateAndSetChildDomain (1ms)
	RebuildCommonClasses (38ms)
	RebuildNativeTypeToScriptingClass (11ms)
	initialDomainReloadingComplete (63ms)
	LoadAllAssembliesAndSetupDomain (145ms)
		LoadAssemblies (104ms)
		RebuildTransferFunctionScriptingTraits (0ms)
		AnalyzeDomain (143ms)
			TypeCache.Refresh (141ms)
				TypeCache.ScanAssembly (128ms)
			ScanForSourceGeneratedMonoScriptInfo (0ms)
			ResolveRequiredComponents (0ms)
	FinalizeReload (533ms)
		ReleaseScriptCaches (0ms)
		RebuildScriptCaches (0ms)
		SetupLoadedEditorAssemblies (488ms)
			LogAssemblyErrors (0ms)
			InitializePlatformSupportModulesInManaged (327ms)
			SetLoadedEditorAssemblies (4ms)
			RefreshPlugins (0ms)
			BeforeProcessingInitializeOnLoad (2ms)
			ProcessInitializeOnLoadAttributes (111ms)
			ProcessInitializeOnLoadMethodAttributes (43ms)
			AfterProcessingInitializeOnLoad (0ms)
			EditorAssembliesLoaded (0ms)
		ExecutionOrderSort2 (0ms)
		AwakeInstancesAfterBackupRestoration (0ms)
========================================================================
Worker process is ready to serve import requests
Caller must complete domain reload
Begin MonoManager ReloadAssembly
- Loaded All Assemblies, in  0.544 seconds
Native extension for WindowsStandalone target not found
Native extension for Android target not found
Mono: successfully reloaded assembly
- Finished resetting the current domain, in  0.755 seconds
Domain Reload Profiling: 1298ms
	BeginReloadAssembly (142ms)
		ExecutionOrderSort (0ms)
		DisableScriptedObjects (6ms)
		BackupInstance (0ms)
		ReleaseScriptingObjects (0ms)
		CreateAndSetChildDomain (22ms)
	RebuildCommonClasses (40ms)
	RebuildNativeTypeToScriptingClass (10ms)
	initialDomainReloadingComplete (41ms)
	LoadAllAssembliesAndSetupDomain (309ms)
		LoadAssemblies (261ms)
		RebuildTransferFunctionScriptingTraits (0ms)
		AnalyzeDomain (128ms)
			TypeCache.Refresh (100ms)
				TypeCache.ScanAssembly (89ms)
			ScanForSourceGeneratedMonoScriptInfo (14ms)
			ResolveRequiredComponents (11ms)
	FinalizeReload (756ms)
		ReleaseScriptCaches (0ms)
		RebuildScriptCaches (0ms)
		SetupLoadedEditorAssemblies (599ms)
			LogAssemblyErrors (0ms)
			InitializePlatformSupportModulesInManaged (21ms)
			SetLoadedEditorAssemblies (8ms)
			RefreshPlugins (0ms)
			BeforeProcessingInitializeOnLoad (92ms)
			ProcessInitializeOnLoadAttributes (211ms)
			ProcessInitializeOnLoadMethodAttributes (259ms)
			AfterProcessingInitializeOnLoad (7ms)
			EditorAssembliesLoaded (0ms)
		ExecutionOrderSort2 (0ms)
		AwakeInstancesAfterBackupRestoration (7ms)
Launched and connected shader compiler UnityShaderCompiler.exe after 0.04 seconds
Refreshing native plugins compatible for Editor in 1.37 ms, found 0 plugins.
Preloading 0 native plugins for Editor in 0.00 ms.
Unloading 3201 Unused Serialized files (Serialized files now loaded: 0)
Unloading 32 unused Assets / (414.5 KB). Loaded Objects now: 3676.
Memory consumption went from 188.5 MB to 188.1 MB.
Total: 2.586500 ms (FindLiveObjects: 0.224500 ms CreateObjectMapping: 0.074800 ms MarkObjects: 2.135900 ms  DeleteObjects: 0.149600 ms)

AssetImportParameters requested are different than current active one (requested -> active):
  custom:video-decoder-webm-vp8: 9c59270c3fd7afecdb556c50c9e8de78 -> 
  custom:scripting/monoscript/fileName/StateMachines.cs: 42ec79292b9caf3226419fa88f77af98 -> 
  custom:scripting/monoscript/fileName/ChaseState.cs: e7f510aa8f646e6f375675a345f4b8e8 -> 
  custom:SearchIndexIgnoredProperties: e643bd26f0fe6173181afceb89e7c659 -> 
  custom:container-demuxer-ogg: 62fdf1f143b41e24485cea50d1cbac27 -> 
  custom:AudioImporter_EditorPlatform: d09bf68614088b80899f8185d706f6e7 -> 
  custom:scripting/monoscript/fileName/States.cs: e2caa5465a317649d0ccb9c5bec1f708 -> 
  custom:scripting/monoscript/fileName/DieState.cs: d8d20508f6f446f147a765535afe3b29 -> 
  custom:scripting/monoscript/fileName/AttackState.cs: 1c93600fe64c72d0f7948767bd3d991f -> 
  custom:scripting/monoscript/fileName/IGSkill2State.cs: 9e5bd2bd6668e530e2b5e7cafcacffa7 -> 
  custom:scripting/monoscript/fileName/StaggerState.cs: bab458d5647efbe97a5f34692f15b2cb -> 
  custom:scripting/monoscript/fileName/isPickup.cs: f41b9e80026f54793656da788dc54961 -> 
  custom:video-codec-MediaFoundation-h265: 746d11721c4dcdbdad8f713fa42b33f4 -> 
  custom:scripting/monoscript/fileName/AudioManager.cs: 0aef3caba4c1c1b0bc8bd1dca2fef31d -> e8310be4479956b7ccf5d41d9f0f6e53
  custom:scripting/monoscript/fileName/ShieldState.cs: c0d8b010c6fc15246c464a9d01e40828 -> 
  custom:scripting/monoscript/fileName/SpellDetector.cs: 87f37ef0e5efce1082b106caa75843ee -> 
  custom:video-decoder-ogg-theora: a1e56fd34408186e4bbccfd4996cb3dc -> 
  custom:scripting/monoscript/fileName/IGPhase2.cs: 7f5889193d30a1f703fa62827a5c4bfa -> 
  custom:framework-win-MediaFoundation: 216162199b28c13a410421893ffa2e32 -> 
  custom:scripting/monoscript/fileName/pickupHP.cs: 81d75439eca0785d4a25901e836293d6 -> 
  custom:scripting/monoscript/fileName/checkPoint.cs: 9817e76e46ad9e670ee8662a36b4b6d0 -> 
  custom:scripting/monoscript/fileName/IceGuardian.cs: 32f0a52b431a8928fb91561a5e7d5ef6 -> 
  custom:video-encoder-webm-vp8: eb34c28f22e8b96e1ab97ce403110664 -> 
  custom:audio-decoder-ogg-vorbis: bf7c407c2cedff20999df2af8eb42d56 -> 
  custom:scripting/monoscript/fileName/AnimationEventRelay.cs: 5095c46a875dabdfc7b7b2f9e7f2cb96 -> 
  custom:scripting/monoscript/fileName/SearchState.cs: 0e151c85e5ceea2d3ed5933086210541 -> 
  custom:scripting/monoscript/fileName/IGDieState.cs: 112e8d29aae8e3af7f9ecf1bb53a664c -> 
  custom:scripting/monoscript/fileName/NavigateState.cs: c290b31f361cace9871fbcc670c3ae6b -> 
  custom:CustomObjectIndexerAttribute: 72b91833f83ae208fae7752999fa3104 -> 
  custom:scripting/monoscript/fileName/Skeleton.cs: a87400f9d1f55b53fdfa4f3625df4344 -> 
  custom:scripting/monoscript/fileName/GoblinDieState.cs: 313df378872d7ba3cd6a2364a0827586 -> 
  custom:scripting/monoscript/fileName/IGSkill1State.cs: 470ba065fa99cf34b979f356a368dc2d -> 
  custom:scripting/monoscript/fileName/IdleState.cs: cb17b2728a149ce6b24336e6c26e95c5 -> 
  custom:container-demuxer-webm: 4f35f7cbe854078d1ac9338744f61a02 -> 
  custom:scripting/monoscript/fileName/IntroState.cs: 509fbffc9e75b42599bb39e89007b583 -> 
  custom:scripting/monoscript/fileName/Goblin.cs: bfda3a5ab7b8fb10f038f58998758644 -> 
  custom:scripting/monoscript/fileName/Mushroom.cs: 9f34a771708c0bb67e51e29d255e0b7d -> 
  custom:scripting/monoscript/fileName/BodSpellState.cs: 2e473ae42eec227b4de41863f11ebe9f -> 
  custom:audio-encoder-webm-vorbis: bf7c407c2cedff20999df2af8eb42d56 -> 
  custom:scripting/monoscript/fileName/HurtState.cs: ad4f61e7339b53004242c588a744291f -> 
  custom:scripting/monoscript/fileName/EnemyCore.cs: d130410407ac7fdf3e01b85e9eae7c53 -> 
  custom:scripting/monoscript/fileName/ShieldDetector.cs: 61c337ae61b509185afbc038c62f7a5a -> 
  custom:scripting/monoscript/fileName/pickupMana.cs: 66a4432e428661d1a9263756c53bf429 -> 
  custom:scripting/monoscript/fileName/PatrolState.cs: 3dca79e344dd16de3bb75f43e3d97235 -> 
  custom:scripting/monoscript/fileName/BringerofDeath.cs: a92c1ebf3d9b06f68d48fed44a0a0aaf -> 
  custom:container-muxer-webm: aa71ff27fc2769a1b78a27578f13a17b -> 
  custom:scripting/monoscript/fileName/PlayerDetector.cs: 5b9825dd0ced1558ceaca62aa95a8726 -> 
========================================================================
Received Import Request.
  Time since last request: 36365.852636 seconds.
  path: Assets/Quan/Asset/Layer Lab/GUI Pro-FantasyRPG/Prefabs/Prefabs_DemoScene_Panels/PlayContinue.prefab
  artifactKey: Guid(90ebb2ed8e6a34dd3b4a980fd67f5cc4) Importer(815301076,1909f56bfc062723c751e8b465ee728b)
Start importing Assets/Quan/Asset/Layer Lab/GUI Pro-FantasyRPG/Prefabs/Prefabs_DemoScene_Panels/PlayContinue.prefab using Guid(90ebb2ed8e6a34dd3b4a980fd67f5cc4) Importer(815301076,1909f56bfc062723c751e8b465ee728b) [PhysX] Initialized MultithreadedTaskDispatcher with 12 workers.
 -> (artifact id: '259b5db73b4b6f88e9cd216584679d6d') in 0.079250 seconds
Number of updated asset objects reloaded before import = 0
Number of asset objects unloaded after import = 91
========================================================================
Received Import Request.
  Time since last request: 0.000028 seconds.
  path: Assets/Quan/Asset/Layer Lab/GUI Pro-FantasyRPG/Prefabs/Prefabs_DemoScene_Panels/Loading.prefab
  artifactKey: Guid(1bdd344e737db49d3a7011f81bd69c97) Importer(815301076,1909f56bfc062723c751e8b465ee728b)
Start importing Assets/Quan/Asset/Layer Lab/GUI Pro-FantasyRPG/Prefabs/Prefabs_DemoScene_Panels/Loading.prefab using Guid(1bdd344e737db49d3a7011f81bd69c97) Importer(815301076,1909f56bfc062723c751e8b465ee728b) [PhysX] Initialized MultithreadedTaskDispatcher with 12 workers.
[PhysX] Initialized MultithreadedTaskDispatcher with 12 workers.
 -> (artifact id: '9e3e980bd87cf352b0cedbdc346dd9e9') in 0.288859 seconds
Number of updated asset objects reloaded before import = 0
Number of asset objects unloaded after import = 182
========================================================================
Received Import Request.
  Time since last request: 0.000052 seconds.
  path: Assets/Quan/Asset/Layer Lab/GUI Pro-FantasyRPG/Prefabs/Prefabs_DemoScene_Panels/Equipment.prefab
  artifactKey: Guid(2d60667da1ff74d8f8cb8efc6ad31bf9) Importer(815301076,1909f56bfc062723c751e8b465ee728b)
Start importing Assets/Quan/Asset/Layer Lab/GUI Pro-FantasyRPG/Prefabs/Prefabs_DemoScene_Panels/Equipment.prefab using Guid(2d60667da1ff74d8f8cb8efc6ad31bf9) Importer(815301076,1909f56bfc062723c751e8b465ee728b) [PhysX] Initialized MultithreadedTaskDispatcher with 12 workers.
 -> (artifact id: '242a3c5540b925a08ad563c698704bd0') in 0.092069 seconds
Number of updated asset objects reloaded before import = 0
Number of asset objects unloaded after import = 1349
========================================================================
Received Import Request.
  Time since last request: 49.211047 seconds.
  path: Assets/Quan/Asset/Layer Lab/GUI Pro-FantasyRPG/Prefabs/Prefabs_DemoScene_Panels/Shop_Chest.prefab
  artifactKey: Guid(f02169c6f740a4764a517da277924fec) Importer(815301076,1909f56bfc062723c751e8b465ee728b)
Start importing Assets/Quan/Asset/Layer Lab/GUI Pro-FantasyRPG/Prefabs/Prefabs_DemoScene_Panels/Shop_Chest.prefab using Guid(f02169c6f740a4764a517da277924fec) Importer(815301076,1909f56bfc062723c751e8b465ee728b) [PhysX] Initialized MultithreadedTaskDispatcher with 12 workers.
[PhysX] Initialized MultithreadedTaskDispatcher with 12 workers.
 -> (artifact id: '1162a4989483ac3c87b8612516c58527') in 0.054875 seconds
Number of updated asset objects reloaded before import = 0
Number of asset objects unloaded after import = 650
========================================================================
Received Import Request.
  Time since last request: 28.780633 seconds.
  path: Assets/IMG/skill effect/BloodFX Batch 1/VFX Blood Batch 1_SpriteSheetRows.png
  artifactKey: Guid(351eb263e71eeb34a854b33259309c94) Importer(815301076,1909f56bfc062723c751e8b465ee728b)
Start importing Assets/IMG/skill effect/BloodFX Batch 1/VFX Blood Batch 1_SpriteSheetRows.png using Guid(351eb263e71eeb34a854b33259309c94) Importer(815301076,1909f56bfc062723c751e8b465ee728b) [PhysX] Initialized MultithreadedTaskDispatcher with 12 workers.
[PhysX] Initialized MultithreadedTaskDispatcher with 12 workers.
 -> (artifact id: 'c23b03fcb958d2788abf3ee4b3c5610a') in 0.132765 seconds
Number of updated asset objects reloaded before import = 0
Number of asset objects unloaded after import = 24
========================================================================
Received Import Request.
  Time since last request: 0.000033 seconds.
  path: Assets/IMG/Tilemap/IsometricZAsY/Characters/Witch/AnimationSprites/Run S/witch run S01.png
  artifactKey: Guid(817f3932bf0d947868b7f3a300bc83bb) Importer(815301076,1909f56bfc062723c751e8b465ee728b)
Start importing Assets/IMG/Tilemap/IsometricZAsY/Characters/Witch/AnimationSprites/Run S/witch run S01.png using Guid(817f3932bf0d947868b7f3a300bc83bb) Importer(815301076,1909f56bfc062723c751e8b465ee728b) [PhysX] Initialized MultithreadedTaskDispatcher with 12 workers.
[PhysX] Initialized MultithreadedTaskDispatcher with 12 workers.
 -> (artifact id: '5ff435733e5290a93580d7ca7eaffaa4') in 0.010653 seconds
Number of updated asset objects reloaded before import = 0
Number of asset objects unloaded after import = 3
========================================================================
Received Import Request.
  Time since last request: 0.000025 seconds.
  path: Assets/IMG/Tilemap/IsometricZAsY/Characters/Witch/AnimationSprites/Run NE/witch run NE04.png
  artifactKey: Guid(ece1112da122147a783247177dc5c414) Importer(815301076,1909f56bfc062723c751e8b465ee728b)
Start importing Assets/IMG/Tilemap/IsometricZAsY/Characters/Witch/AnimationSprites/Run NE/witch run NE04.png using Guid(ece1112da122147a783247177dc5c414) Importer(815301076,1909f56bfc062723c751e8b465ee728b) [PhysX] Initialized MultithreadedTaskDispatcher with 12 workers.
[PhysX] Initialized MultithreadedTaskDispatcher with 12 workers.
 -> (artifact id: '37294b5e59c376f45c74e0a56a7e3065') in 0.010191 seconds
Number of updated asset objects reloaded before import = 0
Number of asset objects unloaded after import = 3
========================================================================
Received Import Request.
  Time since last request: 0.000030 seconds.
  path: Assets/IMG/Tilemap/IsometricZAsY/Characters/Witch/AnimationSprites/Static/witch static00.png
  artifactKey: Guid(1ab8c3bef1c8d41c2bcaeb963b25c84f) Importer(815301076,1909f56bfc062723c751e8b465ee728b)
Start importing Assets/IMG/Tilemap/IsometricZAsY/Characters/Witch/AnimationSprites/Static/witch static00.png using Guid(1ab8c3bef1c8d41c2bcaeb963b25c84f) Importer(815301076,1909f56bfc062723c751e8b465ee728b) [PhysX] Initialized MultithreadedTaskDispatcher with 12 workers.
[PhysX] Initialized MultithreadedTaskDispatcher with 12 workers.
 -> (artifact id: 'e54abde8c989a97ff116a6651bc0e4e5') in 0.008622 seconds
Number of updated asset objects reloaded before import = 0
Number of asset objects unloaded after import = 3
========================================================================
Received Import Request.
  Time since last request: 0.000021 seconds.
  path: Assets/IMG/Tilemap/IsometricZAsY/Characters/Witch/AnimationSprites/Run N/witch run N04.png
  artifactKey: Guid(8e4df6186a4a948fb83373125fd8c579) Importer(815301076,1909f56bfc062723c751e8b465ee728b)
Start importing Assets/IMG/Tilemap/IsometricZAsY/Characters/Witch/AnimationSprites/Run N/witch run N04.png using Guid(8e4df6186a4a948fb83373125fd8c579) Importer(815301076,1909f56bfc062723c751e8b465ee728b) [PhysX] Initialized MultithreadedTaskDispatcher with 12 workers.
[PhysX] Initialized MultithreadedTaskDispatcher with 12 workers.
 -> (artifact id: '290cbd552d9984ad8643c644d185b355') in 0.011238 seconds
Number of updated asset objects reloaded before import = 0
Number of asset objects unloaded after import = 3
========================================================================
Received Import Request.
  Time since last request: 0.000027 seconds.
  path: Assets/IMG/Tilemap/IsometricZAsY/Characters/Witch/AnimationSprites/Static/witch static06.png
  artifactKey: Guid(0a91f6ffdd6c74fc2bbe0ca9bcd3b52d) Importer(815301076,1909f56bfc062723c751e8b465ee728b)
Start importing Assets/IMG/Tilemap/IsometricZAsY/Characters/Witch/AnimationSprites/Static/witch static06.png using Guid(0a91f6ffdd6c74fc2bbe0ca9bcd3b52d) Importer(815301076,1909f56bfc062723c751e8b465ee728b) [PhysX] Initialized MultithreadedTaskDispatcher with 12 workers.
[PhysX] Initialized MultithreadedTaskDispatcher with 12 workers.
 -> (artifact id: '69696e833316e1d48853a0613cf3a7aa') in 0.010368 seconds
Number of updated asset objects reloaded before import = 0
Number of asset objects unloaded after import = 3
========================================================================
Received Import Request.
  Time since last request: 0.000028 seconds.
  path: Assets/IMG/Tilemap/IsometricZAsY/Characters/Witch/AnimationSprites/Run NE/witch run NE01.png
  artifactKey: Guid(4c0cff268c40d40cc95641209b04439e) Importer(815301076,1909f56bfc062723c751e8b465ee728b)
Start importing Assets/IMG/Tilemap/IsometricZAsY/Characters/Witch/AnimationSprites/Run NE/witch run NE01.png using Guid(4c0cff268c40d40cc95641209b04439e) Importer(815301076,1909f56bfc062723c751e8b465ee728b) [PhysX] Initialized MultithreadedTaskDispatcher with 12 workers.
[PhysX] Initialized MultithreadedTaskDispatcher with 12 workers.
 -> (artifact id: '2529b6af72a71aa83e7e56fc6c1e4b81') in 0.009720 seconds
Number of updated asset objects reloaded before import = 0
Number of asset objects unloaded after import = 3
========================================================================
Received Import Request.
  Time since last request: 0.000070 seconds.
  path: Assets/IMG/Tilemap/IsometricZAsY/Characters/Witch/AnimationSprites/Run NE/witch run NE03.png
  artifactKey: Guid(afa9a0b28bb294c648f0559d3bc0b82f) Importer(815301076,1909f56bfc062723c751e8b465ee728b)
Start importing Assets/IMG/Tilemap/IsometricZAsY/Characters/Witch/AnimationSprites/Run NE/witch run NE03.png using Guid(afa9a0b28bb294c648f0559d3bc0b82f) Importer(815301076,1909f56bfc062723c751e8b465ee728b) [PhysX] Initialized MultithreadedTaskDispatcher with 12 workers.
[PhysX] Initialized MultithreadedTaskDispatcher with 12 workers.
 -> (artifact id: '30c0e87374f68a53d6a0ce2a63f3da67') in 0.010751 seconds
Number of updated asset objects reloaded before import = 0
Number of asset objects unloaded after import = 3
========================================================================
Received Import Request.
  Time since last request: 0.000075 seconds.
  path: Assets/IMG/Tilemap/IsometricZAsY/Characters/Witch/AnimationSprites/Static/witch static02.png
  artifactKey: Guid(c94b2ada7d068424d9b4c20219f862fe) Importer(815301076,1909f56bfc062723c751e8b465ee728b)
Start importing Assets/IMG/Tilemap/IsometricZAsY/Characters/Witch/AnimationSprites/Static/witch static02.png using Guid(c94b2ada7d068424d9b4c20219f862fe) Importer(815301076,1909f56bfc062723c751e8b465ee728b) [PhysX] Initialized MultithreadedTaskDispatcher with 12 workers.
[PhysX] Initialized MultithreadedTaskDispatcher with 12 workers.
 -> (artifact id: 'cbff186d075829d3dc67782ce7030644') in 0.011324 seconds
Number of updated asset objects reloaded before import = 0
Number of asset objects unloaded after import = 3
========================================================================
Received Import Request.
  Time since last request: 0.000034 seconds.
  path: Assets/IMG/Tilemap/IsometricZAsY/Characters/Witch/AnimationSprites/Run NE/witch run NE05.png
  artifactKey: Guid(6a6e4819cef514a4d99d81c5b1f52f85) Importer(815301076,1909f56bfc062723c751e8b465ee728b)
Start importing Assets/IMG/Tilemap/IsometricZAsY/Characters/Witch/AnimationSprites/Run NE/witch run NE05.png using Guid(6a6e4819cef514a4d99d81c5b1f52f85) Importer(815301076,1909f56bfc062723c751e8b465ee728b) [PhysX] Initialized MultithreadedTaskDispatcher with 12 workers.
[PhysX] Initialized MultithreadedTaskDispatcher with 12 workers.
 -> (artifact id: 'ec86360fa6e7037f3ff609575e1e26eb') in 0.011672 seconds
Number of updated asset objects reloaded before import = 0
Number of asset objects unloaded after import = 3
========================================================================
Received Import Request.
  Time since last request: 0.000024 seconds.
  path: Assets/IMG/Tilemap/IsometricZAsY/Characters/Witch/AnimationSprites/Static/witch static01.png
  artifactKey: Guid(146b9431d231f4527aa174d2cb0a0594) Importer(815301076,1909f56bfc062723c751e8b465ee728b)
Start importing Assets/IMG/Tilemap/IsometricZAsY/Characters/Witch/AnimationSprites/Static/witch static01.png using Guid(146b9431d231f4527aa174d2cb0a0594) Importer(815301076,1909f56bfc062723c751e8b465ee728b) [PhysX] Initialized MultithreadedTaskDispatcher with 12 workers.
[PhysX] Initialized MultithreadedTaskDispatcher with 12 workers.
 -> (artifact id: '51d338bf17fb432dba0bb43059b118b4') in 0.008995 seconds
Number of updated asset objects reloaded before import = 0
Number of asset objects unloaded after import = 3
========================================================================
Received Import Request.
  Time since last request: 0.000021 seconds.
  path: Assets/IMG/Tilemap/IsometricZAsY/Characters/Witch/AnimationSprites/Run N/witch run N02.png
  artifactKey: Guid(72c4c1fb466224ed1a081b31a30bda12) Importer(815301076,1909f56bfc062723c751e8b465ee728b)
Start importing Assets/IMG/Tilemap/IsometricZAsY/Characters/Witch/AnimationSprites/Run N/witch run N02.png using Guid(72c4c1fb466224ed1a081b31a30bda12) Importer(815301076,1909f56bfc062723c751e8b465ee728b) [PhysX] Initialized MultithreadedTaskDispatcher with 12 workers.
[PhysX] Initialized MultithreadedTaskDispatcher with 12 workers.
 -> (artifact id: 'e68f29b3145cc41ba1e739e732364492') in 0.010248 seconds
Number of updated asset objects reloaded before import = 0
Number of asset objects unloaded after import = 3
========================================================================
Received Import Request.
  Time since last request: 0.000029 seconds.
  path: Assets/IMG/Tilemap/IsometricZAsY/Characters/Witch/AnimationSprites/Run S/witch run S04.png
  artifactKey: Guid(ea2a9989ee4bc4808987ac7796b6f02f) Importer(815301076,1909f56bfc062723c751e8b465ee728b)
Start importing Assets/IMG/Tilemap/IsometricZAsY/Characters/Witch/AnimationSprites/Run S/witch run S04.png using Guid(ea2a9989ee4bc4808987ac7796b6f02f) Importer(815301076,1909f56bfc062723c751e8b465ee728b) [PhysX] Initialized MultithreadedTaskDispatcher with 12 workers.
[PhysX] Initialized MultithreadedTaskDispatcher with 12 workers.
 -> (artifact id: '124aef3995e7631fc4b790db9aeffab6') in 0.009504 seconds
Number of updated asset objects reloaded before import = 0
Number of asset objects unloaded after import = 3
========================================================================
Received Import Request.
  Time since last request: 0.000031 seconds.
  path: Assets/Quan/Asset/Layer Lab/GUI Pro-FantasyRPG/ResourcesData/Sprites/Demo/Demo_Image/WingBadge_Center_Badge_Left.png
  artifactKey: Guid(2e16ff909ace4479e969b77eff6fa68e) Importer(815301076,1909f56bfc062723c751e8b465ee728b)
Start importing Assets/Quan/Asset/Layer Lab/GUI Pro-FantasyRPG/ResourcesData/Sprites/Demo/Demo_Image/WingBadge_Center_Badge_Left.png using Guid(2e16ff909ace4479e969b77eff6fa68e) Importer(815301076,1909f56bfc062723c751e8b465ee728b) [PhysX] Initialized MultithreadedTaskDispatcher with 12 workers.
[PhysX] Initialized MultithreadedTaskDispatcher with 12 workers.
 -> (artifact id: '37b47f3dee15d827e3c565682c3d703c') in 0.010497 seconds
Number of updated asset objects reloaded before import = 0
Number of asset objects unloaded after import = 3
========================================================================
Received Import Request.
  Time since last request: 0.000035 seconds.
  path: Assets/IMG/Tilemap/IsometricZAsY/Characters/Witch/AnimationSprites/Static/witch static07.png
  artifactKey: Guid(92d40b9c71eda4dfd83985e7fdc8572e) Importer(815301076,1909f56bfc062723c751e8b465ee728b)
Start importing Assets/IMG/Tilemap/IsometricZAsY/Characters/Witch/AnimationSprites/Static/witch static07.png using Guid(92d40b9c71eda4dfd83985e7fdc8572e) Importer(815301076,1909f56bfc062723c751e8b465ee728b) [PhysX] Initialized MultithreadedTaskDispatcher with 12 workers.
[PhysX] Initialized MultithreadedTaskDispatcher with 12 workers.
 -> (artifact id: '281fab61863f04a712e5cb84deb37e51') in 0.009946 seconds
Number of updated asset objects reloaded before import = 0
Number of asset objects unloaded after import = 3
========================================================================
Received Import Request.
  Time since last request: 0.000026 seconds.
  path: Assets/IMG/Tilemap/IsometricZAsY/Characters/Witch/AnimationSprites/Run E/witch run E04.png
  artifactKey: Guid(a8d723aaba3d14c6b908b65490c3ceb5) Importer(815301076,1909f56bfc062723c751e8b465ee728b)
Start importing Assets/IMG/Tilemap/IsometricZAsY/Characters/Witch/AnimationSprites/Run E/witch run E04.png using Guid(a8d723aaba3d14c6b908b65490c3ceb5) Importer(815301076,1909f56bfc062723c751e8b465ee728b) [PhysX] Initialized MultithreadedTaskDispatcher with 12 workers.
[PhysX] Initialized MultithreadedTaskDispatcher with 12 workers.
 -> (artifact id: '06d126927de95a37dc1e6ce210784e72') in 0.009905 seconds
Number of updated asset objects reloaded before import = 0
Number of asset objects unloaded after import = 3
========================================================================
Received Import Request.
  Time since last request: 0.000025 seconds.
  path: Assets/Quan/Asset/Layer Lab/GUI Pro-FantasyRPG/ResourcesData/Sprites/Demo/Demo_Image/WingBadge_Center_Badge_Right.png
  artifactKey: Guid(6a1c62f311c094e6c86ad01e95ff5f1a) Importer(815301076,1909f56bfc062723c751e8b465ee728b)
Start importing Assets/Quan/Asset/Layer Lab/GUI Pro-FantasyRPG/ResourcesData/Sprites/Demo/Demo_Image/WingBadge_Center_Badge_Right.png using Guid(6a1c62f311c094e6c86ad01e95ff5f1a) Importer(815301076,1909f56bfc062723c751e8b465ee728b) [PhysX] Initialized MultithreadedTaskDispatcher with 12 workers.
[PhysX] Initialized MultithreadedTaskDispatcher with 12 workers.
 -> (artifact id: '2c59b750a0bdba257560a12ca8f8a554') in 0.009996 seconds
Number of updated asset objects reloaded before import = 0
Number of asset objects unloaded after import = 3
========================================================================
Received Import Request.
  Time since last request: 0.000026 seconds.
  path: Assets/Quan/Asset/Layer Lab/GUI Pro-FantasyRPG/ResourcesData/Sprites/Component/IconMisc/Icon_Colon.png
  artifactKey: Guid(8f433d6c02b7049e9849c15a59051d7b) Importer(815301076,1909f56bfc062723c751e8b465ee728b)
Start importing Assets/Quan/Asset/Layer Lab/GUI Pro-FantasyRPG/ResourcesData/Sprites/Component/IconMisc/Icon_Colon.png using Guid(8f433d6c02b7049e9849c15a59051d7b) Importer(815301076,1909f56bfc062723c751e8b465ee728b) [PhysX] Initialized MultithreadedTaskDispatcher with 12 workers.
[PhysX] Initialized MultithreadedTaskDispatcher with 12 workers.
 -> (artifact id: '43c08a49063bdeda9654d55e26f4019c') in 0.012355 seconds
Number of updated asset objects reloaded before import = 0
Number of asset objects unloaded after import = 3
========================================================================
Received Import Request.
  Time since last request: 0.000029 seconds.
  path: Assets/IMG/Khoi/logo/keyboard/colon.png
  artifactKey: Guid(f004ab1fd83d34f4c84e0059089f6748) Importer(815301076,1909f56bfc062723c751e8b465ee728b)
Start importing Assets/IMG/Khoi/logo/keyboard/colon.png using Guid(f004ab1fd83d34f4c84e0059089f6748) Importer(815301076,1909f56bfc062723c751e8b465ee728b) [PhysX] Initialized MultithreadedTaskDispatcher with 12 workers.
[PhysX] Initialized MultithreadedTaskDispatcher with 12 workers.
 -> (artifact id: '7eee321a675811170958ec9a314e3ec5') in 0.013817 seconds
Number of updated asset objects reloaded before import = 0
Number of asset objects unloaded after import = 3
========================================================================
Received Import Request.
  Time since last request: 0.000028 seconds.
  path: Assets/Quan/Asset/Layer Lab/GUI Pro-FantasyRPG/ResourcesData/Sprites/Component/Popup/Popup_02_White_DecoLine.png
  artifactKey: Guid(0ff3e2c154a504e208d1293505528436) Importer(815301076,1909f56bfc062723c751e8b465ee728b)
Start importing Assets/Quan/Asset/Layer Lab/GUI Pro-FantasyRPG/ResourcesData/Sprites/Component/Popup/Popup_02_White_DecoLine.png using Guid(0ff3e2c154a504e208d1293505528436) Importer(815301076,1909f56bfc062723c751e8b465ee728b) [PhysX] Initialized MultithreadedTaskDispatcher with 12 workers.
[PhysX] Initialized MultithreadedTaskDispatcher with 12 workers.
 -> (artifact id: '3e91b13c306716322490ec3476f20ad3') in 0.013281 seconds
Number of updated asset objects reloaded before import = 0
Number of asset objects unloaded after import = 3
========================================================================
Received Import Request.
  Time since last request: 0.000030 seconds.
  path: Assets/Quan/Asset/Layer Lab/GUI Pro-FantasyRPG/ResourcesData/Sprites/Demo/Demo_Play/Joystick_Action_l_White_InnerBg_DecoLine.png
  artifactKey: Guid(4806a3ec29f3e47e9befba0e041f5b50) Importer(815301076,1909f56bfc062723c751e8b465ee728b)
Start importing Assets/Quan/Asset/Layer Lab/GUI Pro-FantasyRPG/ResourcesData/Sprites/Demo/Demo_Play/Joystick_Action_l_White_InnerBg_DecoLine.png using Guid(4806a3ec29f3e47e9befba0e041f5b50) Importer(815301076,1909f56bfc062723c751e8b465ee728b) [PhysX] Initialized MultithreadedTaskDispatcher with 12 workers.
[PhysX] Initialized MultithreadedTaskDispatcher with 12 workers.
 -> (artifact id: 'fe23b256c6da723b6f4f255d6dd2b3ab') in 0.011376 seconds
Number of updated asset objects reloaded before import = 0
Number of asset objects unloaded after import = 3
========================================================================
Received Import Request.
  Time since last request: 0.000031 seconds.
  path: Assets/Quan/Asset/Layer Lab/GUI Pro-FantasyRPG/ResourcesData/Sprites/Component/Button/Button_Rectangle_05_Deco_White_DecoLeft.png
  artifactKey: Guid(7e6254779d18e4feca0ff40a535c00c1) Importer(815301076,1909f56bfc062723c751e8b465ee728b)
Start importing Assets/Quan/Asset/Layer Lab/GUI Pro-FantasyRPG/ResourcesData/Sprites/Component/Button/Button_Rectangle_05_Deco_White_DecoLeft.png using Guid(7e6254779d18e4feca0ff40a535c00c1) Importer(815301076,1909f56bfc062723c751e8b465ee728b) [PhysX] Initialized MultithreadedTaskDispatcher with 12 workers.
[PhysX] Initialized MultithreadedTaskDispatcher with 12 workers.
 -> (artifact id: '8804f838c496859106aba9e8fd768355') in 0.010447 seconds
Number of updated asset objects reloaded before import = 0
Number of asset objects unloaded after import = 3
========================================================================
Received Import Request.
  Time since last request: 0.000025 seconds.
  path: Assets/Quan/Asset/Layer Lab/GUI Pro-FantasyRPG/ResourcesData/Sprites/Demo/Demo_Image/WingBadge_Center_Badge_Deco.png
  artifactKey: Guid(18f9c5bcee76542cfad90467199206e4) Importer(815301076,1909f56bfc062723c751e8b465ee728b)
Start importing Assets/Quan/Asset/Layer Lab/GUI Pro-FantasyRPG/ResourcesData/Sprites/Demo/Demo_Image/WingBadge_Center_Badge_Deco.png using Guid(18f9c5bcee76542cfad90467199206e4) Importer(815301076,1909f56bfc062723c751e8b465ee728b) [PhysX] Initialized MultithreadedTaskDispatcher with 12 workers.
[PhysX] Initialized MultithreadedTaskDispatcher with 12 workers.
 -> (artifact id: 'a1fa97f2f59934776bc206b301974eba') in 0.011519 seconds
Number of updated asset objects reloaded before import = 0
Number of asset objects unloaded after import = 3
========================================================================
Received Import Request.
  Time since last request: 0.000024 seconds.
  path: Assets/IMG/Tilemap/IsometricZAsY/Characters/Witch/AnimationSprites/Run SE/witch run SE03.png
  artifactKey: Guid(1f80fbf0493574a95ae512ab1cc9d7d6) Importer(815301076,1909f56bfc062723c751e8b465ee728b)
Start importing Assets/IMG/Tilemap/IsometricZAsY/Characters/Witch/AnimationSprites/Run SE/witch run SE03.png using Guid(1f80fbf0493574a95ae512ab1cc9d7d6) Importer(815301076,1909f56bfc062723c751e8b465ee728b) [PhysX] Initialized MultithreadedTaskDispatcher with 12 workers.
[PhysX] Initialized MultithreadedTaskDispatcher with 12 workers.
 -> (artifact id: '29df8086ce92ed29041a8abbb6569d6c') in 0.008874 seconds
Number of updated asset objects reloaded before import = 0
Number of asset objects unloaded after import = 3
========================================================================
Received Import Request.
  Time since last request: 0.000025 seconds.
  path: Assets/IMG/Tilemap/IsometricZAsY/Characters/Witch/AnimationSprites/Run SE/witch run SE04.png
  artifactKey: Guid(31b97c6f87dbc4e0da00b1c756da69de) Importer(815301076,1909f56bfc062723c751e8b465ee728b)
Start importing Assets/IMG/Tilemap/IsometricZAsY/Characters/Witch/AnimationSprites/Run SE/witch run SE04.png using Guid(31b97c6f87dbc4e0da00b1c756da69de) Importer(815301076,1909f56bfc062723c751e8b465ee728b) [PhysX] Initialized MultithreadedTaskDispatcher with 12 workers.
[PhysX] Initialized MultithreadedTaskDispatcher with 12 workers.
 -> (artifact id: '0b93bdfc3eb5c94fffcaf04b9050ee73') in 0.008390 seconds
Number of updated asset objects reloaded before import = 0
Number of asset objects unloaded after import = 3
========================================================================
Received Import Request.
  Time since last request: 1.006350 seconds.
  path: Assets/Sound/Sound cua Khoi/26f7c547-c960-49a8-a7d3-d974b1964396.jpg
  artifactKey: Guid(f82372da3e6ed6e49bf363e1803705ce) Importer(815301076,1909f56bfc062723c751e8b465ee728b)
Start importing Assets/Sound/Sound cua Khoi/26f7c547-c960-49a8-a7d3-d974b1964396.jpg using Guid(f82372da3e6ed6e49bf363e1803705ce) Importer(815301076,1909f56bfc062723c751e8b465ee728b) [PhysX] Initialized MultithreadedTaskDispatcher with 12 workers.
[PhysX] Initialized MultithreadedTaskDispatcher with 12 workers.
 -> (artifact id: '9d006ac3baff228b6599aa73fd84d204') in 0.011516 seconds
Number of updated asset objects reloaded before import = 0
Number of asset objects unloaded after import = 3
========================================================================
Received Import Request.
  Time since last request: 0.000031 seconds.
  path: Assets/Quan/Asset/Layer Lab/GUI Pro-FantasyRPG/ResourcesData/Sprites/Demo/Demo_Image/AactionText_Warning.png
  artifactKey: Guid(50f3fc3a81c62455b9346631abc915a8) Importer(815301076,1909f56bfc062723c751e8b465ee728b)
Start importing Assets/Quan/Asset/Layer Lab/GUI Pro-FantasyRPG/ResourcesData/Sprites/Demo/Demo_Image/AactionText_Warning.png using Guid(50f3fc3a81c62455b9346631abc915a8) Importer(815301076,1909f56bfc062723c751e8b465ee728b) [PhysX] Initialized MultithreadedTaskDispatcher with 12 workers.
[PhysX] Initialized MultithreadedTaskDispatcher with 12 workers.
 -> (artifact id: '6f081b7fb01504f6d0df7538fbceb643') in 0.010731 seconds
Number of updated asset objects reloaded before import = 0
Number of asset objects unloaded after import = 3
========================================================================
Received Import Request.
  Time since last request: 0.491405 seconds.
  path: Assets/Quan/Asset/Layer Lab/GUI Pro-FantasyRPG/ResourcesData/Sprites/Component/Chest/Chest_Close_l_01.png
  artifactKey: Guid(30bdd32f12b9a4aa2a30001178f0679c) Importer(815301076,1909f56bfc062723c751e8b465ee728b)
Start importing Assets/Quan/Asset/Layer Lab/GUI Pro-FantasyRPG/ResourcesData/Sprites/Component/Chest/Chest_Close_l_01.png using Guid(30bdd32f12b9a4aa2a30001178f0679c) Importer(815301076,1909f56bfc062723c751e8b465ee728b) [PhysX] Initialized MultithreadedTaskDispatcher with 12 workers.
[PhysX] Initialized MultithreadedTaskDispatcher with 12 workers.
 -> (artifact id: 'd0eab0a5c5ef624b72e4016ee2ca91ec') in 0.017666 seconds
Number of updated asset objects reloaded before import = 0
Number of asset objects unloaded after import = 3
========================================================================
Received Import Request.
  Time since last request: 0.000034 seconds.
  path: Assets/Quan/Asset/Layer Lab/GUI Pro-FantasyRPG/ResourcesData/Sprites/Component/Icon_ItemIcons/NoShadow/512/icon_clover.png
  artifactKey: Guid(824864350bf3741f7be2481540fd15d2) Importer(815301076,1909f56bfc062723c751e8b465ee728b)
Start importing Assets/Quan/Asset/Layer Lab/GUI Pro-FantasyRPG/ResourcesData/Sprites/Component/Icon_ItemIcons/NoShadow/512/icon_clover.png using Guid(824864350bf3741f7be2481540fd15d2) Importer(815301076,1909f56bfc062723c751e8b465ee728b) [PhysX] Initialized MultithreadedTaskDispatcher with 12 workers.
[PhysX] Initialized MultithreadedTaskDispatcher with 12 workers.
 -> (artifact id: '59fdd614bf219d1d64dab8466572b431') in 0.015659 seconds
Number of updated asset objects reloaded before import = 0
Number of asset objects unloaded after import = 3
========================================================================
Received Import Request.
  Time since last request: 0.000042 seconds.
  path: Assets/Quan/Asset/Layer Lab/GUI Pro-FantasyRPG/ResourcesData/Sprites/Component/Icon_PictoIcons/32/function_icon_cloud_1.png
  artifactKey: Guid(0b8eb70d5a0fc452ab3d98fb544e8d53) Importer(815301076,1909f56bfc062723c751e8b465ee728b)
Start importing Assets/Quan/Asset/Layer Lab/GUI Pro-FantasyRPG/ResourcesData/Sprites/Component/Icon_PictoIcons/32/function_icon_cloud_1.png using Guid(0b8eb70d5a0fc452ab3d98fb544e8d53) Importer(815301076,1909f56bfc062723c751e8b465ee728b) [PhysX] Initialized MultithreadedTaskDispatcher with 12 workers.
[PhysX] Initialized MultithreadedTaskDispatcher with 12 workers.
 -> (artifact id: 'b627ca588abf452de81fddf19bebf7a9') in 0.013013 seconds
Number of updated asset objects reloaded before import = 0
Number of asset objects unloaded after import = 3
========================================================================
Received Import Request.
  Time since last request: 0.000029 seconds.
  path: Assets/Quan/Asset/Layer Lab/GUI Pro-FantasyRPG/ResourcesData/Sprites/Component/Chest/Chest_Close_s_02.png
  artifactKey: Guid(e5d4d6c52199d41e6b52da7abec31a42) Importer(815301076,1909f56bfc062723c751e8b465ee728b)
Start importing Assets/Quan/Asset/Layer Lab/GUI Pro-FantasyRPG/ResourcesData/Sprites/Component/Chest/Chest_Close_s_02.png using Guid(e5d4d6c52199d41e6b52da7abec31a42) Importer(815301076,1909f56bfc062723c751e8b465ee728b) [PhysX] Initialized MultithreadedTaskDispatcher with 12 workers.
[PhysX] Initialized MultithreadedTaskDispatcher with 12 workers.
 -> (artifact id: '5bd2a840a9d418983aabf844a4691a10') in 0.017179 seconds
Number of updated asset objects reloaded before import = 0
Number of asset objects unloaded after import = 3
========================================================================
Received Import Request.
  Time since last request: 0.000030 seconds.
  path: Assets/IMG/GUI/scroll/closed.png
  artifactKey: Guid(3ba19a85109280e4f9a2724784881ab4) Importer(815301076,1909f56bfc062723c751e8b465ee728b)
Start importing Assets/IMG/GUI/scroll/closed.png using Guid(3ba19a85109280e4f9a2724784881ab4) Importer(815301076,1909f56bfc062723c751e8b465ee728b) [PhysX] Initialized MultithreadedTaskDispatcher with 12 workers.
[PhysX] Initialized MultithreadedTaskDispatcher with 12 workers.
 -> (artifact id: '5fbf21238712741f82740491f9b0c3c2') in 0.015408 seconds
Number of updated asset objects reloaded before import = 0
Number of asset objects unloaded after import = 3
========================================================================
Received Import Request.
  Time since last request: 0.000030 seconds.
  path: Assets/Quan/Asset/Layer Lab/GUI Pro-FantasyRPG/ResourcesData/Sprites/Component/Chest/Chest_Close_l_04.png
  artifactKey: Guid(a8b8322c43ddf4d79847fad599a6267e) Importer(815301076,1909f56bfc062723c751e8b465ee728b)
Start importing Assets/Quan/Asset/Layer Lab/GUI Pro-FantasyRPG/ResourcesData/Sprites/Component/Chest/Chest_Close_l_04.png using Guid(a8b8322c43ddf4d79847fad599a6267e) Importer(815301076,1909f56bfc062723c751e8b465ee728b) [PhysX] Initialized MultithreadedTaskDispatcher with 12 workers.
[PhysX] Initialized MultithreadedTaskDispatcher with 12 workers.
 -> (artifact id: '551febb71ad723c9cf347c66029297af') in 0.019138 seconds
Number of updated asset objects reloaded before import = 0
Number of asset objects unloaded after import = 3
========================================================================
Received Import Request.
  Time since last request: 0.000033 seconds.
  path: Assets/Quan/Asset/Layer Lab/GUI Pro-FantasyRPG/ResourcesData/Sprites/Component/Chest/Chest_Close_l_03.png
  artifactKey: Guid(eac11acede93246e2b55838994ee8c35) Importer(815301076,1909f56bfc062723c751e8b465ee728b)
Start importing Assets/Quan/Asset/Layer Lab/GUI Pro-FantasyRPG/ResourcesData/Sprites/Component/Chest/Chest_Close_l_03.png using Guid(eac11acede93246e2b55838994ee8c35) Importer(815301076,1909f56bfc062723c751e8b465ee728b) [PhysX] Initialized MultithreadedTaskDispatcher with 12 workers.
[PhysX] Initialized MultithreadedTaskDispatcher with 12 workers.
 -> (artifact id: '69b7fb8c02c2d74b908667d9a2b69775') in 0.018586 seconds
Number of updated asset objects reloaded before import = 0
Number of asset objects unloaded after import = 3
========================================================================
Received Import Request.
  Time since last request: 0.000025 seconds.
  path: Assets/Quan/Asset/Layer Lab/GUI Pro-FantasyRPG/ResourcesData/Sprites/Component/Icon_ItemIcons/Shadow/32/icon_clover.png
  artifactKey: Guid(618caf6b562914a9891c18d9faaabf9c) Importer(815301076,1909f56bfc062723c751e8b465ee728b)
Start importing Assets/Quan/Asset/Layer Lab/GUI Pro-FantasyRPG/ResourcesData/Sprites/Component/Icon_ItemIcons/Shadow/32/icon_clover.png using Guid(618caf6b562914a9891c18d9faaabf9c) Importer(815301076,1909f56bfc062723c751e8b465ee728b) [PhysX] Initialized MultithreadedTaskDispatcher with 12 workers.
[PhysX] Initialized MultithreadedTaskDispatcher with 12 workers.
 -> (artifact id: '131d25fb17108c45f9b1e2455bf96416') in 0.012581 seconds
Number of updated asset objects reloaded before import = 0
Number of asset objects unloaded after import = 3
========================================================================
Received Import Request.
  Time since last request: 0.000034 seconds.
  path: Assets/Quan/Asset/Layer Lab/GUI Pro-FantasyRPG/ResourcesData/Sprites/Component/Chest/Chest_Close_s_05.png
  artifactKey: Guid(aeac1c0d6009446f68b9a1e6dc51070a) Importer(815301076,1909f56bfc062723c751e8b465ee728b)
Start importing Assets/Quan/Asset/Layer Lab/GUI Pro-FantasyRPG/ResourcesData/Sprites/Component/Chest/Chest_Close_s_05.png using Guid(aeac1c0d6009446f68b9a1e6dc51070a) Importer(815301076,1909f56bfc062723c751e8b465ee728b) [PhysX] Initialized MultithreadedTaskDispatcher with 12 workers.
[PhysX] Initialized MultithreadedTaskDispatcher with 12 workers.
 -> (artifact id: '4f84a2a2655cf3c0ad227b86b3a9ed50') in 0.016548 seconds
Number of updated asset objects reloaded before import = 0
Number of asset objects unloaded after import = 3
========================================================================
Received Import Request.
  Time since last request: 0.000030 seconds.
  path: Assets/Quan/Asset/Layer Lab/GUI Pro-FantasyRPG/ResourcesData/Sprites/Component/Chest/Chest_Close_l_05.png
  artifactKey: Guid(ca2e56ae50a4342a9b2daa8fa422d47c) Importer(815301076,1909f56bfc062723c751e8b465ee728b)
Start importing Assets/Quan/Asset/Layer Lab/GUI Pro-FantasyRPG/ResourcesData/Sprites/Component/Chest/Chest_Close_l_05.png using Guid(ca2e56ae50a4342a9b2daa8fa422d47c) Importer(815301076,1909f56bfc062723c751e8b465ee728b) [PhysX] Initialized MultithreadedTaskDispatcher with 12 workers.
[PhysX] Initialized MultithreadedTaskDispatcher with 12 workers.
 -> (artifact id: 'cfa8f7aad962ca03e6540cc002830fd9') in 0.021094 seconds
Number of updated asset objects reloaded before import = 0
Number of asset objects unloaded after import = 3
========================================================================
Received Import Request.
  Time since last request: 0.000027 seconds.
  path: Assets/Quan/Asset/Layer Lab/GUI Pro-FantasyRPG/ResourcesData/Sprites/Component/Icon_PictoIcons/256/function_icon_cyclone.png
  artifactKey: Guid(ad78cfd5bce2d4c8580be3978aec6fb2) Importer(815301076,1909f56bfc062723c751e8b465ee728b)
Start importing Assets/Quan/Asset/Layer Lab/GUI Pro-FantasyRPG/ResourcesData/Sprites/Component/Icon_PictoIcons/256/function_icon_cyclone.png using Guid(ad78cfd5bce2d4c8580be3978aec6fb2) Importer(815301076,1909f56bfc062723c751e8b465ee728b) [PhysX] Initialized MultithreadedTaskDispatcher with 12 workers.
[PhysX] Initialized MultithreadedTaskDispatcher with 12 workers.
 -> (artifact id: '37198645cdbe8afe63d76a97cfa3d46a') in 0.014258 seconds
Number of updated asset objects reloaded before import = 0
Number of asset objects unloaded after import = 3
========================================================================
Received Import Request.
  Time since last request: 0.000025 seconds.
  path: Assets/Quan/Asset/Layer Lab/GUI Pro-FantasyRPG/ResourcesData/Sprites/Component/Chest/Chest_Close_s_04.png
  artifactKey: Guid(1a0dff41378534022bcc4460b654766a) Importer(815301076,1909f56bfc062723c751e8b465ee728b)
Start importing Assets/Quan/Asset/Layer Lab/GUI Pro-FantasyRPG/ResourcesData/Sprites/Component/Chest/Chest_Close_s_04.png using Guid(1a0dff41378534022bcc4460b654766a) Importer(815301076,1909f56bfc062723c751e8b465ee728b) [PhysX] Initialized MultithreadedTaskDispatcher with 12 workers.
[PhysX] Initialized MultithreadedTaskDispatcher with 12 workers.
 -> (artifact id: 'e7e9efb796fc3b79e69f6ff59ea74c45') in 0.012973 seconds
Number of updated asset objects reloaded before import = 0
Number of asset objects unloaded after import = 3
========================================================================
Received Import Request.
  Time since last request: 0.000027 seconds.
  path: Assets/Quan/Asset/Layer Lab/GUI Pro-FantasyRPG/ResourcesData/Sprites/Component/Icon_PictoIcons/Original/function_icon_cloud_1.png
  artifactKey: Guid(f8899f4ca95fb411aa384f2c39908d83) Importer(815301076,1909f56bfc062723c751e8b465ee728b)
Start importing Assets/Quan/Asset/Layer Lab/GUI Pro-FantasyRPG/ResourcesData/Sprites/Component/Icon_PictoIcons/Original/function_icon_cloud_1.png using Guid(f8899f4ca95fb411aa384f2c39908d83) Importer(815301076,1909f56bfc062723c751e8b465ee728b) [PhysX] Initialized MultithreadedTaskDispatcher with 12 workers.
[PhysX] Initialized MultithreadedTaskDispatcher with 12 workers.
 -> (artifact id: '50e78ed47840b19c261cf160e2a057c3') in 0.011329 seconds
Number of updated asset objects reloaded before import = 0
Number of asset objects unloaded after import = 3
========================================================================
Received Import Request.
  Time since last request: 0.000024 seconds.
  path: Assets/Quan/Asset/Layer Lab/GUI Pro-FantasyRPG/ResourcesData/Sprites/Component/Chest/Chest_Close_s_03.png
  artifactKey: Guid(e0b913b3b1ca94b87b5a21b8b057726c) Importer(815301076,1909f56bfc062723c751e8b465ee728b)
Start importing Assets/Quan/Asset/Layer Lab/GUI Pro-FantasyRPG/ResourcesData/Sprites/Component/Chest/Chest_Close_s_03.png using Guid(e0b913b3b1ca94b87b5a21b8b057726c) Importer(815301076,1909f56bfc062723c751e8b465ee728b) [PhysX] Initialized MultithreadedTaskDispatcher with 12 workers.
[PhysX] Initialized MultithreadedTaskDispatcher with 12 workers.
 -> (artifact id: 'f886dafc5461d54bb07412fdc867f33f') in 0.014654 seconds
Number of updated asset objects reloaded before import = 0
Number of asset objects unloaded after import = 3
========================================================================
Received Import Request.
  Time since last request: 0.000028 seconds.
  path: Assets/Quan/Asset/Layer Lab/GUI Pro-FantasyRPG/ResourcesData/Sprites/Component/Icon_PictoIcons/256/function_icon_cloud_1.png
  artifactKey: Guid(8e4744c7ef5a04a1d9d01d08970b3547) Importer(815301076,1909f56bfc062723c751e8b465ee728b)
Start importing Assets/Quan/Asset/Layer Lab/GUI Pro-FantasyRPG/ResourcesData/Sprites/Component/Icon_PictoIcons/256/function_icon_cloud_1.png using Guid(8e4744c7ef5a04a1d9d01d08970b3547) Importer(815301076,1909f56bfc062723c751e8b465ee728b) [PhysX] Initialized MultithreadedTaskDispatcher with 12 workers.
[PhysX] Initialized MultithreadedTaskDispatcher with 12 workers.
 -> (artifact id: 'd4843e60f4025e5ead3c8455f67dcf31') in 0.014323 seconds
Number of updated asset objects reloaded before import = 0
Number of asset objects unloaded after import = 3
========================================================================
Received Import Request.
  Time since last request: 0.000051 seconds.
  path: Assets/Quan/Asset/Layer Lab/GUI Pro-FantasyRPG/ResourcesData/Sprites/Component/Chest/Chest_Close_m_01.png
  artifactKey: Guid(3443cb2d270604476a4ea0374c523dd7) Importer(815301076,1909f56bfc062723c751e8b465ee728b)
Start importing Assets/Quan/Asset/Layer Lab/GUI Pro-FantasyRPG/ResourcesData/Sprites/Component/Chest/Chest_Close_m_01.png using Guid(3443cb2d270604476a4ea0374c523dd7) Importer(815301076,1909f56bfc062723c751e8b465ee728b) [PhysX] Initialized MultithreadedTaskDispatcher with 12 workers.
[PhysX] Initialized MultithreadedTaskDispatcher with 12 workers.
 -> (artifact id: 'a6cb54878a1fe083959c53a2b9e83e82') in 0.014949 seconds
Number of updated asset objects reloaded before import = 0
Number of asset objects unloaded after import = 3
========================================================================
Received Import Request.
  Time since last request: 0.000029 seconds.
  path: Assets/Quan/Asset/Layer Lab/GUI Pro-FantasyRPG/ResourcesData/Sprites/Component/Icon_PictoIcons/64/function_icon_cloud_1.png
  artifactKey: Guid(db6e27f8181474517a262c6f8b28fc8e) Importer(815301076,1909f56bfc062723c751e8b465ee728b)
Start importing Assets/Quan/Asset/Layer Lab/GUI Pro-FantasyRPG/ResourcesData/Sprites/Component/Icon_PictoIcons/64/function_icon_cloud_1.png using Guid(db6e27f8181474517a262c6f8b28fc8e) Importer(815301076,1909f56bfc062723c751e8b465ee728b) [PhysX] Initialized MultithreadedTaskDispatcher with 12 workers.
[PhysX] Initialized MultithreadedTaskDispatcher with 12 workers.
 -> (artifact id: 'e39d2cd80676b14c70673595a4c1332d') in 0.011549 seconds
Number of updated asset objects reloaded before import = 0
Number of asset objects unloaded after import = 3
========================================================================
Received Import Request.
  Time since last request: 0.000036 seconds.
  path: Assets/Quan/Asset/Layer Lab/GUI Pro-FantasyRPG/ResourcesData/Sprites/Component/Icon_ItemIcons/NoShadow/64/icon_clover.png
  artifactKey: Guid(5a6d911d564d246149c9a20af460b18e) Importer(815301076,1909f56bfc062723c751e8b465ee728b)
Start importing Assets/Quan/Asset/Layer Lab/GUI Pro-FantasyRPG/ResourcesData/Sprites/Component/Icon_ItemIcons/NoShadow/64/icon_clover.png using Guid(5a6d911d564d246149c9a20af460b18e) Importer(815301076,1909f56bfc062723c751e8b465ee728b) [PhysX] Initialized MultithreadedTaskDispatcher with 12 workers.
[PhysX] Initialized MultithreadedTaskDispatcher with 12 workers.
 -> (artifact id: 'bbe366945dc869dc77dc9d377e998c5e') in 0.011272 seconds
Number of updated asset objects reloaded before import = 0
Number of asset objects unloaded after import = 3
========================================================================
Received Import Request.
  Time since last request: 0.000031 seconds.
  path: Assets/Quan/Asset/Layer Lab/GUI Pro-FantasyRPG/ResourcesData/Sprites/Component/Icon_PictoIcons/32/function_icon_cloud_2.png
  artifactKey: Guid(f4a8ea5e79ed643aba69c5dd6a52e062) Importer(815301076,1909f56bfc062723c751e8b465ee728b)
Start importing Assets/Quan/Asset/Layer Lab/GUI Pro-FantasyRPG/ResourcesData/Sprites/Component/Icon_PictoIcons/32/function_icon_cloud_2.png using Guid(f4a8ea5e79ed643aba69c5dd6a52e062) Importer(815301076,1909f56bfc062723c751e8b465ee728b) [PhysX] Initialized MultithreadedTaskDispatcher with 12 workers.
[PhysX] Initialized MultithreadedTaskDispatcher with 12 workers.
 -> (artifact id: '78d6b07fec0aea3209218ccb80b86401') in 0.011644 seconds
Number of updated asset objects reloaded before import = 0
Number of asset objects unloaded after import = 3
========================================================================
Received Import Request.
  Time since last request: 0.000028 seconds.
  path: Assets/Quan/Asset/Layer Lab/GUI Pro-FantasyRPG/ResourcesData/Sprites/Component/Icon_ItemIcons/Shadow/128/icon_clover.png
  artifactKey: Guid(97c063c374b604c7db37e9f59358f7bb) Importer(815301076,1909f56bfc062723c751e8b465ee728b)
Start importing Assets/Quan/Asset/Layer Lab/GUI Pro-FantasyRPG/ResourcesData/Sprites/Component/Icon_ItemIcons/Shadow/128/icon_clover.png using Guid(97c063c374b604c7db37e9f59358f7bb) Importer(815301076,1909f56bfc062723c751e8b465ee728b) [PhysX] Initialized MultithreadedTaskDispatcher with 12 workers.
[PhysX] Initialized MultithreadedTaskDispatcher with 12 workers.
 -> (artifact id: '2f5ce21d610424b469bbb6b383f8920d') in 0.013116 seconds
Number of updated asset objects reloaded before import = 0
Number of asset objects unloaded after import = 3
========================================================================
Received Import Request.
  Time since last request: 0.000024 seconds.
  path: Assets/Quan/Asset/Layer Lab/GUI Pro-FantasyRPG/ResourcesData/Sprites/Component/Icon_ItemIcons/NoShadow/Original/icon_clover.png
  artifactKey: Guid(3ee39b0ef0253439ab638986c78c61d4) Importer(815301076,1909f56bfc062723c751e8b465ee728b)
Start importing Assets/Quan/Asset/Layer Lab/GUI Pro-FantasyRPG/ResourcesData/Sprites/Component/Icon_ItemIcons/NoShadow/Original/icon_clover.png using Guid(3ee39b0ef0253439ab638986c78c61d4) Importer(815301076,1909f56bfc062723c751e8b465ee728b) [PhysX] Initialized MultithreadedTaskDispatcher with 12 workers.
[PhysX] Initialized MultithreadedTaskDispatcher with 12 workers.
 -> (artifact id: '65696025bd444817d243c1d38eaad535') in 0.012836 seconds
Number of updated asset objects reloaded before import = 0
Number of asset objects unloaded after import = 3
========================================================================
Received Import Request.
  Time since last request: 33.762744 seconds.
  path: Assets/IMG/GUI/Border and Panels Menu Part 1/07 Border 01.png
  artifactKey: Guid(3e66a72e851b4c6439e0904cfcd45b86) Importer(815301076,1909f56bfc062723c751e8b465ee728b)
Start importing Assets/IMG/GUI/Border and Panels Menu Part 1/07 Border 01.png using Guid(3e66a72e851b4c6439e0904cfcd45b86) Importer(815301076,1909f56bfc062723c751e8b465ee728b) [PhysX] Initialized MultithreadedTaskDispatcher with 12 workers.
[PhysX] Initialized MultithreadedTaskDispatcher with 12 workers.
 -> (artifact id: '3d38c98d7c26882254058e07f3240cea') in 0.013284 seconds
Number of updated asset objects reloaded before import = 0
Number of asset objects unloaded after import = 3
========================================================================
Received Import Request.
  Time since last request: 0.000029 seconds.
  path: Assets/IMG/GUI/Border and Panels Menu Part 1/16 Border 01.png
  artifactKey: Guid(0bbac6d09575e1f45aad0aea2ff2c164) Importer(815301076,1909f56bfc062723c751e8b465ee728b)
Start importing Assets/IMG/GUI/Border and Panels Menu Part 1/16 Border 01.png using Guid(0bbac6d09575e1f45aad0aea2ff2c164) Importer(815301076,1909f56bfc062723c751e8b465ee728b) [PhysX] Initialized MultithreadedTaskDispatcher with 12 workers.
[PhysX] Initialized MultithreadedTaskDispatcher with 12 workers.
 -> (artifact id: '81dab504ebbd3db9f92b80ebe3ddcce0') in 0.013421 seconds
Number of updated asset objects reloaded before import = 0
Number of asset objects unloaded after import = 3
========================================================================
Received Import Request.
  Time since last request: 0.000030 seconds.
  path: Assets/IMG/GUI/Border and Panels Menu Part 1/11 Border 01.png
  artifactKey: Guid(f32ab9f8e00d0454f8ffec0aca0beb6e) Importer(815301076,1909f56bfc062723c751e8b465ee728b)
Start importing Assets/IMG/GUI/Border and Panels Menu Part 1/11 Border 01.png using Guid(f32ab9f8e00d0454f8ffec0aca0beb6e) Importer(815301076,1909f56bfc062723c751e8b465ee728b) [PhysX] Initialized MultithreadedTaskDispatcher with 12 workers.
[PhysX] Initialized MultithreadedTaskDispatcher with 12 workers.
 -> (artifact id: 'd302710f2bd0f2765b9b39144dd5e675') in 0.009813 seconds
Number of updated asset objects reloaded before import = 0
Number of asset objects unloaded after import = 3
========================================================================
Received Import Request.
  Time since last request: 0.000038 seconds.
  path: Assets/IMG/GUI/Border and Panels Menu Part 1/14 Border 01.png
  artifactKey: Guid(2b7be13a973b9234a92f1d8bbdb3711e) Importer(815301076,1909f56bfc062723c751e8b465ee728b)
Start importing Assets/IMG/GUI/Border and Panels Menu Part 1/14 Border 01.png using Guid(2b7be13a973b9234a92f1d8bbdb3711e) Importer(815301076,1909f56bfc062723c751e8b465ee728b) [PhysX] Initialized MultithreadedTaskDispatcher with 12 workers.
[PhysX] Initialized MultithreadedTaskDispatcher with 12 workers.
 -> (artifact id: '86febb9eb3236e0b72d500b33de76e7c') in 0.047841 seconds
Number of updated asset objects reloaded before import = 0
Number of asset objects unloaded after import = 22
========================================================================
Received Import Request.
  Time since last request: 0.141697 seconds.
  path: Assets/IMG/Player/Bow Attack/Individual Sprites/adventurer-bow-01.png
  artifactKey: Guid(516c99d6f22c5c445918cb9225ccef9c) Importer(815301076,1909f56bfc062723c751e8b465ee728b)
Start importing Assets/IMG/Player/Bow Attack/Individual Sprites/adventurer-bow-01.png using Guid(516c99d6f22c5c445918cb9225ccef9c) Importer(815301076,1909f56bfc062723c751e8b465ee728b) [PhysX] Initialized MultithreadedTaskDispatcher with 12 workers.
[PhysX] Initialized MultithreadedTaskDispatcher with 12 workers.
 -> (artifact id: '26da99826a06da7e77f30f608c55cb8f') in 0.012090 seconds
Number of updated asset objects reloaded before import = 0
Number of asset objects unloaded after import = 3
========================================================================
Received Import Request.
  Time since last request: 0.000026 seconds.
  path: Assets/IMG/Player/Bow Attack/Individual Sprites/adventurer-bow-08.png
  artifactKey: Guid(290a14a2eb03f1b4eb73941f8156d494) Importer(815301076,1909f56bfc062723c751e8b465ee728b)
Start importing Assets/IMG/Player/Bow Attack/Individual Sprites/adventurer-bow-08.png using Guid(290a14a2eb03f1b4eb73941f8156d494) Importer(815301076,1909f56bfc062723c751e8b465ee728b) [PhysX] Initialized MultithreadedTaskDispatcher with 12 workers.
[PhysX] Initialized MultithreadedTaskDispatcher with 12 workers.
 -> (artifact id: '8264ec6a84cb5d2af6ebd3a77112759c') in 0.009173 seconds
Number of updated asset objects reloaded before import = 0
Number of asset objects unloaded after import = 3
========================================================================
Received Import Request.
  Time since last request: 0.000043 seconds.
  path: Assets/IMG/Player/Bow Attack/Individual Sprites/adventurer-bow-07.png
  artifactKey: Guid(f4ca28ffb8444c643a76c1dd57841429) Importer(815301076,1909f56bfc062723c751e8b465ee728b)
Start importing Assets/IMG/Player/Bow Attack/Individual Sprites/adventurer-bow-07.png using Guid(f4ca28ffb8444c643a76c1dd57841429) Importer(815301076,1909f56bfc062723c751e8b465ee728b) [PhysX] Initialized MultithreadedTaskDispatcher with 12 workers.
[PhysX] Initialized MultithreadedTaskDispatcher with 12 workers.
 -> (artifact id: 'fe3dd947d6671dace427b99a8c6ec037') in 0.008500 seconds
Number of updated asset objects reloaded before import = 0
Number of asset objects unloaded after import = 3
========================================================================
Received Import Request.
  Time since last request: 0.423163 seconds.
  path: Assets/Quan/Asset/Layer Lab/GUI Pro-FantasyRPG/ResourcesData/Sprites/Component/Button/Button_Rectangle_01_Convex_Red.Png
  artifactKey: Guid(6f5cc40e4a1cd458c9901849a7f52a07) Importer(815301076,1909f56bfc062723c751e8b465ee728b)
Start importing Assets/Quan/Asset/Layer Lab/GUI Pro-FantasyRPG/ResourcesData/Sprites/Component/Button/Button_Rectangle_01_Convex_Red.Png using Guid(6f5cc40e4a1cd458c9901849a7f52a07) Importer(815301076,1909f56bfc062723c751e8b465ee728b) [PhysX] Initialized MultithreadedTaskDispatcher with 12 workers.
[PhysX] Initialized MultithreadedTaskDispatcher with 12 workers.
 -> (artifact id: '06aa747c943a484e0b035144271f17b6') in 0.011216 seconds
Number of updated asset objects reloaded before import = 0
Number of asset objects unloaded after import = 3
========================================================================
Received Import Request.
  Time since last request: 0.000029 seconds.
  path: Assets/Quan/Asset/Layer Lab/GUI Pro-FantasyRPG/ResourcesData/Sprites/Component/Icon_EquipIcons/NoShadow/Original/equip_icon_potion_red_0.png
  artifactKey: Guid(030e1544e2fa04d53947261dced1405c) Importer(815301076,1909f56bfc062723c751e8b465ee728b)
Start importing Assets/Quan/Asset/Layer Lab/GUI Pro-FantasyRPG/ResourcesData/Sprites/Component/Icon_EquipIcons/NoShadow/Original/equip_icon_potion_red_0.png using Guid(030e1544e2fa04d53947261dced1405c) Importer(815301076,1909f56bfc062723c751e8b465ee728b) [PhysX] Initialized MultithreadedTaskDispatcher with 12 workers.
[PhysX] Initialized MultithreadedTaskDispatcher with 12 workers.
 -> (artifact id: 'a1c8f1e6cd9568c0279bbe41f08189af') in 0.011133 seconds
Number of updated asset objects reloaded before import = 0
Number of asset objects unloaded after import = 3
========================================================================
Received Import Request.
  Time since last request: 0.000021 seconds.
  path: Assets/Quan/Asset/Layer Lab/GUI Pro-FantasyRPG/ResourcesData/Sprites/Component/Icon_EquipIcons/Shadow/64/equip_icon_potion_red_2.png
  artifactKey: Guid(cf7a609f3fc034987ab84e971a671f4e) Importer(815301076,1909f56bfc062723c751e8b465ee728b)
Start importing Assets/Quan/Asset/Layer Lab/GUI Pro-FantasyRPG/ResourcesData/Sprites/Component/Icon_EquipIcons/Shadow/64/equip_icon_potion_red_2.png using Guid(cf7a609f3fc034987ab84e971a671f4e) Importer(815301076,1909f56bfc062723c751e8b465ee728b) [PhysX] Initialized MultithreadedTaskDispatcher with 12 workers.
[PhysX] Initialized MultithreadedTaskDispatcher with 12 workers.
 -> (artifact id: 'b491ff752d523f6f369af63f6a6da38b') in 0.010548 seconds
Number of updated asset objects reloaded before import = 0
Number of asset objects unloaded after import = 3
========================================================================
Received Import Request.
  Time since last request: 0.000123 seconds.
  path: Assets/Quan/Asset/Layer Lab/GUI Pro-FantasyRPG/ResourcesData/Sprites/Component/Icon_EquipIcons/NoShadow/256/equip_icon_potion_red_3.png
  artifactKey: Guid(65553a37b5b4a4b128159477951f9318) Importer(815301076,1909f56bfc062723c751e8b465ee728b)
Start importing Assets/Quan/Asset/Layer Lab/GUI Pro-FantasyRPG/ResourcesData/Sprites/Component/Icon_EquipIcons/NoShadow/256/equip_icon_potion_red_3.png using Guid(65553a37b5b4a4b128159477951f9318) Importer(815301076,1909f56bfc062723c751e8b465ee728b) [PhysX] Initialized MultithreadedTaskDispatcher with 12 workers.
[PhysX] Initialized MultithreadedTaskDispatcher with 12 workers.
 -> (artifact id: 'b1e363efe75292c45ce95d76d5b1ed05') in 0.013009 seconds
Number of updated asset objects reloaded before import = 0
Number of asset objects unloaded after import = 3
========================================================================
Received Import Request.
  Time since last request: 0.000025 seconds.
  path: Assets/Quan/Asset/Layer Lab/GUI Pro-FantasyRPG/ResourcesData/Sprites/Component/Icon_EquipIcons/NoShadow/512/equip_icon_potion_red_1.png
  artifactKey: Guid(f8156b2614e114c05a359389c346807b) Importer(815301076,1909f56bfc062723c751e8b465ee728b)
Start importing Assets/Quan/Asset/Layer Lab/GUI Pro-FantasyRPG/ResourcesData/Sprites/Component/Icon_EquipIcons/NoShadow/512/equip_icon_potion_red_1.png using Guid(f8156b2614e114c05a359389c346807b) Importer(815301076,1909f56bfc062723c751e8b465ee728b) [PhysX] Initialized MultithreadedTaskDispatcher with 12 workers.
[PhysX] Initialized MultithreadedTaskDispatcher with 12 workers.
 -> (artifact id: '48ea05bcf6afbff507fd1afd8bfe52e6') in 0.013500 seconds
Number of updated asset objects reloaded before import = 0
Number of asset objects unloaded after import = 3
========================================================================
Received Import Request.
  Time since last request: 0.000024 seconds.
  path: Assets/Quan/Asset/Layer Lab/GUI Pro-FantasyRPG/ResourcesData/Sprites/Component/Icon_EquipIcons/Shadow/512/equip_icon_potion_red_0.png
  artifactKey: Guid(1d9c2432f532a4cc4aa30837ec82c4a1) Importer(815301076,1909f56bfc062723c751e8b465ee728b)
Start importing Assets/Quan/Asset/Layer Lab/GUI Pro-FantasyRPG/ResourcesData/Sprites/Component/Icon_EquipIcons/Shadow/512/equip_icon_potion_red_0.png using Guid(1d9c2432f532a4cc4aa30837ec82c4a1) Importer(815301076,1909f56bfc062723c751e8b465ee728b) [PhysX] Initialized MultithreadedTaskDispatcher with 12 workers.
[PhysX] Initialized MultithreadedTaskDispatcher with 12 workers.
 -> (artifact id: 'a3d2496c2c49611221492277c0a8fb7d') in 0.013247 seconds
Number of updated asset objects reloaded before import = 0
Number of asset objects unloaded after import = 3
========================================================================
Received Import Request.
  Time since last request: 0.000029 seconds.
  path: Assets/Quan/Asset/Layer Lab/GUI Pro-FantasyRPG/ResourcesData/Sprites/Component/Icon_EquipIcons/Shadow/128/equip_icon_potion_red_3.png
  artifactKey: Guid(1b22af59768684bfda809e49aab3b96c) Importer(815301076,1909f56bfc062723c751e8b465ee728b)
Start importing Assets/Quan/Asset/Layer Lab/GUI Pro-FantasyRPG/ResourcesData/Sprites/Component/Icon_EquipIcons/Shadow/128/equip_icon_potion_red_3.png using Guid(1b22af59768684bfda809e49aab3b96c) Importer(815301076,1909f56bfc062723c751e8b465ee728b) [PhysX] Initialized MultithreadedTaskDispatcher with 12 workers.
[PhysX] Initialized MultithreadedTaskDispatcher with 12 workers.
 -> (artifact id: '84896dee354305b5df511f7f790206f6') in 0.023884 seconds
Number of updated asset objects reloaded before import = 0
Number of asset objects unloaded after import = 3
========================================================================
Received Import Request.
  Time since last request: 0.000046 seconds.
  path: Assets/Quan/Asset/Layer Lab/GUI Pro-FantasyRPG/ResourcesData/Sprites/Component/Icon_EquipIcons/Shadow/128/equip_icon_potion_red_1.png
  artifactKey: Guid(08ebdcac62ae14e05876c9cac7251b3b) Importer(815301076,1909f56bfc062723c751e8b465ee728b)
Start importing Assets/Quan/Asset/Layer Lab/GUI Pro-FantasyRPG/ResourcesData/Sprites/Component/Icon_EquipIcons/Shadow/128/equip_icon_potion_red_1.png using Guid(08ebdcac62ae14e05876c9cac7251b3b) Importer(815301076,1909f56bfc062723c751e8b465ee728b) [PhysX] Initialized MultithreadedTaskDispatcher with 12 workers.
[PhysX] Initialized MultithreadedTaskDispatcher with 12 workers.
 -> (artifact id: '17f0e860e13b03f5abce0a0c229f985b') in 0.014223 seconds
Number of updated asset objects reloaded before import = 0
Number of asset objects unloaded after import = 3
========================================================================
Received Import Request.
  Time since last request: 0.000039 seconds.
  path: Assets/Quan/Asset/Layer Lab/GUI Pro-FantasyRPG/ResourcesData/Sprites/Component/Icon_EquipIcons/Shadow/512/equip_icon_gem_red.png
  artifactKey: Guid(8b4a830f86af3494184f1a5d94419afc) Importer(815301076,1909f56bfc062723c751e8b465ee728b)
Start importing Assets/Quan/Asset/Layer Lab/GUI Pro-FantasyRPG/ResourcesData/Sprites/Component/Icon_EquipIcons/Shadow/512/equip_icon_gem_red.png using Guid(8b4a830f86af3494184f1a5d94419afc) Importer(815301076,1909f56bfc062723c751e8b465ee728b) [PhysX] Initialized MultithreadedTaskDispatcher with 12 workers.
[PhysX] Initialized MultithreadedTaskDispatcher with 12 workers.
 -> (artifact id: 'adcbf401eda8ff2b989f33d27f7ad4e8') in 0.012368 seconds
Number of updated asset objects reloaded before import = 0
Number of asset objects unloaded after import = 3
========================================================================
Received Import Request.
  Time since last request: 0.000023 seconds.
  path: Assets/Quan/Asset/Layer Lab/GUI Pro-FantasyRPG/ResourcesData/Sprites/Component/Icon_EquipIcons/Shadow/32/equip_icon_potion_red_3.png
  artifactKey: Guid(e526276cd06584db78d6a693e5cc6d26) Importer(815301076,1909f56bfc062723c751e8b465ee728b)
Start importing Assets/Quan/Asset/Layer Lab/GUI Pro-FantasyRPG/ResourcesData/Sprites/Component/Icon_EquipIcons/Shadow/32/equip_icon_potion_red_3.png using Guid(e526276cd06584db78d6a693e5cc6d26) Importer(815301076,1909f56bfc062723c751e8b465ee728b) [PhysX] Initialized MultithreadedTaskDispatcher with 12 workers.
[PhysX] Initialized MultithreadedTaskDispatcher with 12 workers.
 -> (artifact id: 'cbfee37f4e7ed0e94d92271d377d65d1') in 0.011000 seconds
Number of updated asset objects reloaded before import = 0
Number of asset objects unloaded after import = 3
========================================================================
Received Import Request.
  Time since last request: 0.000029 seconds.
  path: Assets/Quan/Asset/Layer Lab/GUI Pro-FantasyRPG/ResourcesData/Sprites/Component/Icon_EquipIcons/NoShadow/128/equip_icon_potion_red_0.png
  artifactKey: Guid(84bbe07e4229248d59598bda3d57f602) Importer(815301076,1909f56bfc062723c751e8b465ee728b)
Start importing Assets/Quan/Asset/Layer Lab/GUI Pro-FantasyRPG/ResourcesData/Sprites/Component/Icon_EquipIcons/NoShadow/128/equip_icon_potion_red_0.png using Guid(84bbe07e4229248d59598bda3d57f602) Importer(815301076,1909f56bfc062723c751e8b465ee728b) [PhysX] Initialized MultithreadedTaskDispatcher with 12 workers.
[PhysX] Initialized MultithreadedTaskDispatcher with 12 workers.
 -> (artifact id: 'a9170109dc8a4bb4f9830592373185b4') in 0.010556 seconds
Number of updated asset objects reloaded before import = 0
Number of asset objects unloaded after import = 3
========================================================================
Received Import Request.
  Time since last request: 0.000023 seconds.
  path: Assets/Quan/Asset/Layer Lab/GUI Pro-FantasyRPG/ResourcesData/Sprites/Component/Icon_EquipIcons/Shadow/32/equip_icon_potion_red_1.png
  artifactKey: Guid(5ae375cb2f4b3425396c0d9d4a71d45d) Importer(815301076,1909f56bfc062723c751e8b465ee728b)
Start importing Assets/Quan/Asset/Layer Lab/GUI Pro-FantasyRPG/ResourcesData/Sprites/Component/Icon_EquipIcons/Shadow/32/equip_icon_potion_red_1.png using Guid(5ae375cb2f4b3425396c0d9d4a71d45d) Importer(815301076,1909f56bfc062723c751e8b465ee728b) [PhysX] Initialized MultithreadedTaskDispatcher with 12 workers.
[PhysX] Initialized MultithreadedTaskDispatcher with 12 workers.
 -> (artifact id: 'df865417c1abf4983a39a9dd3af11caa') in 0.011478 seconds
Number of updated asset objects reloaded before import = 0
Number of asset objects unloaded after import = 3
========================================================================
Received Import Request.
  Time since last request: 0.000024 seconds.
  path: Assets/Quan/Asset/Layer Lab/GUI Pro-FantasyRPG/ResourcesData/Sprites/Component/Icon_EquipIcons/NoShadow/512/equip_icon_potion_red_3.png
  artifactKey: Guid(5124c48f691694fe8aebea9a0b41aa19) Importer(815301076,1909f56bfc062723c751e8b465ee728b)
Start importing Assets/Quan/Asset/Layer Lab/GUI Pro-FantasyRPG/ResourcesData/Sprites/Component/Icon_EquipIcons/NoShadow/512/equip_icon_potion_red_3.png using Guid(5124c48f691694fe8aebea9a0b41aa19) Importer(815301076,1909f56bfc062723c751e8b465ee728b) [PhysX] Initialized MultithreadedTaskDispatcher with 12 workers.
[PhysX] Initialized MultithreadedTaskDispatcher with 12 workers.
 -> (artifact id: 'd18be810d0fad9ebf8370658a1595fd5') in 0.014555 seconds
Number of updated asset objects reloaded before import = 0
Number of asset objects unloaded after import = 3
========================================================================
Received Import Request.
  Time since last request: 0.000032 seconds.
  path: Assets/Quan/Asset/Layer Lab/GUI Pro-FantasyRPG/ResourcesData/Sprites/Component/Icon_EquipIcons/NoShadow/32/equip_icon_potion_red_2.png
  artifactKey: Guid(3b499bca4aeb64bd9a452eed9e3575f2) Importer(815301076,1909f56bfc062723c751e8b465ee728b)
Start importing Assets/Quan/Asset/Layer Lab/GUI Pro-FantasyRPG/ResourcesData/Sprites/Component/Icon_EquipIcons/NoShadow/32/equip_icon_potion_red_2.png using Guid(3b499bca4aeb64bd9a452eed9e3575f2) Importer(815301076,1909f56bfc062723c751e8b465ee728b) [PhysX] Initialized MultithreadedTaskDispatcher with 12 workers.
[PhysX] Initialized MultithreadedTaskDispatcher with 12 workers.
 -> (artifact id: '374d021e0e187f02c16051f14eac45e0') in 0.010804 seconds
Number of updated asset objects reloaded before import = 0
Number of asset objects unloaded after import = 3
========================================================================
Received Import Request.
  Time since last request: 0.000028 seconds.
  path: Assets/Quan/Asset/Layer Lab/GUI Pro-FantasyRPG/ResourcesData/Sprites/Component/Icon_EquipIcons/NoShadow/64/equip_icon_potion_red_1.png
  artifactKey: Guid(44bbd428d1e95476a9eb5bcb72aef531) Importer(815301076,1909f56bfc062723c751e8b465ee728b)
Start importing Assets/Quan/Asset/Layer Lab/GUI Pro-FantasyRPG/ResourcesData/Sprites/Component/Icon_EquipIcons/NoShadow/64/equip_icon_potion_red_1.png using Guid(44bbd428d1e95476a9eb5bcb72aef531) Importer(815301076,1909f56bfc062723c751e8b465ee728b) [PhysX] Initialized MultithreadedTaskDispatcher with 12 workers.
[PhysX] Initialized MultithreadedTaskDispatcher with 12 workers.
 -> (artifact id: '0c45de8f3ede26d713e097258a25b563') in 0.011450 seconds
Number of updated asset objects reloaded before import = 0
Number of asset objects unloaded after import = 3
========================================================================
Received Import Request.
  Time since last request: 0.000032 seconds.
  path: Assets/Quan/Asset/Layer Lab/GUI Pro-FantasyRPG/ResourcesData/Sprites/Component/Icon_EquipIcons/Shadow/128/equip_icon_potion_red_4.png
  artifactKey: Guid(d0ac105cde60e4e919bfbb75ce53fb89) Importer(815301076,1909f56bfc062723c751e8b465ee728b)
Start importing Assets/Quan/Asset/Layer Lab/GUI Pro-FantasyRPG/ResourcesData/Sprites/Component/Icon_EquipIcons/Shadow/128/equip_icon_potion_red_4.png using Guid(d0ac105cde60e4e919bfbb75ce53fb89) Importer(815301076,1909f56bfc062723c751e8b465ee728b) [PhysX] Initialized MultithreadedTaskDispatcher with 12 workers.
[PhysX] Initialized MultithreadedTaskDispatcher with 12 workers.
 -> (artifact id: '55509eb24c9db30b1fc79285dcb2d595') in 0.014805 seconds
Number of updated asset objects reloaded before import = 0
Number of asset objects unloaded after import = 3
Editor requested this worker to shutdown with reason: Scaling down because of idle timeout
TcpMessagingSession - receive error: operation aborted. errorcode: 995, details: The I/O operation has been aborted because of either a thread exit or an application request.
AssetImportWorker is now disconnected from the server
Process exiting
Exiting without the bug reporter. Application will terminate with return code 0