Using pre-set license
Built from '2022.3/staging' branch; Version is '2022.3.45f1 (a13dfa44d684) revision 10567162'; Using compiler version '192829333'; Build Type 'Release'
OS: 'Windows 11  (10.0.26200) 64bit CoreSingleLanguage' Language: 'vi' Physical Memory: 16163 MB
BatchMode: 1, IsHumanControllingUs: 0, StartBugReporterOnCrash: 0, Is64bit: 1, IsPro: 1

COMMAND LINE ARGUMENTS:
C:\Program Files\Unity\Hub\Editor\2022.3.45f1\Editor\Unity.exe
-adb2
-batchMode
-noUpm
-name
AssetImportWorker2
-projectPath
D:/DN/UNITY/Solo-Abyss
-logFile
Logs/AssetImportWorker2.log
-srvPort
52432
Successfully changed project path to: D:/DN/UNITY/Solo-Abyss
D:/DN/UNITY/Solo-Abyss
[UnityMemory] Configuration Parameters - Can be set up in boot.config
    "memorysetup-bucket-allocator-granularity=16"
    "memorysetup-bucket-allocator-bucket-count=8"
    "memorysetup-bucket-allocator-block-size=33554432"
    "memorysetup-bucket-allocator-block-count=8"
    "memorysetup-main-allocator-block-size=16777216"
    "memorysetup-thread-allocator-block-size=16777216"
    "memorysetup-gfx-main-allocator-block-size=16777216"
    "memorysetup-gfx-thread-allocator-block-size=16777216"
    "memorysetup-cache-allocator-block-size=4194304"
    "memorysetup-typetree-allocator-block-size=2097152"
    "memorysetup-profiler-bucket-allocator-granularity=16"
    "memorysetup-profiler-bucket-allocator-bucket-count=8"
    "memorysetup-profiler-bucket-allocator-block-size=33554432"
    "memorysetup-profiler-bucket-allocator-block-count=8"
    "memorysetup-profiler-allocator-block-size=16777216"
    "memorysetup-profiler-editor-allocator-block-size=1048576"
    "memorysetup-temp-allocator-size-main=16777216"
    "memorysetup-job-temp-allocator-block-size=2097152"
    "memorysetup-job-temp-allocator-block-size-background=1048576"
    "memorysetup-job-temp-allocator-reduction-small-platforms=262144"
    "memorysetup-allocator-temp-initial-block-size-main=262144"
    "memorysetup-allocator-temp-initial-block-size-worker=262144"
    "memorysetup-temp-allocator-size-background-worker=32768"
    "memorysetup-temp-allocator-size-job-worker=262144"
    "memorysetup-temp-allocator-size-preload-manager=33554432"
    "memorysetup-temp-allocator-size-nav-mesh-worker=65536"
    "memorysetup-temp-allocator-size-audio-worker=65536"
    "memorysetup-temp-allocator-size-cloud-worker=32768"
    "memorysetup-temp-allocator-size-gi-baking-worker=262144"
    "memorysetup-temp-allocator-size-gfx=262144"
Player connection [11724]  Target information:

Player connection [11724]  * "[IP] 26.253.110.139 [Port] 0 [Flags] 2 [Guid] 2481429177 [EditorId] 2481429177 [Version] 1048832 [Id] WindowsEditor(7,GIGABYTE_G5) [Debug] 1 [PackageName] WindowsEditor [ProjectName] Editor" 

Player connection [11724]  * "[IP] 192.168.100.100 [Port] 0 [Flags] 2 [Guid] 2481429177 [EditorId] 2481429177 [Version] 1048832 [Id] WindowsEditor(7,GIGABYTE_G5) [Debug] 1 [PackageName] WindowsEditor [ProjectName] Editor" 

Player connection [11724] Host joined multi-casting on [225.0.0.222:54997]...
Player connection [11724] Host joined alternative multi-casting on [225.0.0.222:34997]...
[PhysX] Initialized MultithreadedTaskDispatcher with 12 workers.
Refreshing native plugins compatible for Editor in 4.04 ms, found 0 plugins.
Preloading 0 native plugins for Editor in 0.00 ms.
Initialize engine version: 2022.3.45f1 (a13dfa44d684)
[Subsystems] Discovering subsystems at path C:/Program Files/Unity/Hub/Editor/2022.3.45f1/Editor/Data/Resources/UnitySubsystems
[Subsystems] Discovering subsystems at path D:/DN/UNITY/Solo-Abyss/Assets
GfxDevice: creating device client; threaded=0; jobified=0
Direct3D:
    Version:  Direct3D 11.0 [level 11.1]
    Renderer: NVIDIA GeForce RTX 3050 Laptop GPU (ID=0x25a2)
    Vendor:   NVIDIA
    VRAM:     3962 MB
    Driver:   32.0.15.9186
Initialize mono
Mono path[0] = 'C:/Program Files/Unity/Hub/Editor/2022.3.45f1/Editor/Data/Managed'
Mono path[1] = 'C:/Program Files/Unity/Hub/Editor/2022.3.45f1/Editor/Data/MonoBleedingEdge/lib/mono/unityjit-win32'
Mono config path = 'C:/Program Files/Unity/Hub/Editor/2022.3.45f1/Editor/Data/MonoBleedingEdge/etc'
Using monoOptions --debugger-agent=transport=dt_socket,embedding=1,server=y,suspend=n,address=127.0.0.1:56276
Begin MonoManager ReloadAssembly
Registering precompiled unity dll's ...
Register platform support module: C:/Program Files/Unity/Hub/Editor/2022.3.45f1/Editor/Data/PlaybackEngines/AndroidPlayer/UnityEditor.Android.Extensions.dll
Register platform support module: C:/Program Files/Unity/Hub/Editor/2022.3.45f1/Editor/Data/PlaybackEngines/WindowsStandaloneSupport/UnityEditor.WindowsStandalone.Extensions.dll
Registered in 0.009075 seconds.
- Loaded All Assemblies, in  0.347 seconds
Native extension for WindowsStandalone target not found
Native extension for Android target not found
Android Extension - Scanning For ADB Devices 257 ms
Mono: successfully reloaded assembly
- Finished resetting the current domain, in  0.541 seconds
Domain Reload Profiling: 886ms
	BeginReloadAssembly (95ms)
		ExecutionOrderSort (0ms)
		DisableScriptedObjects (0ms)
		BackupInstance (0ms)
		ReleaseScriptingObjects (0ms)
		CreateAndSetChildDomain (1ms)
	RebuildCommonClasses (35ms)
	RebuildNativeTypeToScriptingClass (11ms)
	initialDomainReloadingComplete (57ms)
	LoadAllAssembliesAndSetupDomain (148ms)
		LoadAssemblies (93ms)
		RebuildTransferFunctionScriptingTraits (0ms)
		AnalyzeDomain (145ms)
			TypeCache.Refresh (144ms)
				TypeCache.ScanAssembly (131ms)
			ScanForSourceGeneratedMonoScriptInfo (0ms)
			ResolveRequiredComponents (0ms)
	FinalizeReload (541ms)
		ReleaseScriptCaches (0ms)
		RebuildScriptCaches (0ms)
		SetupLoadedEditorAssemblies (499ms)
			LogAssemblyErrors (0ms)
			InitializePlatformSupportModulesInManaged (334ms)
			SetLoadedEditorAssemblies (4ms)
			RefreshPlugins (0ms)
			BeforeProcessingInitializeOnLoad (2ms)
			ProcessInitializeOnLoadAttributes (120ms)
			ProcessInitializeOnLoadMethodAttributes (39ms)
			AfterProcessingInitializeOnLoad (0ms)
			EditorAssembliesLoaded (0ms)
		ExecutionOrderSort2 (0ms)
		AwakeInstancesAfterBackupRestoration (0ms)
========================================================================
Worker process is ready to serve import requests
Caller must complete domain reload
Begin MonoManager ReloadAssembly
- Loaded All Assemblies, in  0.534 seconds
Native extension for WindowsStandalone target not found
Native extension for Android target not found
Mono: successfully reloaded assembly
- Finished resetting the current domain, in  0.574 seconds
Domain Reload Profiling: 1105ms
	BeginReloadAssembly (151ms)
		ExecutionOrderSort (0ms)
		DisableScriptedObjects (6ms)
		BackupInstance (0ms)
		ReleaseScriptingObjects (0ms)
		CreateAndSetChildDomain (22ms)
	RebuildCommonClasses (36ms)
	RebuildNativeTypeToScriptingClass (10ms)
	initialDomainReloadingComplete (43ms)
	LoadAllAssembliesAndSetupDomain (290ms)
		LoadAssemblies (258ms)
		RebuildTransferFunctionScriptingTraits (0ms)
		AnalyzeDomain (122ms)
			TypeCache.Refresh (91ms)
				TypeCache.ScanAssembly (80ms)
			ScanForSourceGeneratedMonoScriptInfo (18ms)
			ResolveRequiredComponents (12ms)
	FinalizeReload (575ms)
		ReleaseScriptCaches (0ms)
		RebuildScriptCaches (0ms)
		SetupLoadedEditorAssemblies (408ms)
			LogAssemblyErrors (0ms)
			InitializePlatformSupportModulesInManaged (18ms)
			SetLoadedEditorAssemblies (4ms)
			RefreshPlugins (0ms)
			BeforeProcessingInitializeOnLoad (78ms)
			ProcessInitializeOnLoadAttributes (203ms)
			ProcessInitializeOnLoadMethodAttributes (96ms)
			AfterProcessingInitializeOnLoad (8ms)
			EditorAssembliesLoaded (0ms)
		ExecutionOrderSort2 (0ms)
		AwakeInstancesAfterBackupRestoration (8ms)
Launched and connected shader compiler UnityShaderCompiler.exe after 0.04 seconds
Refreshing native plugins compatible for Editor in 1.53 ms, found 0 plugins.
Preloading 0 native plugins for Editor in 0.00 ms.
Unloading 3219 Unused Serialized files (Serialized files now loaded: 0)
Unloading 32 unused Assets / (413.7 KB). Loaded Objects now: 3694.
Memory consumption went from 185.1 MB to 184.7 MB.
Total: 2.791800 ms (FindLiveObjects: 0.234500 ms CreateObjectMapping: 0.086300 ms MarkObjects: 2.306200 ms  DeleteObjects: 0.162800 ms)

AssetImportParameters requested are different than current active one (requested -> active):
  custom:video-decoder-webm-vp8: 9c59270c3fd7afecdb556c50c9e8de78 -> 
  custom:scripting/monoscript/fileName/UIParticleSystem.cs: 75704037c35ba7eeff779d77cdf4ef02 -> ae9d428231ed39e0620c5c4869aebe89
  custom:scripting/monoscript/fileName/PanelControl.cs: a3041f590ce3bb9956463a52f741e4df -> 02e56fdb1f44a3296f5290b5dcaa9121
  custom:SearchIndexIgnoredProperties: e643bd26f0fe6173181afceb89e7c659 -> 
  custom:container-demuxer-ogg: 62fdf1f143b41e24485cea50d1cbac27 -> 
  custom:AudioImporter_EditorPlatform: d09bf68614088b80899f8185d706f6e7 -> 
  custom:video-codec-MediaFoundation-h265: 746d11721c4dcdbdad8f713fa42b33f4 -> 
  custom:video-decoder-ogg-theora: a1e56fd34408186e4bbccfd4996cb3dc -> 
  custom:framework-win-MediaFoundation: 216162199b28c13a410421893ffa2e32 -> 
  custom:video-encoder-webm-vp8: eb34c28f22e8b96e1ab97ce403110664 -> 
  custom:audio-decoder-ogg-vorbis: bf7c407c2cedff20999df2af8eb42d56 -> 
  custom:CustomObjectIndexerAttribute: 72b91833f83ae208fae7752999fa3104 -> 
  custom:container-demuxer-webm: 4f35f7cbe854078d1ac9338744f61a02 -> 
  custom:scripting/monoscript/fileName/PanelView.cs: 6691c2d35e5e4bfaf63d481d72d2130a -> d2deaee66b7a61da10ffeed4fd8cb200
  custom:audio-encoder-webm-vorbis: bf7c407c2cedff20999df2af8eb42d56 -> 
  custom:container-muxer-webm: aa71ff27fc2769a1b78a27578f13a17b -> 
========================================================================
Received Import Request.
  Time since last request: 3329.910642 seconds.
  path: Assets/Quan/Asset/Layer Lab/GUI Pro-FantasyRPG/ResourcesData/Fonts/Alata-Regular SDF.asset
  artifactKey: Guid(d70f485aa27dc43f79a8fd168f58435c) Importer(815301076,1909f56bfc062723c751e8b465ee728b)
Start importing Assets/Quan/Asset/Layer Lab/GUI Pro-FantasyRPG/ResourcesData/Fonts/Alata-Regular SDF.asset using Guid(d70f485aa27dc43f79a8fd168f58435c) Importer(815301076,1909f56bfc062723c751e8b465ee728b) [PhysX] Initialized MultithreadedTaskDispatcher with 12 workers.
[PhysX] Initialized MultithreadedTaskDispatcher with 12 workers.
[PhysX] Initialized MultithreadedTaskDispatcher with 12 workers.
 -> (artifact id: 'e561595280b6c68d50602a723cdd8a52') in 0.355693 seconds
Number of updated asset objects reloaded before import = 0
Number of asset objects unloaded after import = 23
========================================================================
Received Import Request.
  Time since last request: 0.000036 seconds.
  path: Assets/Quan/Asset/Layer Lab/GUI Pro-FantasyRPG/ResourcesData/Fonts/Alata-Regular-Outline 40 SDF Atlas.png
  artifactKey: Guid(3db6a3e18d05249baab36487416ff1d5) Importer(815301076,1909f56bfc062723c751e8b465ee728b)
Start importing Assets/Quan/Asset/Layer Lab/GUI Pro-FantasyRPG/ResourcesData/Fonts/Alata-Regular-Outline 40 SDF Atlas.png using Guid(3db6a3e18d05249baab36487416ff1d5) Importer(815301076,1909f56bfc062723c751e8b465ee728b) [PhysX] Initialized MultithreadedTaskDispatcher with 12 workers.
[PhysX] Initialized MultithreadedTaskDispatcher with 12 workers.
 -> (artifact id: '75152b6d324deb22eebcb465195e8393') in 0.040592 seconds
Number of updated asset objects reloaded before import = 0
Number of asset objects unloaded after import = 3
========================================================================
Received Import Request.
  Time since last request: 0.000042 seconds.
  path: Assets/Quan/Asset/Layer Lab/GUI Pro-FantasyRPG/ResourcesData/Fonts/Alata-Regular-Outline 54 SDF.asset
  artifactKey: Guid(40521200895724bf688c4a63c2f5ade0) Importer(815301076,1909f56bfc062723c751e8b465ee728b)
Start importing Assets/Quan/Asset/Layer Lab/GUI Pro-FantasyRPG/ResourcesData/Fonts/Alata-Regular-Outline 54 SDF.asset using Guid(40521200895724bf688c4a63c2f5ade0) Importer(815301076,1909f56bfc062723c751e8b465ee728b) [PhysX] Initialized MultithreadedTaskDispatcher with 12 workers.
[PhysX] Initialized MultithreadedTaskDispatcher with 12 workers.
[PhysX] Initialized MultithreadedTaskDispatcher with 12 workers.
 -> (artifact id: 'fa6789f9533fce93e50730368af5ef90') in 0.043539 seconds
Number of updated asset objects reloaded before import = 0
Number of asset objects unloaded after import = 6
========================================================================
Received Import Request.
  Time since last request: 0.000035 seconds.
  path: Assets/Quan/Asset/Layer Lab/GUI Pro-FantasyRPG/ResourcesData/Fonts/Alata-Regular-Outline 64 SDF.asset
  artifactKey: Guid(bbf71d8a58305463e9d91aeaca31eaa0) Importer(815301076,1909f56bfc062723c751e8b465ee728b)
Start importing Assets/Quan/Asset/Layer Lab/GUI Pro-FantasyRPG/ResourcesData/Fonts/Alata-Regular-Outline 64 SDF.asset using Guid(bbf71d8a58305463e9d91aeaca31eaa0) Importer(815301076,1909f56bfc062723c751e8b465ee728b) [PhysX] Initialized MultithreadedTaskDispatcher with 12 workers.
[PhysX] Initialized MultithreadedTaskDispatcher with 12 workers.
[PhysX] Initialized MultithreadedTaskDispatcher with 12 workers.
 -> (artifact id: '9648d6dcafc998b92b012493022f099b') in 0.048415 seconds
Number of updated asset objects reloaded before import = 0
Number of asset objects unloaded after import = 6
========================================================================
Received Import Request.
  Time since last request: 0.000026 seconds.
  path: Assets/Quan/Asset/Layer Lab/GUI Pro-FantasyRPG/ResourcesData/Fonts/PlayCombo.asset
  artifactKey: Guid(ca06ef1aedbcd43fa85fdf3c7c3a4daf) Importer(815301076,1909f56bfc062723c751e8b465ee728b)
Start importing Assets/Quan/Asset/Layer Lab/GUI Pro-FantasyRPG/ResourcesData/Fonts/PlayCombo.asset using Guid(ca06ef1aedbcd43fa85fdf3c7c3a4daf) Importer(815301076,1909f56bfc062723c751e8b465ee728b) [PhysX] Initialized MultithreadedTaskDispatcher with 12 workers.
[PhysX] Initialized MultithreadedTaskDispatcher with 12 workers.
[PhysX] Initialized MultithreadedTaskDispatcher with 12 workers.
 -> (artifact id: '8c6ce8066e8a11fc0a7a2b813c6b63c0') in 0.025319 seconds
Number of updated asset objects reloaded before import = 0
Number of asset objects unloaded after import = 6
========================================================================
Received Import Request.
  Time since last request: 0.802351 seconds.
  path: Assets/Quan/Asset/Layer Lab/GUI Pro-FantasyRPG/ResourcesData/Fonts/PlayGold.asset
  artifactKey: Guid(2cdc547c1c0a94fed8b8a07e15f70168) Importer(815301076,1909f56bfc062723c751e8b465ee728b)
Start importing Assets/Quan/Asset/Layer Lab/GUI Pro-FantasyRPG/ResourcesData/Fonts/PlayGold.asset using Guid(2cdc547c1c0a94fed8b8a07e15f70168) Importer(815301076,1909f56bfc062723c751e8b465ee728b) [PhysX] Initialized MultithreadedTaskDispatcher with 12 workers.
[PhysX] Initialized MultithreadedTaskDispatcher with 12 workers.
[PhysX] Initialized MultithreadedTaskDispatcher with 12 workers.
 -> (artifact id: '7bb57f404c921b90f3a20260640ac567') in 0.027275 seconds
Number of updated asset objects reloaded before import = 0
Number of asset objects unloaded after import = 6
========================================================================
Received Prepare
Caller must complete domain reload
Begin MonoManager ReloadAssembly
- Loaded All Assemblies, in  0.431 seconds
Native extension for WindowsStandalone target not found
Native extension for Android target not found
Mono: successfully reloaded assembly
- Finished resetting the current domain, in  1.031 seconds
Domain Reload Profiling: 1460ms
	BeginReloadAssembly (166ms)
		ExecutionOrderSort (0ms)
		DisableScriptedObjects (14ms)
		BackupInstance (0ms)
		ReleaseScriptingObjects (0ms)
		CreateAndSetChildDomain (36ms)
	RebuildCommonClasses (32ms)
	RebuildNativeTypeToScriptingClass (10ms)
	initialDomainReloadingComplete (27ms)
	LoadAllAssembliesAndSetupDomain (193ms)
		LoadAssemblies (230ms)
		RebuildTransferFunctionScriptingTraits (0ms)
		AnalyzeDomain (48ms)
			TypeCache.Refresh (15ms)
				TypeCache.ScanAssembly (6ms)
			ScanForSourceGeneratedMonoScriptInfo (20ms)
			ResolveRequiredComponents (12ms)
	FinalizeReload (1031ms)
		ReleaseScriptCaches (0ms)
		RebuildScriptCaches (0ms)
		SetupLoadedEditorAssemblies (583ms)
			LogAssemblyErrors (0ms)
			InitializePlatformSupportModulesInManaged (19ms)
			SetLoadedEditorAssemblies (4ms)
			RefreshPlugins (0ms)
			BeforeProcessingInitializeOnLoad (77ms)
			ProcessInitializeOnLoadAttributes (205ms)
			ProcessInitializeOnLoadMethodAttributes (269ms)
			AfterProcessingInitializeOnLoad (9ms)
			EditorAssembliesLoaded (0ms)
		ExecutionOrderSort2 (0ms)
		AwakeInstancesAfterBackupRestoration (13ms)
Refreshing native plugins compatible for Editor in 1.19 ms, found 0 plugins.
Preloading 0 native plugins for Editor in 0.00 ms.
Unloading 3063 Unused Serialized files (Serialized files now loaded: 0)
Unloading 12 unused Assets / (382.6 KB). Loaded Objects now: 3809.
Memory consumption went from 160.6 MB to 160.3 MB.
Total: 2.914500 ms (FindLiveObjects: 0.284400 ms CreateObjectMapping: 0.096900 ms MarkObjects: 2.452900 ms  DeleteObjects: 0.078900 ms)

Prepare: number of updated asset objects reloaded= 0
AssetImportParameters requested are different than current active one (requested -> active):
  custom:video-decoder-webm-vp8: 9c59270c3fd7afecdb556c50c9e8de78 -> 
  custom:scripting/monoscript/fileName/UIParticleSystem.cs: 75704037c35ba7eeff779d77cdf4ef02 -> ae9d428231ed39e0620c5c4869aebe89
  custom:scripting/monoscript/fileName/PanelControl.cs: a3041f590ce3bb9956463a52f741e4df -> 02e56fdb1f44a3296f5290b5dcaa9121
  custom:SearchIndexIgnoredProperties: e643bd26f0fe6173181afceb89e7c659 -> 
  custom:container-demuxer-ogg: 62fdf1f143b41e24485cea50d1cbac27 -> 
  custom:AudioImporter_EditorPlatform: d09bf68614088b80899f8185d706f6e7 -> 
  custom:scripting/monoscript/fileName/VHierarchyPalette.cs: b6f85289f34679c2b3af9163db4f9522 -> 
  custom:scripting/monoscript/fileName/VHierarchyPaletteWindow.cs: 0b301c4891ca639ed897afe904809a9f -> 
  custom:video-codec-MediaFoundation-h265: 746d11721c4dcdbdad8f713fa42b33f4 -> 
  custom:scripting/monoscript/fileName/VHierarchyLibs.cs: f78fb513cd5cf4b2d72196d38152f613 -> 
  custom:video-decoder-ogg-theora: a1e56fd34408186e4bbccfd4996cb3dc -> 
  custom:scripting/monoscript/fileName/VHierarchyLightingWindow.cs: a6df40cc4c5ebeefed6bc0c00f22811b -> 
  custom:framework-win-MediaFoundation: 216162199b28c13a410421893ffa2e32 -> 
  custom:scripting/monoscript/fileName/VHierarchy.cs: a380f44f754ce1d10b8e6c1b5beb69c9 -> 
  custom:scripting/monoscript/fileName/VHierarchyComponentWindow.cs: 39d2c41bef5917ca935c6681d2409e65 -> 
  custom:scripting/monoscript/fileName/VHierarchyDataComponent.cs: 842722cb2fa78c1ee2a33c8144238b7a -> 
  custom:scripting/monoscript/fileName/VHierarchyCache.cs: 29b871eb4f3477b52d4b08540c6b2ffd -> 
  custom:scripting/precompiled-assembly-types:VHierarchy: 4a769670d4c5730fd6fa3f54e77cbb2b -> 
  custom:video-encoder-webm-vp8: eb34c28f22e8b96e1ab97ce403110664 -> 
  custom:audio-decoder-ogg-vorbis: bf7c407c2cedff20999df2af8eb42d56 -> 
  custom:CustomObjectIndexerAttribute: 72b91833f83ae208fae7752999fa3104 -> 
  custom:scripting/monoscript/fileName/VHierarchyData.cs: 5efe51f49927e1f305e958ec4224fd22 -> 
  custom:container-demuxer-webm: 4f35f7cbe854078d1ac9338744f61a02 -> 
  custom:scripting/monoscript/fileName/PanelView.cs: 6691c2d35e5e4bfaf63d481d72d2130a -> d2deaee66b7a61da10ffeed4fd8cb200
  custom:audio-encoder-webm-vorbis: bf7c407c2cedff20999df2af8eb42d56 -> 
  custom:scripting/monoscript/fileName/VHierarchyPaletteEditor.cs: 0af65cd94a9baeeb60c750d4c8d6d71c -> 
  custom:scripting/monoscript/fileName/VHierarchyMenu.cs: 61ef3edbbcce2f72a1f0d1542c16b730 -> 
  custom:container-muxer-webm: aa71ff27fc2769a1b78a27578f13a17b -> 
========================================================================
Received Import Request.
  Time since last request: 619.177311 seconds.
  path: Assets/Quan/Asset/pix32
  artifactKey: Guid(8dc7e1c4fc338654388dce6de19a0589) Importer(815301076,1909f56bfc062723c751e8b465ee728b)
Start importing Assets/Quan/Asset/pix32 using Guid(8dc7e1c4fc338654388dce6de19a0589) Importer(815301076,1909f56bfc062723c751e8b465ee728b) [PhysX] Initialized MultithreadedTaskDispatcher with 12 workers.
 -> (artifact id: 'f873f0fe3c167fae2aebc5ebdf6dd4ef') in 0.009583 seconds
Number of updated asset objects reloaded before import = 0
Number of asset objects unloaded after import = 0
========================================================================
Received Import Request.
  Time since last request: 70.884692 seconds.
  path: Assets/Quan/Font
  artifactKey: Guid(8f98f9ad78930f844ac3da5d2f8ccdb9) Importer(815301076,1909f56bfc062723c751e8b465ee728b)
Start importing Assets/Quan/Font using Guid(8f98f9ad78930f844ac3da5d2f8ccdb9) Importer(815301076,1909f56bfc062723c751e8b465ee728b) [PhysX] Initialized MultithreadedTaskDispatcher with 12 workers.
 -> (artifact id: '75a0772b07c3d33782076c8cff0e2018') in 0.000882 seconds
Number of updated asset objects reloaded before import = 0
Number of asset objects unloaded after import = 0
========================================================================
Received Import Request.
  Time since last request: 21.606640 seconds.
  path: Assets/Quan/Font/Pix32 SDF.asset
  artifactKey: Guid(b71f9cbde8a66674b9a4955eb9db3ad9) Importer(815301076,1909f56bfc062723c751e8b465ee728b)
Start importing Assets/Quan/Font/Pix32 SDF.asset using Guid(b71f9cbde8a66674b9a4955eb9db3ad9) Importer(815301076,1909f56bfc062723c751e8b465ee728b) [PhysX] Initialized MultithreadedTaskDispatcher with 12 workers.
[PhysX] Initialized MultithreadedTaskDispatcher with 12 workers.
[PhysX] Initialized MultithreadedTaskDispatcher with 12 workers.
 -> (artifact id: 'fd515728bf1676e2d7c962ff28b5796a') in 0.247413 seconds
Number of updated asset objects reloaded before import = 0
Number of asset objects unloaded after import = 25
========================================================================
Received Import Request.
  Time since last request: 71.637493 seconds.
  path: Assets/Quan/Font/pixel_operator
  artifactKey: Guid(7e175b0521b4b6a4a9aad520beb6cdd6) Importer(815301076,1909f56bfc062723c751e8b465ee728b)
Start importing Assets/Quan/Font/pixel_operator using Guid(7e175b0521b4b6a4a9aad520beb6cdd6) Importer(815301076,1909f56bfc062723c751e8b465ee728b) [PhysX] Initialized MultithreadedTaskDispatcher with 12 workers.
 -> (artifact id: 'e79a07ac4c0cdb8c4405b6378838d8c6') in 0.000679 seconds
Number of updated asset objects reloaded before import = 0
Number of asset objects unloaded after import = 0
========================================================================
Received Import Request.
  Time since last request: 0.030270 seconds.
  path: Assets/Quan/Font/pixel_operator/PixelOperator.ttf
  artifactKey: Guid(8d33e20e3ad130746b6c6891510abd34) Importer(815301076,1909f56bfc062723c751e8b465ee728b)
Start importing Assets/Quan/Font/pixel_operator/PixelOperator.ttf using Guid(8d33e20e3ad130746b6c6891510abd34) Importer(815301076,1909f56bfc062723c751e8b465ee728b) [PhysX] Initialized MultithreadedTaskDispatcher with 12 workers.
[PhysX] Initialized MultithreadedTaskDispatcher with 12 workers.
[PhysX] Initialized MultithreadedTaskDispatcher with 12 workers.
 -> (artifact id: '3ee4b6a2437a47a2f29ba1c434e3bce3') in 0.020571 seconds
Number of updated asset objects reloaded before import = 0
Number of asset objects unloaded after import = 5
========================================================================
Received Import Request.
  Time since last request: 0.000029 seconds.
  path: Assets/Quan/Font/pixel_operator/PixelOperatorSC.ttf
  artifactKey: Guid(c66a2d7b5c364634780150b9dba2d669) Importer(815301076,1909f56bfc062723c751e8b465ee728b)
Start importing Assets/Quan/Font/pixel_operator/PixelOperatorSC.ttf using Guid(c66a2d7b5c364634780150b9dba2d669) Importer(815301076,1909f56bfc062723c751e8b465ee728b) [PhysX] Initialized MultithreadedTaskDispatcher with 12 workers.
[PhysX] Initialized MultithreadedTaskDispatcher with 12 workers.
[PhysX] Initialized MultithreadedTaskDispatcher with 12 workers.
 -> (artifact id: '9cbc2459de67069899a2ea0ecb7edc90') in 0.014056 seconds
Number of updated asset objects reloaded before import = 0
Number of asset objects unloaded after import = 5
========================================================================
Received Import Request.
  Time since last request: 0.000039 seconds.
  path: Assets/Quan/Font/pixel_operator/PixelOperatorMono-Bold.ttf
  artifactKey: Guid(6371adc24f77e8943ba01ecb5110339a) Importer(815301076,1909f56bfc062723c751e8b465ee728b)
Start importing Assets/Quan/Font/pixel_operator/PixelOperatorMono-Bold.ttf using Guid(6371adc24f77e8943ba01ecb5110339a) Importer(815301076,1909f56bfc062723c751e8b465ee728b) [PhysX] Initialized MultithreadedTaskDispatcher with 12 workers.
[PhysX] Initialized MultithreadedTaskDispatcher with 12 workers.
[PhysX] Initialized MultithreadedTaskDispatcher with 12 workers.
 -> (artifact id: '14a7c1b0de915bb9be0e966e54d0d41a') in 0.013894 seconds
Number of updated asset objects reloaded before import = 0
Number of asset objects unloaded after import = 5
========================================================================
Received Import Request.
  Time since last request: 0.000035 seconds.
  path: Assets/Quan/Font/pixel_operator/PixelOperatorHB.ttf
  artifactKey: Guid(4ff6a1ad8a478454bb975293ebe27fc3) Importer(815301076,1909f56bfc062723c751e8b465ee728b)
Start importing Assets/Quan/Font/pixel_operator/PixelOperatorHB.ttf using Guid(4ff6a1ad8a478454bb975293ebe27fc3) Importer(815301076,1909f56bfc062723c751e8b465ee728b) [PhysX] Initialized MultithreadedTaskDispatcher with 12 workers.
[PhysX] Initialized MultithreadedTaskDispatcher with 12 workers.
[PhysX] Initialized MultithreadedTaskDispatcher with 12 workers.
 -> (artifact id: '90011275d74ceae3f37a0af39c71716e') in 0.011881 seconds
Number of updated asset objects reloaded before import = 0
Number of asset objects unloaded after import = 5
========================================================================
Received Import Request.
  Time since last request: 0.000025 seconds.
  path: Assets/Quan/Font/pixel_operator/PixelOperatorMonoHB8.ttf
  artifactKey: Guid(238ff6b60fb38bb4a86a4e0b856b1d34) Importer(815301076,1909f56bfc062723c751e8b465ee728b)
Start importing Assets/Quan/Font/pixel_operator/PixelOperatorMonoHB8.ttf using Guid(238ff6b60fb38bb4a86a4e0b856b1d34) Importer(815301076,1909f56bfc062723c751e8b465ee728b) [PhysX] Initialized MultithreadedTaskDispatcher with 12 workers.
[PhysX] Initialized MultithreadedTaskDispatcher with 12 workers.
[PhysX] Initialized MultithreadedTaskDispatcher with 12 workers.
 -> (artifact id: '1fb3b4ebe127af6345a57c737c15bfe3') in 0.012832 seconds
Number of updated asset objects reloaded before import = 0
Number of asset objects unloaded after import = 5
========================================================================
Received Import Request.
  Time since last request: 0.000028 seconds.
  path: Assets/Quan/Font/pixel_operator/PixelOperatorHBSC.ttf
  artifactKey: Guid(e8471fd7465550348b27a093b1a98d5b) Importer(815301076,1909f56bfc062723c751e8b465ee728b)
Start importing Assets/Quan/Font/pixel_operator/PixelOperatorHBSC.ttf using Guid(e8471fd7465550348b27a093b1a98d5b) Importer(815301076,1909f56bfc062723c751e8b465ee728b) [PhysX] Initialized MultithreadedTaskDispatcher with 12 workers.
[PhysX] Initialized MultithreadedTaskDispatcher with 12 workers.
[PhysX] Initialized MultithreadedTaskDispatcher with 12 workers.
 -> (artifact id: 'aacf76c2aa77179ab8f13e56a36537bc') in 0.013287 seconds
Number of updated asset objects reloaded before import = 0
Number of asset objects unloaded after import = 5
========================================================================
Received Import Request.
  Time since last request: 0.000045 seconds.
  path: Assets/Quan/Font/pixel_operator/PixelOperator8-Bold.ttf
  artifactKey: Guid(e48e2632e8164904c925d19c194ba8fc) Importer(815301076,1909f56bfc062723c751e8b465ee728b)
Start importing Assets/Quan/Font/pixel_operator/PixelOperator8-Bold.ttf using Guid(e48e2632e8164904c925d19c194ba8fc) Importer(815301076,1909f56bfc062723c751e8b465ee728b) [PhysX] Initialized MultithreadedTaskDispatcher with 12 workers.
[PhysX] Initialized MultithreadedTaskDispatcher with 12 workers.
[PhysX] Initialized MultithreadedTaskDispatcher with 12 workers.
 -> (artifact id: '67f4e488c36ce76c8cc18909bcda34ab') in 0.011967 seconds
Number of updated asset objects reloaded before import = 0
Number of asset objects unloaded after import = 5
========================================================================
Received Import Request.
  Time since last request: 0.000025 seconds.
  path: Assets/Quan/Font/pixel_operator/PixelOperator8.ttf
  artifactKey: Guid(892c4dffd75f39643bcf5839f6faf127) Importer(815301076,1909f56bfc062723c751e8b465ee728b)
Start importing Assets/Quan/Font/pixel_operator/PixelOperator8.ttf using Guid(892c4dffd75f39643bcf5839f6faf127) Importer(815301076,1909f56bfc062723c751e8b465ee728b) [PhysX] Initialized MultithreadedTaskDispatcher with 12 workers.
[PhysX] Initialized MultithreadedTaskDispatcher with 12 workers.
[PhysX] Initialized MultithreadedTaskDispatcher with 12 workers.
 -> (artifact id: '3035347748f9b44a9863d76c5c2ae12d') in 0.010873 seconds
Number of updated asset objects reloaded before import = 0
Number of asset objects unloaded after import = 5
Editor requested this worker to shutdown with reason: Scaling down because of idle timeout
TcpMessagingSession - receive error: operation aborted. errorcode: 995, details: The I/O operation has been aborted because of either a thread exit or an application request.
AssetImportWorker is now disconnected from the server
Process exiting
Exiting without the bug reporter. Application will terminate with return code 0