Using pre-set license
Built from '2022.3/staging' branch; Version is '2022.3.45f1 (a13dfa44d684) revision 10567162'; Using compiler version '192829333'; Build Type 'Release'
OS: 'Windows 11  (10.0.26200) 64bit CoreSingleLanguage' Language: 'vi' Physical Memory: 16163 MB
BatchMode: 1, IsHumanControllingUs: 0, StartBugReporterOnCrash: 0, Is64bit: 1, IsPro: 1

COMMAND LINE ARGUMENTS:
C:\Program Files\Unity\Hub\Editor\2022.3.45f1\Editor\Unity.exe
-adb2
-batchMode
-noUpm
-name
AssetImportWorker15
-projectPath
D:/DN/UNITY/Solo-Abyss
-logFile
Logs/AssetImportWorker15.log
-srvPort
64320
Successfully changed project path to: D:/DN/UNITY/Solo-Abyss
D:/DN/UNITY/Solo-Abyss
[UnityMemory] Configuration Parameters - Can be set up in boot.config
    "memorysetup-bucket-allocator-granularity=16"
    "memorysetup-bucket-allocator-bucket-count=8"
    "memorysetup-bucket-allocator-block-size=33554432"
    "memorysetup-bucket-allocator-block-count=8"
    "memorysetup-main-allocator-block-size=16777216"
    "memorysetup-thread-allocator-block-size=16777216"
    "memorysetup-gfx-main-allocator-block-size=16777216"
    "memorysetup-gfx-thread-allocator-block-size=16777216"
    "memorysetup-cache-allocator-block-size=4194304"
    "memorysetup-typetree-allocator-block-size=2097152"
    "memorysetup-profiler-bucket-allocator-granularity=16"
    "memorysetup-profiler-bucket-allocator-bucket-count=8"
    "memorysetup-profiler-bucket-allocator-block-size=33554432"
    "memorysetup-profiler-bucket-allocator-block-count=8"
    "memorysetup-profiler-allocator-block-size=16777216"
    "memorysetup-profiler-editor-allocator-block-size=1048576"
    "memorysetup-temp-allocator-size-main=16777216"
    "memorysetup-job-temp-allocator-block-size=2097152"
    "memorysetup-job-temp-allocator-block-size-background=1048576"
    "memorysetup-job-temp-allocator-reduction-small-platforms=262144"
    "memorysetup-allocator-temp-initial-block-size-main=262144"
    "memorysetup-allocator-temp-initial-block-size-worker=262144"
    "memorysetup-temp-allocator-size-background-worker=32768"
    "memorysetup-temp-allocator-size-job-worker=262144"
    "memorysetup-temp-allocator-size-preload-manager=33554432"
    "memorysetup-temp-allocator-size-nav-mesh-worker=65536"
    "memorysetup-temp-allocator-size-audio-worker=65536"
    "memorysetup-temp-allocator-size-cloud-worker=32768"
    "memorysetup-temp-allocator-size-gi-baking-worker=262144"
    "memorysetup-temp-allocator-size-gfx=262144"
Player connection [17660]  Target information:

Player connection [17660]  * "[IP] 26.253.110.139 [Port] 0 [Flags] 2 [Guid] 2834448530 [EditorId] 2834448530 [Version] 1048832 [Id] WindowsEditor(7,GIGABYTE_G5) [Debug] 1 [PackageName] WindowsEditor [ProjectName] Editor" 

Player connection [17660]  * "[IP] 192.168.100.100 [Port] 0 [Flags] 2 [Guid] 2834448530 [EditorId] 2834448530 [Version] 1048832 [Id] WindowsEditor(7,GIGABYTE_G5) [Debug] 1 [PackageName] WindowsEditor [ProjectName] Editor" 

Player connection [17660] Host joined multi-casting on [225.0.0.222:54997]...
Player connection [17660] Host joined alternative multi-casting on [225.0.0.222:34997]...
[PhysX] Initialized MultithreadedTaskDispatcher with 12 workers.
Refreshing native plugins compatible for Editor in 3.91 ms, found 0 plugins.
Preloading 0 native plugins for Editor in 0.00 ms.
Initialize engine version: 2022.3.45f1 (a13dfa44d684)
[Subsystems] Discovering subsystems at path C:/Program Files/Unity/Hub/Editor/2022.3.45f1/Editor/Data/Resources/UnitySubsystems
[Subsystems] Discovering subsystems at path D:/DN/UNITY/Solo-Abyss/Assets
GfxDevice: creating device client; threaded=0; jobified=0
Direct3D:
    Version:  Direct3D 11.0 [level 11.1]
    Renderer: NVIDIA GeForce RTX 3050 Laptop GPU (ID=0x25a2)
    Vendor:   NVIDIA
    VRAM:     3962 MB
    Driver:   32.0.15.9186
Initialize mono
Mono path[0] = 'C:/Program Files/Unity/Hub/Editor/2022.3.45f1/Editor/Data/Managed'
Mono path[1] = 'C:/Program Files/Unity/Hub/Editor/2022.3.45f1/Editor/Data/MonoBleedingEdge/lib/mono/unityjit-win32'
Mono config path = 'C:/Program Files/Unity/Hub/Editor/2022.3.45f1/Editor/Data/MonoBleedingEdge/etc'
Using monoOptions --debugger-agent=transport=dt_socket,embedding=1,server=y,suspend=n,address=127.0.0.1:56216
Begin MonoManager ReloadAssembly
Registering precompiled unity dll's ...
Register platform support module: C:/Program Files/Unity/Hub/Editor/2022.3.45f1/Editor/Data/PlaybackEngines/AndroidPlayer/UnityEditor.Android.Extensions.dll
Register platform support module: C:/Program Files/Unity/Hub/Editor/2022.3.45f1/Editor/Data/PlaybackEngines/WindowsStandaloneSupport/UnityEditor.WindowsStandalone.Extensions.dll
Registered in 0.009473 seconds.
- Loaded All Assemblies, in  0.357 seconds
Native extension for WindowsStandalone target not found
Native extension for Android target not found
Android Extension - Scanning For ADB Devices 267 ms
Mono: successfully reloaded assembly
- Finished resetting the current domain, in  0.595 seconds
Domain Reload Profiling: 951ms
	BeginReloadAssembly (102ms)
		ExecutionOrderSort (0ms)
		DisableScriptedObjects (0ms)
		BackupInstance (0ms)
		ReleaseScriptingObjects (0ms)
		CreateAndSetChildDomain (1ms)
	RebuildCommonClasses (32ms)
	RebuildNativeTypeToScriptingClass (11ms)
	initialDomainReloadingComplete (59ms)
	LoadAllAssembliesAndSetupDomain (152ms)
		LoadAssemblies (99ms)
		RebuildTransferFunctionScriptingTraits (0ms)
		AnalyzeDomain (150ms)
			TypeCache.Refresh (148ms)
				TypeCache.ScanAssembly (134ms)
			ScanForSourceGeneratedMonoScriptInfo (0ms)
			ResolveRequiredComponents (1ms)
	FinalizeReload (595ms)
		ReleaseScriptCaches (0ms)
		RebuildScriptCaches (0ms)
		SetupLoadedEditorAssemblies (546ms)
			LogAssemblyErrors (0ms)
			InitializePlatformSupportModulesInManaged (350ms)
			SetLoadedEditorAssemblies (4ms)
			RefreshPlugins (0ms)
			BeforeProcessingInitializeOnLoad (3ms)
			ProcessInitializeOnLoadAttributes (133ms)
			ProcessInitializeOnLoadMethodAttributes (56ms)
			AfterProcessingInitializeOnLoad (0ms)
			EditorAssembliesLoaded (0ms)
		ExecutionOrderSort2 (0ms)
		AwakeInstancesAfterBackupRestoration (0ms)
========================================================================
Worker process is ready to serve import requests
Caller must complete domain reload
Begin MonoManager ReloadAssembly
- Loaded All Assemblies, in  0.504 seconds
Native extension for WindowsStandalone target not found
Native extension for Android target not found
Mono: successfully reloaded assembly
- Finished resetting the current domain, in  0.762 seconds
Domain Reload Profiling: 1263ms
	BeginReloadAssembly (144ms)
		ExecutionOrderSort (0ms)
		DisableScriptedObjects (5ms)
		BackupInstance (0ms)
		ReleaseScriptingObjects (0ms)
		CreateAndSetChildDomain (24ms)
	RebuildCommonClasses (36ms)
	RebuildNativeTypeToScriptingClass (10ms)
	initialDomainReloadingComplete (39ms)
	LoadAllAssembliesAndSetupDomain (272ms)
		LoadAssemblies (241ms)
		RebuildTransferFunctionScriptingTraits (0ms)
		AnalyzeDomain (112ms)
			TypeCache.Refresh (85ms)
				TypeCache.ScanAssembly (75ms)
			ScanForSourceGeneratedMonoScriptInfo (15ms)
			ResolveRequiredComponents (11ms)
	FinalizeReload (763ms)
		ReleaseScriptCaches (0ms)
		RebuildScriptCaches (0ms)
		SetupLoadedEditorAssemblies (606ms)
			LogAssemblyErrors (0ms)
			InitializePlatformSupportModulesInManaged (20ms)
			SetLoadedEditorAssemblies (5ms)
			RefreshPlugins (0ms)
			BeforeProcessingInitializeOnLoad (88ms)
			ProcessInitializeOnLoadAttributes (215ms)
			ProcessInitializeOnLoadMethodAttributes (266ms)
			AfterProcessingInitializeOnLoad (12ms)
			EditorAssembliesLoaded (0ms)
		ExecutionOrderSort2 (0ms)
		AwakeInstancesAfterBackupRestoration (8ms)
Launched and connected shader compiler UnityShaderCompiler.exe after 0.04 seconds
Refreshing native plugins compatible for Editor in 1.08 ms, found 0 plugins.
Preloading 0 native plugins for Editor in 0.00 ms.
Unloading 3201 Unused Serialized files (Serialized files now loaded: 0)
Unloading 32 unused Assets / (413.1 KB). Loaded Objects now: 3677.
Memory consumption went from 188.9 MB to 188.5 MB.
Total: 2.904700 ms (FindLiveObjects: 0.246400 ms CreateObjectMapping: 0.127700 ms MarkObjects: 2.372400 ms  DeleteObjects: 0.156700 ms)

AssetImportParameters requested are different than current active one (requested -> active):
  custom:video-decoder-webm-vp8: 9c59270c3fd7afecdb556c50c9e8de78 -> 
  custom:scripting/monoscript/fileName/StateMachines.cs: 42ec79292b9caf3226419fa88f77af98 -> 
  custom:scripting/monoscript/fileName/ChaseState.cs: e7f510aa8f646e6f375675a345f4b8e8 -> 
  custom:SearchIndexIgnoredProperties: e643bd26f0fe6173181afceb89e7c659 -> 
  custom:container-demuxer-ogg: 62fdf1f143b41e24485cea50d1cbac27 -> 
  custom:AudioImporter_EditorPlatform: d09bf68614088b80899f8185d706f6e7 -> 
  custom:scripting/monoscript/fileName/States.cs: e2caa5465a317649d0ccb9c5bec1f708 -> 
  custom:scripting/monoscript/fileName/DieState.cs: d8d20508f6f446f147a765535afe3b29 -> 
  custom:scripting/monoscript/fileName/AttackState.cs: 1c93600fe64c72d0f7948767bd3d991f -> 
  custom:scripting/monoscript/fileName/IGSkill2State.cs: 9e5bd2bd6668e530e2b5e7cafcacffa7 -> 
  custom:scripting/monoscript/fileName/StaggerState.cs: bab458d5647efbe97a5f34692f15b2cb -> 
  custom:scripting/monoscript/fileName/isPickup.cs: f41b9e80026f54793656da788dc54961 -> 
  custom:video-codec-MediaFoundation-h265: 746d11721c4dcdbdad8f713fa42b33f4 -> 
  custom:scripting/monoscript/fileName/AudioManager.cs: 0aef3caba4c1c1b0bc8bd1dca2fef31d -> e8310be4479956b7ccf5d41d9f0f6e53
  custom:scripting/monoscript/fileName/ShieldState.cs: c0d8b010c6fc15246c464a9d01e40828 -> 
  custom:scripting/monoscript/fileName/SpellDetector.cs: 87f37ef0e5efce1082b106caa75843ee -> 
  custom:video-decoder-ogg-theora: a1e56fd34408186e4bbccfd4996cb3dc -> 
  custom:scripting/monoscript/fileName/IGPhase2.cs: 7f5889193d30a1f703fa62827a5c4bfa -> 
  custom:framework-win-MediaFoundation: 216162199b28c13a410421893ffa2e32 -> 
  custom:scripting/monoscript/fileName/pickupHP.cs: 81d75439eca0785d4a25901e836293d6 -> 
  custom:scripting/monoscript/fileName/checkPoint.cs: 9817e76e46ad9e670ee8662a36b4b6d0 -> 
  custom:scripting/monoscript/fileName/IceGuardian.cs: 32f0a52b431a8928fb91561a5e7d5ef6 -> 
  custom:video-encoder-webm-vp8: eb34c28f22e8b96e1ab97ce403110664 -> 
  custom:audio-decoder-ogg-vorbis: bf7c407c2cedff20999df2af8eb42d56 -> 
  custom:scripting/monoscript/fileName/AnimationEventRelay.cs: 5095c46a875dabdfc7b7b2f9e7f2cb96 -> 
  custom:scripting/monoscript/fileName/SearchState.cs: 0e151c85e5ceea2d3ed5933086210541 -> 
  custom:scripting/monoscript/fileName/IGDieState.cs: 112e8d29aae8e3af7f9ecf1bb53a664c -> 
  custom:scripting/monoscript/fileName/NavigateState.cs: c290b31f361cace9871fbcc670c3ae6b -> 
  custom:CustomObjectIndexerAttribute: 72b91833f83ae208fae7752999fa3104 -> 
  custom:scripting/monoscript/fileName/Skeleton.cs: a87400f9d1f55b53fdfa4f3625df4344 -> 
  custom:scripting/monoscript/fileName/GoblinDieState.cs: 313df378872d7ba3cd6a2364a0827586 -> 
  custom:scripting/monoscript/fileName/IGSkill1State.cs: 470ba065fa99cf34b979f356a368dc2d -> 
  custom:scripting/monoscript/fileName/IdleState.cs: cb17b2728a149ce6b24336e6c26e95c5 -> 
  custom:container-demuxer-webm: 4f35f7cbe854078d1ac9338744f61a02 -> 
  custom:scripting/monoscript/fileName/IntroState.cs: 509fbffc9e75b42599bb39e89007b583 -> 
  custom:scripting/monoscript/fileName/Goblin.cs: bfda3a5ab7b8fb10f038f58998758644 -> 
  custom:scripting/monoscript/fileName/Mushroom.cs: 9f34a771708c0bb67e51e29d255e0b7d -> 
  custom:scripting/monoscript/fileName/BodSpellState.cs: 2e473ae42eec227b4de41863f11ebe9f -> 
  custom:audio-encoder-webm-vorbis: bf7c407c2cedff20999df2af8eb42d56 -> 
  custom:scripting/monoscript/fileName/HurtState.cs: ad4f61e7339b53004242c588a744291f -> 
  custom:scripting/monoscript/fileName/EnemyCore.cs: d130410407ac7fdf3e01b85e9eae7c53 -> 
  custom:scripting/monoscript/fileName/ShieldDetector.cs: 61c337ae61b509185afbc038c62f7a5a -> 
  custom:scripting/monoscript/fileName/pickupMana.cs: 66a4432e428661d1a9263756c53bf429 -> 
  custom:scripting/monoscript/fileName/PatrolState.cs: 3dca79e344dd16de3bb75f43e3d97235 -> 
  custom:scripting/monoscript/fileName/BringerofDeath.cs: a92c1ebf3d9b06f68d48fed44a0a0aaf -> 
  custom:container-muxer-webm: aa71ff27fc2769a1b78a27578f13a17b -> 
  custom:scripting/monoscript/fileName/PlayerDetector.cs: 5b9825dd0ced1558ceaca62aa95a8726 -> 
========================================================================
Received Import Request.
  Time since last request: 36480.966063 seconds.
  path: Assets/IMG/GUI/Border and Panels Menu Part 1/06 Border 01.png
  artifactKey: Guid(8d7fd5949a6e7b4459e50d881be3ce2a) Importer(815301076,1909f56bfc062723c751e8b465ee728b)
Start importing Assets/IMG/GUI/Border and Panels Menu Part 1/06 Border 01.png using Guid(8d7fd5949a6e7b4459e50d881be3ce2a) Importer(815301076,1909f56bfc062723c751e8b465ee728b) [PhysX] Initialized MultithreadedTaskDispatcher with 12 workers.
[PhysX] Initialized MultithreadedTaskDispatcher with 12 workers.
 -> (artifact id: '88d425fe8d87a6f6b92d3972b57f0fba') in 0.115347 seconds
Number of updated asset objects reloaded before import = 0
Number of asset objects unloaded after import = 3
========================================================================
Received Import Request.
  Time since last request: 0.139633 seconds.
  path: Assets/IMG/Player/Bow Attack/Individual Sprites/adventurer-bow-00.png
  artifactKey: Guid(e218922e1cdbd1543bdb68a15fe1a7c5) Importer(815301076,1909f56bfc062723c751e8b465ee728b)
Start importing Assets/IMG/Player/Bow Attack/Individual Sprites/adventurer-bow-00.png using Guid(e218922e1cdbd1543bdb68a15fe1a7c5) Importer(815301076,1909f56bfc062723c751e8b465ee728b) [PhysX] Initialized MultithreadedTaskDispatcher with 12 workers.
[PhysX] Initialized MultithreadedTaskDispatcher with 12 workers.
 -> (artifact id: '2e6c8c9b1c4ea42ca076e5a9d3d32ba2') in 0.013845 seconds
Number of updated asset objects reloaded before import = 0
Number of asset objects unloaded after import = 3
========================================================================
Received Import Request.
  Time since last request: 0.000027 seconds.
  path: Assets/IMG/Player/Bow Attack/Individual Sprites/adventurer-bow-04.png
  artifactKey: Guid(7c0b3805f68d2144594c7379befaaf04) Importer(815301076,1909f56bfc062723c751e8b465ee728b)
Start importing Assets/IMG/Player/Bow Attack/Individual Sprites/adventurer-bow-04.png using Guid(7c0b3805f68d2144594c7379befaaf04) Importer(815301076,1909f56bfc062723c751e8b465ee728b) [PhysX] Initialized MultithreadedTaskDispatcher with 12 workers.
[PhysX] Initialized MultithreadedTaskDispatcher with 12 workers.
 -> (artifact id: '3b2e2317991bac4b4ceb6cb42920301b') in 0.010747 seconds
Number of updated asset objects reloaded before import = 0
Number of asset objects unloaded after import = 3
========================================================================
Received Import Request.
  Time since last request: 0.436480 seconds.
  path: Assets/Quan/Asset/Layer Lab/GUI Pro-FantasyRPG/ResourcesData/Sprites/Component/Button/Button_Circle_01_Red.Png
  artifactKey: Guid(65f42b8e2924f4e26adf8ce8fb34fcdf) Importer(815301076,1909f56bfc062723c751e8b465ee728b)
Start importing Assets/Quan/Asset/Layer Lab/GUI Pro-FantasyRPG/ResourcesData/Sprites/Component/Button/Button_Circle_01_Red.Png using Guid(65f42b8e2924f4e26adf8ce8fb34fcdf) Importer(815301076,1909f56bfc062723c751e8b465ee728b) [PhysX] Initialized MultithreadedTaskDispatcher with 12 workers.
[PhysX] Initialized MultithreadedTaskDispatcher with 12 workers.
 -> (artifact id: '42b61812b81a9863f837971c9254ee8d') in 0.013339 seconds
Number of updated asset objects reloaded before import = 0
Number of asset objects unloaded after import = 3
========================================================================
Received Import Request.
  Time since last request: 0.000023 seconds.
  path: Assets/Quan/Asset/Layer Lab/GUI Pro-FantasyRPG/ResourcesData/Sprites/Component/Icon_EquipIcons/NoShadow/Original/equip_icon_potion_red_1.png
  artifactKey: Guid(c99f446ba5371493dbdebe77d870687a) Importer(815301076,1909f56bfc062723c751e8b465ee728b)
Start importing Assets/Quan/Asset/Layer Lab/GUI Pro-FantasyRPG/ResourcesData/Sprites/Component/Icon_EquipIcons/NoShadow/Original/equip_icon_potion_red_1.png using Guid(c99f446ba5371493dbdebe77d870687a) Importer(815301076,1909f56bfc062723c751e8b465ee728b) [PhysX] Initialized MultithreadedTaskDispatcher with 12 workers.
[PhysX] Initialized MultithreadedTaskDispatcher with 12 workers.
 -> (artifact id: 'cd478baad946f92f667060e694a4f5a5') in 0.012058 seconds
Number of updated asset objects reloaded before import = 0
Number of asset objects unloaded after import = 3
========================================================================
Received Import Request.
  Time since last request: 0.000024 seconds.
  path: Assets/Quan/Asset/Layer Lab/GUI Pro-FantasyRPG/ResourcesData/Sprites/Component/Icon_EquipIcons/NoShadow/Original/equip_icon_potion_red_2.png
  artifactKey: Guid(9778dfe874e1744f5a75c74bd76e1d63) Importer(815301076,1909f56bfc062723c751e8b465ee728b)
Start importing Assets/Quan/Asset/Layer Lab/GUI Pro-FantasyRPG/ResourcesData/Sprites/Component/Icon_EquipIcons/NoShadow/Original/equip_icon_potion_red_2.png using Guid(9778dfe874e1744f5a75c74bd76e1d63) Importer(815301076,1909f56bfc062723c751e8b465ee728b) [PhysX] Initialized MultithreadedTaskDispatcher with 12 workers.
[PhysX] Initialized MultithreadedTaskDispatcher with 12 workers.
 -> (artifact id: '629fb46fff7cf0a451556fda2324df05') in 0.012462 seconds
Number of updated asset objects reloaded before import = 0
Number of asset objects unloaded after import = 3
========================================================================
Received Import Request.
  Time since last request: 0.000024 seconds.
  path: Assets/Quan/Asset/Layer Lab/GUI Pro-FantasyRPG/ResourcesData/Sprites/Component/Icon_EquipIcons/Shadow/256/equip_icon_potion_red_2.png
  artifactKey: Guid(eb8d6f4d935fd48c8b7432e9aaced770) Importer(815301076,1909f56bfc062723c751e8b465ee728b)
Start importing Assets/Quan/Asset/Layer Lab/GUI Pro-FantasyRPG/ResourcesData/Sprites/Component/Icon_EquipIcons/Shadow/256/equip_icon_potion_red_2.png using Guid(eb8d6f4d935fd48c8b7432e9aaced770) Importer(815301076,1909f56bfc062723c751e8b465ee728b) [PhysX] Initialized MultithreadedTaskDispatcher with 12 workers.
[PhysX] Initialized MultithreadedTaskDispatcher with 12 workers.
 -> (artifact id: 'fd658de96a36f8c947232094d61102dd') in 0.010784 seconds
Number of updated asset objects reloaded before import = 0
Number of asset objects unloaded after import = 3
========================================================================
Received Import Request.
  Time since last request: 0.000028 seconds.
  path: Assets/Quan/Asset/Layer Lab/GUI Pro-FantasyRPG/ResourcesData/Sprites/Component/Icon_EquipIcons/NoShadow/256/equip_icon_potion_red_1.png
  artifactKey: Guid(bb6ddd2f0c87d44089a1902e86ebdd2d) Importer(815301076,1909f56bfc062723c751e8b465ee728b)
Start importing Assets/Quan/Asset/Layer Lab/GUI Pro-FantasyRPG/ResourcesData/Sprites/Component/Icon_EquipIcons/NoShadow/256/equip_icon_potion_red_1.png using Guid(bb6ddd2f0c87d44089a1902e86ebdd2d) Importer(815301076,1909f56bfc062723c751e8b465ee728b) [PhysX] Initialized MultithreadedTaskDispatcher with 12 workers.
[PhysX] Initialized MultithreadedTaskDispatcher with 12 workers.
 -> (artifact id: 'd7bfc91b88afc3595c0f72c1d1e57236') in 0.012734 seconds
Number of updated asset objects reloaded before import = 0
Number of asset objects unloaded after import = 3
========================================================================
Received Import Request.
  Time since last request: 0.000024 seconds.
  path: Assets/Quan/Asset/Layer Lab/GUI Pro-FantasyRPG/ResourcesData/Sprites/Component/Icon_EquipIcons/NoShadow/128/equip_icon_potion_red_3.png
  artifactKey: Guid(6131d82dca46541388a84ab8a338b324) Importer(815301076,1909f56bfc062723c751e8b465ee728b)
Start importing Assets/Quan/Asset/Layer Lab/GUI Pro-FantasyRPG/ResourcesData/Sprites/Component/Icon_EquipIcons/NoShadow/128/equip_icon_potion_red_3.png using Guid(6131d82dca46541388a84ab8a338b324) Importer(815301076,1909f56bfc062723c751e8b465ee728b) [PhysX] Initialized MultithreadedTaskDispatcher with 12 workers.
[PhysX] Initialized MultithreadedTaskDispatcher with 12 workers.
 -> (artifact id: 'a82cc206e061153130c5060a97ab8a41') in 0.010838 seconds
Number of updated asset objects reloaded before import = 0
Number of asset objects unloaded after import = 3
========================================================================
Received Import Request.
  Time since last request: 0.000019 seconds.
  path: Assets/Quan/Asset/Layer Lab/GUI Pro-FantasyRPG/ResourcesData/Sprites/Component/Icon_EquipIcons/NoShadow/Original/equip_icon_potion_red_3.png
  artifactKey: Guid(bc65ecf08b4764a3693d194d1d28a2ee) Importer(815301076,1909f56bfc062723c751e8b465ee728b)
Start importing Assets/Quan/Asset/Layer Lab/GUI Pro-FantasyRPG/ResourcesData/Sprites/Component/Icon_EquipIcons/NoShadow/Original/equip_icon_potion_red_3.png using Guid(bc65ecf08b4764a3693d194d1d28a2ee) Importer(815301076,1909f56bfc062723c751e8b465ee728b) [PhysX] Initialized MultithreadedTaskDispatcher with 12 workers.
[PhysX] Initialized MultithreadedTaskDispatcher with 12 workers.
 -> (artifact id: '5085fb47c7ccbc81970a2dfb3c19e9f0') in 0.020118 seconds
Number of updated asset objects reloaded before import = 0
Number of asset objects unloaded after import = 3
========================================================================
Received Import Request.
  Time since last request: 0.000029 seconds.
  path: Assets/Quan/Asset/Layer Lab/GUI Pro-FantasyRPG/ResourcesData/Sprites/Component/Icon_EquipIcons/Shadow/128/equip_icon_gem_red.png
  artifactKey: Guid(e4e392671bde747288b40287eb8e8745) Importer(815301076,1909f56bfc062723c751e8b465ee728b)
Start importing Assets/Quan/Asset/Layer Lab/GUI Pro-FantasyRPG/ResourcesData/Sprites/Component/Icon_EquipIcons/Shadow/128/equip_icon_gem_red.png using Guid(e4e392671bde747288b40287eb8e8745) Importer(815301076,1909f56bfc062723c751e8b465ee728b) [PhysX] Initialized MultithreadedTaskDispatcher with 12 workers.
[PhysX] Initialized MultithreadedTaskDispatcher with 12 workers.
 -> (artifact id: 'c776655b258ead0736aa60121f944ad0') in 0.013491 seconds
Number of updated asset objects reloaded before import = 0
Number of asset objects unloaded after import = 3
========================================================================
Received Import Request.
  Time since last request: 0.000027 seconds.
  path: Assets/Quan/Asset/Layer Lab/GUI Pro-FantasyRPG/ResourcesData/Sprites/Component/Icon_EquipIcons/Shadow/32/equip_icon_potion_red_2.png
  artifactKey: Guid(781f2a327d2c14248863f598f5478bc9) Importer(815301076,1909f56bfc062723c751e8b465ee728b)
Start importing Assets/Quan/Asset/Layer Lab/GUI Pro-FantasyRPG/ResourcesData/Sprites/Component/Icon_EquipIcons/Shadow/32/equip_icon_potion_red_2.png using Guid(781f2a327d2c14248863f598f5478bc9) Importer(815301076,1909f56bfc062723c751e8b465ee728b) [PhysX] Initialized MultithreadedTaskDispatcher with 12 workers.
[PhysX] Initialized MultithreadedTaskDispatcher with 12 workers.
 -> (artifact id: '4811b9c33be2fd9b0d6e88d52ffef3e8') in 0.011852 seconds
Number of updated asset objects reloaded before import = 0
Number of asset objects unloaded after import = 3
========================================================================
Received Import Request.
  Time since last request: 0.000030 seconds.
  path: Assets/Quan/Asset/Layer Lab/GUI Pro-FantasyRPG/ResourcesData/Sprites/Component/Icon_EquipIcons/NoShadow/32/equip_icon_potion_red_0.png
  artifactKey: Guid(7e7fddce9d21f4496a487592d31ec3c8) Importer(815301076,1909f56bfc062723c751e8b465ee728b)
Start importing Assets/Quan/Asset/Layer Lab/GUI Pro-FantasyRPG/ResourcesData/Sprites/Component/Icon_EquipIcons/NoShadow/32/equip_icon_potion_red_0.png using Guid(7e7fddce9d21f4496a487592d31ec3c8) Importer(815301076,1909f56bfc062723c751e8b465ee728b) [PhysX] Initialized MultithreadedTaskDispatcher with 12 workers.
[PhysX] Initialized MultithreadedTaskDispatcher with 12 workers.
 -> (artifact id: '0826aef6a321e06da542919634c6d4bb') in 0.009547 seconds
Number of updated asset objects reloaded before import = 0
Number of asset objects unloaded after import = 3
========================================================================
Received Import Request.
  Time since last request: 0.000025 seconds.
  path: Assets/Quan/Asset/Layer Lab/GUI Pro-FantasyRPG/ResourcesData/Sprites/Component/Icon_EquipIcons/NoShadow/64/equip_icon_potion_red_2.png
  artifactKey: Guid(26b0812e031b74649a4fdbdfdca43570) Importer(815301076,1909f56bfc062723c751e8b465ee728b)
Start importing Assets/Quan/Asset/Layer Lab/GUI Pro-FantasyRPG/ResourcesData/Sprites/Component/Icon_EquipIcons/NoShadow/64/equip_icon_potion_red_2.png using Guid(26b0812e031b74649a4fdbdfdca43570) Importer(815301076,1909f56bfc062723c751e8b465ee728b) [PhysX] Initialized MultithreadedTaskDispatcher with 12 workers.
[PhysX] Initialized MultithreadedTaskDispatcher with 12 workers.
 -> (artifact id: 'c771875c5fa6e492929641299b6fd222') in 0.009368 seconds
Number of updated asset objects reloaded before import = 0
Number of asset objects unloaded after import = 3
========================================================================
Received Import Request.
  Time since last request: 0.000026 seconds.
  path: Assets/Quan/Asset/Layer Lab/GUI Pro-FantasyRPG/ResourcesData/Sprites/Component/Icon_EquipIcons/NoShadow/256/equip_icon_potion_red_4.png
  artifactKey: Guid(c7fe16d01ba2d4415b31c54164eb8051) Importer(815301076,1909f56bfc062723c751e8b465ee728b)
Start importing Assets/Quan/Asset/Layer Lab/GUI Pro-FantasyRPG/ResourcesData/Sprites/Component/Icon_EquipIcons/NoShadow/256/equip_icon_potion_red_4.png using Guid(c7fe16d01ba2d4415b31c54164eb8051) Importer(815301076,1909f56bfc062723c751e8b465ee728b) [PhysX] Initialized MultithreadedTaskDispatcher with 12 workers.
[PhysX] Initialized MultithreadedTaskDispatcher with 12 workers.
 -> (artifact id: '24067c2c52fe483fa2f6b797e34baf26') in 0.012426 seconds
Number of updated asset objects reloaded before import = 0
Number of asset objects unloaded after import = 3
========================================================================
Received Import Request.
  Time since last request: 0.000022 seconds.
  path: Assets/Quan/Asset/Layer Lab/GUI Pro-FantasyRPG/ResourcesData/Sprites/Component/Icon_EquipIcons/Shadow/64/equip_icon_potion_red_0.png
  artifactKey: Guid(13e401d825c214d5b9eb0bf4c0c6e07a) Importer(815301076,1909f56bfc062723c751e8b465ee728b)
Start importing Assets/Quan/Asset/Layer Lab/GUI Pro-FantasyRPG/ResourcesData/Sprites/Component/Icon_EquipIcons/Shadow/64/equip_icon_potion_red_0.png using Guid(13e401d825c214d5b9eb0bf4c0c6e07a) Importer(815301076,1909f56bfc062723c751e8b465ee728b) [PhysX] Initialized MultithreadedTaskDispatcher with 12 workers.
[PhysX] Initialized MultithreadedTaskDispatcher with 12 workers.
 -> (artifact id: 'c6f6e136ab7ad758c567fcd2e5894c74') in 0.011004 seconds
Number of updated asset objects reloaded before import = 0
Number of asset objects unloaded after import = 3
========================================================================
Received Import Request.
  Time since last request: 0.000030 seconds.
  path: Assets/Quan/Asset/Layer Lab/GUI Pro-FantasyRPG/ResourcesData/Sprites/Component/Icon_EquipIcons/Shadow/512/equip_icon_potion_red_1.png
  artifactKey: Guid(82fb98d7fe3324755b64ad609b15505f) Importer(815301076,1909f56bfc062723c751e8b465ee728b)
Start importing Assets/Quan/Asset/Layer Lab/GUI Pro-FantasyRPG/ResourcesData/Sprites/Component/Icon_EquipIcons/Shadow/512/equip_icon_potion_red_1.png using Guid(82fb98d7fe3324755b64ad609b15505f) Importer(815301076,1909f56bfc062723c751e8b465ee728b) [PhysX] Initialized MultithreadedTaskDispatcher with 12 workers.
[PhysX] Initialized MultithreadedTaskDispatcher with 12 workers.
 -> (artifact id: '09c7c8ff4c022f7fd6dbfedb6bf54e17') in 0.014823 seconds
Number of updated asset objects reloaded before import = 0
Number of asset objects unloaded after import = 3
========================================================================
Received Import Request.
  Time since last request: 0.000024 seconds.
  path: Assets/Quan/Asset/Layer Lab/GUI Pro-FantasyRPG/ResourcesData/Sprites/Component/Icon_EquipIcons/NoShadow/512/equip_icon_potion_red_2.png
  artifactKey: Guid(a3318a8b3921b4c58af08937ec60b25d) Importer(815301076,1909f56bfc062723c751e8b465ee728b)
Start importing Assets/Quan/Asset/Layer Lab/GUI Pro-FantasyRPG/ResourcesData/Sprites/Component/Icon_EquipIcons/NoShadow/512/equip_icon_potion_red_2.png using Guid(a3318a8b3921b4c58af08937ec60b25d) Importer(815301076,1909f56bfc062723c751e8b465ee728b) [PhysX] Initialized MultithreadedTaskDispatcher with 12 workers.
[PhysX] Initialized MultithreadedTaskDispatcher with 12 workers.
 -> (artifact id: '8e458cf624e913ee2beb3b0e475dbf72') in 0.013125 seconds
Number of updated asset objects reloaded before import = 0
Number of asset objects unloaded after import = 3
========================================================================
Received Import Request.
  Time since last request: 0.000026 seconds.
  path: Assets/Quan/Asset/Layer Lab/GUI Pro-FantasyRPG/ResourcesData/Sprites/Component/Icon_EquipIcons/NoShadow/256/equip_icon_gem_red.png
  artifactKey: Guid(5f2d7693c258d494183a720c94e50cba) Importer(815301076,1909f56bfc062723c751e8b465ee728b)
Start importing Assets/Quan/Asset/Layer Lab/GUI Pro-FantasyRPG/ResourcesData/Sprites/Component/Icon_EquipIcons/NoShadow/256/equip_icon_gem_red.png using Guid(5f2d7693c258d494183a720c94e50cba) Importer(815301076,1909f56bfc062723c751e8b465ee728b) [PhysX] Initialized MultithreadedTaskDispatcher with 12 workers.
[PhysX] Initialized MultithreadedTaskDispatcher with 12 workers.
 -> (artifact id: '20408fbfc795fedb0686ec9205b4bb81') in 0.012888 seconds
Number of updated asset objects reloaded before import = 0
Number of asset objects unloaded after import = 3
========================================================================
Received Import Request.
  Time since last request: 0.000022 seconds.
  path: Assets/Quan/Asset/Layer Lab/GUI Pro-FantasyRPG/ResourcesData/Sprites/Component/Icon_EquipIcons/Shadow/32/equip_icon_potion_red_0.png
  artifactKey: Guid(eb7135478c8a248b0b2ead7872b50b7b) Importer(815301076,1909f56bfc062723c751e8b465ee728b)
Start importing Assets/Quan/Asset/Layer Lab/GUI Pro-FantasyRPG/ResourcesData/Sprites/Component/Icon_EquipIcons/Shadow/32/equip_icon_potion_red_0.png using Guid(eb7135478c8a248b0b2ead7872b50b7b) Importer(815301076,1909f56bfc062723c751e8b465ee728b) [PhysX] Initialized MultithreadedTaskDispatcher with 12 workers.
[PhysX] Initialized MultithreadedTaskDispatcher with 12 workers.
 -> (artifact id: '04a3f245a92a02d270b99487ab08100b') in 0.009613 seconds
Number of updated asset objects reloaded before import = 0
Number of asset objects unloaded after import = 3
Editor requested this worker to shutdown with reason: Scaling down because of idle timeout
TcpMessagingSession - receive error: operation aborted. errorcode: 995, details: The I/O operation has been aborted because of either a thread exit or an application request.
AssetImportWorker is now disconnected from the server
Process exiting
Exiting without the bug reporter. Application will terminate with return code 0