Using pre-set license
Built from '2022.3/staging' branch; Version is '2022.3.45f1 (a13dfa44d684) revision 10567162'; Using compiler version '192829333'; Build Type 'Release'
OS: 'Windows 11  (10.0.26200) 64bit CoreSingleLanguage' Language: 'vi' Physical Memory: 16163 MB
BatchMode: 1, IsHumanControllingUs: 0, StartBugReporterOnCrash: 0, Is64bit: 1, IsPro: 1

COMMAND LINE ARGUMENTS:
C:\Program Files\Unity\Hub\Editor\2022.3.45f1\Editor\Unity.exe
-adb2
-batchMode
-noUpm
-name
AssetImportWorker8
-projectPath
D:/DN/UNITY/Solo-Abyss
-logFile
Logs/AssetImportWorker8.log
-srvPort
51752
Successfully changed project path to: D:/DN/UNITY/Solo-Abyss
D:/DN/UNITY/Solo-Abyss
[UnityMemory] Configuration Parameters - Can be set up in boot.config
    "memorysetup-bucket-allocator-granularity=16"
    "memorysetup-bucket-allocator-bucket-count=8"
    "memorysetup-bucket-allocator-block-size=33554432"
    "memorysetup-bucket-allocator-block-count=8"
    "memorysetup-main-allocator-block-size=16777216"
    "memorysetup-thread-allocator-block-size=16777216"
    "memorysetup-gfx-main-allocator-block-size=16777216"
    "memorysetup-gfx-thread-allocator-block-size=16777216"
    "memorysetup-cache-allocator-block-size=4194304"
    "memorysetup-typetree-allocator-block-size=2097152"
    "memorysetup-profiler-bucket-allocator-granularity=16"
    "memorysetup-profiler-bucket-allocator-bucket-count=8"
    "memorysetup-profiler-bucket-allocator-block-size=33554432"
    "memorysetup-profiler-bucket-allocator-block-count=8"
    "memorysetup-profiler-allocator-block-size=16777216"
    "memorysetup-profiler-editor-allocator-block-size=1048576"
    "memorysetup-temp-allocator-size-main=16777216"
    "memorysetup-job-temp-allocator-block-size=2097152"
    "memorysetup-job-temp-allocator-block-size-background=1048576"
    "memorysetup-job-temp-allocator-reduction-small-platforms=262144"
    "memorysetup-allocator-temp-initial-block-size-main=262144"
    "memorysetup-allocator-temp-initial-block-size-worker=262144"
    "memorysetup-temp-allocator-size-background-worker=32768"
    "memorysetup-temp-allocator-size-job-worker=262144"
    "memorysetup-temp-allocator-size-preload-manager=33554432"
    "memorysetup-temp-allocator-size-nav-mesh-worker=65536"
    "memorysetup-temp-allocator-size-audio-worker=65536"
    "memorysetup-temp-allocator-size-cloud-worker=32768"
    "memorysetup-temp-allocator-size-gi-baking-worker=262144"
    "memorysetup-temp-allocator-size-gfx=262144"
Player connection [8304]  Target information:

Player connection [8304]  * "[IP] 26.253.110.139 [Port] 0 [Flags] 2 [Guid] 1376115250 [EditorId] 1376115250 [Version] 1048832 [Id] WindowsEditor(7,GIGABYTE_G5) [Debug] 1 [PackageName] WindowsEditor [ProjectName] Editor" 

Player connection [8304]  * "[IP] 192.168.100.100 [Port] 0 [Flags] 2 [Guid] 1376115250 [EditorId] 1376115250 [Version] 1048832 [Id] WindowsEditor(7,GIGABYTE_G5) [Debug] 1 [PackageName] WindowsEditor [ProjectName] Editor" 

Player connection [8304] Host joined multi-casting on [225.0.0.222:54997]...
Player connection [8304] Host joined alternative multi-casting on [225.0.0.222:34997]...
[PhysX] Initialized MultithreadedTaskDispatcher with 12 workers.
Refreshing native plugins compatible for Editor in 7.44 ms, found 1 plugins.
Preloading 0 native plugins for Editor in 0.00 ms.
Initialize engine version: 2022.3.45f1 (a13dfa44d684)
[Subsystems] Discovering subsystems at path C:/Program Files/Unity/Hub/Editor/2022.3.45f1/Editor/Data/Resources/UnitySubsystems
[Subsystems] Discovering subsystems at path D:/DN/UNITY/Solo-Abyss/Assets
GfxDevice: creating device client; threaded=0; jobified=0
Direct3D:
    Version:  Direct3D 11.0 [level 11.1]
    Renderer: NVIDIA GeForce RTX 3050 Laptop GPU (ID=0x25a2)
    Vendor:   NVIDIA
    VRAM:     3962 MB
    Driver:   32.0.15.9186
Initialize mono
Mono path[0] = 'C:/Program Files/Unity/Hub/Editor/2022.3.45f1/Editor/Data/Managed'
Mono path[1] = 'C:/Program Files/Unity/Hub/Editor/2022.3.45f1/Editor/Data/MonoBleedingEdge/lib/mono/unityjit-win32'
Mono config path = 'C:/Program Files/Unity/Hub/Editor/2022.3.45f1/Editor/Data/MonoBleedingEdge/etc'
Using monoOptions --debugger-agent=transport=dt_socket,embedding=1,server=y,suspend=n,address=127.0.0.1:56616
Begin MonoManager ReloadAssembly
Registering precompiled unity dll's ...
Register platform support module: C:/Program Files/Unity/Hub/Editor/2022.3.45f1/Editor/Data/PlaybackEngines/AndroidPlayer/UnityEditor.Android.Extensions.dll
Register platform support module: C:/Program Files/Unity/Hub/Editor/2022.3.45f1/Editor/Data/PlaybackEngines/WindowsStandaloneSupport/UnityEditor.WindowsStandalone.Extensions.dll
Registered in 0.008655 seconds.
- Loaded All Assemblies, in  0.363 seconds
Native extension for WindowsStandalone target not found
Native extension for Android target not found
Android Extension - Scanning For ADB Devices 265 ms
Mono: successfully reloaded assembly
- Finished resetting the current domain, in  0.599 seconds
Domain Reload Profiling: 960ms
	BeginReloadAssembly (100ms)
		ExecutionOrderSort (0ms)
		DisableScriptedObjects (0ms)
		BackupInstance (0ms)
		ReleaseScriptingObjects (0ms)
		CreateAndSetChildDomain (1ms)
	RebuildCommonClasses (32ms)
	RebuildNativeTypeToScriptingClass (10ms)
	initialDomainReloadingComplete (59ms)
	LoadAllAssembliesAndSetupDomain (159ms)
		LoadAssemblies (98ms)
		RebuildTransferFunctionScriptingTraits (0ms)
		AnalyzeDomain (157ms)
			TypeCache.Refresh (155ms)
				TypeCache.ScanAssembly (141ms)
			ScanForSourceGeneratedMonoScriptInfo (0ms)
			ResolveRequiredComponents (1ms)
	FinalizeReload (600ms)
		ReleaseScriptCaches (0ms)
		RebuildScriptCaches (0ms)
		SetupLoadedEditorAssemblies (544ms)
			LogAssemblyErrors (0ms)
			InitializePlatformSupportModulesInManaged (352ms)
			SetLoadedEditorAssemblies (4ms)
			RefreshPlugins (0ms)
			BeforeProcessingInitializeOnLoad (3ms)
			ProcessInitializeOnLoadAttributes (130ms)
			ProcessInitializeOnLoadMethodAttributes (54ms)
			AfterProcessingInitializeOnLoad (0ms)
			EditorAssembliesLoaded (0ms)
		ExecutionOrderSort2 (0ms)
		AwakeInstancesAfterBackupRestoration (0ms)
========================================================================
Worker process is ready to serve import requests
Caller must complete domain reload
Begin MonoManager ReloadAssembly
- Loaded All Assemblies, in  0.574 seconds
Native extension for WindowsStandalone target not found
Native extension for Android target not found
Mono: successfully reloaded assembly
- Finished resetting the current domain, in  0.843 seconds
Domain Reload Profiling: 1415ms
	BeginReloadAssembly (150ms)
		ExecutionOrderSort (0ms)
		DisableScriptedObjects (5ms)
		BackupInstance (0ms)
		ReleaseScriptingObjects (0ms)
		CreateAndSetChildDomain (22ms)
	RebuildCommonClasses (40ms)
	RebuildNativeTypeToScriptingClass (12ms)
	initialDomainReloadingComplete (42ms)
	LoadAllAssembliesAndSetupDomain (327ms)
		LoadAssemblies (271ms)
		RebuildTransferFunctionScriptingTraits (0ms)
		AnalyzeDomain (145ms)
			TypeCache.Refresh (109ms)
				TypeCache.ScanAssembly (97ms)
			ScanForSourceGeneratedMonoScriptInfo (23ms)
			ResolveRequiredComponents (12ms)
	FinalizeReload (843ms)
		ReleaseScriptCaches (0ms)
		RebuildScriptCaches (0ms)
		SetupLoadedEditorAssemblies (664ms)
			LogAssemblyErrors (0ms)
			InitializePlatformSupportModulesInManaged (21ms)
			SetLoadedEditorAssemblies (5ms)
			RefreshPlugins (0ms)
			BeforeProcessingInitializeOnLoad (94ms)
			ProcessInitializeOnLoadAttributes (255ms)
			ProcessInitializeOnLoadMethodAttributes (280ms)
			AfterProcessingInitializeOnLoad (8ms)
			EditorAssembliesLoaded (0ms)
		ExecutionOrderSort2 (0ms)
		AwakeInstancesAfterBackupRestoration (7ms)
Launched and connected shader compiler UnityShaderCompiler.exe after 0.04 seconds
Refreshing native plugins compatible for Editor in 2.03 ms, found 1 plugins.
Preloading 0 native plugins for Editor in 0.00 ms.
Unloading 3844 Unused Serialized files (Serialized files now loaded: 0)
Unloading 37 unused Assets / (414.6 KB). Loaded Objects now: 4325.
Memory consumption went from 205.4 MB to 205.0 MB.
Total: 3.592000 ms (FindLiveObjects: 0.285100 ms CreateObjectMapping: 0.103300 ms MarkObjects: 3.021400 ms  DeleteObjects: 0.180600 ms)

AssetImportParameters requested are different than current active one (requested -> active):
  custom:container-demuxer-ogg: 62fdf1f143b41e24485cea50d1cbac27 -> 
  custom:video-codec-MediaFoundation-h265: 746d11721c4dcdbdad8f713fa42b33f4 -> 
  custom:video-decoder-ogg-theora: a1e56fd34408186e4bbccfd4996cb3dc -> 
  custom:framework-win-MediaFoundation: 216162199b28c13a410421893ffa2e32 -> 
  custom:CustomObjectIndexerAttribute: 72b91833f83ae208fae7752999fa3104 -> 
  custom:container-demuxer-webm: 4f35f7cbe854078d1ac9338744f61a02 -> 
  custom:container-muxer-webm: aa71ff27fc2769a1b78a27578f13a17b -> 
  custom:video-decoder-webm-vp8: 9c59270c3fd7afecdb556c50c9e8de78 -> 
  custom:SearchIndexIgnoredProperties: e643bd26f0fe6173181afceb89e7c659 -> 
  custom:AudioImporter_EditorPlatform: d09bf68614088b80899f8185d706f6e7 -> 
  custom:video-encoder-webm-vp8: eb34c28f22e8b96e1ab97ce403110664 -> 
  custom:audio-decoder-ogg-vorbis: bf7c407c2cedff20999df2af8eb42d56 -> 
  custom:audio-encoder-webm-vorbis: bf7c407c2cedff20999df2af8eb42d56 -> 
========================================================================
Received Import Request.
  Time since last request: 39496.075871 seconds.
  path: Assets/Quang/Animation/Roll.anim
  artifactKey: Guid(f9784029d41286840891e6a8bc439c31) Importer(815301076,1909f56bfc062723c751e8b465ee728b)
Start importing Assets/Quang/Animation/Roll.anim using Guid(f9784029d41286840891e6a8bc439c31) Importer(815301076,1909f56bfc062723c751e8b465ee728b) [PhysX] Initialized MultithreadedTaskDispatcher with 12 workers.
 -> (artifact id: 'b940afa50f77e36f6916e37d0776decb') in 0.018449 seconds
Number of updated asset objects reloaded before import = 0
Number of asset objects unloaded after import = 1
========================================================================
Received Import Request.
  Time since last request: 356.124943 seconds.
  path: Assets/Quang/Animation/Attack.anim
  artifactKey: Guid(dc61ad812cbfd6c49adf5baddec38b26) Importer(815301076,1909f56bfc062723c751e8b465ee728b)
Start importing Assets/Quang/Animation/Attack.anim using Guid(dc61ad812cbfd6c49adf5baddec38b26) Importer(815301076,1909f56bfc062723c751e8b465ee728b) [PhysX] Initialized MultithreadedTaskDispatcher with 12 workers.
 -> (artifact id: '114ec86b98af08239b202261d368a0aa') in 0.001899 seconds
Number of updated asset objects reloaded before import = 0
Number of asset objects unloaded after import = 1
========================================================================
Received Import Request.
  Time since last request: 57.370799 seconds.
  path: Assets/Quang/Animation/Hurt.anim
  artifactKey: Guid(196d6d346e2ae42498c168e3ac0fc2f5) Importer(815301076,1909f56bfc062723c751e8b465ee728b)
Start importing Assets/Quang/Animation/Hurt.anim using Guid(196d6d346e2ae42498c168e3ac0fc2f5) Importer(815301076,1909f56bfc062723c751e8b465ee728b) [PhysX] Initialized MultithreadedTaskDispatcher with 12 workers.
 -> (artifact id: 'af5c7ec66cf9ca936ebd27fb858092ea') in 0.001135 seconds
Number of updated asset objects reloaded before import = 0
Number of asset objects unloaded after import = 1
========================================================================
Received Import Request.
  Time since last request: 59.811764 seconds.
  path: Assets/Quang/Animation/Death.anim
  artifactKey: Guid(c05445ed6018cf840a445190c0245530) Importer(815301076,1909f56bfc062723c751e8b465ee728b)
Start importing Assets/Quang/Animation/Death.anim using Guid(c05445ed6018cf840a445190c0245530) Importer(815301076,1909f56bfc062723c751e8b465ee728b) [PhysX] Initialized MultithreadedTaskDispatcher with 12 workers.
 -> (artifact id: '7934c51190c9a0f003eedba0f20dd024') in 0.001424 seconds
Number of updated asset objects reloaded before import = 0
Number of asset objects unloaded after import = 1
========================================================================
Received Import Request.
  Time since last request: 1304.237748 seconds.
  path: Assets/Quan/Asset/Layer Lab/GUI Pro-FantasyRPG/ResourcesData/Fonts/Alata-Regular SDF.asset
  artifactKey: Guid(d70f485aa27dc43f79a8fd168f58435c) Importer(815301076,1909f56bfc062723c751e8b465ee728b)
Start importing Assets/Quan/Asset/Layer Lab/GUI Pro-FantasyRPG/ResourcesData/Fonts/Alata-Regular SDF.asset using Guid(d70f485aa27dc43f79a8fd168f58435c) Importer(815301076,1909f56bfc062723c751e8b465ee728b) [PhysX] Initialized MultithreadedTaskDispatcher with 12 workers.
[PhysX] Initialized MultithreadedTaskDispatcher with 12 workers.
[PhysX] Initialized MultithreadedTaskDispatcher with 12 workers.
 -> (artifact id: '8e7554ac14cec5a67fe27e5f2e16671f') in 0.319544 seconds
Number of updated asset objects reloaded before import = 0
Number of asset objects unloaded after import = 23
========================================================================
Received Import Request.
  Time since last request: 5.198541 seconds.
  path: Assets/Quan/Font
  artifactKey: Guid(8f98f9ad78930f844ac3da5d2f8ccdb9) Importer(815301076,1909f56bfc062723c751e8b465ee728b)
Start importing Assets/Quan/Font using Guid(8f98f9ad78930f844ac3da5d2f8ccdb9) Importer(815301076,1909f56bfc062723c751e8b465ee728b) [PhysX] Initialized MultithreadedTaskDispatcher with 12 workers.
 -> (artifact id: '6cc1fc9e88370ab22f24dcc5495f80ef') in 0.000737 seconds
Number of updated asset objects reloaded before import = 0
Number of asset objects unloaded after import = 0
========================================================================
Received Import Request.
  Time since last request: 1.338742 seconds.
  path: Assets/Quan/Font/pixel_operator
  artifactKey: Guid(7e175b0521b4b6a4a9aad520beb6cdd6) Importer(815301076,1909f56bfc062723c751e8b465ee728b)
Start importing Assets/Quan/Font/pixel_operator using Guid(7e175b0521b4b6a4a9aad520beb6cdd6) Importer(815301076,1909f56bfc062723c751e8b465ee728b) [PhysX] Initialized MultithreadedTaskDispatcher with 12 workers.
 -> (artifact id: '8d256707ebbc299eaa3bf14f7ecc1b2d') in 0.000730 seconds
Number of updated asset objects reloaded before import = 0
Number of asset objects unloaded after import = 0
========================================================================
Received Import Request.
  Time since last request: 1.256809 seconds.
  path: Assets/Quan/Font/pixel_operator/PixelOperator-Bold.ttf
  artifactKey: Guid(9973396834ae5f14db1737b0f0b74751) Importer(815301076,1909f56bfc062723c751e8b465ee728b)
Start importing Assets/Quan/Font/pixel_operator/PixelOperator-Bold.ttf using Guid(9973396834ae5f14db1737b0f0b74751) Importer(815301076,1909f56bfc062723c751e8b465ee728b) [PhysX] Initialized MultithreadedTaskDispatcher with 12 workers.
[PhysX] Initialized MultithreadedTaskDispatcher with 12 workers.
[PhysX] Initialized MultithreadedTaskDispatcher with 12 workers.
 -> (artifact id: '8ee9998f176a3b8a8f06f26f71f6f7e1') in 0.015790 seconds
Number of updated asset objects reloaded before import = 0
Number of asset objects unloaded after import = 5
========================================================================
Received Import Request.
  Time since last request: 0.503000 seconds.
  path: Assets/Quan/Font/pixel_operator/LICENSE.txt
  artifactKey: Guid(cfc67b96b1feede42b7184dc82722e5a) Importer(815301076,1909f56bfc062723c751e8b465ee728b)
Start importing Assets/Quan/Font/pixel_operator/LICENSE.txt using Guid(cfc67b96b1feede42b7184dc82722e5a) Importer(815301076,1909f56bfc062723c751e8b465ee728b) [PhysX] Initialized MultithreadedTaskDispatcher with 12 workers.
 -> (artifact id: '8230f08f3a8ec3794f7bbf6925c3526c') in 0.001467 seconds
Number of updated asset objects reloaded before import = 0
Number of asset objects unloaded after import = 1
========================================================================
Received Import Request.
  Time since last request: 6132.157683 seconds.
  path: Assets/Quan/Asset
  artifactKey: Guid(5cbc4604a8a97a641a1becd99daedb86) Importer(815301076,1909f56bfc062723c751e8b465ee728b)
Start importing Assets/Quan/Asset using Guid(5cbc4604a8a97a641a1becd99daedb86) Importer(815301076,1909f56bfc062723c751e8b465ee728b) [PhysX] Initialized MultithreadedTaskDispatcher with 12 workers.
 -> (artifact id: '5ecf4f1df74835850a4c96ec13dae164') in 0.004169 seconds
Number of updated asset objects reloaded before import = 0
Number of asset objects unloaded after import = 0
========================================================================
Received Import Request.
  Time since last request: 0.650410 seconds.
  path: Assets/Quan/Asset/Layer Lab
  artifactKey: Guid(093d34b47493a7c45865f17490d9cbc8) Importer(815301076,1909f56bfc062723c751e8b465ee728b)
Start importing Assets/Quan/Asset/Layer Lab using Guid(093d34b47493a7c45865f17490d9cbc8) Importer(815301076,1909f56bfc062723c751e8b465ee728b) [PhysX] Initialized MultithreadedTaskDispatcher with 12 workers.
 -> (artifact id: '7a66da6023223de62684833f1e55d8b2') in 0.000956 seconds
Number of updated asset objects reloaded before import = 0
Number of asset objects unloaded after import = 0
========================================================================
Received Import Request.
  Time since last request: 0.976087 seconds.
  path: Assets/Quan/Asset/Layer Lab/GUI Pro-FantasyRPG
  artifactKey: Guid(24e40a7c4d5cf4637a07b41862fed478) Importer(815301076,1909f56bfc062723c751e8b465ee728b)
Start importing Assets/Quan/Asset/Layer Lab/GUI Pro-FantasyRPG using Guid(24e40a7c4d5cf4637a07b41862fed478) Importer(815301076,1909f56bfc062723c751e8b465ee728b) [PhysX] Initialized MultithreadedTaskDispatcher with 12 workers.
 -> (artifact id: 'f501d3c9e5f9ecdfb719c863e282b641') in 0.000742 seconds
Number of updated asset objects reloaded before import = 0
Number of asset objects unloaded after import = 0
========================================================================
Received Import Request.
  Time since last request: 1.351187 seconds.
  path: Assets/Quan/Asset/Layer Lab/GUI Pro-FantasyRPG/Preview
  artifactKey: Guid(ac0a29ef7a5de41d7b588403d0b483e5) Importer(815301076,1909f56bfc062723c751e8b465ee728b)
Start importing Assets/Quan/Asset/Layer Lab/GUI Pro-FantasyRPG/Preview using Guid(ac0a29ef7a5de41d7b588403d0b483e5) Importer(815301076,1909f56bfc062723c751e8b465ee728b) [PhysX] Initialized MultithreadedTaskDispatcher with 12 workers.
 -> (artifact id: '182610dadc32a812167a77b9ff0fe7fe') in 0.000839 seconds
Number of updated asset objects reloaded before import = 0
Number of asset objects unloaded after import = 0
========================================================================
Received Import Request.
  Time since last request: 2.006194 seconds.
  path: Assets/Quan/Asset/Layer Lab/GUI Pro-FantasyRPG/Preview/00_0_Component_1.png
  artifactKey: Guid(196abfa3568cf4496adde6ed17804ce5) Importer(815301076,1909f56bfc062723c751e8b465ee728b)
Start importing Assets/Quan/Asset/Layer Lab/GUI Pro-FantasyRPG/Preview/00_0_Component_1.png using Guid(196abfa3568cf4496adde6ed17804ce5) Importer(815301076,1909f56bfc062723c751e8b465ee728b) [PhysX] Initialized MultithreadedTaskDispatcher with 12 workers.
[PhysX] Initialized MultithreadedTaskDispatcher with 12 workers.
 -> (artifact id: '127a1a53f33f085f4dc5f6dc33e030ce') in 0.093846 seconds
Number of updated asset objects reloaded before import = 0
Number of asset objects unloaded after import = 3
========================================================================
Received Import Request.
  Time since last request: 4.562929 seconds.
  path: Assets/Quan/Asset/Layer Lab/GUI Pro-FantasyRPG/Preview/00_0_Component_2.png
  artifactKey: Guid(be8f3ee4fb02b4c00a209ca2179229b1) Importer(815301076,1909f56bfc062723c751e8b465ee728b)
Start importing Assets/Quan/Asset/Layer Lab/GUI Pro-FantasyRPG/Preview/00_0_Component_2.png using Guid(be8f3ee4fb02b4c00a209ca2179229b1) Importer(815301076,1909f56bfc062723c751e8b465ee728b) [PhysX] Initialized MultithreadedTaskDispatcher with 12 workers.
[PhysX] Initialized MultithreadedTaskDispatcher with 12 workers.
 -> (artifact id: 'f56f326fc50eebc8a13cacf1173f96d5') in 0.009878 seconds
Number of updated asset objects reloaded before import = 0
Number of asset objects unloaded after import = 3
========================================================================
Received Import Request.
  Time since last request: 4.726419 seconds.
  path: Assets/Quan/Asset/Layer Lab/GUI Pro-FantasyRPG/Preview/00_0_Component_Ribbon.png
  artifactKey: Guid(97bbabd4eadfe4e43bbe830e4587eb6c) Importer(815301076,1909f56bfc062723c751e8b465ee728b)
Start importing Assets/Quan/Asset/Layer Lab/GUI Pro-FantasyRPG/Preview/00_0_Component_Ribbon.png using Guid(97bbabd4eadfe4e43bbe830e4587eb6c) Importer(815301076,1909f56bfc062723c751e8b465ee728b) [PhysX] Initialized MultithreadedTaskDispatcher with 12 workers.
[PhysX] Initialized MultithreadedTaskDispatcher with 12 workers.
 -> (artifact id: '817cc8876a5a1a15893a23fc058f7728') in 0.010532 seconds
Number of updated asset objects reloaded before import = 0
Number of asset objects unloaded after import = 3
========================================================================
Received Import Request.
  Time since last request: 3.671120 seconds.
  path: Assets/Quan/Asset/Layer Lab/GUI Pro-FantasyRPG/Preview/00_0_Flag.png
  artifactKey: Guid(398ae2f38b78d43c283287419eea6192) Importer(815301076,1909f56bfc062723c751e8b465ee728b)
Start importing Assets/Quan/Asset/Layer Lab/GUI Pro-FantasyRPG/Preview/00_0_Flag.png using Guid(398ae2f38b78d43c283287419eea6192) Importer(815301076,1909f56bfc062723c751e8b465ee728b) [PhysX] Initialized MultithreadedTaskDispatcher with 12 workers.
[PhysX] Initialized MultithreadedTaskDispatcher with 12 workers.
 -> (artifact id: '28e445ac870260dc30c0d944fa45a7f8') in 0.009475 seconds
Number of updated asset objects reloaded before import = 0
Number of asset objects unloaded after import = 3
========================================================================
Received Import Request.
  Time since last request: 3.545007 seconds.
  path: Assets/Quan/Asset/Layer Lab/GUI Pro-FantasyRPG/Preview/00_1_Chest_1.png
  artifactKey: Guid(136dbcd7c3e5a482fafe9d9d5811d390) Importer(815301076,1909f56bfc062723c751e8b465ee728b)
Start importing Assets/Quan/Asset/Layer Lab/GUI Pro-FantasyRPG/Preview/00_1_Chest_1.png using Guid(136dbcd7c3e5a482fafe9d9d5811d390) Importer(815301076,1909f56bfc062723c751e8b465ee728b) [PhysX] Initialized MultithreadedTaskDispatcher with 12 workers.
[PhysX] Initialized MultithreadedTaskDispatcher with 12 workers.
 -> (artifact id: '6f6e5f26cff25737406ce2510fadcd0e') in 0.020245 seconds
Number of updated asset objects reloaded before import = 0
Number of asset objects unloaded after import = 3
========================================================================
Received Import Request.
  Time since last request: 3.482977 seconds.
  path: Assets/Quan/Asset/Layer Lab/GUI Pro-FantasyRPG/Preview/00_1_Chest_2.png
  artifactKey: Guid(4311318b40fe7409fa047a8d72c8ad6a) Importer(815301076,1909f56bfc062723c751e8b465ee728b)
Start importing Assets/Quan/Asset/Layer Lab/GUI Pro-FantasyRPG/Preview/00_1_Chest_2.png using Guid(4311318b40fe7409fa047a8d72c8ad6a) Importer(815301076,1909f56bfc062723c751e8b465ee728b) [PhysX] Initialized MultithreadedTaskDispatcher with 12 workers.
[PhysX] Initialized MultithreadedTaskDispatcher with 12 workers.
 -> (artifact id: '6318dd0a3d47b5eee02c24791844cc33') in 0.010644 seconds
Number of updated asset objects reloaded before import = 0
Number of asset objects unloaded after import = 3
========================================================================
Received Import Request.
  Time since last request: 4.823365 seconds.
  path: Assets/Quan/Asset/Layer Lab/GUI Pro-FantasyRPG/Preview/00_01_LoadingBar.png
  artifactKey: Guid(6f833260e13574a14a3218f8399ddac9) Importer(815301076,1909f56bfc062723c751e8b465ee728b)
Start importing Assets/Quan/Asset/Layer Lab/GUI Pro-FantasyRPG/Preview/00_01_LoadingBar.png using Guid(6f833260e13574a14a3218f8399ddac9) Importer(815301076,1909f56bfc062723c751e8b465ee728b) [PhysX] Initialized MultithreadedTaskDispatcher with 12 workers.
[PhysX] Initialized MultithreadedTaskDispatcher with 12 workers.
 -> (artifact id: '3bdbce751b8a5fa9a35e1ee7d94e8b51') in 0.011099 seconds
Number of updated asset objects reloaded before import = 0
Number of asset objects unloaded after import = 3
========================================================================
Received Import Request.
  Time since last request: 3.958767 seconds.
  path: Assets/Quan/Asset/Layer Lab/GUI Pro-FantasyRPG/Preview/00_02_PowerSave.png
  artifactKey: Guid(82794415c55524e92b4b8c159d5c58f3) Importer(815301076,1909f56bfc062723c751e8b465ee728b)
Start importing Assets/Quan/Asset/Layer Lab/GUI Pro-FantasyRPG/Preview/00_02_PowerSave.png using Guid(82794415c55524e92b4b8c159d5c58f3) Importer(815301076,1909f56bfc062723c751e8b465ee728b) [PhysX] Initialized MultithreadedTaskDispatcher with 12 workers.
[PhysX] Initialized MultithreadedTaskDispatcher with 12 workers.
 -> (artifact id: 'fc8a1892c6b6ef1931b90c647d28d19f') in 0.009302 seconds
Number of updated asset objects reloaded before import = 0
Number of asset objects unloaded after import = 3
========================================================================
Received Import Request.
  Time since last request: 5.228105 seconds.
  path: Assets/Quan/Asset/Layer Lab/GUI Pro-FantasyRPG/Preview/01_TitleStart.png
  artifactKey: Guid(d2caae5a8d0ea47978b09744d9b5fb4f) Importer(815301076,1909f56bfc062723c751e8b465ee728b)
Start importing Assets/Quan/Asset/Layer Lab/GUI Pro-FantasyRPG/Preview/01_TitleStart.png using Guid(d2caae5a8d0ea47978b09744d9b5fb4f) Importer(815301076,1909f56bfc062723c751e8b465ee728b) [PhysX] Initialized MultithreadedTaskDispatcher with 12 workers.
[PhysX] Initialized MultithreadedTaskDispatcher with 12 workers.
 -> (artifact id: '88e5780054c34c464e718ddd50588f06') in 0.010321 seconds
Number of updated asset objects reloaded before import = 0
Number of asset objects unloaded after import = 3
========================================================================
Received Import Request.
  Time since last request: 4.837992 seconds.
  path: Assets/Quan/Asset/Layer Lab/GUI Pro-FantasyRPG/Preview/01_Title.png
  artifactKey: Guid(29d8b5bed5fd943ee83a2bc9affeaa63) Importer(815301076,1909f56bfc062723c751e8b465ee728b)
Start importing Assets/Quan/Asset/Layer Lab/GUI Pro-FantasyRPG/Preview/01_Title.png using Guid(29d8b5bed5fd943ee83a2bc9affeaa63) Importer(815301076,1909f56bfc062723c751e8b465ee728b) [PhysX] Initialized MultithreadedTaskDispatcher with 12 workers.
[PhysX] Initialized MultithreadedTaskDispatcher with 12 workers.
 -> (artifact id: '2cd6c61af544ed955fa2c5922813463a') in 0.009960 seconds
Number of updated asset objects reloaded before import = 0
Number of asset objects unloaded after import = 3
========================================================================
Received Import Request.
  Time since last request: 3.520444 seconds.
  path: Assets/Quan/Asset/Layer Lab/GUI Pro-FantasyRPG/Preview/03_Home.png
  artifactKey: Guid(13156bbde70784988b277ce9ff07fddd) Importer(815301076,1909f56bfc062723c751e8b465ee728b)
Start importing Assets/Quan/Asset/Layer Lab/GUI Pro-FantasyRPG/Preview/03_Home.png using Guid(13156bbde70784988b277ce9ff07fddd) Importer(815301076,1909f56bfc062723c751e8b465ee728b) [PhysX] Initialized MultithreadedTaskDispatcher with 12 workers.
[PhysX] Initialized MultithreadedTaskDispatcher with 12 workers.
 -> (artifact id: 'efa66f904e4d71c82e296cfbbe19948e') in 0.010183 seconds
Number of updated asset objects reloaded before import = 0
Number of asset objects unloaded after import = 3
========================================================================
Received Import Request.
  Time since last request: 19.180280 seconds.
  path: Assets/Quan/Asset/Layer Lab/GUI Pro-FantasyRPG/Preview/10_PlayType1.png
  artifactKey: Guid(b96a4603520054db38563a8bc98c73f7) Importer(815301076,1909f56bfc062723c751e8b465ee728b)
Start importing Assets/Quan/Asset/Layer Lab/GUI Pro-FantasyRPG/Preview/10_PlayType1.png using Guid(b96a4603520054db38563a8bc98c73f7) Importer(815301076,1909f56bfc062723c751e8b465ee728b) [PhysX] Initialized MultithreadedTaskDispatcher with 12 workers.
[PhysX] Initialized MultithreadedTaskDispatcher with 12 workers.
 -> (artifact id: 'b17cb36b81d294abed01a40a67b4dec7') in 0.010846 seconds
Number of updated asset objects reloaded before import = 0
Number of asset objects unloaded after import = 3
========================================================================
Received Import Request.
  Time since last request: 4.437056 seconds.
  path: Assets/Quan/Asset/Layer Lab/GUI Pro-FantasyRPG/Preview/13_PlayBoss.png
  artifactKey: Guid(dba8820330d7241b9bd82961060e9d51) Importer(815301076,1909f56bfc062723c751e8b465ee728b)
Start importing Assets/Quan/Asset/Layer Lab/GUI Pro-FantasyRPG/Preview/13_PlayBoss.png using Guid(dba8820330d7241b9bd82961060e9d51) Importer(815301076,1909f56bfc062723c751e8b465ee728b) [PhysX] Initialized MultithreadedTaskDispatcher with 12 workers.
[PhysX] Initialized MultithreadedTaskDispatcher with 12 workers.
 -> (artifact id: '692689f708e48c108a3a172e5e8334ab') in 0.013295 seconds
Number of updated asset objects reloaded before import = 0
Number of asset objects unloaded after import = 3
========================================================================
Received Import Request.
  Time since last request: 9.271849 seconds.
  path: Assets/Quan/Asset/Layer Lab/GUI Pro-FantasyRPG/Prefabs/Prefabs_Component_Buttons
  artifactKey: Guid(9906f78dd6c6341f783bf01609a0108c) Importer(815301076,1909f56bfc062723c751e8b465ee728b)
Start importing Assets/Quan/Asset/Layer Lab/GUI Pro-FantasyRPG/Prefabs/Prefabs_Component_Buttons using Guid(9906f78dd6c6341f783bf01609a0108c) Importer(815301076,1909f56bfc062723c751e8b465ee728b) [PhysX] Initialized MultithreadedTaskDispatcher with 12 workers.
 -> (artifact id: '932e4a7c6e13c5f955a245f8c860e9c4') in 0.000909 seconds
Number of updated asset objects reloaded before import = 0
Number of asset objects unloaded after import = 0
========================================================================
Received Import Request.
  Time since last request: 0.932822 seconds.
  path: Assets/Quan/Asset/Layer Lab/GUI Pro-FantasyRPG/Prefabs/Prefabs_Component_Buttons/_PrefabsPanel_Buttons.prefab
  artifactKey: Guid(5dfe03b1b3eba4fb6b3a5a42015afdc0) Importer(815301076,1909f56bfc062723c751e8b465ee728b)
Start importing Assets/Quan/Asset/Layer Lab/GUI Pro-FantasyRPG/Prefabs/Prefabs_Component_Buttons/_PrefabsPanel_Buttons.prefab using Guid(5dfe03b1b3eba4fb6b3a5a42015afdc0) Importer(815301076,1909f56bfc062723c751e8b465ee728b) [PhysX] Initialized MultithreadedTaskDispatcher with 12 workers.
 -> (artifact id: '9bdffc356b1fdd58281ae4e40dc24c13') in 0.103637 seconds
Number of updated asset objects reloaded before import = 0
Number of asset objects unloaded after import = 451
========================================================================
Received Import Request.
  Time since last request: 10.260407 seconds.
  path: Assets/Quan/Asset/Layer Lab/GUI Pro-FantasyRPG/Prefabs/Prefabs_Component_Frames/_Prefabs_Frames.prefab
  artifactKey: Guid(9bd376593286d4ac0995cf078c15e455) Importer(815301076,1909f56bfc062723c751e8b465ee728b)
Start importing Assets/Quan/Asset/Layer Lab/GUI Pro-FantasyRPG/Prefabs/Prefabs_Component_Frames/_Prefabs_Frames.prefab using Guid(9bd376593286d4ac0995cf078c15e455) Importer(815301076,1909f56bfc062723c751e8b465ee728b) [PhysX] Initialized MultithreadedTaskDispatcher with 12 workers.
 -> (artifact id: '70face778e96472fcdf6808a2ff3b672') in 0.202986 seconds
Number of updated asset objects reloaded before import = 0
Number of asset objects unloaded after import = 4024
========================================================================
Received Import Request.
  Time since last request: 9.389963 seconds.
  path: Assets/Quan/Asset/Layer Lab/GUI Pro-FantasyRPG/Prefabs/Prefabs_DemoScene_Panels/Character.prefab
  artifactKey: Guid(42e17f4d4eb11483c8fc94e77d086841) Importer(815301076,1909f56bfc062723c751e8b465ee728b)
Start importing Assets/Quan/Asset/Layer Lab/GUI Pro-FantasyRPG/Prefabs/Prefabs_DemoScene_Panels/Character.prefab using Guid(42e17f4d4eb11483c8fc94e77d086841) Importer(815301076,1909f56bfc062723c751e8b465ee728b) [PhysX] Initialized MultithreadedTaskDispatcher with 12 workers.
 -> (artifact id: '66711ca53ed0a2e08a02b5dc2dba61f9') in 0.038095 seconds
Number of updated asset objects reloaded before import = 0
Number of asset objects unloaded after import = 757
========================================================================
Received Import Request.
  Time since last request: 5.608390 seconds.
  path: Assets/Quan/Asset/Layer Lab/GUI Pro-FantasyRPG/Prefabs/Prefabs_DemoScene_Panels/Loading.prefab
  artifactKey: Guid(1bdd344e737db49d3a7011f81bd69c97) Importer(815301076,1909f56bfc062723c751e8b465ee728b)
Start importing Assets/Quan/Asset/Layer Lab/GUI Pro-FantasyRPG/Prefabs/Prefabs_DemoScene_Panels/Loading.prefab using Guid(1bdd344e737db49d3a7011f81bd69c97) Importer(815301076,1909f56bfc062723c751e8b465ee728b) [PhysX] Initialized MultithreadedTaskDispatcher with 12 workers.
[PhysX] Initialized MultithreadedTaskDispatcher with 12 workers.
 -> (artifact id: '5404a6be20a2e4b12836391f6c71451a') in 0.047045 seconds
Number of updated asset objects reloaded before import = 0
Number of asset objects unloaded after import = 164
========================================================================
Received Import Request.
  Time since last request: 6.149063 seconds.
  path: Assets/Quan/Asset/Layer Lab/GUI Pro-FantasyRPG/Prefabs/Prefabs_DemoScene_Panels/Settings.prefab
  artifactKey: Guid(143960d0ee19a40dba60242a79940afa) Importer(815301076,1909f56bfc062723c751e8b465ee728b)
Start importing Assets/Quan/Asset/Layer Lab/GUI Pro-FantasyRPG/Prefabs/Prefabs_DemoScene_Panels/Settings.prefab using Guid(143960d0ee19a40dba60242a79940afa) Importer(815301076,1909f56bfc062723c751e8b465ee728b) [PhysX] Initialized MultithreadedTaskDispatcher with 12 workers.
 -> (artifact id: 'c2982985d4d3a2f4e0a1aa2a8b43599c') in 0.040951 seconds
Number of updated asset objects reloaded before import = 0
Number of asset objects unloaded after import = 503
========================================================================
Received Import Request.
  Time since last request: 13.366659 seconds.
  path: Assets/Quan/Asset/Layer Lab/GUI Pro-FantasyRPG/Prefabs/Prefabs_DemoScene_Panels/PlayBoss.prefab
  artifactKey: Guid(745a86c2724c049cfb7fe4b03a0c2e1d) Importer(815301076,1909f56bfc062723c751e8b465ee728b)
Start importing Assets/Quan/Asset/Layer Lab/GUI Pro-FantasyRPG/Prefabs/Prefabs_DemoScene_Panels/PlayBoss.prefab using Guid(745a86c2724c049cfb7fe4b03a0c2e1d) Importer(815301076,1909f56bfc062723c751e8b465ee728b) [PhysX] Initialized MultithreadedTaskDispatcher with 12 workers.
 -> (artifact id: 'b28020a809479c4e4b9df5f1b39d6693') in 0.009584 seconds
Number of updated asset objects reloaded before import = 0
Number of asset objects unloaded after import = 118
========================================================================
Received Import Request.
  Time since last request: 4.694814 seconds.
  path: Assets/Quan/Asset/Layer Lab/GUI Pro-FantasyRPG/ResourcesData/Particles/Materials/fx_star2.mat
  artifactKey: Guid(0e326994c7b0a49e7b6025fb16ba1f3c) Importer(815301076,1909f56bfc062723c751e8b465ee728b)
Start importing Assets/Quan/Asset/Layer Lab/GUI Pro-FantasyRPG/ResourcesData/Particles/Materials/fx_star2.mat using Guid(0e326994c7b0a49e7b6025fb16ba1f3c) Importer(815301076,1909f56bfc062723c751e8b465ee728b) [PhysX] Initialized MultithreadedTaskDispatcher with 12 workers.
[PhysX] Initialized MultithreadedTaskDispatcher with 12 workers.
 -> (artifact id: '02693dc9ea583f3803ece4ddedb224c1') in 0.012124 seconds
Number of updated asset objects reloaded before import = 0
Number of asset objects unloaded after import = 3
========================================================================
Received Import Request.
  Time since last request: 3.325207 seconds.
  path: Assets/Quan/Asset/Layer Lab/GUI Pro-FantasyRPG/Prefabs/Prefabs_DemoScene_Particle/Fx_Shine_Blue_04.prefab
  artifactKey: Guid(5609831d33801402d9d07c2094d0dda8) Importer(815301076,1909f56bfc062723c751e8b465ee728b)
Start importing Assets/Quan/Asset/Layer Lab/GUI Pro-FantasyRPG/Prefabs/Prefabs_DemoScene_Particle/Fx_Shine_Blue_04.prefab using Guid(5609831d33801402d9d07c2094d0dda8) Importer(815301076,1909f56bfc062723c751e8b465ee728b) [PhysX] Initialized MultithreadedTaskDispatcher with 12 workers.
[PhysX] Initialized MultithreadedTaskDispatcher with 12 workers.
 -> (artifact id: '5f569cbb7d7dd139b69a4d386cb4cdc6') in 0.017505 seconds
Number of updated asset objects reloaded before import = 0
Number of asset objects unloaded after import = 37
========================================================================
Received Import Request.
  Time since last request: 0.571648 seconds.
  path: Assets/Quan/Asset/Layer Lab/GUI Pro-FantasyRPG/Prefabs/Prefabs_DemoScene_Particle/Fx_Shine_Gold_01.prefab
  artifactKey: Guid(e1aea42a949384f6e87b7480d83a2669) Importer(815301076,1909f56bfc062723c751e8b465ee728b)
Start importing Assets/Quan/Asset/Layer Lab/GUI Pro-FantasyRPG/Prefabs/Prefabs_DemoScene_Particle/Fx_Shine_Gold_01.prefab using Guid(e1aea42a949384f6e87b7480d83a2669) Importer(815301076,1909f56bfc062723c751e8b465ee728b) [PhysX] Initialized MultithreadedTaskDispatcher with 12 workers.
[PhysX] Initialized MultithreadedTaskDispatcher with 12 workers.
 -> (artifact id: 'a7e930f3541b7419e344e36b7ce2fb4e') in 0.014573 seconds
Number of updated asset objects reloaded before import = 0
Number of asset objects unloaded after import = 23
========================================================================
Received Import Request.
  Time since last request: 5.330731 seconds.
  path: Assets/Quan/Asset/Layer Lab/GUI Pro-FantasyRPG/ResourcesData/Fonts/Alata-Regular-Outline 28 SDF.asset
  artifactKey: Guid(27f54c9130c9748c9be53df11fa03382) Importer(815301076,1909f56bfc062723c751e8b465ee728b)
Start importing Assets/Quan/Asset/Layer Lab/GUI Pro-FantasyRPG/ResourcesData/Fonts/Alata-Regular-Outline 28 SDF.asset using Guid(27f54c9130c9748c9be53df11fa03382) Importer(815301076,1909f56bfc062723c751e8b465ee728b) [PhysX] Initialized MultithreadedTaskDispatcher with 12 workers.
[PhysX] Initialized MultithreadedTaskDispatcher with 12 workers.
[PhysX] Initialized MultithreadedTaskDispatcher with 12 workers.
 -> (artifact id: '93291bf9f844a5be1b35dd957fcd76b0') in 0.033029 seconds
Number of updated asset objects reloaded before import = 0
Number of asset objects unloaded after import = 6
========================================================================
Received Import Request.
  Time since last request: 1.075998 seconds.
  path: Assets/Quan/Asset/Layer Lab/GUI Pro-FantasyRPG/ResourcesData/Fonts/Alata-Regular-Outline 32 SDF.asset
  artifactKey: Guid(943740ed2ff034fc48ce7c5125f00570) Importer(815301076,1909f56bfc062723c751e8b465ee728b)
Start importing Assets/Quan/Asset/Layer Lab/GUI Pro-FantasyRPG/ResourcesData/Fonts/Alata-Regular-Outline 32 SDF.asset using Guid(943740ed2ff034fc48ce7c5125f00570) Importer(815301076,1909f56bfc062723c751e8b465ee728b) [PhysX] Initialized MultithreadedTaskDispatcher with 12 workers.
[PhysX] Initialized MultithreadedTaskDispatcher with 12 workers.
[PhysX] Initialized MultithreadedTaskDispatcher with 12 workers.
 -> (artifact id: '778d97e185ce6fba7430a837950a881b') in 0.027393 seconds
Number of updated asset objects reloaded before import = 0
Number of asset objects unloaded after import = 6
========================================================================
Received Import Request.
  Time since last request: 0.355184 seconds.
  path: Assets/Quan/Asset/Layer Lab/GUI Pro-FantasyRPG/ResourcesData/Fonts/Alata-Regular-Outline 40 SDF.asset
  artifactKey: Guid(23616b1d3aa4e449dae482e465a926a6) Importer(815301076,1909f56bfc062723c751e8b465ee728b)
Start importing Assets/Quan/Asset/Layer Lab/GUI Pro-FantasyRPG/ResourcesData/Fonts/Alata-Regular-Outline 40 SDF.asset using Guid(23616b1d3aa4e449dae482e465a926a6) Importer(815301076,1909f56bfc062723c751e8b465ee728b) [PhysX] Initialized MultithreadedTaskDispatcher with 12 workers.
[PhysX] Initialized MultithreadedTaskDispatcher with 12 workers.
[PhysX] Initialized MultithreadedTaskDispatcher with 12 workers.
 -> (artifact id: '18f2990de8009320db0fc0fee773abdf') in 0.024254 seconds
Number of updated asset objects reloaded before import = 0
Number of asset objects unloaded after import = 6
========================================================================
Received Import Request.
  Time since last request: 0.333948 seconds.
  path: Assets/Quan/Asset/Layer Lab/GUI Pro-FantasyRPG/ResourcesData/Fonts/Alata-Regular-Outline 50 SDF Atlas.png
  artifactKey: Guid(d54eec25a71514fa3acb45f91d915bea) Importer(815301076,1909f56bfc062723c751e8b465ee728b)
Start importing Assets/Quan/Asset/Layer Lab/GUI Pro-FantasyRPG/ResourcesData/Fonts/Alata-Regular-Outline 50 SDF Atlas.png using Guid(d54eec25a71514fa3acb45f91d915bea) Importer(815301076,1909f56bfc062723c751e8b465ee728b) [PhysX] Initialized MultithreadedTaskDispatcher with 12 workers.
[PhysX] Initialized MultithreadedTaskDispatcher with 12 workers.
 -> (artifact id: 'eb7ec1d074073e80edf5f14e8ab97fdb') in 0.011848 seconds
Number of updated asset objects reloaded before import = 0
Number of asset objects unloaded after import = 3
========================================================================
Received Import Request.
  Time since last request: 0.440558 seconds.
  path: Assets/Quan/Asset/Layer Lab/GUI Pro-FantasyRPG/ResourcesData/Fonts/Alata-Regular-Outline 54 SDF Atlas.png
  artifactKey: Guid(7574acb32e4e74ef981d47f6e2d96b5c) Importer(815301076,1909f56bfc062723c751e8b465ee728b)
Start importing Assets/Quan/Asset/Layer Lab/GUI Pro-FantasyRPG/ResourcesData/Fonts/Alata-Regular-Outline 54 SDF Atlas.png using Guid(7574acb32e4e74ef981d47f6e2d96b5c) Importer(815301076,1909f56bfc062723c751e8b465ee728b) [PhysX] Initialized MultithreadedTaskDispatcher with 12 workers.
[PhysX] Initialized MultithreadedTaskDispatcher with 12 workers.
 -> (artifact id: '6adc746a8bd385ffa4f0bca06d0e23ce') in 0.012167 seconds
Number of updated asset objects reloaded before import = 0
Number of asset objects unloaded after import = 3
========================================================================
Received Import Request.
  Time since last request: 0.965561 seconds.
  path: Assets/Quan/Asset/Layer Lab/GUI Pro-FantasyRPG/ResourcesData/Fonts/Alata-Regular-Outline 64 SDF.asset
  artifactKey: Guid(bbf71d8a58305463e9d91aeaca31eaa0) Importer(815301076,1909f56bfc062723c751e8b465ee728b)
Start importing Assets/Quan/Asset/Layer Lab/GUI Pro-FantasyRPG/ResourcesData/Fonts/Alata-Regular-Outline 64 SDF.asset using Guid(bbf71d8a58305463e9d91aeaca31eaa0) Importer(815301076,1909f56bfc062723c751e8b465ee728b) [PhysX] Initialized MultithreadedTaskDispatcher with 12 workers.
[PhysX] Initialized MultithreadedTaskDispatcher with 12 workers.
[PhysX] Initialized MultithreadedTaskDispatcher with 12 workers.
 -> (artifact id: 'ccab557980b64fc07e4287c1e95608bd') in 0.034901 seconds
Number of updated asset objects reloaded before import = 0
Number of asset objects unloaded after import = 6
========================================================================
Received Import Request.
  Time since last request: 4.844162 seconds.
  path: Assets/Quan/Asset/Layer Lab/GUI Pro-FantasyRPG/ResourcesData/Fonts/Alata-Regular-Outline 120 SDF.asset
  artifactKey: Guid(0b51dbee9f2f047cebc9e85675fb05d5) Importer(815301076,1909f56bfc062723c751e8b465ee728b)
Start importing Assets/Quan/Asset/Layer Lab/GUI Pro-FantasyRPG/ResourcesData/Fonts/Alata-Regular-Outline 120 SDF.asset using Guid(0b51dbee9f2f047cebc9e85675fb05d5) Importer(815301076,1909f56bfc062723c751e8b465ee728b) [PhysX] Initialized MultithreadedTaskDispatcher with 12 workers.
[PhysX] Initialized MultithreadedTaskDispatcher with 12 workers.
[PhysX] Initialized MultithreadedTaskDispatcher with 12 workers.
 -> (artifact id: 'a1397040e6d1cd75939e252e8eb36796') in 0.053038 seconds
Number of updated asset objects reloaded before import = 0
Number of asset objects unloaded after import = 6
========================================================================
Received Import Request.
  Time since last request: 1.428770 seconds.
  path: Assets/Quan/Asset/Layer Lab/GUI Pro-FantasyRPG/ResourcesData/Fonts/Alata-Regular-Outline 210 SDF.asset
  artifactKey: Guid(18e5ede33e490485d9576cb16d82ad1e) Importer(815301076,1909f56bfc062723c751e8b465ee728b)
Start importing Assets/Quan/Asset/Layer Lab/GUI Pro-FantasyRPG/ResourcesData/Fonts/Alata-Regular-Outline 210 SDF.asset using Guid(18e5ede33e490485d9576cb16d82ad1e) Importer(815301076,1909f56bfc062723c751e8b465ee728b) [PhysX] Initialized MultithreadedTaskDispatcher with 12 workers.
[PhysX] Initialized MultithreadedTaskDispatcher with 12 workers.
[PhysX] Initialized MultithreadedTaskDispatcher with 12 workers.
 -> (artifact id: '4dd2df1cbe5654002dbb8bcfe1d745be') in 0.089165 seconds
Number of updated asset objects reloaded before import = 0
Number of asset objects unloaded after import = 6
========================================================================
Received Import Request.
  Time since last request: 1.643412 seconds.
  path: Assets/Quan/Asset/Layer Lab/GUI Pro-FantasyRPG/ResourcesData/Fonts/Alata-Regular-Outline 72 SDF.asset
  artifactKey: Guid(d67edce7cf9164e1293042f9d9da494d) Importer(815301076,1909f56bfc062723c751e8b465ee728b)
Start importing Assets/Quan/Asset/Layer Lab/GUI Pro-FantasyRPG/ResourcesData/Fonts/Alata-Regular-Outline 72 SDF.asset using Guid(d67edce7cf9164e1293042f9d9da494d) Importer(815301076,1909f56bfc062723c751e8b465ee728b) [PhysX] Initialized MultithreadedTaskDispatcher with 12 workers.
[PhysX] Initialized MultithreadedTaskDispatcher with 12 workers.
[PhysX] Initialized MultithreadedTaskDispatcher with 12 workers.
 -> (artifact id: '7a94c60290728cfd57fef9ec38406159') in 0.032748 seconds
Number of updated asset objects reloaded before import = 0
Number of asset objects unloaded after import = 6
========================================================================
Received Import Request.
  Time since last request: 3.479268 seconds.
  path: Assets/Quan/Asset/Layer Lab/GUI Pro-FantasyRPG/ResourcesData/Fonts/PlayCombo.asset
  artifactKey: Guid(ca06ef1aedbcd43fa85fdf3c7c3a4daf) Importer(815301076,1909f56bfc062723c751e8b465ee728b)
Start importing Assets/Quan/Asset/Layer Lab/GUI Pro-FantasyRPG/ResourcesData/Fonts/PlayCombo.asset using Guid(ca06ef1aedbcd43fa85fdf3c7c3a4daf) Importer(815301076,1909f56bfc062723c751e8b465ee728b) [PhysX] Initialized MultithreadedTaskDispatcher with 12 workers.
[PhysX] Initialized MultithreadedTaskDispatcher with 12 workers.
[PhysX] Initialized MultithreadedTaskDispatcher with 12 workers.
 -> (artifact id: 'a0c8cfbf80d5e482d8cca8cf65370e9d') in 0.018781 seconds
Number of updated asset objects reloaded before import = 0
Number of asset objects unloaded after import = 6
========================================================================
Received Import Request.
  Time since last request: 0.520870 seconds.
  path: Assets/Quan/Asset/Layer Lab/GUI Pro-FantasyRPG/ResourcesData/Fonts/PlayGold.asset
  artifactKey: Guid(2cdc547c1c0a94fed8b8a07e15f70168) Importer(815301076,1909f56bfc062723c751e8b465ee728b)
Start importing Assets/Quan/Asset/Layer Lab/GUI Pro-FantasyRPG/ResourcesData/Fonts/PlayGold.asset using Guid(2cdc547c1c0a94fed8b8a07e15f70168) Importer(815301076,1909f56bfc062723c751e8b465ee728b) [PhysX] Initialized MultithreadedTaskDispatcher with 12 workers.
[PhysX] Initialized MultithreadedTaskDispatcher with 12 workers.
[PhysX] Initialized MultithreadedTaskDispatcher with 12 workers.
 -> (artifact id: 'd0d4eb5cef986b99bf1c4cabaff144b2') in 0.016258 seconds
Number of updated asset objects reloaded before import = 0
Number of asset objects unloaded after import = 6
========================================================================
Received Prepare
Caller must complete domain reload
Begin MonoManager ReloadAssembly
- Loaded All Assemblies, in  1.393 seconds
Native extension for WindowsStandalone target not found
Native extension for Android target not found
Mono: successfully reloaded assembly
- Finished resetting the current domain, in  0.991 seconds
Domain Reload Profiling: 2382ms
	BeginReloadAssembly (1041ms)
		ExecutionOrderSort (0ms)
		DisableScriptedObjects (834ms)
		BackupInstance (0ms)
		ReleaseScriptingObjects (0ms)
		CreateAndSetChildDomain (71ms)
	RebuildCommonClasses (41ms)
	RebuildNativeTypeToScriptingClass (12ms)
	initialDomainReloadingComplete (37ms)
	LoadAllAssembliesAndSetupDomain (260ms)
		LoadAssemblies (330ms)
		RebuildTransferFunctionScriptingTraits (0ms)
		AnalyzeDomain (24ms)
			TypeCache.Refresh (7ms)
				TypeCache.ScanAssembly (0ms)
			ScanForSourceGeneratedMonoScriptInfo (0ms)
			ResolveRequiredComponents (16ms)
	FinalizeReload (991ms)
		ReleaseScriptCaches (0ms)
		RebuildScriptCaches (0ms)
		SetupLoadedEditorAssemblies (746ms)
			LogAssemblyErrors (0ms)
			InitializePlatformSupportModulesInManaged (21ms)
			SetLoadedEditorAssemblies (6ms)
			RefreshPlugins (0ms)
			BeforeProcessingInitializeOnLoad (108ms)
			ProcessInitializeOnLoadAttributes (281ms)
			ProcessInitializeOnLoadMethodAttributes (322ms)
			AfterProcessingInitializeOnLoad (9ms)
			EditorAssembliesLoaded (1ms)
		ExecutionOrderSort2 (0ms)
		AwakeInstancesAfterBackupRestoration (24ms)
Refreshing native plugins compatible for Editor in 4.53 ms, found 1 plugins.
Preloading 0 native plugins for Editor in 0.00 ms.
Unloading 3669 Unused Serialized files (Serialized files now loaded: 0)
Unloading 15 unused Assets / (384.1 KB). Loaded Objects now: 4434.
Memory consumption went from 178.1 MB to 177.7 MB.
Total: 4.352800 ms (FindLiveObjects: 0.400000 ms CreateObjectMapping: 0.336600 ms MarkObjects: 3.469900 ms  DeleteObjects: 0.144500 ms)

Prepare: number of updated asset objects reloaded= 0
AssetImportParameters requested are different than current active one (requested -> active):
  custom:container-demuxer-ogg: 62fdf1f143b41e24485cea50d1cbac27 -> 
  custom:video-codec-MediaFoundation-h265: 746d11721c4dcdbdad8f713fa42b33f4 -> 
  custom:video-decoder-ogg-theora: a1e56fd34408186e4bbccfd4996cb3dc -> 
  custom:framework-win-MediaFoundation: 216162199b28c13a410421893ffa2e32 -> 
  custom:CustomObjectIndexerAttribute: 72b91833f83ae208fae7752999fa3104 -> 
  custom:container-demuxer-webm: 4f35f7cbe854078d1ac9338744f61a02 -> 
  custom:container-muxer-webm: aa71ff27fc2769a1b78a27578f13a17b -> 
  custom:video-decoder-webm-vp8: 9c59270c3fd7afecdb556c50c9e8de78 -> 
  custom:SearchIndexIgnoredProperties: e643bd26f0fe6173181afceb89e7c659 -> 
  custom:AudioImporter_EditorPlatform: d09bf68614088b80899f8185d706f6e7 -> 
  custom:video-encoder-webm-vp8: eb34c28f22e8b96e1ab97ce403110664 -> 
  custom:audio-decoder-ogg-vorbis: bf7c407c2cedff20999df2af8eb42d56 -> 
  custom:audio-encoder-webm-vorbis: bf7c407c2cedff20999df2af8eb42d56 -> 
========================================================================
Received Import Request.
  Time since last request: 72.934013 seconds.
  path: Assets/Quan/Asset/Layer Lab/GUI Pro-FantasyRPG/Prefabs/Prefabs_DemoScene_Panels/PlayType1.prefab
  artifactKey: Guid(d1d66d0db3fbc49e59be43742fc29359) Importer(815301076,1909f56bfc062723c751e8b465ee728b)
Start importing Assets/Quan/Asset/Layer Lab/GUI Pro-FantasyRPG/Prefabs/Prefabs_DemoScene_Panels/PlayType1.prefab using Guid(d1d66d0db3fbc49e59be43742fc29359) Importer(815301076,1909f56bfc062723c751e8b465ee728b) [PhysX] Initialized MultithreadedTaskDispatcher with 12 workers.
 -> (artifact id: '27f1c2def6f0a3f5b69331b9651d43a6') in 0.023406 seconds
Number of updated asset objects reloaded before import = 0
Number of asset objects unloaded after import = 0
========================================================================
Received Import Request.
  Time since last request: 1.700698 seconds.
  path: Assets/Quan/Asset/Layer Lab/GUI Pro-FantasyRPG/Prefabs/Prefabs_DemoScene_Panels/PlayType2.prefab
  artifactKey: Guid(c9d3b6ee66c6b4dfd9d62b917f562cf7) Importer(815301076,1909f56bfc062723c751e8b465ee728b)
Start importing Assets/Quan/Asset/Layer Lab/GUI Pro-FantasyRPG/Prefabs/Prefabs_DemoScene_Panels/PlayType2.prefab using Guid(c9d3b6ee66c6b4dfd9d62b917f562cf7) Importer(815301076,1909f56bfc062723c751e8b465ee728b) [PhysX] Initialized MultithreadedTaskDispatcher with 12 workers.
 -> (artifact id: '009d95aaa58ec36c03b26e7de54cf6e3') in 0.000722 seconds
Number of updated asset objects reloaded before import = 0
Number of asset objects unloaded after import = 0
========================================================================
Received Import Request.
  Time since last request: 1.389077 seconds.
  path: Assets/Quan/Asset/Layer Lab/GUI Pro-FantasyRPG/Prefabs/Prefabs_DemoScene_Panels/PlayType3.prefab
  artifactKey: Guid(dda5a996bc2914b3a9830ecb13dc34e9) Importer(815301076,1909f56bfc062723c751e8b465ee728b)
Start importing Assets/Quan/Asset/Layer Lab/GUI Pro-FantasyRPG/Prefabs/Prefabs_DemoScene_Panels/PlayType3.prefab using Guid(dda5a996bc2914b3a9830ecb13dc34e9) Importer(815301076,1909f56bfc062723c751e8b465ee728b) [PhysX] Initialized MultithreadedTaskDispatcher with 12 workers.
 -> (artifact id: '452e1ae3f61aa0040b8660d3b71d9912') in 0.000750 seconds
Number of updated asset objects reloaded before import = 0
Number of asset objects unloaded after import = 0
========================================================================
Received Import Request.
  Time since last request: 5.582469 seconds.
  path: Assets/Quan/Asset/Layer Lab/GUI Pro-FantasyRPG/Prefabs/Prefabs_DemoScene_Panels/Login.prefab
  artifactKey: Guid(a904c82028dd3426aa6f5d4bd5db3e1c) Importer(815301076,1909f56bfc062723c751e8b465ee728b)
Start importing Assets/Quan/Asset/Layer Lab/GUI Pro-FantasyRPG/Prefabs/Prefabs_DemoScene_Panels/Login.prefab using Guid(a904c82028dd3426aa6f5d4bd5db3e1c) Importer(815301076,1909f56bfc062723c751e8b465ee728b) [PhysX] Initialized MultithreadedTaskDispatcher with 12 workers.
 -> (artifact id: '62419e9959f9e5ae2e040d2e945e1031') in 0.000682 seconds
Number of updated asset objects reloaded before import = 0
Number of asset objects unloaded after import = 0
========================================================================
Received Import Request.
  Time since last request: 7.728343 seconds.
  path: Assets/Quan/Asset/Layer Lab/GUI Pro-FantasyRPG/Prefabs/Prefabs_DemoScene_Panels/CharacterSelect.prefab
  artifactKey: Guid(e6d5ce135ad7f4a279f4add381cad69e) Importer(815301076,1909f56bfc062723c751e8b465ee728b)
Start importing Assets/Quan/Asset/Layer Lab/GUI Pro-FantasyRPG/Prefabs/Prefabs_DemoScene_Panels/CharacterSelect.prefab using Guid(e6d5ce135ad7f4a279f4add381cad69e) Importer(815301076,1909f56bfc062723c751e8b465ee728b) [PhysX] Initialized MultithreadedTaskDispatcher with 12 workers.
 -> (artifact id: '96720303f900f3f0b961fea4b8c27694') in 0.000745 seconds
Number of updated asset objects reloaded before import = 0
Number of asset objects unloaded after import = 0
========================================================================
Received Import Request.
  Time since last request: 1.046807 seconds.
  path: Assets/Quan/Asset/Layer Lab/GUI Pro-FantasyRPG/Prefabs/Prefabs_DemoScene_Panels/CharacterTutorialChat.prefab
  artifactKey: Guid(2a95bd7e8511d4f31a238aaba55d1e10) Importer(815301076,1909f56bfc062723c751e8b465ee728b)
Start importing Assets/Quan/Asset/Layer Lab/GUI Pro-FantasyRPG/Prefabs/Prefabs_DemoScene_Panels/CharacterTutorialChat.prefab using Guid(2a95bd7e8511d4f31a238aaba55d1e10) Importer(815301076,1909f56bfc062723c751e8b465ee728b) [PhysX] Initialized MultithreadedTaskDispatcher with 12 workers.
 -> (artifact id: '50f623720fcda71ea1f2da1fb5833bab') in 0.000686 seconds
Number of updated asset objects reloaded before import = 0
Number of asset objects unloaded after import = 0
========================================================================
Received Import Request.
  Time since last request: 0.737891 seconds.
  path: Assets/Quan/Asset/Layer Lab/GUI Pro-FantasyRPG/Prefabs/Prefabs_DemoScene_Panels/CommonMessage.prefab
  artifactKey: Guid(af1c5e715116a43e381a226dcfd768ca) Importer(815301076,1909f56bfc062723c751e8b465ee728b)
Start importing Assets/Quan/Asset/Layer Lab/GUI Pro-FantasyRPG/Prefabs/Prefabs_DemoScene_Panels/CommonMessage.prefab using Guid(af1c5e715116a43e381a226dcfd768ca) Importer(815301076,1909f56bfc062723c751e8b465ee728b) [PhysX] Initialized MultithreadedTaskDispatcher with 12 workers.
 -> (artifact id: '774a45fa1216253e65c882c767ce7e94') in 0.000680 seconds
Number of updated asset objects reloaded before import = 0
Number of asset objects unloaded after import = 0
========================================================================
Received Import Request.
  Time since last request: 0.968348 seconds.
  path: Assets/Quan/Asset/Layer Lab/GUI Pro-FantasyRPG/Prefabs/Prefabs_DemoScene_Panels/Equipment.prefab
  artifactKey: Guid(2d60667da1ff74d8f8cb8efc6ad31bf9) Importer(815301076,1909f56bfc062723c751e8b465ee728b)
Start importing Assets/Quan/Asset/Layer Lab/GUI Pro-FantasyRPG/Prefabs/Prefabs_DemoScene_Panels/Equipment.prefab using Guid(2d60667da1ff74d8f8cb8efc6ad31bf9) Importer(815301076,1909f56bfc062723c751e8b465ee728b) [PhysX] Initialized MultithreadedTaskDispatcher with 12 workers.
 -> (artifact id: '543ce6714c7afed914b343d6705faca6') in 0.000704 seconds
Number of updated asset objects reloaded before import = 0
Number of asset objects unloaded after import = 0
========================================================================
Received Import Request.
  Time since last request: 0.601743 seconds.
  path: Assets/Quan/Asset/Layer Lab/GUI Pro-FantasyRPG/Prefabs/Prefabs_DemoScene_Panels/Equipment_ItemDetail1.prefab
  artifactKey: Guid(8e2ce3fdc21cd40428128fa3e3101250) Importer(815301076,1909f56bfc062723c751e8b465ee728b)
Start importing Assets/Quan/Asset/Layer Lab/GUI Pro-FantasyRPG/Prefabs/Prefabs_DemoScene_Panels/Equipment_ItemDetail1.prefab using Guid(8e2ce3fdc21cd40428128fa3e3101250) Importer(815301076,1909f56bfc062723c751e8b465ee728b) [PhysX] Initialized MultithreadedTaskDispatcher with 12 workers.
 -> (artifact id: 'e18fc26e88f43802a3bf89c789c89d37') in 0.000711 seconds
Number of updated asset objects reloaded before import = 0
Number of asset objects unloaded after import = 0
========================================================================
Received Import Request.
  Time since last request: 1.160375 seconds.
  path: Assets/Quan/Asset/Layer Lab/GUI Pro-FantasyRPG/Prefabs/Prefabs_DemoScene_Panels/Equipment_ItemDetail2.prefab
  artifactKey: Guid(f891b5560a2a34bc5ab75d5f7235ff33) Importer(815301076,1909f56bfc062723c751e8b465ee728b)
Start importing Assets/Quan/Asset/Layer Lab/GUI Pro-FantasyRPG/Prefabs/Prefabs_DemoScene_Panels/Equipment_ItemDetail2.prefab using Guid(f891b5560a2a34bc5ab75d5f7235ff33) Importer(815301076,1909f56bfc062723c751e8b465ee728b) [PhysX] Initialized MultithreadedTaskDispatcher with 12 workers.
 -> (artifact id: 'd1a3d32c989e0f198c076ca7bbf84385') in 0.000709 seconds
Number of updated asset objects reloaded before import = 0
Number of asset objects unloaded after import = 0
========================================================================
Received Import Request.
  Time since last request: 0.631626 seconds.
  path: Assets/Quan/Asset/Layer Lab/GUI Pro-FantasyRPG/Prefabs/Prefabs_DemoScene_Panels/Equipment_ItemDetail3.prefab
  artifactKey: Guid(0e02b754dc6274d689b03e76bff11e25) Importer(815301076,1909f56bfc062723c751e8b465ee728b)
Start importing Assets/Quan/Asset/Layer Lab/GUI Pro-FantasyRPG/Prefabs/Prefabs_DemoScene_Panels/Equipment_ItemDetail3.prefab using Guid(0e02b754dc6274d689b03e76bff11e25) Importer(815301076,1909f56bfc062723c751e8b465ee728b) [PhysX] Initialized MultithreadedTaskDispatcher with 12 workers.
 -> (artifact id: '2787a8bd302e7bdbb8451a11596bc7a0') in 0.000682 seconds
Number of updated asset objects reloaded before import = 0
Number of asset objects unloaded after import = 0
========================================================================
Received Import Request.
  Time since last request: 0.792697 seconds.
  path: Assets/Quan/Asset/Layer Lab/GUI Pro-FantasyRPG/Prefabs/Prefabs_DemoScene_Panels/ErrorNetwork.prefab
  artifactKey: Guid(132f9cabd40d844f587308b1954c078d) Importer(815301076,1909f56bfc062723c751e8b465ee728b)
Start importing Assets/Quan/Asset/Layer Lab/GUI Pro-FantasyRPG/Prefabs/Prefabs_DemoScene_Panels/ErrorNetwork.prefab using Guid(132f9cabd40d844f587308b1954c078d) Importer(815301076,1909f56bfc062723c751e8b465ee728b) [PhysX] Initialized MultithreadedTaskDispatcher with 12 workers.
 -> (artifact id: 'b8f226fb625dbb0d0e2a990c7492644c') in 0.000683 seconds
Number of updated asset objects reloaded before import = 0
Number of asset objects unloaded after import = 0
========================================================================
Received Import Request.
  Time since last request: 0.575150 seconds.
  path: Assets/Quan/Asset/Layer Lab/GUI Pro-FantasyRPG/Prefabs/Prefabs_DemoScene_Panels/GuideBook.prefab
  artifactKey: Guid(98590700304f64f49a041784cdb91714) Importer(815301076,1909f56bfc062723c751e8b465ee728b)
Start importing Assets/Quan/Asset/Layer Lab/GUI Pro-FantasyRPG/Prefabs/Prefabs_DemoScene_Panels/GuideBook.prefab using Guid(98590700304f64f49a041784cdb91714) Importer(815301076,1909f56bfc062723c751e8b465ee728b) [PhysX] Initialized MultithreadedTaskDispatcher with 12 workers.
 -> (artifact id: '07f48231a2cb4f8d6dd1caa7ff074a72') in 0.000688 seconds
Number of updated asset objects reloaded before import = 0
Number of asset objects unloaded after import = 0
========================================================================
Received Import Request.
  Time since last request: 3524.654311 seconds.
  path: Assets/Script/Khoi/teleport/PlayerController.cs
  artifactKey: Guid(43fd4393589d6aa4190b0d90602a5fad) Importer(815301076,1909f56bfc062723c751e8b465ee728b)
Start importing Assets/Script/Khoi/teleport/PlayerController.cs using Guid(43fd4393589d6aa4190b0d90602a5fad) Importer(815301076,1909f56bfc062723c751e8b465ee728b) [PhysX] Initialized MultithreadedTaskDispatcher with 12 workers.
 -> (artifact id: 'd30ebf2cdf1dfd25c2d683e40e8561e3') in 0.002096 seconds
Number of updated asset objects reloaded before import = 0
Number of asset objects unloaded after import = 0
========================================================================
Received Prepare
Caller must complete domain reload
Begin MonoManager ReloadAssembly
- Loaded All Assemblies, in  0.557 seconds
Native extension for WindowsStandalone target not found
Native extension for Android target not found
Mono: successfully reloaded assembly
- Finished resetting the current domain, in  1.680 seconds
Domain Reload Profiling: 2234ms
	BeginReloadAssembly (190ms)
		ExecutionOrderSort (0ms)
		DisableScriptedObjects (15ms)
		BackupInstance (0ms)
		ReleaseScriptingObjects (0ms)
		CreateAndSetChildDomain (47ms)
	RebuildCommonClasses (33ms)
	RebuildNativeTypeToScriptingClass (11ms)
	initialDomainReloadingComplete (32ms)
	LoadAllAssembliesAndSetupDomain (288ms)
		LoadAssemblies (311ms)
		RebuildTransferFunctionScriptingTraits (0ms)
		AnalyzeDomain (65ms)
			TypeCache.Refresh (15ms)
				TypeCache.ScanAssembly (3ms)
			ScanForSourceGeneratedMonoScriptInfo (33ms)
			ResolveRequiredComponents (16ms)
	FinalizeReload (1680ms)
		ReleaseScriptCaches (0ms)
		RebuildScriptCaches (0ms)
		SetupLoadedEditorAssemblies (669ms)
			LogAssemblyErrors (0ms)
			InitializePlatformSupportModulesInManaged (20ms)
			SetLoadedEditorAssemblies (5ms)
			RefreshPlugins (0ms)
			BeforeProcessingInitializeOnLoad (114ms)
			ProcessInitializeOnLoadAttributes (238ms)
			ProcessInitializeOnLoadMethodAttributes (283ms)
			AfterProcessingInitializeOnLoad (9ms)
			EditorAssembliesLoaded (0ms)
		ExecutionOrderSort2 (0ms)
		AwakeInstancesAfterBackupRestoration (37ms)
Refreshing native plugins compatible for Editor in 3.02 ms, found 1 plugins.
Preloading 0 native plugins for Editor in 0.00 ms.
Unloading 3668 Unused Serialized files (Serialized files now loaded: 0)
Unloading 14 unused Assets / (383.7 KB). Loaded Objects now: 4450.
Memory consumption went from 178.0 MB to 177.7 MB.
Total: 3.988000 ms (FindLiveObjects: 0.439100 ms CreateObjectMapping: 0.263900 ms MarkObjects: 3.176600 ms  DeleteObjects: 0.106900 ms)

Prepare: number of updated asset objects reloaded= 0
AssetImportParameters requested are different than current active one (requested -> active):
  custom:container-demuxer-ogg: 62fdf1f143b41e24485cea50d1cbac27 -> 
  custom:video-codec-MediaFoundation-h265: 746d11721c4dcdbdad8f713fa42b33f4 -> 
  custom:video-decoder-ogg-theora: a1e56fd34408186e4bbccfd4996cb3dc -> 
  custom:framework-win-MediaFoundation: 216162199b28c13a410421893ffa2e32 -> 
  custom:CustomObjectIndexerAttribute: 72b91833f83ae208fae7752999fa3104 -> 
  custom:container-demuxer-webm: 4f35f7cbe854078d1ac9338744f61a02 -> 
  custom:container-muxer-webm: aa71ff27fc2769a1b78a27578f13a17b -> 
  custom:video-decoder-webm-vp8: 9c59270c3fd7afecdb556c50c9e8de78 -> 
  custom:SearchIndexIgnoredProperties: e643bd26f0fe6173181afceb89e7c659 -> 
  custom:AudioImporter_EditorPlatform: d09bf68614088b80899f8185d706f6e7 -> 
  custom:video-encoder-webm-vp8: eb34c28f22e8b96e1ab97ce403110664 -> 
  custom:audio-decoder-ogg-vorbis: bf7c407c2cedff20999df2af8eb42d56 -> 
  custom:audio-encoder-webm-vorbis: bf7c407c2cedff20999df2af8eb42d56 -> 
  custom:scripting/precompiled-assembly-types:Assembly-CSharp: dbc4942fa02d7ce3a0f83219de4e4f90 -> 71dce7376da5b4333be75681aac02fdb
========================================================================
Received Import Request.
  Time since last request: 38.671389 seconds.
  path: Assets/Quang/PlayerController.cs
  artifactKey: Guid(d7b3b9a43a04cc94a90fc4d658f92369) Importer(815301076,1909f56bfc062723c751e8b465ee728b)
Start importing Assets/Quang/PlayerController.cs using Guid(d7b3b9a43a04cc94a90fc4d658f92369) Importer(815301076,1909f56bfc062723c751e8b465ee728b) [PhysX] Initialized MultithreadedTaskDispatcher with 12 workers.
 -> (artifact id: '5cc85c1e69ecea8a255d928f3c031c03') in 0.017075 seconds
Number of updated asset objects reloaded before import = 0
Number of asset objects unloaded after import = 0
========================================================================
Received Prepare
Caller must complete domain reload
Begin MonoManager ReloadAssembly
- Loaded All Assemblies, in  0.450 seconds
Native extension for WindowsStandalone target not found
Native extension for Android target not found
Mono: successfully reloaded assembly
- Finished resetting the current domain, in  1.261 seconds
Domain Reload Profiling: 1708ms
	BeginReloadAssembly (154ms)
		ExecutionOrderSort (0ms)
		DisableScriptedObjects (13ms)
		BackupInstance (0ms)
		ReleaseScriptingObjects (0ms)
		CreateAndSetChildDomain (32ms)
	RebuildCommonClasses (39ms)
	RebuildNativeTypeToScriptingClass (11ms)
	initialDomainReloadingComplete (30ms)
	LoadAllAssembliesAndSetupDomain (213ms)
		LoadAssemblies (244ms)
		RebuildTransferFunctionScriptingTraits (0ms)
		AnalyzeDomain (47ms)
			TypeCache.Refresh (12ms)
				TypeCache.ScanAssembly (3ms)
			ScanForSourceGeneratedMonoScriptInfo (21ms)
			ResolveRequiredComponents (13ms)
	FinalizeReload (1262ms)
		ReleaseScriptCaches (0ms)
		RebuildScriptCaches (0ms)
		SetupLoadedEditorAssemblies (638ms)
			LogAssemblyErrors (0ms)
			InitializePlatformSupportModulesInManaged (25ms)
			SetLoadedEditorAssemblies (4ms)
			RefreshPlugins (0ms)
			BeforeProcessingInitializeOnLoad (109ms)
			ProcessInitializeOnLoadAttributes (221ms)
			ProcessInitializeOnLoadMethodAttributes (269ms)
			AfterProcessingInitializeOnLoad (8ms)
			EditorAssembliesLoaded (0ms)
		ExecutionOrderSort2 (0ms)
		AwakeInstancesAfterBackupRestoration (18ms)
Refreshing native plugins compatible for Editor in 2.01 ms, found 1 plugins.
Preloading 0 native plugins for Editor in 0.00 ms.
Unloading 3669 Unused Serialized files (Serialized files now loaded: 0)
Unloading 13 unused Assets / (383.7 KB). Loaded Objects now: 4468.
Memory consumption went from 178.1 MB to 177.7 MB.
Total: 4.561600 ms (FindLiveObjects: 0.520500 ms CreateObjectMapping: 0.309800 ms MarkObjects: 3.628700 ms  DeleteObjects: 0.100900 ms)

Prepare: number of updated asset objects reloaded= 0
AssetImportParameters requested are different than current active one (requested -> active):
  custom:container-demuxer-ogg: 62fdf1f143b41e24485cea50d1cbac27 -> 
  custom:video-codec-MediaFoundation-h265: 746d11721c4dcdbdad8f713fa42b33f4 -> 
  custom:video-decoder-ogg-theora: a1e56fd34408186e4bbccfd4996cb3dc -> 
  custom:framework-win-MediaFoundation: 216162199b28c13a410421893ffa2e32 -> 
  custom:scripting/monoscript/fileName/PlayerController.cs: 5b090d859ab09be631dc3b0f203f9571 -> d93a52a180fbbe603a59e9aa6da73c83
  custom:CustomObjectIndexerAttribute: 72b91833f83ae208fae7752999fa3104 -> 
  custom:container-demuxer-webm: 4f35f7cbe854078d1ac9338744f61a02 -> 
  custom:container-muxer-webm: aa71ff27fc2769a1b78a27578f13a17b -> 
  custom:video-decoder-webm-vp8: 9c59270c3fd7afecdb556c50c9e8de78 -> 
  custom:SearchIndexIgnoredProperties: e643bd26f0fe6173181afceb89e7c659 -> 
  custom:AudioImporter_EditorPlatform: d09bf68614088b80899f8185d706f6e7 -> 
  custom:video-encoder-webm-vp8: eb34c28f22e8b96e1ab97ce403110664 -> 
  custom:audio-decoder-ogg-vorbis: bf7c407c2cedff20999df2af8eb42d56 -> 
  custom:audio-encoder-webm-vorbis: bf7c407c2cedff20999df2af8eb42d56 -> 
  custom:scripting/precompiled-assembly-types:Assembly-CSharp: 03ae7477f60f468c23de34918c7664fc -> 71dce7376da5b4333be75681aac02fdb
========================================================================
Received Import Request.
  Time since last request: 10.898137 seconds.
  path: Assets/Quang/Script
  artifactKey: Guid(8cdbcb9edafffcc498241f815a0adfd9) Importer(815301076,1909f56bfc062723c751e8b465ee728b)
Start importing Assets/Quang/Script using Guid(8cdbcb9edafffcc498241f815a0adfd9) Importer(815301076,1909f56bfc062723c751e8b465ee728b) [PhysX] Initialized MultithreadedTaskDispatcher with 12 workers.
 -> (artifact id: '439fa3bd9a9388f714ce972d7ea49f54') in 0.007335 seconds
Number of updated asset objects reloaded before import = 0
Number of asset objects unloaded after import = 0
========================================================================
Received Prepare
Caller must complete domain reload
Begin MonoManager ReloadAssembly
- Loaded All Assemblies, in  0.497 seconds
Native extension for WindowsStandalone target not found
Native extension for Android target not found
Mono: successfully reloaded assembly
- Finished resetting the current domain, in  1.391 seconds
Domain Reload Profiling: 1885ms
	BeginReloadAssembly (179ms)
		ExecutionOrderSort (0ms)
		DisableScriptedObjects (15ms)
		BackupInstance (0ms)
		ReleaseScriptingObjects (0ms)
		CreateAndSetChildDomain (45ms)
	RebuildCommonClasses (38ms)
	RebuildNativeTypeToScriptingClass (12ms)
	initialDomainReloadingComplete (30ms)
	LoadAllAssembliesAndSetupDomain (236ms)
		LoadAssemblies (259ms)
		RebuildTransferFunctionScriptingTraits (0ms)
		AnalyzeDomain (56ms)
			TypeCache.Refresh (14ms)
				TypeCache.ScanAssembly (3ms)
			ScanForSourceGeneratedMonoScriptInfo (25ms)
			ResolveRequiredComponents (16ms)
	FinalizeReload (1391ms)
		ReleaseScriptCaches (0ms)
		RebuildScriptCaches (0ms)
		SetupLoadedEditorAssemblies (692ms)
			LogAssemblyErrors (0ms)
			InitializePlatformSupportModulesInManaged (25ms)
			SetLoadedEditorAssemblies (5ms)
			RefreshPlugins (0ms)
			BeforeProcessingInitializeOnLoad (146ms)
			ProcessInitializeOnLoadAttributes (249ms)
			ProcessInitializeOnLoadMethodAttributes (259ms)
			AfterProcessingInitializeOnLoad (7ms)
			EditorAssembliesLoaded (0ms)
		ExecutionOrderSort2 (0ms)
		AwakeInstancesAfterBackupRestoration (18ms)
Refreshing native plugins compatible for Editor in 3.47 ms, found 1 plugins.
Preloading 0 native plugins for Editor in 0.00 ms.
Unloading 3669 Unused Serialized files (Serialized files now loaded: 0)
Unloading 13 unused Assets / (383.3 KB). Loaded Objects now: 4485.
Memory consumption went from 178.1 MB to 177.7 MB.
Total: 5.019800 ms (FindLiveObjects: 0.566000 ms CreateObjectMapping: 0.259700 ms MarkObjects: 4.055000 ms  DeleteObjects: 0.136800 ms)

Prepare: number of updated asset objects reloaded= 0
AssetImportParameters requested are different than current active one (requested -> active):
  custom:container-demuxer-ogg: 62fdf1f143b41e24485cea50d1cbac27 -> 
  custom:video-codec-MediaFoundation-h265: 746d11721c4dcdbdad8f713fa42b33f4 -> 
  custom:video-decoder-ogg-theora: a1e56fd34408186e4bbccfd4996cb3dc -> 
  custom:framework-win-MediaFoundation: 216162199b28c13a410421893ffa2e32 -> 
  custom:scripting/monoscript/fileName/PlayerController.cs: 417665ecbc391383b99ee15e672952c9 -> d93a52a180fbbe603a59e9aa6da73c83
  custom:CustomObjectIndexerAttribute: 72b91833f83ae208fae7752999fa3104 -> 
  custom:container-demuxer-webm: 4f35f7cbe854078d1ac9338744f61a02 -> 
  custom:container-muxer-webm: aa71ff27fc2769a1b78a27578f13a17b -> 
  custom:video-decoder-webm-vp8: 9c59270c3fd7afecdb556c50c9e8de78 -> 
  custom:SearchIndexIgnoredProperties: e643bd26f0fe6173181afceb89e7c659 -> 
  custom:AudioImporter_EditorPlatform: d09bf68614088b80899f8185d706f6e7 -> 
  custom:video-encoder-webm-vp8: eb34c28f22e8b96e1ab97ce403110664 -> 
  custom:audio-decoder-ogg-vorbis: bf7c407c2cedff20999df2af8eb42d56 -> 
  custom:audio-encoder-webm-vorbis: bf7c407c2cedff20999df2af8eb42d56 -> 
  custom:scripting/precompiled-assembly-types:Assembly-CSharp: 3dc6db496e5ad9b6fded77e187e9c4f6 -> 71dce7376da5b4333be75681aac02fdb
========================================================================
Received Import Request.
  Time since last request: 27.296125 seconds.
  path: Assets/Quang/Script/PlayerController.cs
  artifactKey: Guid(d7b3b9a43a04cc94a90fc4d658f92369) Importer(815301076,1909f56bfc062723c751e8b465ee728b)
Start importing Assets/Quang/Script/PlayerController.cs using Guid(d7b3b9a43a04cc94a90fc4d658f92369) Importer(815301076,1909f56bfc062723c751e8b465ee728b) [PhysX] Initialized MultithreadedTaskDispatcher with 12 workers.
 -> (artifact id: '8dce0b078c2e75817323a7ec7dfecb50') in 0.019366 seconds
Number of updated asset objects reloaded before import = 0
Number of asset objects unloaded after import = 0
========================================================================
Received Import Request.
  Time since last request: 69.664365 seconds.
  path: Assets/Quang/Script/PlayerStats.cs
  artifactKey: Guid(dd388ce544bd2c94e83d5f85148458bf) Importer(815301076,1909f56bfc062723c751e8b465ee728b)
Start importing Assets/Quang/Script/PlayerStats.cs using Guid(dd388ce544bd2c94e83d5f85148458bf) Importer(815301076,1909f56bfc062723c751e8b465ee728b) [PhysX] Initialized MultithreadedTaskDispatcher with 12 workers.
 -> (artifact id: '7d8875e71ce0aab3c7b7da31bd76e7ad') in 0.000725 seconds
Number of updated asset objects reloaded before import = 0
Number of asset objects unloaded after import = 0
========================================================================
Received Import Request.
  Time since last request: 7.969282 seconds.
  path: Assets/Quang/Script/PlayerStats.cs
  artifactKey: Guid(dd388ce544bd2c94e83d5f85148458bf) Importer(815301076,1909f56bfc062723c751e8b465ee728b)
Start importing Assets/Quang/Script/PlayerStats.cs using Guid(dd388ce544bd2c94e83d5f85148458bf) Importer(815301076,1909f56bfc062723c751e8b465ee728b) [PhysX] Initialized MultithreadedTaskDispatcher with 12 workers.
 -> (artifact id: '90d399fbb69313e3422a8f1757d749e9') in 0.000854 seconds
Number of updated asset objects reloaded before import = 0
Number of asset objects unloaded after import = 0
========================================================================
Received Import Request.
  Time since last request: 46.676213 seconds.
  path: Assets/IMG/Tilemap/IsometricZAsY/Scripts/BasicCameraFollow.cs
  artifactKey: Guid(3e512b9fd2f4b484db3736faef092851) Importer(815301076,1909f56bfc062723c751e8b465ee728b)
Start importing Assets/IMG/Tilemap/IsometricZAsY/Scripts/BasicCameraFollow.cs using Guid(3e512b9fd2f4b484db3736faef092851) Importer(815301076,1909f56bfc062723c751e8b465ee728b) [PhysX] Initialized MultithreadedTaskDispatcher with 12 workers.
 -> (artifact id: '167b786e0e979c7ac3ee709732217c66') in 0.000739 seconds
Number of updated asset objects reloaded before import = 0
Number of asset objects unloaded after import = 0
========================================================================
Received Import Request.
  Time since last request: 12.500944 seconds.
  path: Assets/Quang/Script/CameraFollow.cs
  artifactKey: Guid(b7c88558fb887344c8e977fa20da63c8) Importer(815301076,1909f56bfc062723c751e8b465ee728b)
Start importing Assets/Quang/Script/CameraFollow.cs using Guid(b7c88558fb887344c8e977fa20da63c8) Importer(815301076,1909f56bfc062723c751e8b465ee728b) [PhysX] Initialized MultithreadedTaskDispatcher with 12 workers.
 -> (artifact id: 'b1d9e4f16537120882aafd3c3edd6862') in 0.001553 seconds
Number of updated asset objects reloaded before import = 0
Number of asset objects unloaded after import = 0
========================================================================
Received Import Request.
  Time since last request: 11.059007 seconds.
  path: Assets/Quang/Script/CameraFollow.cs
  artifactKey: Guid(b7c88558fb887344c8e977fa20da63c8) Importer(815301076,1909f56bfc062723c751e8b465ee728b)
Start importing Assets/Quang/Script/CameraFollow.cs using Guid(b7c88558fb887344c8e977fa20da63c8) Importer(815301076,1909f56bfc062723c751e8b465ee728b) [PhysX] Initialized MultithreadedTaskDispatcher with 12 workers.
 -> (artifact id: '7d40ca18f7046787161b5718107eb0c8') in 0.001169 seconds
Number of updated asset objects reloaded before import = 0
Number of asset objects unloaded after import = 0
========================================================================
Received Import Request.
  Time since last request: 135.568038 seconds.
  path: Assets/SceneSwitcherPro
  artifactKey: Guid(1ce5475669bd46c4d97d36380b022c95) Importer(815301076,1909f56bfc062723c751e8b465ee728b)
Start importing Assets/SceneSwitcherPro using Guid(1ce5475669bd46c4d97d36380b022c95) Importer(815301076,1909f56bfc062723c751e8b465ee728b) [PhysX] Initialized MultithreadedTaskDispatcher with 12 workers.
 -> (artifact id: '3aab47239c6916a9140043cf1d160b38') in 0.000867 seconds
Number of updated asset objects reloaded before import = 0
Number of asset objects unloaded after import = 0
========================================================================
Received Import Request.
  Time since last request: 49.336632 seconds.
  path: Assets/CameraFollow.cs
  artifactKey: Guid(e8f9717e7acec2849811b69cca177736) Importer(815301076,1909f56bfc062723c751e8b465ee728b)
Start importing Assets/CameraFollow.cs using Guid(e8f9717e7acec2849811b69cca177736) Importer(815301076,1909f56bfc062723c751e8b465ee728b) [PhysX] Initialized MultithreadedTaskDispatcher with 12 workers.
 -> (artifact id: 'a4335b1ed0cdc0d12e8b583c2d513a0d') in 0.000672 seconds
Number of updated asset objects reloaded before import = 0
Number of asset objects unloaded after import = 0
