Using pre-set license
Built from '2022.3/staging' branch; Version is '2022.3.45f1 (a13dfa44d684) revision 10567162'; Using compiler version '192829333'; Build Type 'Release'
OS: 'Windows 11  (10.0.26200) 64bit CoreSingleLanguage' Language: 'vi' Physical Memory: 16163 MB
BatchMode: 1, IsHumanControllingUs: 0, StartBugReporterOnCrash: 0, Is64bit: 1, IsPro: 1

COMMAND LINE ARGUMENTS:
C:\Program Files\Unity\Hub\Editor\2022.3.45f1\Editor\Unity.exe
-adb2
-batchMode
-noUpm
-name
AssetImportWorker14
-projectPath
D:/DN/UNITY/Solo-Abyss
-logFile
Logs/AssetImportWorker14.log
-srvPort
64374
Successfully changed project path to: D:/DN/UNITY/Solo-Abyss
D:/DN/UNITY/Solo-Abyss
[UnityMemory] Configuration Parameters - Can be set up in boot.config
    "memorysetup-bucket-allocator-granularity=16"
    "memorysetup-bucket-allocator-bucket-count=8"
    "memorysetup-bucket-allocator-block-size=33554432"
    "memorysetup-bucket-allocator-block-count=8"
    "memorysetup-main-allocator-block-size=16777216"
    "memorysetup-thread-allocator-block-size=16777216"
    "memorysetup-gfx-main-allocator-block-size=16777216"
    "memorysetup-gfx-thread-allocator-block-size=16777216"
    "memorysetup-cache-allocator-block-size=4194304"
    "memorysetup-typetree-allocator-block-size=2097152"
    "memorysetup-profiler-bucket-allocator-granularity=16"
    "memorysetup-profiler-bucket-allocator-bucket-count=8"
    "memorysetup-profiler-bucket-allocator-block-size=33554432"
    "memorysetup-profiler-bucket-allocator-block-count=8"
    "memorysetup-profiler-allocator-block-size=16777216"
    "memorysetup-profiler-editor-allocator-block-size=1048576"
    "memorysetup-temp-allocator-size-main=16777216"
    "memorysetup-job-temp-allocator-block-size=2097152"
    "memorysetup-job-temp-allocator-block-size-background=1048576"
    "memorysetup-job-temp-allocator-reduction-small-platforms=262144"
    "memorysetup-allocator-temp-initial-block-size-main=262144"
    "memorysetup-allocator-temp-initial-block-size-worker=262144"
    "memorysetup-temp-allocator-size-background-worker=32768"
    "memorysetup-temp-allocator-size-job-worker=262144"
    "memorysetup-temp-allocator-size-preload-manager=33554432"
    "memorysetup-temp-allocator-size-nav-mesh-worker=65536"
    "memorysetup-temp-allocator-size-audio-worker=65536"
    "memorysetup-temp-allocator-size-cloud-worker=32768"
    "memorysetup-temp-allocator-size-gi-baking-worker=262144"
    "memorysetup-temp-allocator-size-gfx=262144"
Player connection [16304]  Target information:

Player connection [16304]  * "[IP] 26.253.110.139 [Port] 0 [Flags] 2 [Guid] 3736759982 [EditorId] 3736759982 [Version] 1048832 [Id] WindowsEditor(7,GIGABYTE_G5) [Debug] 1 [PackageName] WindowsEditor [ProjectName] Editor" 

Player connection [16304]  * "[IP] 192.168.100.100 [Port] 0 [Flags] 2 [Guid] 3736759982 [EditorId] 3736759982 [Version] 1048832 [Id] WindowsEditor(7,GIGABYTE_G5) [Debug] 1 [PackageName] WindowsEditor [ProjectName] Editor" 

Player connection [16304] Host joined multi-casting on [225.0.0.222:54997]...
Player connection [16304] Host joined alternative multi-casting on [225.0.0.222:34997]...
[PhysX] Initialized MultithreadedTaskDispatcher with 12 workers.
Refreshing native plugins compatible for Editor in 5.57 ms, found 1 plugins.
Preloading 0 native plugins for Editor in 0.00 ms.
Initialize engine version: 2022.3.45f1 (a13dfa44d684)
[Subsystems] Discovering subsystems at path C:/Program Files/Unity/Hub/Editor/2022.3.45f1/Editor/Data/Resources/UnitySubsystems
[Subsystems] Discovering subsystems at path D:/DN/UNITY/Solo-Abyss/Assets
GfxDevice: creating device client; threaded=0; jobified=0
Direct3D:
    Version:  Direct3D 11.0 [level 11.1]
    Renderer: NVIDIA GeForce RTX 3050 Laptop GPU (ID=0x25a2)
    Vendor:   NVIDIA
    VRAM:     3962 MB
    Driver:   32.0.15.9186
Initialize mono
Mono path[0] = 'C:/Program Files/Unity/Hub/Editor/2022.3.45f1/Editor/Data/Managed'
Mono path[1] = 'C:/Program Files/Unity/Hub/Editor/2022.3.45f1/Editor/Data/MonoBleedingEdge/lib/mono/unityjit-win32'
Mono config path = 'C:/Program Files/Unity/Hub/Editor/2022.3.45f1/Editor/Data/MonoBleedingEdge/etc'
Using monoOptions --debugger-agent=transport=dt_socket,embedding=1,server=y,suspend=n,address=127.0.0.1:56576
Begin MonoManager ReloadAssembly
Registering precompiled unity dll's ...
Register platform support module: C:/Program Files/Unity/Hub/Editor/2022.3.45f1/Editor/Data/PlaybackEngines/AndroidPlayer/UnityEditor.Android.Extensions.dll
Register platform support module: C:/Program Files/Unity/Hub/Editor/2022.3.45f1/Editor/Data/PlaybackEngines/WindowsStandaloneSupport/UnityEditor.WindowsStandalone.Extensions.dll
Registered in 0.016742 seconds.
- Loaded All Assemblies, in  0.499 seconds
Native extension for WindowsStandalone target not found
Native extension for Android target not found
Android Extension - Scanning For ADB Devices 319 ms
Mono: successfully reloaded assembly
- Finished resetting the current domain, in  0.717 seconds
Domain Reload Profiling: 1213ms
	BeginReloadAssembly (128ms)
		ExecutionOrderSort (0ms)
		DisableScriptedObjects (0ms)
		BackupInstance (0ms)
		ReleaseScriptingObjects (0ms)
		CreateAndSetChildDomain (1ms)
	RebuildCommonClasses (52ms)
	RebuildNativeTypeToScriptingClass (14ms)
	initialDomainReloadingComplete (91ms)
	LoadAllAssembliesAndSetupDomain (209ms)
		LoadAssemblies (126ms)
		RebuildTransferFunctionScriptingTraits (0ms)
		AnalyzeDomain (206ms)
			TypeCache.Refresh (204ms)
				TypeCache.ScanAssembly (189ms)
			ScanForSourceGeneratedMonoScriptInfo (1ms)
			ResolveRequiredComponents (1ms)
	FinalizeReload (717ms)
		ReleaseScriptCaches (0ms)
		RebuildScriptCaches (0ms)
		SetupLoadedEditorAssemblies (660ms)
			LogAssemblyErrors (0ms)
			InitializePlatformSupportModulesInManaged (418ms)
			SetLoadedEditorAssemblies (5ms)
			RefreshPlugins (0ms)
			BeforeProcessingInitializeOnLoad (3ms)
			ProcessInitializeOnLoadAttributes (163ms)
			ProcessInitializeOnLoadMethodAttributes (70ms)
			AfterProcessingInitializeOnLoad (0ms)
			EditorAssembliesLoaded (0ms)
		ExecutionOrderSort2 (0ms)
		AwakeInstancesAfterBackupRestoration (0ms)
========================================================================
Worker process is ready to serve import requests
Caller must complete domain reload
Begin MonoManager ReloadAssembly
- Loaded All Assemblies, in  0.736 seconds
Native extension for WindowsStandalone target not found
Native extension for Android target not found
Mono: successfully reloaded assembly
- Finished resetting the current domain, in  0.925 seconds
Domain Reload Profiling: 1658ms
	BeginReloadAssembly (172ms)
		ExecutionOrderSort (0ms)
		DisableScriptedObjects (7ms)
		BackupInstance (0ms)
		ReleaseScriptingObjects (0ms)
		CreateAndSetChildDomain (26ms)
	RebuildCommonClasses (41ms)
	RebuildNativeTypeToScriptingClass (12ms)
	initialDomainReloadingComplete (49ms)
	LoadAllAssembliesAndSetupDomain (458ms)
		LoadAssemblies (370ms)
		RebuildTransferFunctionScriptingTraits (0ms)
		AnalyzeDomain (178ms)
			TypeCache.Refresh (133ms)
				TypeCache.ScanAssembly (115ms)
			ScanForSourceGeneratedMonoScriptInfo (28ms)
			ResolveRequiredComponents (16ms)
	FinalizeReload (926ms)
		ReleaseScriptCaches (0ms)
		RebuildScriptCaches (0ms)
		SetupLoadedEditorAssemblies (722ms)
			LogAssemblyErrors (0ms)
			InitializePlatformSupportModulesInManaged (24ms)
			SetLoadedEditorAssemblies (5ms)
			RefreshPlugins (0ms)
			BeforeProcessingInitializeOnLoad (109ms)
			ProcessInitializeOnLoadAttributes (265ms)
			ProcessInitializeOnLoadMethodAttributes (312ms)
			AfterProcessingInitializeOnLoad (8ms)
			EditorAssembliesLoaded (0ms)
		ExecutionOrderSort2 (0ms)
		AwakeInstancesAfterBackupRestoration (7ms)
Launched and connected shader compiler UnityShaderCompiler.exe after 0.04 seconds
Refreshing native plugins compatible for Editor in 2.20 ms, found 1 plugins.
Preloading 0 native plugins for Editor in 0.00 ms.
Unloading 3899 Unused Serialized files (Serialized files now loaded: 0)
Unloading 37 unused Assets / (413.5 KB). Loaded Objects now: 4380.
Memory consumption went from 206.8 MB to 206.4 MB.
Total: 3.180000 ms (FindLiveObjects: 0.306800 ms CreateObjectMapping: 0.107000 ms MarkObjects: 2.596000 ms  DeleteObjects: 0.168600 ms)

AssetImportParameters requested are different than current active one (requested -> active):
  custom:container-demuxer-ogg: 62fdf1f143b41e24485cea50d1cbac27 -> 
  custom:video-codec-MediaFoundation-h265: 746d11721c4dcdbdad8f713fa42b33f4 -> 
  custom:video-decoder-ogg-theora: a1e56fd34408186e4bbccfd4996cb3dc -> 
  custom:framework-win-MediaFoundation: 216162199b28c13a410421893ffa2e32 -> 
  custom:CustomObjectIndexerAttribute: 72b91833f83ae208fae7752999fa3104 -> 
  custom:container-demuxer-webm: 4f35f7cbe854078d1ac9338744f61a02 -> 
  custom:container-muxer-webm: aa71ff27fc2769a1b78a27578f13a17b -> 
  custom:video-decoder-webm-vp8: 9c59270c3fd7afecdb556c50c9e8de78 -> 
  custom:SearchIndexIgnoredProperties: e643bd26f0fe6173181afceb89e7c659 -> 
  custom:AudioImporter_EditorPlatform: d09bf68614088b80899f8185d706f6e7 -> 
  custom:video-encoder-webm-vp8: eb34c28f22e8b96e1ab97ce403110664 -> 
  custom:audio-decoder-ogg-vorbis: bf7c407c2cedff20999df2af8eb42d56 -> 
  custom:audio-encoder-webm-vorbis: bf7c407c2cedff20999df2af8eb42d56 -> 
========================================================================
Received Import Request.
  Time since last request: 31620.563481 seconds.
  path: Assets/Khoi/Asset/Frost_Guardian_FULL_v1.0/PNG files/frost_guardian/2_atk/2_atk_5.png
  artifactKey: Guid(c5f63bd22b8d1ef41a8352f65022d913) Importer(815301076,1909f56bfc062723c751e8b465ee728b)
Start importing Assets/Khoi/Asset/Frost_Guardian_FULL_v1.0/PNG files/frost_guardian/2_atk/2_atk_5.png using Guid(c5f63bd22b8d1ef41a8352f65022d913) Importer(815301076,1909f56bfc062723c751e8b465ee728b) [PhysX] Initialized MultithreadedTaskDispatcher with 12 workers.
[PhysX] Initialized MultithreadedTaskDispatcher with 12 workers.
 -> (artifact id: '375d41d08a18a40350d7242fa818cb60') in 0.119753 seconds
Number of updated asset objects reloaded before import = 0
Number of asset objects unloaded after import = 3
========================================================================
Received Import Request.
  Time since last request: 1.147174 seconds.
  path: Assets/Khoi/Asset/Frost_Guardian_FULL_v1.0/PNG files/frost_guardian/3_atk/3_atk_4.png
  artifactKey: Guid(e31bf5e186648a04584c552ada16175e) Importer(815301076,1909f56bfc062723c751e8b465ee728b)
Start importing Assets/Khoi/Asset/Frost_Guardian_FULL_v1.0/PNG files/frost_guardian/3_atk/3_atk_4.png using Guid(e31bf5e186648a04584c552ada16175e) Importer(815301076,1909f56bfc062723c751e8b465ee728b) [PhysX] Initialized MultithreadedTaskDispatcher with 12 workers.
[PhysX] Initialized MultithreadedTaskDispatcher with 12 workers.
 -> (artifact id: 'a78df936ab3fd451f7d0040d94a66abc') in 0.012816 seconds
Number of updated asset objects reloaded before import = 0
Number of asset objects unloaded after import = 3
========================================================================
Received Import Request.
  Time since last request: 0.000029 seconds.
  path: Assets/Khoi/Asset/Frost_Guardian_FULL_v1.0/PNG files/frost_guardian/3_atk/3_atk_6.png
  artifactKey: Guid(94313024c5d60e643a6690215fb6f17d) Importer(815301076,1909f56bfc062723c751e8b465ee728b)
Start importing Assets/Khoi/Asset/Frost_Guardian_FULL_v1.0/PNG files/frost_guardian/3_atk/3_atk_6.png using Guid(94313024c5d60e643a6690215fb6f17d) Importer(815301076,1909f56bfc062723c751e8b465ee728b) [PhysX] Initialized MultithreadedTaskDispatcher with 12 workers.
[PhysX] Initialized MultithreadedTaskDispatcher with 12 workers.
 -> (artifact id: 'f85bbf1c0746c1d63dbf63acfe506bac') in 0.013338 seconds
Number of updated asset objects reloaded before import = 0
Number of asset objects unloaded after import = 3
========================================================================
Received Import Request.
  Time since last request: 0.000157 seconds.
  path: Assets/Khoi/Asset/Frost_Guardian_FULL_v1.0/PNG files/frost_guardian/3_atk/3_atk_9.png
  artifactKey: Guid(af080a519fa82694e8bcd783002b7b70) Importer(815301076,1909f56bfc062723c751e8b465ee728b)
Start importing Assets/Khoi/Asset/Frost_Guardian_FULL_v1.0/PNG files/frost_guardian/3_atk/3_atk_9.png using Guid(af080a519fa82694e8bcd783002b7b70) Importer(815301076,1909f56bfc062723c751e8b465ee728b) [PhysX] Initialized MultithreadedTaskDispatcher with 12 workers.
[PhysX] Initialized MultithreadedTaskDispatcher with 12 workers.
 -> (artifact id: '40ef4e72aad4135f32b2e1932cb4ea39') in 0.011885 seconds
Number of updated asset objects reloaded before import = 0
Number of asset objects unloaded after import = 3
========================================================================
Received Import Request.
  Time since last request: 0.000022 seconds.
  path: Assets/Khoi/Asset/Frost_Guardian_FULL_v1.0/PNG files/frost_guardian/3_atk/3_atk_16.png
  artifactKey: Guid(7957a5daf09a6674e9ad235e0564b5a5) Importer(815301076,1909f56bfc062723c751e8b465ee728b)
Start importing Assets/Khoi/Asset/Frost_Guardian_FULL_v1.0/PNG files/frost_guardian/3_atk/3_atk_16.png using Guid(7957a5daf09a6674e9ad235e0564b5a5) Importer(815301076,1909f56bfc062723c751e8b465ee728b) [PhysX] Initialized MultithreadedTaskDispatcher with 12 workers.
[PhysX] Initialized MultithreadedTaskDispatcher with 12 workers.
 -> (artifact id: 'f646cc541ee01297d2a58d07571ffe2e') in 0.012300 seconds
Number of updated asset objects reloaded before import = 0
Number of asset objects unloaded after import = 3
========================================================================
Received Import Request.
  Time since last request: 6.509691 seconds.
  path: Assets/Khoi/Asset/Frost_Guardian_FULL_v1.0/PNG files/frost_guardian/3_atk/3_atk_5.png
  artifactKey: Guid(a7b733382ea8cc049bde7bd55de6f69a) Importer(815301076,1909f56bfc062723c751e8b465ee728b)
Start importing Assets/Khoi/Asset/Frost_Guardian_FULL_v1.0/PNG files/frost_guardian/3_atk/3_atk_5.png using Guid(a7b733382ea8cc049bde7bd55de6f69a) Importer(815301076,1909f56bfc062723c751e8b465ee728b) [PhysX] Initialized MultithreadedTaskDispatcher with 12 workers.
[PhysX] Initialized MultithreadedTaskDispatcher with 12 workers.
 -> (artifact id: 'db337a379674bfc585a525c965160714') in 0.009908 seconds
Number of updated asset objects reloaded before import = 0
Number of asset objects unloaded after import = 3
========================================================================
Received Import Request.
  Time since last request: 0.000024 seconds.
  path: Assets/Khoi/Asset/Frost_Guardian_FULL_v1.0/PNG files/frost_guardian/3_atk/3_atk_13.png
  artifactKey: Guid(92d9fc79b8892f84cae2a889b7039668) Importer(815301076,1909f56bfc062723c751e8b465ee728b)
Start importing Assets/Khoi/Asset/Frost_Guardian_FULL_v1.0/PNG files/frost_guardian/3_atk/3_atk_13.png using Guid(92d9fc79b8892f84cae2a889b7039668) Importer(815301076,1909f56bfc062723c751e8b465ee728b) [PhysX] Initialized MultithreadedTaskDispatcher with 12 workers.
[PhysX] Initialized MultithreadedTaskDispatcher with 12 workers.
 -> (artifact id: '648161e19a83b846d9010622d80e7fc6') in 0.010513 seconds
Number of updated asset objects reloaded before import = 0
Number of asset objects unloaded after import = 3
========================================================================
Received Import Request.
  Time since last request: 0.000035 seconds.
  path: Assets/Khoi/Asset/Frost_Guardian_FULL_v1.0/PNG files/frost_guardian/3_atk/3_atk_10.png
  artifactKey: Guid(8bd599db83b7b6a4198c9d77afef6e77) Importer(815301076,1909f56bfc062723c751e8b465ee728b)
Start importing Assets/Khoi/Asset/Frost_Guardian_FULL_v1.0/PNG files/frost_guardian/3_atk/3_atk_10.png using Guid(8bd599db83b7b6a4198c9d77afef6e77) Importer(815301076,1909f56bfc062723c751e8b465ee728b) [PhysX] Initialized MultithreadedTaskDispatcher with 12 workers.
[PhysX] Initialized MultithreadedTaskDispatcher with 12 workers.
 -> (artifact id: '887eb5e1c9ac2bf807d6741983754f01') in 0.012160 seconds
Number of updated asset objects reloaded before import = 0
Number of asset objects unloaded after import = 3
========================================================================
Received Import Request.
  Time since last request: 0.000023 seconds.
  path: Assets/Khoi/Asset/Frost_Guardian_FULL_v1.0/PNG files/frost_guardian/3_atk/3_atk_15.png
  artifactKey: Guid(103e9348fd0977f4cab53c7ca7fadda5) Importer(815301076,1909f56bfc062723c751e8b465ee728b)
Start importing Assets/Khoi/Asset/Frost_Guardian_FULL_v1.0/PNG files/frost_guardian/3_atk/3_atk_15.png using Guid(103e9348fd0977f4cab53c7ca7fadda5) Importer(815301076,1909f56bfc062723c751e8b465ee728b) [PhysX] Initialized MultithreadedTaskDispatcher with 12 workers.
[PhysX] Initialized MultithreadedTaskDispatcher with 12 workers.
 -> (artifact id: 'ace113b947923de58e3a4842f4bfa881') in 0.009933 seconds
Number of updated asset objects reloaded before import = 0
Number of asset objects unloaded after import = 3
========================================================================
Received Import Request.
  Time since last request: 1.278945 seconds.
  path: Assets/Khoi/Asset/Frost_Guardian_FULL_v1.0/PNG files/frost_guardian/death/death_4.png
  artifactKey: Guid(8f1bdfe24a4b31941b54481f9d12f442) Importer(815301076,1909f56bfc062723c751e8b465ee728b)
Start importing Assets/Khoi/Asset/Frost_Guardian_FULL_v1.0/PNG files/frost_guardian/death/death_4.png using Guid(8f1bdfe24a4b31941b54481f9d12f442) Importer(815301076,1909f56bfc062723c751e8b465ee728b) [PhysX] Initialized MultithreadedTaskDispatcher with 12 workers.
[PhysX] Initialized MultithreadedTaskDispatcher with 12 workers.
 -> (artifact id: 'a686a87b6a5c4a2151b0d3288adbc551') in 0.011560 seconds
Number of updated asset objects reloaded before import = 0
Number of asset objects unloaded after import = 3
========================================================================
Received Import Request.
  Time since last request: 0.000020 seconds.
  path: Assets/Khoi/Asset/Frost_Guardian_FULL_v1.0/PNG files/frost_guardian/death/death_13.png
  artifactKey: Guid(6c6065b8242c8674d8656546822eb58f) Importer(815301076,1909f56bfc062723c751e8b465ee728b)
Start importing Assets/Khoi/Asset/Frost_Guardian_FULL_v1.0/PNG files/frost_guardian/death/death_13.png using Guid(6c6065b8242c8674d8656546822eb58f) Importer(815301076,1909f56bfc062723c751e8b465ee728b) [PhysX] Initialized MultithreadedTaskDispatcher with 12 workers.
[PhysX] Initialized MultithreadedTaskDispatcher with 12 workers.
 -> (artifact id: 'be35bfb3481dfe12fb4a80f146f1af81') in 0.011494 seconds
Number of updated asset objects reloaded before import = 0
Number of asset objects unloaded after import = 3
========================================================================
Received Import Request.
  Time since last request: 0.000021 seconds.
  path: Assets/Khoi/Asset/Frost_Guardian_FULL_v1.0/PNG files/frost_guardian/death/death_14.png
  artifactKey: Guid(4865667e58c4df9418a83fd3b5096935) Importer(815301076,1909f56bfc062723c751e8b465ee728b)
Start importing Assets/Khoi/Asset/Frost_Guardian_FULL_v1.0/PNG files/frost_guardian/death/death_14.png using Guid(4865667e58c4df9418a83fd3b5096935) Importer(815301076,1909f56bfc062723c751e8b465ee728b) [PhysX] Initialized MultithreadedTaskDispatcher with 12 workers.
[PhysX] Initialized MultithreadedTaskDispatcher with 12 workers.
 -> (artifact id: '904bcb50943119b661ccca581f54669d') in 0.011180 seconds
Number of updated asset objects reloaded before import = 0
Number of asset objects unloaded after import = 3
========================================================================
Received Import Request.
  Time since last request: 0.000025 seconds.
  path: Assets/Khoi/Asset/Frost_Guardian_FULL_v1.0/PNG files/frost_guardian/death/death_12.png
  artifactKey: Guid(79b99acc22f7f7e44bdbeab23fd638cd) Importer(815301076,1909f56bfc062723c751e8b465ee728b)
Start importing Assets/Khoi/Asset/Frost_Guardian_FULL_v1.0/PNG files/frost_guardian/death/death_12.png using Guid(79b99acc22f7f7e44bdbeab23fd638cd) Importer(815301076,1909f56bfc062723c751e8b465ee728b) [PhysX] Initialized MultithreadedTaskDispatcher with 12 workers.
[PhysX] Initialized MultithreadedTaskDispatcher with 12 workers.
 -> (artifact id: 'ec3265cd2baec071f615489fb1f214ba') in 0.012417 seconds
Number of updated asset objects reloaded before import = 0
Number of asset objects unloaded after import = 3
========================================================================
Received Import Request.
  Time since last request: 6.260160 seconds.
  path: Assets/Khoi/Asset/Frost_Guardian_FULL_v1.0/PNG files/frost_guardian/death/death_5.png
  artifactKey: Guid(9c79d74d8189a304ab36563b5875fb8f) Importer(815301076,1909f56bfc062723c751e8b465ee728b)
Start importing Assets/Khoi/Asset/Frost_Guardian_FULL_v1.0/PNG files/frost_guardian/death/death_5.png using Guid(9c79d74d8189a304ab36563b5875fb8f) Importer(815301076,1909f56bfc062723c751e8b465ee728b) [PhysX] Initialized MultithreadedTaskDispatcher with 12 workers.
[PhysX] Initialized MultithreadedTaskDispatcher with 12 workers.
 -> (artifact id: '5f76aedb80e04c5eff38c32dde9e351a') in 0.009600 seconds
Number of updated asset objects reloaded before import = 0
Number of asset objects unloaded after import = 3
========================================================================
Received Import Request.
  Time since last request: 0.000021 seconds.
  path: Assets/Khoi/Asset/Frost_Guardian_FULL_v1.0/PNG files/frost_guardian/death/death_13.png
  artifactKey: Guid(6c6065b8242c8674d8656546822eb58f) Importer(815301076,1909f56bfc062723c751e8b465ee728b)
Start importing Assets/Khoi/Asset/Frost_Guardian_FULL_v1.0/PNG files/frost_guardian/death/death_13.png using Guid(6c6065b8242c8674d8656546822eb58f) Importer(815301076,1909f56bfc062723c751e8b465ee728b) [PhysX] Initialized MultithreadedTaskDispatcher with 12 workers.
[PhysX] Initialized MultithreadedTaskDispatcher with 12 workers.
 -> (artifact id: 'c3d1da53bcfce6be6c240fc409bdb11e') in 0.010228 seconds
Number of updated asset objects reloaded before import = 0
Number of asset objects unloaded after import = 3
========================================================================
Received Import Request.
  Time since last request: 0.000026 seconds.
  path: Assets/Khoi/Asset/Frost_Guardian_FULL_v1.0/PNG files/frost_guardian/death/death_7.png
  artifactKey: Guid(0dfa2fd6d915fb64d9639f41511b8a39) Importer(815301076,1909f56bfc062723c751e8b465ee728b)
Start importing Assets/Khoi/Asset/Frost_Guardian_FULL_v1.0/PNG files/frost_guardian/death/death_7.png using Guid(0dfa2fd6d915fb64d9639f41511b8a39) Importer(815301076,1909f56bfc062723c751e8b465ee728b) [PhysX] Initialized MultithreadedTaskDispatcher with 12 workers.
[PhysX] Initialized MultithreadedTaskDispatcher with 12 workers.
 -> (artifact id: 'ece6cc69a32dd8c2b92f0393210f961b') in 0.012182 seconds
Number of updated asset objects reloaded before import = 0
Number of asset objects unloaded after import = 3
========================================================================
Received Import Request.
  Time since last request: 10.999477 seconds.
  path: Assets/Khoi/Asset/Frost_Guardian_FULL_v1.0/PNG files/frost_guardian/intro_or_revive/intro_or_revive_5.png
  artifactKey: Guid(7dd2bb1bb952cc34f96e9976341444b0) Importer(815301076,1909f56bfc062723c751e8b465ee728b)
Start importing Assets/Khoi/Asset/Frost_Guardian_FULL_v1.0/PNG files/frost_guardian/intro_or_revive/intro_or_revive_5.png using Guid(7dd2bb1bb952cc34f96e9976341444b0) Importer(815301076,1909f56bfc062723c751e8b465ee728b) [PhysX] Initialized MultithreadedTaskDispatcher with 12 workers.
[PhysX] Initialized MultithreadedTaskDispatcher with 12 workers.
 -> (artifact id: 'e2fc7a4c8fe8340435f3f088daa52b22') in 0.010372 seconds
Number of updated asset objects reloaded before import = 0
Number of asset objects unloaded after import = 3
========================================================================
Received Import Request.
  Time since last request: 0.000022 seconds.
  path: Assets/Khoi/Asset/Frost_Guardian_FULL_v1.0/PNG files/frost_guardian/intro_or_revive/intro_or_revive_14.png
  artifactKey: Guid(71839c6bf51cd3c40866313fd10b58e3) Importer(815301076,1909f56bfc062723c751e8b465ee728b)
Start importing Assets/Khoi/Asset/Frost_Guardian_FULL_v1.0/PNG files/frost_guardian/intro_or_revive/intro_or_revive_14.png using Guid(71839c6bf51cd3c40866313fd10b58e3) Importer(815301076,1909f56bfc062723c751e8b465ee728b) [PhysX] Initialized MultithreadedTaskDispatcher with 12 workers.
[PhysX] Initialized MultithreadedTaskDispatcher with 12 workers.
 -> (artifact id: 'bda9c81b9a120cb09f487d09f5f6e52c') in 0.010662 seconds
Number of updated asset objects reloaded before import = 0
Number of asset objects unloaded after import = 3
========================================================================
Received Import Request.
  Time since last request: 0.000032 seconds.
  path: Assets/Khoi/Asset/Frost_Guardian_FULL_v1.0/PNG files/frost_guardian/intro_or_revive/intro_or_revive_16.png
  artifactKey: Guid(ecf261660991ebc4097931ab96b78523) Importer(815301076,1909f56bfc062723c751e8b465ee728b)
Start importing Assets/Khoi/Asset/Frost_Guardian_FULL_v1.0/PNG files/frost_guardian/intro_or_revive/intro_or_revive_16.png using Guid(ecf261660991ebc4097931ab96b78523) Importer(815301076,1909f56bfc062723c751e8b465ee728b) [PhysX] Initialized MultithreadedTaskDispatcher with 12 workers.
[PhysX] Initialized MultithreadedTaskDispatcher with 12 workers.
 -> (artifact id: '2e2e8eacb6bc943303e74394c4eb654c') in 0.012662 seconds
Number of updated asset objects reloaded before import = 0
Number of asset objects unloaded after import = 3
========================================================================
Received Import Request.
  Time since last request: 0.000038 seconds.
  path: Assets/Khoi/Asset/Frost_Guardian_FULL_v1.0/PNG files/frost_guardian/intro_or_revive/intro_or_revive_12.png
  artifactKey: Guid(ab268382d10881245912e28816abfaa8) Importer(815301076,1909f56bfc062723c751e8b465ee728b)
Start importing Assets/Khoi/Asset/Frost_Guardian_FULL_v1.0/PNG files/frost_guardian/intro_or_revive/intro_or_revive_12.png using Guid(ab268382d10881245912e28816abfaa8) Importer(815301076,1909f56bfc062723c751e8b465ee728b) [PhysX] Initialized MultithreadedTaskDispatcher with 12 workers.
[PhysX] Initialized MultithreadedTaskDispatcher with 12 workers.
 -> (artifact id: 'f4e6b81f859c3dc00223bc2f7a1cf64b') in 0.010140 seconds
Number of updated asset objects reloaded before import = 0
Number of asset objects unloaded after import = 3
========================================================================
Received Import Request.
  Time since last request: 0.000019 seconds.
  path: Assets/Khoi/Asset/Frost_Guardian_FULL_v1.0/PNG files/frost_guardian/intro_or_revive/intro_or_revive_15.png
  artifactKey: Guid(a186b02c54245e4438dfb241f7707911) Importer(815301076,1909f56bfc062723c751e8b465ee728b)
Start importing Assets/Khoi/Asset/Frost_Guardian_FULL_v1.0/PNG files/frost_guardian/intro_or_revive/intro_or_revive_15.png using Guid(a186b02c54245e4438dfb241f7707911) Importer(815301076,1909f56bfc062723c751e8b465ee728b) [PhysX] Initialized MultithreadedTaskDispatcher with 12 workers.
[PhysX] Initialized MultithreadedTaskDispatcher with 12 workers.
 -> (artifact id: 'b6c6b4fa8383d945bcb29ac265c2c6d4') in 0.009231 seconds
Number of updated asset objects reloaded before import = 0
Number of asset objects unloaded after import = 3
========================================================================
Received Import Request.
  Time since last request: 8.723030 seconds.
  path: Assets/Khoi/Asset/Frost_Guardian_FULL_v1.0/PNG files/frost_guardian/stagger/stagger_5.png
  artifactKey: Guid(028dfa715e7e2f24cb83bc8fe3b85809) Importer(815301076,1909f56bfc062723c751e8b465ee728b)
Start importing Assets/Khoi/Asset/Frost_Guardian_FULL_v1.0/PNG files/frost_guardian/stagger/stagger_5.png using Guid(028dfa715e7e2f24cb83bc8fe3b85809) Importer(815301076,1909f56bfc062723c751e8b465ee728b) [PhysX] Initialized MultithreadedTaskDispatcher with 12 workers.
[PhysX] Initialized MultithreadedTaskDispatcher with 12 workers.
 -> (artifact id: 'b16ec796663464c3beb7dcd27b9f01e0') in 0.009331 seconds
Number of updated asset objects reloaded before import = 0
Number of asset objects unloaded after import = 3
========================================================================
Received Import Request.
  Time since last request: 11.085128 seconds.
  path: Assets/Khoi/Asset/Frost_Guardian_FULL_v1.0/PNG files/frost_guardian/take_hit/take_hit_5.png
  artifactKey: Guid(417e43eb7d048124b973efcf59f294fc) Importer(815301076,1909f56bfc062723c751e8b465ee728b)
Start importing Assets/Khoi/Asset/Frost_Guardian_FULL_v1.0/PNG files/frost_guardian/take_hit/take_hit_5.png using Guid(417e43eb7d048124b973efcf59f294fc) Importer(815301076,1909f56bfc062723c751e8b465ee728b) [PhysX] Initialized MultithreadedTaskDispatcher with 12 workers.
[PhysX] Initialized MultithreadedTaskDispatcher with 12 workers.
 -> (artifact id: 'cdbeb8f47c09deb3f74129ecf6b4547d') in 0.010670 seconds
Number of updated asset objects reloaded before import = 0
Number of asset objects unloaded after import = 3
========================================================================
Received Import Request.
  Time since last request: 0.000031 seconds.
  path: Assets/Khoi/Asset/Frost_Guardian_FULL_v1.0/PNG files/frost_guardian/take_hit/take_hit_6.png
  artifactKey: Guid(1c440353d95272d4fa5d3e95fcc3626c) Importer(815301076,1909f56bfc062723c751e8b465ee728b)
Start importing Assets/Khoi/Asset/Frost_Guardian_FULL_v1.0/PNG files/frost_guardian/take_hit/take_hit_6.png using Guid(1c440353d95272d4fa5d3e95fcc3626c) Importer(815301076,1909f56bfc062723c751e8b465ee728b) [PhysX] Initialized MultithreadedTaskDispatcher with 12 workers.
[PhysX] Initialized MultithreadedTaskDispatcher with 12 workers.
 -> (artifact id: '530b8bc07e21d1954e7d65ece72d47fd') in 0.011050 seconds
Number of updated asset objects reloaded before import = 0
Number of asset objects unloaded after import = 3
========================================================================
Received Import Request.
  Time since last request: 1.284208 seconds.
  path: Assets/Khoi/Asset/Frost_Guardian_FULL_v1.0/PNG files/frost_guardian/walk/walk_4.png
  artifactKey: Guid(f4b8dabaf7bdb3d43b83f0aabb6b3328) Importer(815301076,1909f56bfc062723c751e8b465ee728b)
Start importing Assets/Khoi/Asset/Frost_Guardian_FULL_v1.0/PNG files/frost_guardian/walk/walk_4.png using Guid(f4b8dabaf7bdb3d43b83f0aabb6b3328) Importer(815301076,1909f56bfc062723c751e8b465ee728b) [PhysX] Initialized MultithreadedTaskDispatcher with 12 workers.
[PhysX] Initialized MultithreadedTaskDispatcher with 12 workers.
 -> (artifact id: 'ddd1b8ed7cc6dba614b6ca424b6252ea') in 0.012202 seconds
Number of updated asset objects reloaded before import = 0
Number of asset objects unloaded after import = 3
========================================================================
Received Import Request.
  Time since last request: 0.000018 seconds.
  path: Assets/Khoi/Asset/Frost_Guardian_FULL_v1.0/PNG files/frost_guardian/walk/walk_6.png
  artifactKey: Guid(5f70fa325d9fa11428ef92e0974cfa8a) Importer(815301076,1909f56bfc062723c751e8b465ee728b)
Start importing Assets/Khoi/Asset/Frost_Guardian_FULL_v1.0/PNG files/frost_guardian/walk/walk_6.png using Guid(5f70fa325d9fa11428ef92e0974cfa8a) Importer(815301076,1909f56bfc062723c751e8b465ee728b) [PhysX] Initialized MultithreadedTaskDispatcher with 12 workers.
[PhysX] Initialized MultithreadedTaskDispatcher with 12 workers.
 -> (artifact id: 'f2cc344ff0a8d09af968a853b8a5f2ad') in 0.026746 seconds
Number of updated asset objects reloaded before import = 0
Number of asset objects unloaded after import = 3
========================================================================
Received Import Request.
  Time since last request: 9.844052 seconds.
  path: Assets/Khoi/Asset/Frost_Guardian_FULL_v1.0/PNG files/frost_guardian/walk/walk_5.png
  artifactKey: Guid(a9cca683f70e09c45bcfdf915a96d76e) Importer(815301076,1909f56bfc062723c751e8b465ee728b)
Start importing Assets/Khoi/Asset/Frost_Guardian_FULL_v1.0/PNG files/frost_guardian/walk/walk_5.png using Guid(a9cca683f70e09c45bcfdf915a96d76e) Importer(815301076,1909f56bfc062723c751e8b465ee728b) [PhysX] Initialized MultithreadedTaskDispatcher with 12 workers.
[PhysX] Initialized MultithreadedTaskDispatcher with 12 workers.
 -> (artifact id: '3ca2ba502684e0c79f0509697ac09cd6') in 0.008431 seconds
Number of updated asset objects reloaded before import = 0
Number of asset objects unloaded after import = 3
========================================================================
Received Import Request.
  Time since last request: 0.000021 seconds.
  path: Assets/Khoi/Asset/Frost_Guardian_FULL_v1.0/PNG files/frost_guardian/walk/walk_6.png
  artifactKey: Guid(5f70fa325d9fa11428ef92e0974cfa8a) Importer(815301076,1909f56bfc062723c751e8b465ee728b)
Start importing Assets/Khoi/Asset/Frost_Guardian_FULL_v1.0/PNG files/frost_guardian/walk/walk_6.png using Guid(5f70fa325d9fa11428ef92e0974cfa8a) Importer(815301076,1909f56bfc062723c751e8b465ee728b) [PhysX] Initialized MultithreadedTaskDispatcher with 12 workers.
[PhysX] Initialized MultithreadedTaskDispatcher with 12 workers.
 -> (artifact id: '8eec9960babe155e61f79a0831679705') in 0.010417 seconds
Number of updated asset objects reloaded before import = 0
Number of asset objects unloaded after import = 3
Editor requested this worker to shutdown with reason: Scaling down because of idle timeout
TcpMessagingSession - receive error: operation aborted. errorcode: 995, details: The I/O operation has been aborted because of either a thread exit or an application request.
AssetImportWorker is now disconnected from the server
Process exiting
Exiting without the bug reporter. Application will terminate with return code 0