Using pre-set license
Built from '2022.3/staging' branch; Version is '2022.3.45f1 (a13dfa44d684) revision 10567162'; Using compiler version '192829333'; Build Type 'Release'
OS: 'Windows 11  (10.0.26200) 64bit CoreSingleLanguage' Language: 'vi' Physical Memory: 16163 MB
BatchMode: 1, IsHumanControllingUs: 0, StartBugReporterOnCrash: 0, Is64bit: 1, IsPro: 1

COMMAND LINE ARGUMENTS:
C:\Program Files\Unity\Hub\Editor\2022.3.45f1\Editor\Unity.exe
-adb2
-batchMode
-noUpm
-name
AssetImportWorker4
-projectPath
D:/DN/UNITY/Solo-Abyss
-logFile
Logs/AssetImportWorker4.log
-srvPort
64374
Successfully changed project path to: D:/DN/UNITY/Solo-Abyss
D:/DN/UNITY/Solo-Abyss
[UnityMemory] Configuration Parameters - Can be set up in boot.config
    "memorysetup-bucket-allocator-granularity=16"
    "memorysetup-bucket-allocator-bucket-count=8"
    "memorysetup-bucket-allocator-block-size=33554432"
    "memorysetup-bucket-allocator-block-count=8"
    "memorysetup-main-allocator-block-size=16777216"
    "memorysetup-thread-allocator-block-size=16777216"
    "memorysetup-gfx-main-allocator-block-size=16777216"
    "memorysetup-gfx-thread-allocator-block-size=16777216"
    "memorysetup-cache-allocator-block-size=4194304"
    "memorysetup-typetree-allocator-block-size=2097152"
    "memorysetup-profiler-bucket-allocator-granularity=16"
    "memorysetup-profiler-bucket-allocator-bucket-count=8"
    "memorysetup-profiler-bucket-allocator-block-size=33554432"
    "memorysetup-profiler-bucket-allocator-block-count=8"
    "memorysetup-profiler-allocator-block-size=16777216"
    "memorysetup-profiler-editor-allocator-block-size=1048576"
    "memorysetup-temp-allocator-size-main=16777216"
    "memorysetup-job-temp-allocator-block-size=2097152"
    "memorysetup-job-temp-allocator-block-size-background=1048576"
    "memorysetup-job-temp-allocator-reduction-small-platforms=262144"
    "memorysetup-allocator-temp-initial-block-size-main=262144"
    "memorysetup-allocator-temp-initial-block-size-worker=262144"
    "memorysetup-temp-allocator-size-background-worker=32768"
    "memorysetup-temp-allocator-size-job-worker=262144"
    "memorysetup-temp-allocator-size-preload-manager=33554432"
    "memorysetup-temp-allocator-size-nav-mesh-worker=65536"
    "memorysetup-temp-allocator-size-audio-worker=65536"
    "memorysetup-temp-allocator-size-cloud-worker=32768"
    "memorysetup-temp-allocator-size-gi-baking-worker=262144"
    "memorysetup-temp-allocator-size-gfx=262144"
Player connection [17976]  Target information:

Player connection [17976]  * "[IP] 26.253.110.139 [Port] 0 [Flags] 2 [Guid] 4258053403 [EditorId] 4258053403 [Version] 1048832 [Id] WindowsEditor(7,GIGABYTE_G5) [Debug] 1 [PackageName] WindowsEditor [ProjectName] Editor" 

Player connection [17976]  * "[IP] 192.168.100.100 [Port] 0 [Flags] 2 [Guid] 4258053403 [EditorId] 4258053403 [Version] 1048832 [Id] WindowsEditor(7,GIGABYTE_G5) [Debug] 1 [PackageName] WindowsEditor [ProjectName] Editor" 

Player connection [17976] Host joined multi-casting on [225.0.0.222:54997]...
Player connection [17976] Host joined alternative multi-casting on [225.0.0.222:34997]...
[PhysX] Initialized MultithreadedTaskDispatcher with 12 workers.
Refreshing native plugins compatible for Editor in 4.65 ms, found 1 plugins.
Preloading 0 native plugins for Editor in 0.00 ms.
Initialize engine version: 2022.3.45f1 (a13dfa44d684)
[Subsystems] Discovering subsystems at path C:/Program Files/Unity/Hub/Editor/2022.3.45f1/Editor/Data/Resources/UnitySubsystems
[Subsystems] Discovering subsystems at path D:/DN/UNITY/Solo-Abyss/Assets
GfxDevice: creating device client; threaded=0; jobified=0
Direct3D:
    Version:  Direct3D 11.0 [level 11.1]
    Renderer: NVIDIA GeForce RTX 3050 Laptop GPU (ID=0x25a2)
    Vendor:   NVIDIA
    VRAM:     3962 MB
    Driver:   32.0.15.9186
Initialize mono
Mono path[0] = 'C:/Program Files/Unity/Hub/Editor/2022.3.45f1/Editor/Data/Managed'
Mono path[1] = 'C:/Program Files/Unity/Hub/Editor/2022.3.45f1/Editor/Data/MonoBleedingEdge/lib/mono/unityjit-win32'
Mono config path = 'C:/Program Files/Unity/Hub/Editor/2022.3.45f1/Editor/Data/MonoBleedingEdge/etc'
Using monoOptions --debugger-agent=transport=dt_socket,embedding=1,server=y,suspend=n,address=127.0.0.1:56532
Begin MonoManager ReloadAssembly
Registering precompiled unity dll's ...
Register platform support module: C:/Program Files/Unity/Hub/Editor/2022.3.45f1/Editor/Data/PlaybackEngines/AndroidPlayer/UnityEditor.Android.Extensions.dll
Register platform support module: C:/Program Files/Unity/Hub/Editor/2022.3.45f1/Editor/Data/PlaybackEngines/WindowsStandaloneSupport/UnityEditor.WindowsStandalone.Extensions.dll
Registered in 0.013588 seconds.
- Loaded All Assemblies, in  0.422 seconds
Native extension for WindowsStandalone target not found
Native extension for Android target not found
Android Extension - Scanning For ADB Devices 292 ms
Mono: successfully reloaded assembly
- Finished resetting the current domain, in  0.664 seconds
Domain Reload Profiling: 1085ms
	BeginReloadAssembly (131ms)
		ExecutionOrderSort (0ms)
		DisableScriptedObjects (0ms)
		BackupInstance (0ms)
		ReleaseScriptingObjects (0ms)
		CreateAndSetChildDomain (1ms)
	RebuildCommonClasses (32ms)
	RebuildNativeTypeToScriptingClass (11ms)
	initialDomainReloadingComplete (69ms)
	LoadAllAssembliesAndSetupDomain (178ms)
		LoadAssemblies (127ms)
		RebuildTransferFunctionScriptingTraits (0ms)
		AnalyzeDomain (176ms)
			TypeCache.Refresh (174ms)
				TypeCache.ScanAssembly (159ms)
			ScanForSourceGeneratedMonoScriptInfo (1ms)
			ResolveRequiredComponents (1ms)
	FinalizeReload (665ms)
		ReleaseScriptCaches (0ms)
		RebuildScriptCaches (0ms)
		SetupLoadedEditorAssemblies (598ms)
			LogAssemblyErrors (0ms)
			InitializePlatformSupportModulesInManaged (387ms)
			SetLoadedEditorAssemblies (4ms)
			RefreshPlugins (0ms)
			BeforeProcessingInitializeOnLoad (3ms)
			ProcessInitializeOnLoadAttributes (140ms)
			ProcessInitializeOnLoadMethodAttributes (64ms)
			AfterProcessingInitializeOnLoad (0ms)
			EditorAssembliesLoaded (0ms)
		ExecutionOrderSort2 (0ms)
		AwakeInstancesAfterBackupRestoration (0ms)
========================================================================
Worker process is ready to serve import requests
Caller must complete domain reload
Begin MonoManager ReloadAssembly
- Loaded All Assemblies, in  0.680 seconds
Native extension for WindowsStandalone target not found
Native extension for Android target not found
Mono: successfully reloaded assembly
- Finished resetting the current domain, in  1.110 seconds
Domain Reload Profiling: 1786ms
	BeginReloadAssembly (174ms)
		ExecutionOrderSort (0ms)
		DisableScriptedObjects (7ms)
		BackupInstance (0ms)
		ReleaseScriptingObjects (0ms)
		CreateAndSetChildDomain (28ms)
	RebuildCommonClasses (44ms)
	RebuildNativeTypeToScriptingClass (12ms)
	initialDomainReloadingComplete (47ms)
	LoadAllAssembliesAndSetupDomain (397ms)
		LoadAssemblies (301ms)
		RebuildTransferFunctionScriptingTraits (0ms)
		AnalyzeDomain (187ms)
			TypeCache.Refresh (142ms)
				TypeCache.ScanAssembly (124ms)
			ScanForSourceGeneratedMonoScriptInfo (28ms)
			ResolveRequiredComponents (16ms)
	FinalizeReload (1111ms)
		ReleaseScriptCaches (0ms)
		RebuildScriptCaches (0ms)
		SetupLoadedEditorAssemblies (896ms)
			LogAssemblyErrors (0ms)
			InitializePlatformSupportModulesInManaged (34ms)
			SetLoadedEditorAssemblies (7ms)
			RefreshPlugins (0ms)
			BeforeProcessingInitializeOnLoad (183ms)
			ProcessInitializeOnLoadAttributes (313ms)
			ProcessInitializeOnLoadMethodAttributes (350ms)
			AfterProcessingInitializeOnLoad (9ms)
			EditorAssembliesLoaded (0ms)
		ExecutionOrderSort2 (0ms)
		AwakeInstancesAfterBackupRestoration (8ms)
Launched and connected shader compiler UnityShaderCompiler.exe after 0.04 seconds
Refreshing native plugins compatible for Editor in 2.57 ms, found 1 plugins.
Preloading 0 native plugins for Editor in 0.00 ms.
Unloading 3899 Unused Serialized files (Serialized files now loaded: 0)
Unloading 37 unused Assets / (415.2 KB). Loaded Objects now: 4380.
Memory consumption went from 206.7 MB to 206.3 MB.
Total: 3.555500 ms (FindLiveObjects: 0.408500 ms CreateObjectMapping: 0.107400 ms MarkObjects: 2.839800 ms  DeleteObjects: 0.198500 ms)

AssetImportParameters requested are different than current active one (requested -> active):
  custom:container-demuxer-ogg: 62fdf1f143b41e24485cea50d1cbac27 -> 
  custom:video-codec-MediaFoundation-h265: 746d11721c4dcdbdad8f713fa42b33f4 -> 
  custom:video-decoder-ogg-theora: a1e56fd34408186e4bbccfd4996cb3dc -> 
  custom:framework-win-MediaFoundation: 216162199b28c13a410421893ffa2e32 -> 
  custom:CustomObjectIndexerAttribute: 72b91833f83ae208fae7752999fa3104 -> 
  custom:container-demuxer-webm: 4f35f7cbe854078d1ac9338744f61a02 -> 
  custom:container-muxer-webm: aa71ff27fc2769a1b78a27578f13a17b -> 
  custom:video-decoder-webm-vp8: 9c59270c3fd7afecdb556c50c9e8de78 -> 
  custom:SearchIndexIgnoredProperties: e643bd26f0fe6173181afceb89e7c659 -> 
  custom:AudioImporter_EditorPlatform: d09bf68614088b80899f8185d706f6e7 -> 
  custom:video-encoder-webm-vp8: eb34c28f22e8b96e1ab97ce403110664 -> 
  custom:audio-decoder-ogg-vorbis: bf7c407c2cedff20999df2af8eb42d56 -> 
  custom:audio-encoder-webm-vorbis: bf7c407c2cedff20999df2af8eb42d56 -> 
========================================================================
Received Import Request.
  Time since last request: 23019.357529 seconds.
  path: Assets/IMG/Khoi/tilemap/castle_env_264.asset
  artifactKey: Guid(351efa0df43ed5d4cb78f24169f90d00) Importer(815301076,1909f56bfc062723c751e8b465ee728b)
Start importing Assets/IMG/Khoi/tilemap/castle_env_264.asset using Guid(351efa0df43ed5d4cb78f24169f90d00) Importer(815301076,1909f56bfc062723c751e8b465ee728b) [PhysX] Initialized MultithreadedTaskDispatcher with 12 workers.
 -> (artifact id: 'd6b08c0c34440e6b89205da0de28ef28') in 0.098158 seconds
Number of updated asset objects reloaded before import = 0
Number of asset objects unloaded after import = 3
========================================================================
Received Import Request.
  Time since last request: 0.000030 seconds.
  path: Assets/IMG/Khoi/tilemap/castle_env_280.asset
  artifactKey: Guid(1f5de6cbeb50c8a44a53188b9da497b6) Importer(815301076,1909f56bfc062723c751e8b465ee728b)
Start importing Assets/IMG/Khoi/tilemap/castle_env_280.asset using Guid(1f5de6cbeb50c8a44a53188b9da497b6) Importer(815301076,1909f56bfc062723c751e8b465ee728b) [PhysX] Initialized MultithreadedTaskDispatcher with 12 workers.
 -> (artifact id: '02bedd6d69f6c970e3e6e18a48625cbe') in 0.009548 seconds
Number of updated asset objects reloaded before import = 0
Number of asset objects unloaded after import = 3
========================================================================
Received Import Request.
  Time since last request: 0.000024 seconds.
  path: Assets/IMG/Khoi/tilemap/castle_env_275.asset
  artifactKey: Guid(ede6ea9945d4eae4c8b7b727cf0ca0c6) Importer(815301076,1909f56bfc062723c751e8b465ee728b)
Start importing Assets/IMG/Khoi/tilemap/castle_env_275.asset using Guid(ede6ea9945d4eae4c8b7b727cf0ca0c6) Importer(815301076,1909f56bfc062723c751e8b465ee728b) [PhysX] Initialized MultithreadedTaskDispatcher with 12 workers.
 -> (artifact id: '56c8b4e72591b99c8cb2b328158bf836') in 0.007173 seconds
Number of updated asset objects reloaded before import = 0
Number of asset objects unloaded after import = 3
========================================================================
Received Import Request.
  Time since last request: 0.000021 seconds.
  path: Assets/IMG/Khoi/tilemap/castle_env_281.asset
  artifactKey: Guid(167c312acfaa2f14281f3c8c3d4ae6c6) Importer(815301076,1909f56bfc062723c751e8b465ee728b)
Start importing Assets/IMG/Khoi/tilemap/castle_env_281.asset using Guid(167c312acfaa2f14281f3c8c3d4ae6c6) Importer(815301076,1909f56bfc062723c751e8b465ee728b) [PhysX] Initialized MultithreadedTaskDispatcher with 12 workers.
 -> (artifact id: '016027c8a3711c07048c7c54ad601c38') in 0.006840 seconds
Number of updated asset objects reloaded before import = 0
Number of asset objects unloaded after import = 3
========================================================================
Received Import Request.
  Time since last request: 0.000019 seconds.
  path: Assets/IMG/Khoi/tilemap/castle_env_284.asset
  artifactKey: Guid(947f1c4584f9560429f007b64247fc98) Importer(815301076,1909f56bfc062723c751e8b465ee728b)
Start importing Assets/IMG/Khoi/tilemap/castle_env_284.asset using Guid(947f1c4584f9560429f007b64247fc98) Importer(815301076,1909f56bfc062723c751e8b465ee728b) [PhysX] Initialized MultithreadedTaskDispatcher with 12 workers.
 -> (artifact id: '5628bb4de479fe178f5db720818d5715') in 0.007489 seconds
Number of updated asset objects reloaded before import = 0
Number of asset objects unloaded after import = 3
========================================================================
Received Import Request.
  Time since last request: 0.000024 seconds.
  path: Assets/IMG/Khoi/tilemap/castle_env_268.asset
  artifactKey: Guid(3251968018eea7244a099acaa4516c6f) Importer(815301076,1909f56bfc062723c751e8b465ee728b)
Start importing Assets/IMG/Khoi/tilemap/castle_env_268.asset using Guid(3251968018eea7244a099acaa4516c6f) Importer(815301076,1909f56bfc062723c751e8b465ee728b) [PhysX] Initialized MultithreadedTaskDispatcher with 12 workers.
 -> (artifact id: 'f6a72e1f27a295921ba311d05c72dd0c') in 0.008288 seconds
Number of updated asset objects reloaded before import = 0
Number of asset objects unloaded after import = 3
========================================================================
Received Import Request.
  Time since last request: 0.000043 seconds.
  path: Assets/IMG/Khoi/tilemap/castle_env_282.asset
  artifactKey: Guid(c8f5531312d0fe64794c92824ddea99d) Importer(815301076,1909f56bfc062723c751e8b465ee728b)
Start importing Assets/IMG/Khoi/tilemap/castle_env_282.asset using Guid(c8f5531312d0fe64794c92824ddea99d) Importer(815301076,1909f56bfc062723c751e8b465ee728b) [PhysX] Initialized MultithreadedTaskDispatcher with 12 workers.
 -> (artifact id: '699ade8cf7323ace6a1f750e2af46704') in 0.006790 seconds
Number of updated asset objects reloaded before import = 0
Number of asset objects unloaded after import = 3
========================================================================
Received Import Request.
  Time since last request: 89.422986 seconds.
  path: Assets/IMG/Khoi/tilemap/castle_env_534.asset
  artifactKey: Guid(da2a177e8b89e514e9628a3270beff29) Importer(815301076,1909f56bfc062723c751e8b465ee728b)
Start importing Assets/IMG/Khoi/tilemap/castle_env_534.asset using Guid(da2a177e8b89e514e9628a3270beff29) Importer(815301076,1909f56bfc062723c751e8b465ee728b) [PhysX] Initialized MultithreadedTaskDispatcher with 12 workers.
 -> (artifact id: '646a0af20915afdc87b502e0ac0502f3') in 0.006496 seconds
Number of updated asset objects reloaded before import = 0
Number of asset objects unloaded after import = 3
========================================================================
Received Import Request.
  Time since last request: 0.000023 seconds.
  path: Assets/IMG/Khoi/tilemap/castle_env_539.asset
  artifactKey: Guid(6d526992c719e9843bf7b6f109b28c69) Importer(815301076,1909f56bfc062723c751e8b465ee728b)
Start importing Assets/IMG/Khoi/tilemap/castle_env_539.asset using Guid(6d526992c719e9843bf7b6f109b28c69) Importer(815301076,1909f56bfc062723c751e8b465ee728b) [PhysX] Initialized MultithreadedTaskDispatcher with 12 workers.
 -> (artifact id: 'a23ca3b8af6f6598deee0c5a680cf44b') in 0.006905 seconds
Number of updated asset objects reloaded before import = 0
Number of asset objects unloaded after import = 3
========================================================================
Received Import Request.
  Time since last request: 0.000023 seconds.
  path: Assets/IMG/Khoi/tilemap/castle_env_556.asset
  artifactKey: Guid(c1d9e126824d91d43b0220e7a4029227) Importer(815301076,1909f56bfc062723c751e8b465ee728b)
Start importing Assets/IMG/Khoi/tilemap/castle_env_556.asset using Guid(c1d9e126824d91d43b0220e7a4029227) Importer(815301076,1909f56bfc062723c751e8b465ee728b) [PhysX] Initialized MultithreadedTaskDispatcher with 12 workers.
 -> (artifact id: '7801376bf80743405e30dcacd8226eba') in 0.007899 seconds
Number of updated asset objects reloaded before import = 0
Number of asset objects unloaded after import = 3
========================================================================
Received Import Request.
  Time since last request: 0.000115 seconds.
  path: Assets/IMG/Khoi/tilemap/castle_env_569.asset
  artifactKey: Guid(9676986a5e8f277438a52aeabf129934) Importer(815301076,1909f56bfc062723c751e8b465ee728b)
Start importing Assets/IMG/Khoi/tilemap/castle_env_569.asset using Guid(9676986a5e8f277438a52aeabf129934) Importer(815301076,1909f56bfc062723c751e8b465ee728b) [PhysX] Initialized MultithreadedTaskDispatcher with 12 workers.
 -> (artifact id: 'c0f66812596431292a58ccca1ed5c700') in 0.007967 seconds
Number of updated asset objects reloaded before import = 0
Number of asset objects unloaded after import = 3
========================================================================
Received Import Request.
  Time since last request: 0.000033 seconds.
  path: Assets/IMG/Khoi/tilemap/castle_env_558.asset
  artifactKey: Guid(f708e746512f4f440be4b4c924e76fa1) Importer(815301076,1909f56bfc062723c751e8b465ee728b)
Start importing Assets/IMG/Khoi/tilemap/castle_env_558.asset using Guid(f708e746512f4f440be4b4c924e76fa1) Importer(815301076,1909f56bfc062723c751e8b465ee728b) [PhysX] Initialized MultithreadedTaskDispatcher with 12 workers.
 -> (artifact id: '70ac6293a8253a201f6d94cad1e362b0') in 0.006810 seconds
Number of updated asset objects reloaded before import = 0
Number of asset objects unloaded after import = 3
========================================================================
Received Import Request.
  Time since last request: 0.000026 seconds.
  path: Assets/IMG/Khoi/tilemap/castle_env_567.asset
  artifactKey: Guid(be35260c514512e4884e2fc2a519ccf2) Importer(815301076,1909f56bfc062723c751e8b465ee728b)
Start importing Assets/IMG/Khoi/tilemap/castle_env_567.asset using Guid(be35260c514512e4884e2fc2a519ccf2) Importer(815301076,1909f56bfc062723c751e8b465ee728b) [PhysX] Initialized MultithreadedTaskDispatcher with 12 workers.
 -> (artifact id: '76473cad5e7bc152ac60a625033c0313') in 0.007845 seconds
Number of updated asset objects reloaded before import = 0
Number of asset objects unloaded after import = 3
========================================================================
Received Import Request.
  Time since last request: 0.000024 seconds.
  path: Assets/IMG/Khoi/tilemap/castle_env_568.asset
  artifactKey: Guid(ccfcccbc1751c534ba737ccfb27e0520) Importer(815301076,1909f56bfc062723c751e8b465ee728b)
Start importing Assets/IMG/Khoi/tilemap/castle_env_568.asset using Guid(ccfcccbc1751c534ba737ccfb27e0520) Importer(815301076,1909f56bfc062723c751e8b465ee728b) [PhysX] Initialized MultithreadedTaskDispatcher with 12 workers.
 -> (artifact id: '8badc97d773d961b824b4251be30eb93') in 0.007535 seconds
Number of updated asset objects reloaded before import = 0
Number of asset objects unloaded after import = 3
========================================================================
Received Import Request.
  Time since last request: 0.000030 seconds.
  path: Assets/IMG/Khoi/tilemap/castle_env_566.asset
  artifactKey: Guid(576133e2cf6da3e46be125238c1c99a4) Importer(815301076,1909f56bfc062723c751e8b465ee728b)
Start importing Assets/IMG/Khoi/tilemap/castle_env_566.asset using Guid(576133e2cf6da3e46be125238c1c99a4) Importer(815301076,1909f56bfc062723c751e8b465ee728b) [PhysX] Initialized MultithreadedTaskDispatcher with 12 workers.
 -> (artifact id: 'ade57f42ec123e34d158be1ee9f49e67') in 0.007331 seconds
Number of updated asset objects reloaded before import = 0
Number of asset objects unloaded after import = 3
========================================================================
Received Import Request.
  Time since last request: 0.000031 seconds.
  path: Assets/IMG/Khoi/tilemap/castle_env_552.asset
  artifactKey: Guid(35d4b9e802f61db41976876f6d8a12c8) Importer(815301076,1909f56bfc062723c751e8b465ee728b)
Start importing Assets/IMG/Khoi/tilemap/castle_env_552.asset using Guid(35d4b9e802f61db41976876f6d8a12c8) Importer(815301076,1909f56bfc062723c751e8b465ee728b) [PhysX] Initialized MultithreadedTaskDispatcher with 12 workers.
 -> (artifact id: '202cf92566e532689e42b20b3db506b9') in 0.006546 seconds
Number of updated asset objects reloaded before import = 0
Number of asset objects unloaded after import = 3
========================================================================
Received Import Request.
  Time since last request: 0.000022 seconds.
  path: Assets/IMG/Khoi/tilemap/castle_env_545.asset
  artifactKey: Guid(f50908871248d45488844453b9204dfc) Importer(815301076,1909f56bfc062723c751e8b465ee728b)
Start importing Assets/IMG/Khoi/tilemap/castle_env_545.asset using Guid(f50908871248d45488844453b9204dfc) Importer(815301076,1909f56bfc062723c751e8b465ee728b) [PhysX] Initialized MultithreadedTaskDispatcher with 12 workers.
 -> (artifact id: '597fb390a21d86312a293d7e67adf209') in 0.007080 seconds
Number of updated asset objects reloaded before import = 0
Number of asset objects unloaded after import = 3
========================================================================
Received Import Request.
  Time since last request: 0.000052 seconds.
  path: Assets/IMG/Khoi/tilemap/castle_env_553.asset
  artifactKey: Guid(61dd5b459d9c20341aba2899b38b3c6f) Importer(815301076,1909f56bfc062723c751e8b465ee728b)
Start importing Assets/IMG/Khoi/tilemap/castle_env_553.asset using Guid(61dd5b459d9c20341aba2899b38b3c6f) Importer(815301076,1909f56bfc062723c751e8b465ee728b) [PhysX] Initialized MultithreadedTaskDispatcher with 12 workers.
 -> (artifact id: '211292131ba6e58612fd3f192ff9c290') in 0.008088 seconds
Number of updated asset objects reloaded before import = 0
Number of asset objects unloaded after import = 3
========================================================================
Received Import Request.
  Time since last request: 0.000033 seconds.
  path: Assets/IMG/Khoi/tilemap/castle_env_570.asset
  artifactKey: Guid(9d2929cdde25b3344b5b574a59fd3dd5) Importer(815301076,1909f56bfc062723c751e8b465ee728b)
Start importing Assets/IMG/Khoi/tilemap/castle_env_570.asset using Guid(9d2929cdde25b3344b5b574a59fd3dd5) Importer(815301076,1909f56bfc062723c751e8b465ee728b) [PhysX] Initialized MultithreadedTaskDispatcher with 12 workers.
 -> (artifact id: '1f7eb5b3f6aa4f87bfb4909031eb5e93') in 0.009338 seconds
Number of updated asset objects reloaded before import = 0
Number of asset objects unloaded after import = 3
========================================================================
Received Import Request.
  Time since last request: 0.000026 seconds.
  path: Assets/IMG/Khoi/tilemap/castle_env_540.asset
  artifactKey: Guid(a44ac084829c2ef49b0146e6d94b54d5) Importer(815301076,1909f56bfc062723c751e8b465ee728b)
Start importing Assets/IMG/Khoi/tilemap/castle_env_540.asset using Guid(a44ac084829c2ef49b0146e6d94b54d5) Importer(815301076,1909f56bfc062723c751e8b465ee728b) [PhysX] Initialized MultithreadedTaskDispatcher with 12 workers.
 -> (artifact id: 'eab300e3c421c4b40fb5662d77e4cd15') in 0.007137 seconds
Number of updated asset objects reloaded before import = 0
Number of asset objects unloaded after import = 3
========================================================================
Received Import Request.
  Time since last request: 0.000021 seconds.
  path: Assets/IMG/Khoi/tilemap/castle_env_551.asset
  artifactKey: Guid(e0db22ede2791314d812a5ea230504ce) Importer(815301076,1909f56bfc062723c751e8b465ee728b)
Start importing Assets/IMG/Khoi/tilemap/castle_env_551.asset using Guid(e0db22ede2791314d812a5ea230504ce) Importer(815301076,1909f56bfc062723c751e8b465ee728b) [PhysX] Initialized MultithreadedTaskDispatcher with 12 workers.
 -> (artifact id: 'f935e409f6c7c18f31ae69cf4dfb7e46') in 0.006498 seconds
Number of updated asset objects reloaded before import = 0
Number of asset objects unloaded after import = 3
========================================================================
Received Import Request.
  Time since last request: 0.000025 seconds.
  path: Assets/IMG/Khoi/tilemap/castle_env_564.asset
  artifactKey: Guid(4425f61979a369940847ec9c84997d20) Importer(815301076,1909f56bfc062723c751e8b465ee728b)
Start importing Assets/IMG/Khoi/tilemap/castle_env_564.asset using Guid(4425f61979a369940847ec9c84997d20) Importer(815301076,1909f56bfc062723c751e8b465ee728b) [PhysX] Initialized MultithreadedTaskDispatcher with 12 workers.
 -> (artifact id: 'cbb3ca89850fef259052ae4280d43bdd') in 0.007917 seconds
Number of updated asset objects reloaded before import = 0
Number of asset objects unloaded after import = 3
========================================================================
Received Import Request.
  Time since last request: 0.000027 seconds.
  path: Assets/IMG/Khoi/tilemap/castle_env_536.asset
  artifactKey: Guid(124ba225ff938a245b0e11b916e6f0e3) Importer(815301076,1909f56bfc062723c751e8b465ee728b)
Start importing Assets/IMG/Khoi/tilemap/castle_env_536.asset using Guid(124ba225ff938a245b0e11b916e6f0e3) Importer(815301076,1909f56bfc062723c751e8b465ee728b) [PhysX] Initialized MultithreadedTaskDispatcher with 12 workers.
 -> (artifact id: '557ed52035740a274a9e01d9998193b2') in 0.007200 seconds
Number of updated asset objects reloaded before import = 0
Number of asset objects unloaded after import = 3
========================================================================
Received Import Request.
  Time since last request: 0.000030 seconds.
  path: Assets/IMG/Khoi/tilemap/castle_env_541.asset
  artifactKey: Guid(693c5ae5c3d789e4eae15a4592f0fd31) Importer(815301076,1909f56bfc062723c751e8b465ee728b)
Start importing Assets/IMG/Khoi/tilemap/castle_env_541.asset using Guid(693c5ae5c3d789e4eae15a4592f0fd31) Importer(815301076,1909f56bfc062723c751e8b465ee728b) [PhysX] Initialized MultithreadedTaskDispatcher with 12 workers.
 -> (artifact id: 'a55e76e6dd91d95568a39530a31446a8') in 0.005527 seconds
Number of updated asset objects reloaded before import = 0
Number of asset objects unloaded after import = 3
========================================================================
Received Import Request.
  Time since last request: 0.000023 seconds.
  path: Assets/IMG/Khoi/tilemap/castle_env_562.asset
  artifactKey: Guid(18ad79f9e1bebdd41a753a2c55ad7a75) Importer(815301076,1909f56bfc062723c751e8b465ee728b)
Start importing Assets/IMG/Khoi/tilemap/castle_env_562.asset using Guid(18ad79f9e1bebdd41a753a2c55ad7a75) Importer(815301076,1909f56bfc062723c751e8b465ee728b) [PhysX] Initialized MultithreadedTaskDispatcher with 12 workers.
 -> (artifact id: 'd6ffd0b748eaf47ee1e0ca1e5655eadd') in 0.007357 seconds
Number of updated asset objects reloaded before import = 0
Number of asset objects unloaded after import = 3
Editor requested this worker to shutdown with reason: Scaling down because of idle timeout
TcpMessagingSession - receive error: operation aborted. errorcode: 995, details: The I/O operation has been aborted because of either a thread exit or an application request.
AssetImportWorker is now disconnected from the server
Process exiting
Exiting without the bug reporter. Application will terminate with return code 0