Using pre-set license
Built from '2022.3/staging' branch; Version is '2022.3.45f1 (a13dfa44d684) revision 10567162'; Using compiler version '192829333'; Build Type 'Release'
OS: 'Windows 11  (10.0.26200) 64bit CoreSingleLanguage' Language: 'vi' Physical Memory: 16163 MB
BatchMode: 1, IsHumanControllingUs: 0, StartBugReporterOnCrash: 0, Is64bit: 1, IsPro: 1

COMMAND LINE ARGUMENTS:
C:\Program Files\Unity\Hub\Editor\2022.3.45f1\Editor\Unity.exe
-adb2
-batchMode
-noUpm
-name
AssetImportWorker9
-projectPath
D:/DN/UNITY/Solo-Abyss
-logFile
Logs/AssetImportWorker9.log
-srvPort
55757
Successfully changed project path to: D:/DN/UNITY/Solo-Abyss
D:/DN/UNITY/Solo-Abyss
[UnityMemory] Configuration Parameters - Can be set up in boot.config
    "memorysetup-bucket-allocator-granularity=16"
    "memorysetup-bucket-allocator-bucket-count=8"
    "memorysetup-bucket-allocator-block-size=33554432"
    "memorysetup-bucket-allocator-block-count=8"
    "memorysetup-main-allocator-block-size=16777216"
    "memorysetup-thread-allocator-block-size=16777216"
    "memorysetup-gfx-main-allocator-block-size=16777216"
    "memorysetup-gfx-thread-allocator-block-size=16777216"
    "memorysetup-cache-allocator-block-size=4194304"
    "memorysetup-typetree-allocator-block-size=2097152"
    "memorysetup-profiler-bucket-allocator-granularity=16"
    "memorysetup-profiler-bucket-allocator-bucket-count=8"
    "memorysetup-profiler-bucket-allocator-block-size=33554432"
    "memorysetup-profiler-bucket-allocator-block-count=8"
    "memorysetup-profiler-allocator-block-size=16777216"
    "memorysetup-profiler-editor-allocator-block-size=1048576"
    "memorysetup-temp-allocator-size-main=16777216"
    "memorysetup-job-temp-allocator-block-size=2097152"
    "memorysetup-job-temp-allocator-block-size-background=1048576"
    "memorysetup-job-temp-allocator-reduction-small-platforms=262144"
    "memorysetup-allocator-temp-initial-block-size-main=262144"
    "memorysetup-allocator-temp-initial-block-size-worker=262144"
    "memorysetup-temp-allocator-size-background-worker=32768"
    "memorysetup-temp-allocator-size-job-worker=262144"
    "memorysetup-temp-allocator-size-preload-manager=33554432"
    "memorysetup-temp-allocator-size-nav-mesh-worker=65536"
    "memorysetup-temp-allocator-size-audio-worker=65536"
    "memorysetup-temp-allocator-size-cloud-worker=32768"
    "memorysetup-temp-allocator-size-gi-baking-worker=262144"
    "memorysetup-temp-allocator-size-gfx=262144"
Player connection [19264]  Target information:

Player connection [19264]  * "[IP] 26.253.110.139 [Port] 0 [Flags] 2 [Guid] 1242810292 [EditorId] 1242810292 [Version] 1048832 [Id] WindowsEditor(7,GIGABYTE_G5) [Debug] 1 [PackageName] WindowsEditor [ProjectName] Editor" 

Player connection [19264]  * "[IP] 192.168.1.10 [Port] 0 [Flags] 2 [Guid] 1242810292 [EditorId] 1242810292 [Version] 1048832 [Id] WindowsEditor(7,GIGABYTE_G5) [Debug] 1 [PackageName] WindowsEditor [ProjectName] Editor" 

Player connection [19264] Host joined multi-casting on [225.0.0.222:54997]...
Player connection [19264] Host joined alternative multi-casting on [225.0.0.222:34997]...
[PhysX] Initialized MultithreadedTaskDispatcher with 12 workers.
Refreshing native plugins compatible for Editor in 5.07 ms, found 0 plugins.
Preloading 0 native plugins for Editor in 0.00 ms.
Initialize engine version: 2022.3.45f1 (a13dfa44d684)
[Subsystems] Discovering subsystems at path C:/Program Files/Unity/Hub/Editor/2022.3.45f1/Editor/Data/Resources/UnitySubsystems
[Subsystems] Discovering subsystems at path D:/DN/UNITY/Solo-Abyss/Assets
GfxDevice: creating device client; threaded=0; jobified=0
Direct3D:
    Version:  Direct3D 11.0 [level 11.1]
    Renderer: NVIDIA GeForce RTX 3050 Laptop GPU (ID=0x25a2)
    Vendor:   NVIDIA
    VRAM:     3962 MB
    Driver:   32.0.15.9186
Initialize mono
Mono path[0] = 'C:/Program Files/Unity/Hub/Editor/2022.3.45f1/Editor/Data/Managed'
Mono path[1] = 'C:/Program Files/Unity/Hub/Editor/2022.3.45f1/Editor/Data/MonoBleedingEdge/lib/mono/unityjit-win32'
Mono config path = 'C:/Program Files/Unity/Hub/Editor/2022.3.45f1/Editor/Data/MonoBleedingEdge/etc'
Using monoOptions --debugger-agent=transport=dt_socket,embedding=1,server=y,suspend=n,address=127.0.0.1:56176
Begin MonoManager ReloadAssembly
Registering precompiled unity dll's ...
Register platform support module: C:/Program Files/Unity/Hub/Editor/2022.3.45f1/Editor/Data/PlaybackEngines/AndroidPlayer/UnityEditor.Android.Extensions.dll
Register platform support module: C:/Program Files/Unity/Hub/Editor/2022.3.45f1/Editor/Data/PlaybackEngines/WindowsStandaloneSupport/UnityEditor.WindowsStandalone.Extensions.dll
Registered in 0.009199 seconds.
- Loaded All Assemblies, in  0.369 seconds
Native extension for WindowsStandalone target not found
Native extension for Android target not found
Android Extension - Scanning For ADB Devices 250 ms
Mono: successfully reloaded assembly
- Finished resetting the current domain, in  0.571 seconds
Domain Reload Profiling: 939ms
	BeginReloadAssembly (101ms)
		ExecutionOrderSort (0ms)
		DisableScriptedObjects (0ms)
		BackupInstance (0ms)
		ReleaseScriptingObjects (0ms)
		CreateAndSetChildDomain (1ms)
	RebuildCommonClasses (41ms)
	RebuildNativeTypeToScriptingClass (12ms)
	initialDomainReloadingComplete (59ms)
	LoadAllAssembliesAndSetupDomain (155ms)
		LoadAssemblies (99ms)
		RebuildTransferFunctionScriptingTraits (0ms)
		AnalyzeDomain (153ms)
			TypeCache.Refresh (151ms)
				TypeCache.ScanAssembly (137ms)
			ScanForSourceGeneratedMonoScriptInfo (0ms)
			ResolveRequiredComponents (1ms)
	FinalizeReload (572ms)
		ReleaseScriptCaches (0ms)
		RebuildScriptCaches (0ms)
		SetupLoadedEditorAssemblies (514ms)
			LogAssemblyErrors (0ms)
			InitializePlatformSupportModulesInManaged (330ms)
			SetLoadedEditorAssemblies (4ms)
			RefreshPlugins (0ms)
			BeforeProcessingInitializeOnLoad (3ms)
			ProcessInitializeOnLoadAttributes (129ms)
			ProcessInitializeOnLoadMethodAttributes (48ms)
			AfterProcessingInitializeOnLoad (0ms)
			EditorAssembliesLoaded (0ms)
		ExecutionOrderSort2 (0ms)
		AwakeInstancesAfterBackupRestoration (0ms)
========================================================================
Worker process is ready to serve import requests
Caller must complete domain reload
Begin MonoManager ReloadAssembly
- Loaded All Assemblies, in  0.562 seconds
Native extension for WindowsStandalone target not found
Native extension for Android target not found
Mono: successfully reloaded assembly
- Finished resetting the current domain, in  0.604 seconds
Domain Reload Profiling: 1164ms
	BeginReloadAssembly (155ms)
		ExecutionOrderSort (0ms)
		DisableScriptedObjects (6ms)
		BackupInstance (0ms)
		ReleaseScriptingObjects (0ms)
		CreateAndSetChildDomain (26ms)
	RebuildCommonClasses (39ms)
	RebuildNativeTypeToScriptingClass (11ms)
	initialDomainReloadingComplete (44ms)
	LoadAllAssembliesAndSetupDomain (311ms)
		LoadAssemblies (267ms)
		RebuildTransferFunctionScriptingTraits (0ms)
		AnalyzeDomain (131ms)
			TypeCache.Refresh (100ms)
				TypeCache.ScanAssembly (89ms)
			ScanForSourceGeneratedMonoScriptInfo (17ms)
			ResolveRequiredComponents (13ms)
	FinalizeReload (604ms)
		ReleaseScriptCaches (0ms)
		RebuildScriptCaches (0ms)
		SetupLoadedEditorAssemblies (426ms)
			LogAssemblyErrors (0ms)
			InitializePlatformSupportModulesInManaged (19ms)
			SetLoadedEditorAssemblies (4ms)
			RefreshPlugins (0ms)
			BeforeProcessingInitializeOnLoad (95ms)
			ProcessInitializeOnLoadAttributes (217ms)
			ProcessInitializeOnLoadMethodAttributes (82ms)
			AfterProcessingInitializeOnLoad (8ms)
			EditorAssembliesLoaded (0ms)
		ExecutionOrderSort2 (0ms)
		AwakeInstancesAfterBackupRestoration (7ms)
Launched and connected shader compiler UnityShaderCompiler.exe after 0.06 seconds
Refreshing native plugins compatible for Editor in 1.67 ms, found 0 plugins.
Preloading 0 native plugins for Editor in 0.00 ms.
Unloading 3219 Unused Serialized files (Serialized files now loaded: 0)
Unloading 32 unused Assets / (413.8 KB). Loaded Objects now: 3694.
Memory consumption went from 185.1 MB to 184.7 MB.
Total: 2.914800 ms (FindLiveObjects: 0.291500 ms CreateObjectMapping: 0.087800 ms MarkObjects: 2.374200 ms  DeleteObjects: 0.159600 ms)

AssetImportParameters requested are different than current active one (requested -> active):
  custom:video-decoder-webm-vp8: 9c59270c3fd7afecdb556c50c9e8de78 -> 
  custom:scripting/monoscript/fileName/UIParticleSystem.cs: 75704037c35ba7eeff779d77cdf4ef02 -> ae9d428231ed39e0620c5c4869aebe89
  custom:scripting/monoscript/fileName/PanelControl.cs: a3041f590ce3bb9956463a52f741e4df -> 02e56fdb1f44a3296f5290b5dcaa9121
  custom:SearchIndexIgnoredProperties: e643bd26f0fe6173181afceb89e7c659 -> 
  custom:container-demuxer-ogg: 62fdf1f143b41e24485cea50d1cbac27 -> 
  custom:AudioImporter_EditorPlatform: d09bf68614088b80899f8185d706f6e7 -> 
  custom:video-codec-MediaFoundation-h265: 746d11721c4dcdbdad8f713fa42b33f4 -> 
  custom:video-decoder-ogg-theora: a1e56fd34408186e4bbccfd4996cb3dc -> 
  custom:framework-win-MediaFoundation: 216162199b28c13a410421893ffa2e32 -> 
  custom:video-encoder-webm-vp8: eb34c28f22e8b96e1ab97ce403110664 -> 
  custom:audio-decoder-ogg-vorbis: bf7c407c2cedff20999df2af8eb42d56 -> 
  custom:CustomObjectIndexerAttribute: 72b91833f83ae208fae7752999fa3104 -> 
  custom:container-demuxer-webm: 4f35f7cbe854078d1ac9338744f61a02 -> 
  custom:scripting/monoscript/fileName/PanelView.cs: 6691c2d35e5e4bfaf63d481d72d2130a -> d2deaee66b7a61da10ffeed4fd8cb200
  custom:audio-encoder-webm-vorbis: bf7c407c2cedff20999df2af8eb42d56 -> 
  custom:container-muxer-webm: aa71ff27fc2769a1b78a27578f13a17b -> 
========================================================================
Received Import Request.
  Time since last request: 15543.312674 seconds.
  path: Assets/IMG/Player/Adventurer-1.5/Individual Sprites/adventurer-attack2-03.png
  artifactKey: Guid(f02118b890b339d46a1e6f63181c7494) Importer(815301076,1909f56bfc062723c751e8b465ee728b)
Start importing Assets/IMG/Player/Adventurer-1.5/Individual Sprites/adventurer-attack2-03.png using Guid(f02118b890b339d46a1e6f63181c7494) Importer(815301076,1909f56bfc062723c751e8b465ee728b) [PhysX] Initialized MultithreadedTaskDispatcher with 12 workers.
[PhysX] Initialized MultithreadedTaskDispatcher with 12 workers.
 -> (artifact id: '02ba043f0f809c8895acf24d39a2c130') in 0.120994 seconds
Number of updated asset objects reloaded before import = 0
Number of asset objects unloaded after import = 3
========================================================================
Received Import Request.
  Time since last request: 2.176252 seconds.
  path: Assets/IMG/Player/Adventurer-1.5/Individual Sprites/adventurer-cast-03.png
  artifactKey: Guid(c1dccad0c75af6d4d8d14f2a62d3fb0a) Importer(815301076,1909f56bfc062723c751e8b465ee728b)
Start importing Assets/IMG/Player/Adventurer-1.5/Individual Sprites/adventurer-cast-03.png using Guid(c1dccad0c75af6d4d8d14f2a62d3fb0a) Importer(815301076,1909f56bfc062723c751e8b465ee728b) [PhysX] Initialized MultithreadedTaskDispatcher with 12 workers.
[PhysX] Initialized MultithreadedTaskDispatcher with 12 workers.
 -> (artifact id: '8cbdcf600b0e6d672e39ffb67a491de4') in 0.016033 seconds
Number of updated asset objects reloaded before import = 0
Number of asset objects unloaded after import = 3
========================================================================
Received Import Request.
  Time since last request: 0.001552 seconds.
  path: Assets/IMG/Player/Adventurer-1.5/Individual Sprites/adventurer-cast-loop-02.png
  artifactKey: Guid(cc0645f3ccd2af34895f8e1ed34c4703) Importer(815301076,1909f56bfc062723c751e8b465ee728b)
Start importing Assets/IMG/Player/Adventurer-1.5/Individual Sprites/adventurer-cast-loop-02.png using Guid(cc0645f3ccd2af34895f8e1ed34c4703) Importer(815301076,1909f56bfc062723c751e8b465ee728b) [PhysX] Initialized MultithreadedTaskDispatcher with 12 workers.
[PhysX] Initialized MultithreadedTaskDispatcher with 12 workers.
 -> (artifact id: '051fefc8cd79cceda42dcb8d11b1b3c0') in 0.007524 seconds
Number of updated asset objects reloaded before import = 0
Number of asset objects unloaded after import = 3
========================================================================
Received Import Request.
  Time since last request: 0.035734 seconds.
  path: Assets/IMG/Player/Adventurer-1.5/Individual Sprites/adventurer-crnr-clmb-02.png
  artifactKey: Guid(77cf640e7183a35468b1e829cfe51ad8) Importer(815301076,1909f56bfc062723c751e8b465ee728b)
Start importing Assets/IMG/Player/Adventurer-1.5/Individual Sprites/adventurer-crnr-clmb-02.png using Guid(77cf640e7183a35468b1e829cfe51ad8) Importer(815301076,1909f56bfc062723c751e8b465ee728b) [PhysX] Initialized MultithreadedTaskDispatcher with 12 workers.
[PhysX] Initialized MultithreadedTaskDispatcher with 12 workers.
 -> (artifact id: 'a946b9d6e7a3310d02419b0b477265f9') in 0.016544 seconds
Number of updated asset objects reloaded before import = 0
Number of asset objects unloaded after import = 3
========================================================================
Received Import Request.
  Time since last request: 0.070157 seconds.
  path: Assets/IMG/Player/Adventurer-1.5/Individual Sprites/adventurer-crnr-grb-02.png
  artifactKey: Guid(48153e2abb4879c49b987301180e4a57) Importer(815301076,1909f56bfc062723c751e8b465ee728b)
Start importing Assets/IMG/Player/Adventurer-1.5/Individual Sprites/adventurer-crnr-grb-02.png using Guid(48153e2abb4879c49b987301180e4a57) Importer(815301076,1909f56bfc062723c751e8b465ee728b) [PhysX] Initialized MultithreadedTaskDispatcher with 12 workers.
[PhysX] Initialized MultithreadedTaskDispatcher with 12 workers.
 -> (artifact id: 'a7088154724402a062b10819e782c681') in 0.016563 seconds
Number of updated asset objects reloaded before import = 0
Number of asset objects unloaded after import = 3
========================================================================
Received Import Request.
  Time since last request: 0.003104 seconds.
  path: Assets/IMG/Player/Adventurer-1.5/Individual Sprites/adventurer-crnr-jmp-01.png
  artifactKey: Guid(a90585f8ea9fa4a4d91ac2b9893e6268) Importer(815301076,1909f56bfc062723c751e8b465ee728b)
Start importing Assets/IMG/Player/Adventurer-1.5/Individual Sprites/adventurer-crnr-jmp-01.png using Guid(a90585f8ea9fa4a4d91ac2b9893e6268) Importer(815301076,1909f56bfc062723c751e8b465ee728b) [PhysX] Initialized MultithreadedTaskDispatcher with 12 workers.
[PhysX] Initialized MultithreadedTaskDispatcher with 12 workers.
 -> (artifact id: '9df4e537ec07941ba7ed7878a17022e0') in 0.016036 seconds
Number of updated asset objects reloaded before import = 0
Number of asset objects unloaded after import = 3
========================================================================
Received Import Request.
  Time since last request: 0.003283 seconds.
  path: Assets/IMG/Player/Adventurer-1.5/Individual Sprites/adventurer-crouch-02.png
  artifactKey: Guid(ce74fc734d195b745bbcf1dd1a354ce5) Importer(815301076,1909f56bfc062723c751e8b465ee728b)
Start importing Assets/IMG/Player/Adventurer-1.5/Individual Sprites/adventurer-crouch-02.png using Guid(ce74fc734d195b745bbcf1dd1a354ce5) Importer(815301076,1909f56bfc062723c751e8b465ee728b) [PhysX] Initialized MultithreadedTaskDispatcher with 12 workers.
[PhysX] Initialized MultithreadedTaskDispatcher with 12 workers.
 -> (artifact id: 'ec9cc981b4384de257c217752502f66e') in 0.017007 seconds
Number of updated asset objects reloaded before import = 0
Number of asset objects unloaded after import = 3
========================================================================
Received Import Request.
  Time since last request: 0.002160 seconds.
  path: Assets/IMG/Player/Adventurer-1.5/Individual Sprites/adventurer-die-01.png
  artifactKey: Guid(0032a940cd1a4ee4a8a4d893b69f35f1) Importer(815301076,1909f56bfc062723c751e8b465ee728b)
Start importing Assets/IMG/Player/Adventurer-1.5/Individual Sprites/adventurer-die-01.png using Guid(0032a940cd1a4ee4a8a4d893b69f35f1) Importer(815301076,1909f56bfc062723c751e8b465ee728b) [PhysX] Initialized MultithreadedTaskDispatcher with 12 workers.
[PhysX] Initialized MultithreadedTaskDispatcher with 12 workers.
 -> (artifact id: 'c03be44ef76f71a074f1711d1c62e1fa') in 0.016965 seconds
Number of updated asset objects reloaded before import = 0
Number of asset objects unloaded after import = 3
========================================================================
Received Import Request.
  Time since last request: 1.725813 seconds.
  path: Assets/IMG/Player/Adventurer-1.5/Individual Sprites/adventurer-die-04.png
  artifactKey: Guid(b7d777183711a1f4793f3ff7e9d26e35) Importer(815301076,1909f56bfc062723c751e8b465ee728b)
Start importing Assets/IMG/Player/Adventurer-1.5/Individual Sprites/adventurer-die-04.png using Guid(b7d777183711a1f4793f3ff7e9d26e35) Importer(815301076,1909f56bfc062723c751e8b465ee728b) [PhysX] Initialized MultithreadedTaskDispatcher with 12 workers.
[PhysX] Initialized MultithreadedTaskDispatcher with 12 workers.
 -> (artifact id: '3b67078ead2767fddda681edb50aceff') in 0.013974 seconds
Number of updated asset objects reloaded before import = 0
Number of asset objects unloaded after import = 3
========================================================================
Received Import Request.
  Time since last request: 0.006130 seconds.
  path: Assets/IMG/Player/Adventurer-1.5/Individual Sprites/adventurer-fall-00.png
  artifactKey: Guid(300a96507a114ba4389e3df282b2f67c) Importer(815301076,1909f56bfc062723c751e8b465ee728b)
Start importing Assets/IMG/Player/Adventurer-1.5/Individual Sprites/adventurer-fall-00.png using Guid(300a96507a114ba4389e3df282b2f67c) Importer(815301076,1909f56bfc062723c751e8b465ee728b) [PhysX] Initialized MultithreadedTaskDispatcher with 12 workers.
[PhysX] Initialized MultithreadedTaskDispatcher with 12 workers.
 -> (artifact id: 'bb4c2df467f81904847b1cc6f699f275') in 0.014121 seconds
Number of updated asset objects reloaded before import = 0
Number of asset objects unloaded after import = 3
========================================================================
Received Import Request.
  Time since last request: 0.016067 seconds.
  path: Assets/IMG/Player/Adventurer-1.5/Individual Sprites/adventurer-hurt-01.png
  artifactKey: Guid(32a38a88609c61844877cb38f79fbad5) Importer(815301076,1909f56bfc062723c751e8b465ee728b)
Start importing Assets/IMG/Player/Adventurer-1.5/Individual Sprites/adventurer-hurt-01.png using Guid(32a38a88609c61844877cb38f79fbad5) Importer(815301076,1909f56bfc062723c751e8b465ee728b) [PhysX] Initialized MultithreadedTaskDispatcher with 12 workers.
[PhysX] Initialized MultithreadedTaskDispatcher with 12 workers.
 -> (artifact id: '5639be415f9be4a19dce334098095ac4') in 0.006267 seconds
Number of updated asset objects reloaded before import = 0
Number of asset objects unloaded after import = 3
========================================================================
Received Import Request.
  Time since last request: 0.011419 seconds.
  path: Assets/IMG/Player/Adventurer-1.5/Individual Sprites/adventurer-idle-01.png
  artifactKey: Guid(ddbe058a59e8e6e4bbb2bde76e8e43e4) Importer(815301076,1909f56bfc062723c751e8b465ee728b)
Start importing Assets/IMG/Player/Adventurer-1.5/Individual Sprites/adventurer-idle-01.png using Guid(ddbe058a59e8e6e4bbb2bde76e8e43e4) Importer(815301076,1909f56bfc062723c751e8b465ee728b) [PhysX] Initialized MultithreadedTaskDispatcher with 12 workers.
[PhysX] Initialized MultithreadedTaskDispatcher with 12 workers.
 -> (artifact id: '0fa8025a89232f1417b7aef73c2e1a3d') in 0.015726 seconds
Number of updated asset objects reloaded before import = 0
Number of asset objects unloaded after import = 3
========================================================================
Received Import Request.
  Time since last request: 0.641519 seconds.
  path: Assets/IMG/Player/Adventurer-1.5/Individual Sprites/adventurer-idle-2-01.png
  artifactKey: Guid(a922eab8785d47244b6e64677d507343) Importer(815301076,1909f56bfc062723c751e8b465ee728b)
Start importing Assets/IMG/Player/Adventurer-1.5/Individual Sprites/adventurer-idle-2-01.png using Guid(a922eab8785d47244b6e64677d507343) Importer(815301076,1909f56bfc062723c751e8b465ee728b) [PhysX] Initialized MultithreadedTaskDispatcher with 12 workers.
[PhysX] Initialized MultithreadedTaskDispatcher with 12 workers.
 -> (artifact id: '897d3720bf196b97f66538e37fa4dcf9') in 0.016392 seconds
Number of updated asset objects reloaded before import = 0
Number of asset objects unloaded after import = 3
========================================================================
Received Import Request.
  Time since last request: 0.003283 seconds.
  path: Assets/IMG/Player/Adventurer-1.5/Individual Sprites/adventurer-idle-03.png
  artifactKey: Guid(41a53f4f553998a44a0828006229dbff) Importer(815301076,1909f56bfc062723c751e8b465ee728b)
Start importing Assets/IMG/Player/Adventurer-1.5/Individual Sprites/adventurer-idle-03.png using Guid(41a53f4f553998a44a0828006229dbff) Importer(815301076,1909f56bfc062723c751e8b465ee728b) [PhysX] Initialized MultithreadedTaskDispatcher with 12 workers.
[PhysX] Initialized MultithreadedTaskDispatcher with 12 workers.
 -> (artifact id: '269ed2e9eed8a18da3102e1c71de505f') in 0.018741 seconds
Number of updated asset objects reloaded before import = 0
Number of asset objects unloaded after import = 3
========================================================================
Received Import Request.
  Time since last request: 0.670491 seconds.
  path: Assets/IMG/Player/Adventurer-1.5/Individual Sprites/adventurer-items-02.png
  artifactKey: Guid(4047d53375b612742a43254b420988d4) Importer(815301076,1909f56bfc062723c751e8b465ee728b)
Start importing Assets/IMG/Player/Adventurer-1.5/Individual Sprites/adventurer-items-02.png using Guid(4047d53375b612742a43254b420988d4) Importer(815301076,1909f56bfc062723c751e8b465ee728b) [PhysX] Initialized MultithreadedTaskDispatcher with 12 workers.
[PhysX] Initialized MultithreadedTaskDispatcher with 12 workers.
 -> (artifact id: '4a48badeac675cff8a73c3aaa491ce60') in 0.017796 seconds
Number of updated asset objects reloaded before import = 0
Number of asset objects unloaded after import = 3
========================================================================
Received Import Request.
  Time since last request: 0.000242 seconds.
  path: Assets/IMG/Player/Adventurer-1.5/Individual Sprites/adventurer-jump-02.png
  artifactKey: Guid(1c4645fd46683a149a0cdc774dafeda0) Importer(815301076,1909f56bfc062723c751e8b465ee728b)
Start importing Assets/IMG/Player/Adventurer-1.5/Individual Sprites/adventurer-jump-02.png using Guid(1c4645fd46683a149a0cdc774dafeda0) Importer(815301076,1909f56bfc062723c751e8b465ee728b) [PhysX] Initialized MultithreadedTaskDispatcher with 12 workers.
[PhysX] Initialized MultithreadedTaskDispatcher with 12 workers.
 -> (artifact id: 'c42e234bcdb35c22a302e562ab975b48') in 0.016073 seconds
Number of updated asset objects reloaded before import = 0
Number of asset objects unloaded after import = 3
========================================================================
Received Import Request.
  Time since last request: 0.003425 seconds.
  path: Assets/IMG/Player/Adventurer-1.5/Individual Sprites/adventurer-ladder-climb-01.png
  artifactKey: Guid(4238c364a57c0984980842ede30352ba) Importer(815301076,1909f56bfc062723c751e8b465ee728b)
Start importing Assets/IMG/Player/Adventurer-1.5/Individual Sprites/adventurer-ladder-climb-01.png using Guid(4238c364a57c0984980842ede30352ba) Importer(815301076,1909f56bfc062723c751e8b465ee728b) [PhysX] Initialized MultithreadedTaskDispatcher with 12 workers.
[PhysX] Initialized MultithreadedTaskDispatcher with 12 workers.
 -> (artifact id: '4a431e9d5b59aea9e1c346ed5d30f27a') in 0.014920 seconds
Number of updated asset objects reloaded before import = 0
Number of asset objects unloaded after import = 3
========================================================================
Received Import Request.
  Time since last request: 0.002760 seconds.
  path: Assets/IMG/Player/Adventurer-1.5/Individual Sprites/adventurer-run-00.png
  artifactKey: Guid(5fc3a2a805f31ef458ea2f2128741ada) Importer(815301076,1909f56bfc062723c751e8b465ee728b)
Start importing Assets/IMG/Player/Adventurer-1.5/Individual Sprites/adventurer-run-00.png using Guid(5fc3a2a805f31ef458ea2f2128741ada) Importer(815301076,1909f56bfc062723c751e8b465ee728b) [PhysX] Initialized MultithreadedTaskDispatcher with 12 workers.
[PhysX] Initialized MultithreadedTaskDispatcher with 12 workers.
 -> (artifact id: '180f5624ca7b0939ba7625ea574dbf66') in 0.017527 seconds
Number of updated asset objects reloaded before import = 0
Number of asset objects unloaded after import = 3
========================================================================
Received Import Request.
  Time since last request: 0.739827 seconds.
  path: Assets/IMG/Player/Adventurer-1.5/Individual Sprites/adventurer-run-03.png
  artifactKey: Guid(d4eb933d3c6ed174b8fdcfdd629cd149) Importer(815301076,1909f56bfc062723c751e8b465ee728b)
Start importing Assets/IMG/Player/Adventurer-1.5/Individual Sprites/adventurer-run-03.png using Guid(d4eb933d3c6ed174b8fdcfdd629cd149) Importer(815301076,1909f56bfc062723c751e8b465ee728b) [PhysX] Initialized MultithreadedTaskDispatcher with 12 workers.
[PhysX] Initialized MultithreadedTaskDispatcher with 12 workers.
 -> (artifact id: '3b9f532f8a62060b782c7be7a482bd25') in 0.015288 seconds
Number of updated asset objects reloaded before import = 0
Number of asset objects unloaded after import = 3
========================================================================
Received Import Request.
  Time since last request: 0.002855 seconds.
  path: Assets/IMG/Player/Adventurer-1.5/Individual Sprites/adventurer-slide-00.png
  artifactKey: Guid(5b08659cc7c71de4481be910dc4dece8) Importer(815301076,1909f56bfc062723c751e8b465ee728b)
Start importing Assets/IMG/Player/Adventurer-1.5/Individual Sprites/adventurer-slide-00.png using Guid(5b08659cc7c71de4481be910dc4dece8) Importer(815301076,1909f56bfc062723c751e8b465ee728b) [PhysX] Initialized MultithreadedTaskDispatcher with 12 workers.
[PhysX] Initialized MultithreadedTaskDispatcher with 12 workers.
 -> (artifact id: '48f6e3b591b329f4ba65e6829be882b5') in 0.016918 seconds
Number of updated asset objects reloaded before import = 0
Number of asset objects unloaded after import = 3
========================================================================
Received Import Request.
  Time since last request: 941.643917 seconds.
  path: Assets/Quan/Assets/Layer Lab/GUI Pro-FantasyRPG/Prefabs/Prefabs_Component_Buttons/Button_Circle01-Group.prefab
  artifactKey: Guid(c1416f6d45d65495c864f7bd344f39ae) Importer(815301076,1909f56bfc062723c751e8b465ee728b)
Start importing Assets/Quan/Assets/Layer Lab/GUI Pro-FantasyRPG/Prefabs/Prefabs_Component_Buttons/Button_Circle01-Group.prefab using Guid(c1416f6d45d65495c864f7bd344f39ae) Importer(815301076,1909f56bfc062723c751e8b465ee728b) [PhysX] Initialized MultithreadedTaskDispatcher with 12 workers.
 -> (artifact id: 'e9d74c05d17df88b1ff6599e9cfa3d2c') in 0.116863 seconds
Number of updated asset objects reloaded before import = 0
Number of asset objects unloaded after import = 109
========================================================================
Received Import Request.
  Time since last request: 0.000026 seconds.
  path: Assets/Quan/Assets/Layer Lab/GUI Pro-FantasyRPG/Prefabs/Prefabs_Component_Buttons/Button_Circle01_Blue.prefab
  artifactKey: Guid(1b5c3342956ea4f2391c4e10ce034478) Importer(815301076,1909f56bfc062723c751e8b465ee728b)
Start importing Assets/Quan/Assets/Layer Lab/GUI Pro-FantasyRPG/Prefabs/Prefabs_Component_Buttons/Button_Circle01_Blue.prefab using Guid(1b5c3342956ea4f2391c4e10ce034478) Importer(815301076,1909f56bfc062723c751e8b465ee728b) [PhysX] Initialized MultithreadedTaskDispatcher with 12 workers.
 -> (artifact id: '3ac4a2957279bc9965d55294d4416fa4') in 0.013070 seconds
Number of updated asset objects reloaded before import = 0
Number of asset objects unloaded after import = 15
========================================================================
Received Import Request.
  Time since last request: 0.000030 seconds.
  path: Assets/Quan/Assets/Layer Lab/GUI Pro-FantasyRPG/Prefabs/Prefabs_Component_Buttons/Button_Circle01_Purple.prefab
  artifactKey: Guid(87f0c6aa9b85045efb55b6f6ad1df416) Importer(815301076,1909f56bfc062723c751e8b465ee728b)
Start importing Assets/Quan/Assets/Layer Lab/GUI Pro-FantasyRPG/Prefabs/Prefabs_Component_Buttons/Button_Circle01_Purple.prefab using Guid(87f0c6aa9b85045efb55b6f6ad1df416) Importer(815301076,1909f56bfc062723c751e8b465ee728b) [PhysX] Initialized MultithreadedTaskDispatcher with 12 workers.
 -> (artifact id: '8517943ec19ab7c7567c1f302103b492') in 0.013691 seconds
Number of updated asset objects reloaded before import = 0
Number of asset objects unloaded after import = 15
========================================================================
Received Import Request.
  Time since last request: 0.000023 seconds.
  path: Assets/Quan/Assets/Layer Lab/GUI Pro-FantasyRPG/Prefabs/Prefabs_Component_Buttons/Button_Circle01_Gray.prefab
  artifactKey: Guid(9d89c20d058fc4b1abfb0c4a398836eb) Importer(815301076,1909f56bfc062723c751e8b465ee728b)
Start importing Assets/Quan/Assets/Layer Lab/GUI Pro-FantasyRPG/Prefabs/Prefabs_Component_Buttons/Button_Circle01_Gray.prefab using Guid(9d89c20d058fc4b1abfb0c4a398836eb) Importer(815301076,1909f56bfc062723c751e8b465ee728b) [PhysX] Initialized MultithreadedTaskDispatcher with 12 workers.
 -> (artifact id: '7bb25fc4bb98e7cb62e7c3fdb22a2c92') in 0.013103 seconds
Number of updated asset objects reloaded before import = 0
Number of asset objects unloaded after import = 15
========================================================================
Received Import Request.
  Time since last request: 0.000038 seconds.
  path: Assets/Quan/Assets/Layer Lab/GUI Pro-FantasyRPG/Prefabs/Prefabs_Component_Buttons/Button_Circle01_Green.prefab
  artifactKey: Guid(abc2d5e23e86f4587b4e10b38c668f34) Importer(815301076,1909f56bfc062723c751e8b465ee728b)
Start importing Assets/Quan/Assets/Layer Lab/GUI Pro-FantasyRPG/Prefabs/Prefabs_Component_Buttons/Button_Circle01_Green.prefab using Guid(abc2d5e23e86f4587b4e10b38c668f34) Importer(815301076,1909f56bfc062723c751e8b465ee728b) [PhysX] Initialized MultithreadedTaskDispatcher with 12 workers.
 -> (artifact id: '37552c14cda67aa7cc97570db6f784fa') in 0.015025 seconds
Number of updated asset objects reloaded before import = 0
Number of asset objects unloaded after import = 15
========================================================================
Received Import Request.
  Time since last request: 30.864438 seconds.
  path: Assets/Quan/Assets/Layer Lab/GUI Pro-FantasyRPG/ResourcesData/Sprites/Component/Button/Button_Rectangle_01_Convex_Blue.Png
  artifactKey: Guid(6900647849bf74c2daec9082ae11cc1c) Importer(815301076,1909f56bfc062723c751e8b465ee728b)
Start importing Assets/Quan/Assets/Layer Lab/GUI Pro-FantasyRPG/ResourcesData/Sprites/Component/Button/Button_Rectangle_01_Convex_Blue.Png using Guid(6900647849bf74c2daec9082ae11cc1c) Importer(815301076,1909f56bfc062723c751e8b465ee728b) [PhysX] Initialized MultithreadedTaskDispatcher with 12 workers.
[PhysX] Initialized MultithreadedTaskDispatcher with 12 workers.
 -> (artifact id: '3dbb2cf09ec184fbdb98fa550f324b4d') in 0.022723 seconds
Number of updated asset objects reloaded before import = 0
Number of asset objects unloaded after import = 3
========================================================================
Received Import Request.
  Time since last request: 0.000023 seconds.
  path: Assets/Quan/Assets/Layer Lab/GUI Pro-FantasyRPG/ResourcesData/Sprites/Component/Button/Button_Rectangle_01_Convex_Dark.Png
  artifactKey: Guid(bf59ce9145cd842ffb1a897977f5200f) Importer(815301076,1909f56bfc062723c751e8b465ee728b)
Start importing Assets/Quan/Assets/Layer Lab/GUI Pro-FantasyRPG/ResourcesData/Sprites/Component/Button/Button_Rectangle_01_Convex_Dark.Png using Guid(bf59ce9145cd842ffb1a897977f5200f) Importer(815301076,1909f56bfc062723c751e8b465ee728b) [PhysX] Initialized MultithreadedTaskDispatcher with 12 workers.
[PhysX] Initialized MultithreadedTaskDispatcher with 12 workers.
 -> (artifact id: '02396e4cd5f72159c83482b615b0e129') in 0.021286 seconds
Number of updated asset objects reloaded before import = 0
Number of asset objects unloaded after import = 3
========================================================================
Received Import Request.
  Time since last request: 0.000027 seconds.
  path: Assets/Quan/Assets/Layer Lab/GUI Pro-FantasyRPG/ResourcesData/Sprites/Component/Button/Button_Rectangle_01_Convex_White_Bg.png
  artifactKey: Guid(30a0920976a1948609b74aec0c82e21f) Importer(815301076,1909f56bfc062723c751e8b465ee728b)
Start importing Assets/Quan/Assets/Layer Lab/GUI Pro-FantasyRPG/ResourcesData/Sprites/Component/Button/Button_Rectangle_01_Convex_White_Bg.png using Guid(30a0920976a1948609b74aec0c82e21f) Importer(815301076,1909f56bfc062723c751e8b465ee728b) [PhysX] Initialized MultithreadedTaskDispatcher with 12 workers.
[PhysX] Initialized MultithreadedTaskDispatcher with 12 workers.
 -> (artifact id: 'b12ede411ce7f381d4b94f9a339af2bd') in 0.020179 seconds
Number of updated asset objects reloaded before import = 0
Number of asset objects unloaded after import = 3
========================================================================
Received Import Request.
  Time since last request: 0.000021 seconds.
  path: Assets/Quan/Assets/Layer Lab/GUI Pro-FantasyRPG/ResourcesData/Sprites/Component/Button/Button_Rectangle_01_Convex_Gray.Png
  artifactKey: Guid(2dd4604925f264cb1990818641361190) Importer(815301076,1909f56bfc062723c751e8b465ee728b)
Start importing Assets/Quan/Assets/Layer Lab/GUI Pro-FantasyRPG/ResourcesData/Sprites/Component/Button/Button_Rectangle_01_Convex_Gray.Png using Guid(2dd4604925f264cb1990818641361190) Importer(815301076,1909f56bfc062723c751e8b465ee728b) [PhysX] Initialized MultithreadedTaskDispatcher with 12 workers.
[PhysX] Initialized MultithreadedTaskDispatcher with 12 workers.
 -> (artifact id: '763482fd25bc1635edca9c3743585b81') in 0.020393 seconds
Number of updated asset objects reloaded before import = 0
Number of asset objects unloaded after import = 3
========================================================================
Received Import Request.
  Time since last request: 0.000025 seconds.
  path: Assets/Quan/Assets/Layer Lab/GUI Pro-FantasyRPG/ResourcesData/Sprites/Component/Button/Button_Rectangle_01_Convex_White_Gradient.png
  artifactKey: Guid(c1b0c09d68c0641b08bca1277842f8fc) Importer(815301076,1909f56bfc062723c751e8b465ee728b)
Start importing Assets/Quan/Assets/Layer Lab/GUI Pro-FantasyRPG/ResourcesData/Sprites/Component/Button/Button_Rectangle_01_Convex_White_Gradient.png using Guid(c1b0c09d68c0641b08bca1277842f8fc) Importer(815301076,1909f56bfc062723c751e8b465ee728b) [PhysX] Initialized MultithreadedTaskDispatcher with 12 workers.
[PhysX] Initialized MultithreadedTaskDispatcher with 12 workers.
 -> (artifact id: 'e2497d1d36edeacaa4b555306662ade5') in 0.022129 seconds
Number of updated asset objects reloaded before import = 0
Number of asset objects unloaded after import = 3
========================================================================
Received Import Request.
  Time since last request: 0.000025 seconds.
  path: Assets/Quan/Assets/Layer Lab/GUI Pro-FantasyRPG/ResourcesData/Sprites/Component/Button/Button_Rectangle_01_Convex_Yellow.Png
  artifactKey: Guid(ae9f8677ca3c24a7c80d7217a941f886) Importer(815301076,1909f56bfc062723c751e8b465ee728b)
Start importing Assets/Quan/Assets/Layer Lab/GUI Pro-FantasyRPG/ResourcesData/Sprites/Component/Button/Button_Rectangle_01_Convex_Yellow.Png using Guid(ae9f8677ca3c24a7c80d7217a941f886) Importer(815301076,1909f56bfc062723c751e8b465ee728b) [PhysX] Initialized MultithreadedTaskDispatcher with 12 workers.
[PhysX] Initialized MultithreadedTaskDispatcher with 12 workers.
 -> (artifact id: '32be991dc75d981b7462c1d5eec01ae4') in 0.019438 seconds
Number of updated asset objects reloaded before import = 0
Number of asset objects unloaded after import = 3
========================================================================
Received Import Request.
  Time since last request: 0.000021 seconds.
  path: Assets/Quan/Assets/Layer Lab/GUI Pro-FantasyRPG/ResourcesData/Sprites/Component/Button/Button_Rectangle_01_Convex_White_Light.png
  artifactKey: Guid(fd3a5facdc117446f8ce7e4917c6f57f) Importer(815301076,1909f56bfc062723c751e8b465ee728b)
Start importing Assets/Quan/Assets/Layer Lab/GUI Pro-FantasyRPG/ResourcesData/Sprites/Component/Button/Button_Rectangle_01_Convex_White_Light.png using Guid(fd3a5facdc117446f8ce7e4917c6f57f) Importer(815301076,1909f56bfc062723c751e8b465ee728b) [PhysX] Initialized MultithreadedTaskDispatcher with 12 workers.
[PhysX] Initialized MultithreadedTaskDispatcher with 12 workers.
 -> (artifact id: '4f3c47e045900b03ef0f6804dcc5b72c') in 0.020295 seconds
Number of updated asset objects reloaded before import = 0
Number of asset objects unloaded after import = 3
Editor requested this worker to shutdown with reason: Scaling down because of idle timeout
TcpMessagingSession - receive error: operation aborted. errorcode: 995, details: The I/O operation has been aborted because of either a thread exit or an application request.
AssetImportWorker is now disconnected from the server
Process exiting
Exiting without the bug reporter. Application will terminate with return code 0