Using pre-set license
Built from '2022.3/respin/2022.3.62f2-4af31df585-v2' branch; Version is '2022.3.62f3 (96770f904ca7) revision 9860879'; Using compiler version '192829333'; Build Type 'Release'
OS: 'Windows 11  (10.0.26200) 64bit CoreSingleLanguage' Language: 'vi' Physical Memory: 16163 MB
BatchMode: 1, IsHumanControllingUs: 0, StartBugReporterOnCrash: 0, Is64bit: 1, IsPro: 1

COMMAND LINE ARGUMENTS:
C:\Program Files\Unity\Hub\Editor\2022.3.62f3\Editor\Unity.exe
-adb2
-batchMode
-noUpm
-name
AssetImportWorker11
-projectPath
D:/DN/UNITY/Dungeon-Seeker
-logFile
Logs/AssetImportWorker11.log
-srvPort
62792
Successfully changed project path to: D:/DN/UNITY/Dungeon-Seeker
D:/DN/UNITY/Dungeon-Seeker
[UnityMemory] Configuration Parameters - Can be set up in boot.config
    "memorysetup-bucket-allocator-granularity=16"
    "memorysetup-bucket-allocator-bucket-count=8"
    "memorysetup-bucket-allocator-block-size=33554432"
    "memorysetup-bucket-allocator-block-count=8"
    "memorysetup-main-allocator-block-size=16777216"
    "memorysetup-thread-allocator-block-size=16777216"
    "memorysetup-gfx-main-allocator-block-size=16777216"
    "memorysetup-gfx-thread-allocator-block-size=16777216"
    "memorysetup-cache-allocator-block-size=4194304"
    "memorysetup-typetree-allocator-block-size=2097152"
    "memorysetup-profiler-bucket-allocator-granularity=16"
    "memorysetup-profiler-bucket-allocator-bucket-count=8"
    "memorysetup-profiler-bucket-allocator-block-size=33554432"
    "memorysetup-profiler-bucket-allocator-block-count=8"
    "memorysetup-profiler-allocator-block-size=16777216"
    "memorysetup-profiler-editor-allocator-block-size=1048576"
    "memorysetup-temp-allocator-size-main=16777216"
    "memorysetup-job-temp-allocator-block-size=2097152"
    "memorysetup-job-temp-allocator-block-size-background=1048576"
    "memorysetup-job-temp-allocator-reduction-small-platforms=262144"
    "memorysetup-allocator-temp-initial-block-size-main=262144"
    "memorysetup-allocator-temp-initial-block-size-worker=262144"
    "memorysetup-temp-allocator-size-background-worker=32768"
    "memorysetup-temp-allocator-size-job-worker=262144"
    "memorysetup-temp-allocator-size-preload-manager=33554432"
    "memorysetup-temp-allocator-size-nav-mesh-worker=65536"
    "memorysetup-temp-allocator-size-audio-worker=65536"
    "memorysetup-temp-allocator-size-cloud-worker=32768"
    "memorysetup-temp-allocator-size-gi-baking-worker=262144"
    "memorysetup-temp-allocator-size-gfx=262144"
Player connection [27308]  Target information:

Player connection [27308]  * "[IP] 26.253.110.139 [Port] 0 [Flags] 2 [Guid] 3896524372 [EditorId] 3896524372 [Version] 1048832 [Id] WindowsEditor(7,GIGABYTE_G5) [Debug] 1 [PackageName] WindowsEditor [ProjectName] Editor" 

Player connection [27308]  * "[IP] 192.168.100.100 [Port] 0 [Flags] 2 [Guid] 3896524372 [EditorId] 3896524372 [Version] 1048832 [Id] WindowsEditor(7,GIGABYTE_G5) [Debug] 1 [PackageName] WindowsEditor [ProjectName] Editor" 

Player connection [27308] Host joined multi-casting on [225.0.0.222:54997]...
Player connection [27308] Host joined alternative multi-casting on [225.0.0.222:34997]...
Input System module state changed to: Initialized.
[PhysX] Initialized MultithreadedTaskDispatcher with 12 workers.
Refreshing native plugins compatible for Editor in 4.64 ms, found 1 plugins.
Preloading 0 native plugins for Editor in 0.00 ms.
Initialize engine version: 2022.3.62f3 (96770f904ca7)
[Subsystems] Discovering subsystems at path C:/Program Files/Unity/Hub/Editor/2022.3.62f3/Editor/Data/Resources/UnitySubsystems
[Subsystems] Discovering subsystems at path D:/DN/UNITY/Dungeon-Seeker/Assets
GfxDevice: creating device client; threaded=0; jobified=0
Direct3D:
    Version:  Direct3D 11.0 [level 11.1]
    Renderer: NVIDIA GeForce RTX 3050 Laptop GPU (ID=0x25a2)
    Vendor:   NVIDIA
    VRAM:     3962 MB
    Driver:   32.0.15.9186
Initialize mono
Mono path[0] = 'C:/Program Files/Unity/Hub/Editor/2022.3.62f3/Editor/Data/Managed'
Mono path[1] = 'C:/Program Files/Unity/Hub/Editor/2022.3.62f3/Editor/Data/MonoBleedingEdge/lib/mono/unityjit-win32'
Mono config path = 'C:/Program Files/Unity/Hub/Editor/2022.3.62f3/Editor/Data/MonoBleedingEdge/etc'
Using monoOptions --debugger-agent=transport=dt_socket,embedding=1,server=y,suspend=n,address=127.0.0.1:56584
Begin MonoManager ReloadAssembly
Registering precompiled unity dll's ...
Register platform support module: C:/Program Files/Unity/Hub/Editor/2022.3.62f3/Editor/Data/PlaybackEngines/AndroidPlayer/UnityEditor.Android.Extensions.dll
Register platform support module: C:/Program Files/Unity/Hub/Editor/2022.3.62f3/Editor/Data/PlaybackEngines/WindowsStandaloneSupport/UnityEditor.WindowsStandalone.Extensions.dll
Registered in 0.014499 seconds.
- Loaded All Assemblies, in  0.401 seconds
Native extension for WindowsStandalone target not found
Native extension for Android target not found
Android Extension - Scanning For ADB Devices 264 ms
Mono: successfully reloaded assembly
- Finished resetting the current domain, in  0.549 seconds
Domain Reload Profiling: 949ms
	BeginReloadAssembly (117ms)
		ExecutionOrderSort (0ms)
		DisableScriptedObjects (0ms)
		BackupInstance (0ms)
		ReleaseScriptingObjects (0ms)
		CreateAndSetChildDomain (1ms)
	RebuildCommonClasses (36ms)
	RebuildNativeTypeToScriptingClass (11ms)
	initialDomainReloadingComplete (67ms)
	LoadAllAssembliesAndSetupDomain (167ms)
		LoadAssemblies (115ms)
		RebuildTransferFunctionScriptingTraits (0ms)
		AnalyzeDomain (165ms)
			TypeCache.Refresh (163ms)
				TypeCache.ScanAssembly (149ms)
			ScanForSourceGeneratedMonoScriptInfo (0ms)
			ResolveRequiredComponents (0ms)
	FinalizeReload (550ms)
		ReleaseScriptCaches (0ms)
		RebuildScriptCaches (0ms)
		SetupLoadedEditorAssemblies (506ms)
			LogAssemblyErrors (0ms)
			InitializePlatformSupportModulesInManaged (342ms)
			SetLoadedEditorAssemblies (4ms)
			RefreshPlugins (0ms)
			BeforeProcessingInitializeOnLoad (2ms)
			ProcessInitializeOnLoadAttributes (112ms)
			ProcessInitializeOnLoadMethodAttributes (46ms)
			AfterProcessingInitializeOnLoad (0ms)
			EditorAssembliesLoaded (0ms)
		ExecutionOrderSort2 (0ms)
		AwakeInstancesAfterBackupRestoration (0ms)
========================================================================
Worker process is ready to serve import requests
Caller must complete domain reload
Begin MonoManager ReloadAssembly
- Loaded All Assemblies, in  0.601 seconds
Native extension for WindowsStandalone target not found
Native extension for Android target not found
Mono: successfully reloaded assembly
- Finished resetting the current domain, in  0.690 seconds
Domain Reload Profiling: 1289ms
	BeginReloadAssembly (156ms)
		ExecutionOrderSort (0ms)
		DisableScriptedObjects (6ms)
		BackupInstance (0ms)
		ReleaseScriptingObjects (0ms)
		CreateAndSetChildDomain (28ms)
	RebuildCommonClasses (36ms)
	RebuildNativeTypeToScriptingClass (10ms)
	initialDomainReloadingComplete (44ms)
	LoadAllAssembliesAndSetupDomain (352ms)
		LoadAssemblies (264ms)
		RebuildTransferFunctionScriptingTraits (0ms)
		AnalyzeDomain (167ms)
			TypeCache.Refresh (119ms)
				TypeCache.ScanAssembly (106ms)
			ScanForSourceGeneratedMonoScriptInfo (29ms)
			ResolveRequiredComponents (17ms)
	FinalizeReload (691ms)
		ReleaseScriptCaches (0ms)
		RebuildScriptCaches (0ms)
		SetupLoadedEditorAssemblies (519ms)
			LogAssemblyErrors (0ms)
			InitializePlatformSupportModulesInManaged (28ms)
			SetLoadedEditorAssemblies (5ms)
			RefreshPlugins (0ms)
			BeforeProcessingInitializeOnLoad (109ms)
			ProcessInitializeOnLoadAttributes (281ms)
			ProcessInitializeOnLoadMethodAttributes (89ms)
			AfterProcessingInitializeOnLoad (7ms)
			EditorAssembliesLoaded (0ms)
		ExecutionOrderSort2 (0ms)
		AwakeInstancesAfterBackupRestoration (6ms)
Launched and connected shader compiler UnityShaderCompiler.exe after 0.05 seconds
Refreshing native plugins compatible for Editor in 2.43 ms, found 1 plugins.
Preloading 0 native plugins for Editor in 0.00 ms.
Unloading 3777 Unused Serialized files (Serialized files now loaded: 0)
Unloading 37 unused Assets / (414.3 KB). Loaded Objects now: 4258.
Memory consumption went from 194.2 MB to 193.8 MB.
Total: 3.632000 ms (FindLiveObjects: 0.327600 ms CreateObjectMapping: 0.117500 ms MarkObjects: 2.947000 ms  DeleteObjects: 0.238600 ms)

AssetImportParameters requested are different than current active one (requested -> active):
  custom:scripting/monoscript/fileName/UIParticleSystem.cs: 75704037c35ba7eeff779d77cdf4ef02 -> ae9d428231ed39e0620c5c4869aebe89
  custom:container-demuxer-ogg: 62fdf1f143b41e24485cea50d1cbac27 -> 
  custom:video-codec-MediaFoundation-h265: 746d11721c4dcdbdad8f713fa42b33f4 -> 
  custom:video-decoder-ogg-theora: a1e56fd34408186e4bbccfd4996cb3dc -> 
  custom:framework-win-MediaFoundation: 216162199b28c13a410421893ffa2e32 -> 
  custom:CustomObjectIndexerAttribute: 72b91833f83ae208fae7752999fa3104 -> 
  custom:container-demuxer-webm: 4f35f7cbe854078d1ac9338744f61a02 -> 
  custom:scripting/monoscript/fileName/PanelView.cs: 6691c2d35e5e4bfaf63d481d72d2130a -> d2deaee66b7a61da10ffeed4fd8cb200
  custom:container-muxer-webm: aa71ff27fc2769a1b78a27578f13a17b -> 
  custom:video-decoder-webm-vp8: 9c59270c3fd7afecdb556c50c9e8de78 -> 
  custom:scripting/monoscript/fileName/PanelControl.cs: a3041f590ce3bb9956463a52f741e4df -> 02e56fdb1f44a3296f5290b5dcaa9121
  custom:SearchIndexIgnoredProperties: e643bd26f0fe6173181afceb89e7c659 -> 
  custom:AudioImporter_EditorPlatform: d09bf68614088b80899f8185d706f6e7 -> 
  custom:video-encoder-webm-vp8: eb34c28f22e8b96e1ab97ce403110664 -> 
  custom:audio-decoder-ogg-vorbis: bf7c407c2cedff20999df2af8eb42d56 -> 
  custom:audio-encoder-webm-vorbis: bf7c407c2cedff20999df2af8eb42d56 -> 
========================================================================
Received Import Request.
  Time since last request: 53488.621840 seconds.
  path: Assets/IMG/Khoi/logo/5.png
  artifactKey: Guid(e1fca17b852c38a4cacd9b4209a647f5) Importer(815301076,1909f56bfc062723c751e8b465ee728b)
Start importing Assets/IMG/Khoi/logo/5.png using Guid(e1fca17b852c38a4cacd9b4209a647f5) Importer(815301076,1909f56bfc062723c751e8b465ee728b) [PhysX] Initialized MultithreadedTaskDispatcher with 12 workers.
[PhysX] Initialized MultithreadedTaskDispatcher with 12 workers.
 -> (artifact id: '427f64786bcb469828768ad8b799f9f9') in 0.108718 seconds
Number of updated asset objects reloaded before import = 0
Number of asset objects unloaded after import = 3
========================================================================
Received Import Request.
  Time since last request: 0.222665 seconds.
  path: Assets/IMG/GUI/Border and Panels Menu Part 1/06 Border 01.png
  artifactKey: Guid(8d7fd5949a6e7b4459e50d881be3ce2a) Importer(815301076,1909f56bfc062723c751e8b465ee728b)
Start importing Assets/IMG/GUI/Border and Panels Menu Part 1/06 Border 01.png using Guid(8d7fd5949a6e7b4459e50d881be3ce2a) Importer(815301076,1909f56bfc062723c751e8b465ee728b) [PhysX] Initialized MultithreadedTaskDispatcher with 12 workers.
[PhysX] Initialized MultithreadedTaskDispatcher with 12 workers.
 -> (artifact id: 'c28f7f3fc3ad4b09abf79924f7d8ebe8') in 0.011294 seconds
Number of updated asset objects reloaded before import = 0
Number of asset objects unloaded after import = 3
========================================================================
Received Import Request.
  Time since last request: 1.466927 seconds.
  path: Assets/IMG/GUI/Border and Panels Menu Part 1/07 Border 01.png
  artifactKey: Guid(3e66a72e851b4c6439e0904cfcd45b86) Importer(815301076,1909f56bfc062723c751e8b465ee728b)
Start importing Assets/IMG/GUI/Border and Panels Menu Part 1/07 Border 01.png using Guid(3e66a72e851b4c6439e0904cfcd45b86) Importer(815301076,1909f56bfc062723c751e8b465ee728b) [PhysX] Initialized MultithreadedTaskDispatcher with 12 workers.
[PhysX] Initialized MultithreadedTaskDispatcher with 12 workers.
 -> (artifact id: '6d29e15db99b900ad9027ca9f592c5da') in 0.011028 seconds
Number of updated asset objects reloaded before import = 0
Number of asset objects unloaded after import = 3
========================================================================
Received Import Request.
  Time since last request: 2.158641 seconds.
  path: Assets/IMG/Khoi/map1/Aseprite/08-Bomb.aseprite
  artifactKey: Guid(375ff270fee4f8c4cb8ef663280dce43) Importer(815301076,1909f56bfc062723c751e8b465ee728b)
Start importing Assets/IMG/Khoi/map1/Aseprite/08-Bomb.aseprite using Guid(375ff270fee4f8c4cb8ef663280dce43) Importer(815301076,1909f56bfc062723c751e8b465ee728b) [PhysX] Initialized MultithreadedTaskDispatcher with 12 workers.
[PhysX] Initialized MultithreadedTaskDispatcher with 12 workers.
[PhysX] Initialized MultithreadedTaskDispatcher with 12 workers.
 -> (artifact id: '0840e640c89c09a155acfbf4f88b3cac') in 0.240345 seconds
Number of updated asset objects reloaded before import = 0
Number of asset objects unloaded after import = 45
========================================================================
Received Import Request.
  Time since last request: 0.054062 seconds.
  path: Assets/IMG/Khoi/map1/Aseprite/09-Box.aseprite
  artifactKey: Guid(75c8f9f9d0dfa7b4cb6da6600bbf795b) Importer(815301076,1909f56bfc062723c751e8b465ee728b)
Start importing Assets/IMG/Khoi/map1/Aseprite/09-Box.aseprite using Guid(75c8f9f9d0dfa7b4cb6da6600bbf795b) Importer(815301076,1909f56bfc062723c751e8b465ee728b) [PhysX] Initialized MultithreadedTaskDispatcher with 12 workers.
[PhysX] Initialized MultithreadedTaskDispatcher with 12 workers.
[PhysX] Initialized MultithreadedTaskDispatcher with 12 workers.
 -> (artifact id: 'd74b917f4b14867eae8da2c2330f5eb7') in 0.025358 seconds
Number of updated asset objects reloaded before import = 0
Number of asset objects unloaded after import = 17
========================================================================
Received Import Request.
  Time since last request: 32.761262 seconds.
  path: Assets/IMG/Player/sword sprite/Iicon_32_03.png
  artifactKey: Guid(271142ed0e686934684a0bcb9593cece) Importer(815301076,1909f56bfc062723c751e8b465ee728b)
Start importing Assets/IMG/Player/sword sprite/Iicon_32_03.png using Guid(271142ed0e686934684a0bcb9593cece) Importer(815301076,1909f56bfc062723c751e8b465ee728b) [PhysX] Initialized MultithreadedTaskDispatcher with 12 workers.
[PhysX] Initialized MultithreadedTaskDispatcher with 12 workers.
 -> (artifact id: '296166effd31b447c87b19155b70286d') in 0.011464 seconds
Number of updated asset objects reloaded before import = 0
Number of asset objects unloaded after import = 3
========================================================================
Received Import Request.
  Time since last request: 0.000023 seconds.
  path: Assets/IMG/Player/sword sprite/Iicon_32_16.png
  artifactKey: Guid(46cd615e3aa490c44b1f7fa646ae6d34) Importer(815301076,1909f56bfc062723c751e8b465ee728b)
Start importing Assets/IMG/Player/sword sprite/Iicon_32_16.png using Guid(46cd615e3aa490c44b1f7fa646ae6d34) Importer(815301076,1909f56bfc062723c751e8b465ee728b) [PhysX] Initialized MultithreadedTaskDispatcher with 12 workers.
[PhysX] Initialized MultithreadedTaskDispatcher with 12 workers.
 -> (artifact id: '622a057f1832b0c9e6634c09204de6ae') in 0.009223 seconds
Number of updated asset objects reloaded before import = 0
Number of asset objects unloaded after import = 3
========================================================================
Received Import Request.
  Time since last request: 0.000021 seconds.
  path: Assets/IMG/Player/sword sprite/Iicon_32_17.png
  artifactKey: Guid(6fc776f47679a1e42bfdad54aa23d689) Importer(815301076,1909f56bfc062723c751e8b465ee728b)
Start importing Assets/IMG/Player/sword sprite/Iicon_32_17.png using Guid(6fc776f47679a1e42bfdad54aa23d689) Importer(815301076,1909f56bfc062723c751e8b465ee728b) [PhysX] Initialized MultithreadedTaskDispatcher with 12 workers.
[PhysX] Initialized MultithreadedTaskDispatcher with 12 workers.
 -> (artifact id: 'f49e41f7a6fe5ad05531bc287131d435') in 0.009556 seconds
Number of updated asset objects reloaded before import = 0
Number of asset objects unloaded after import = 3
========================================================================
Received Import Request.
  Time since last request: 0.000020 seconds.
  path: Assets/IMG/Player/sword sprite/Iicon_32_18.png
  artifactKey: Guid(9af04a16de5e74e4480d9da44c4de209) Importer(815301076,1909f56bfc062723c751e8b465ee728b)
Start importing Assets/IMG/Player/sword sprite/Iicon_32_18.png using Guid(9af04a16de5e74e4480d9da44c4de209) Importer(815301076,1909f56bfc062723c751e8b465ee728b) [PhysX] Initialized MultithreadedTaskDispatcher with 12 workers.
[PhysX] Initialized MultithreadedTaskDispatcher with 12 workers.
 -> (artifact id: '596056dcc2a86d4b43d1679992235d55') in 0.009029 seconds
Number of updated asset objects reloaded before import = 0
Number of asset objects unloaded after import = 3
========================================================================
Received Import Request.
  Time since last request: 0.000028 seconds.
  path: Assets/IMG/Player/sword sprite/Iicon_32_08.png
  artifactKey: Guid(24f0707f7a0d66e48a5aa2dc3a709cf0) Importer(815301076,1909f56bfc062723c751e8b465ee728b)
Start importing Assets/IMG/Player/sword sprite/Iicon_32_08.png using Guid(24f0707f7a0d66e48a5aa2dc3a709cf0) Importer(815301076,1909f56bfc062723c751e8b465ee728b) [PhysX] Initialized MultithreadedTaskDispatcher with 12 workers.
[PhysX] Initialized MultithreadedTaskDispatcher with 12 workers.
 -> (artifact id: '3c66b2e9692d27b112eec1b14cc7c5d8') in 0.008924 seconds
Number of updated asset objects reloaded before import = 0
Number of asset objects unloaded after import = 3
========================================================================
Received Import Request.
  Time since last request: 5.087446 seconds.
  path: Assets/IMG/Player/Bow Attack/Individual Sprites/adventurer-bow-02.png
  artifactKey: Guid(0728b045e5857c54da67c49b64784cbe) Importer(815301076,1909f56bfc062723c751e8b465ee728b)
Start importing Assets/IMG/Player/Bow Attack/Individual Sprites/adventurer-bow-02.png using Guid(0728b045e5857c54da67c49b64784cbe) Importer(815301076,1909f56bfc062723c751e8b465ee728b) [PhysX] Initialized MultithreadedTaskDispatcher with 12 workers.
[PhysX] Initialized MultithreadedTaskDispatcher with 12 workers.
 -> (artifact id: '9f1f64deabfa3282ef0b707e31c51d84') in 0.010825 seconds
Number of updated asset objects reloaded before import = 0
Number of asset objects unloaded after import = 3
========================================================================
Received Import Request.
  Time since last request: 0.000019 seconds.
  path: Assets/IMG/Player/Bow Attack/Individual Sprites/adventurer-bow-06.png
  artifactKey: Guid(c1d835ceb112e7e4fbaa80006ac7498e) Importer(815301076,1909f56bfc062723c751e8b465ee728b)
Start importing Assets/IMG/Player/Bow Attack/Individual Sprites/adventurer-bow-06.png using Guid(c1d835ceb112e7e4fbaa80006ac7498e) Importer(815301076,1909f56bfc062723c751e8b465ee728b) [PhysX] Initialized MultithreadedTaskDispatcher with 12 workers.
[PhysX] Initialized MultithreadedTaskDispatcher with 12 workers.
 -> (artifact id: '1c21a426f2eefe303b32dc40743af08b') in 0.009499 seconds
Number of updated asset objects reloaded before import = 0
Number of asset objects unloaded after import = 3
========================================================================
Received Import Request.
  Time since last request: 0.000022 seconds.
  path: Assets/IMG/Player/Bow Attack/Individual Sprites/adventurer-bow-jump-01.png
  artifactKey: Guid(1066073702cf6154c8baf95667e4abdf) Importer(815301076,1909f56bfc062723c751e8b465ee728b)
Start importing Assets/IMG/Player/Bow Attack/Individual Sprites/adventurer-bow-jump-01.png using Guid(1066073702cf6154c8baf95667e4abdf) Importer(815301076,1909f56bfc062723c751e8b465ee728b) [PhysX] Initialized MultithreadedTaskDispatcher with 12 workers.
[PhysX] Initialized MultithreadedTaskDispatcher with 12 workers.
 -> (artifact id: '5597e937aaefca97cd7c7ef352b7e843') in 0.009012 seconds
Number of updated asset objects reloaded before import = 0
Number of asset objects unloaded after import = 3
========================================================================
Received Import Request.
  Time since last request: 0.000025 seconds.
  path: Assets/IMG/Player/Bow Attack/Individual Sprites/adventurer-bow-jump-04.png
  artifactKey: Guid(f7f5182e2c4afd64eb1756981d44051f) Importer(815301076,1909f56bfc062723c751e8b465ee728b)
Start importing Assets/IMG/Player/Bow Attack/Individual Sprites/adventurer-bow-jump-04.png using Guid(f7f5182e2c4afd64eb1756981d44051f) Importer(815301076,1909f56bfc062723c751e8b465ee728b) [PhysX] Initialized MultithreadedTaskDispatcher with 12 workers.
[PhysX] Initialized MultithreadedTaskDispatcher with 12 workers.
 -> (artifact id: '1093ae1abd3e9672f1870b6a973d67fe') in 0.009405 seconds
Number of updated asset objects reloaded before import = 0
Number of asset objects unloaded after import = 3
========================================================================
Received Import Request.
  Time since last request: 2.046319 seconds.
  path: Assets/IMG/Player/Adventurer-1.5/Individual Sprites/adventurer-air-attack-3-end-02.png
  artifactKey: Guid(32a960b4d6583c947984abe1e1d679c3) Importer(815301076,1909f56bfc062723c751e8b465ee728b)
Start importing Assets/IMG/Player/Adventurer-1.5/Individual Sprites/adventurer-air-attack-3-end-02.png using Guid(32a960b4d6583c947984abe1e1d679c3) Importer(815301076,1909f56bfc062723c751e8b465ee728b) [PhysX] Initialized MultithreadedTaskDispatcher with 12 workers.
[PhysX] Initialized MultithreadedTaskDispatcher with 12 workers.
 -> (artifact id: '4dbdceb87c57f616fdf61fcd4d71220a') in 0.008233 seconds
Number of updated asset objects reloaded before import = 0
Number of asset objects unloaded after import = 3
========================================================================
Received Import Request.
  Time since last request: 0.000029 seconds.
  path: Assets/IMG/Player/Adventurer-1.5/Individual Sprites/adventurer-air-attack2-02.png
  artifactKey: Guid(1caa544ce29d79c4893d8b0663fcdd33) Importer(815301076,1909f56bfc062723c751e8b465ee728b)
Start importing Assets/IMG/Player/Adventurer-1.5/Individual Sprites/adventurer-air-attack2-02.png using Guid(1caa544ce29d79c4893d8b0663fcdd33) Importer(815301076,1909f56bfc062723c751e8b465ee728b) [PhysX] Initialized MultithreadedTaskDispatcher with 12 workers.
[PhysX] Initialized MultithreadedTaskDispatcher with 12 workers.
 -> (artifact id: 'd8981a7a812f27d36b5551d9ddd53720') in 0.008882 seconds
Number of updated asset objects reloaded before import = 0
Number of asset objects unloaded after import = 3
========================================================================
Received Import Request.
  Time since last request: 0.000023 seconds.
  path: Assets/IMG/Player/Adventurer-1.5/Individual Sprites/adventurer-attack1-00.png
  artifactKey: Guid(25d3d1104ffdad749a49f84a89a6cea3) Importer(815301076,1909f56bfc062723c751e8b465ee728b)
Start importing Assets/IMG/Player/Adventurer-1.5/Individual Sprites/adventurer-attack1-00.png using Guid(25d3d1104ffdad749a49f84a89a6cea3) Importer(815301076,1909f56bfc062723c751e8b465ee728b) [PhysX] Initialized MultithreadedTaskDispatcher with 12 workers.
[PhysX] Initialized MultithreadedTaskDispatcher with 12 workers.
 -> (artifact id: '22a4ae29dc9de8f88a97667846efe790') in 0.010762 seconds
Number of updated asset objects reloaded before import = 0
Number of asset objects unloaded after import = 3
========================================================================
Received Import Request.
  Time since last request: 0.000025 seconds.
  path: Assets/IMG/Player/Adventurer-1.5/Individual Sprites/adventurer-air-attack1-03.png
  artifactKey: Guid(0e7f2069c3a477f4c98e126780162305) Importer(815301076,1909f56bfc062723c751e8b465ee728b)
Start importing Assets/IMG/Player/Adventurer-1.5/Individual Sprites/adventurer-air-attack1-03.png using Guid(0e7f2069c3a477f4c98e126780162305) Importer(815301076,1909f56bfc062723c751e8b465ee728b) [PhysX] Initialized MultithreadedTaskDispatcher with 12 workers.
[PhysX] Initialized MultithreadedTaskDispatcher with 12 workers.
 -> (artifact id: '6a7d9161cb10e409652911534c980f0b') in 0.008761 seconds
Number of updated asset objects reloaded before import = 0
Number of asset objects unloaded after import = 3
========================================================================
Received Import Request.
  Time since last request: 0.000023 seconds.
  path: Assets/IMG/Player/Adventurer-1.5/Individual Sprites/adventurer-air-attack3-rdy-00.png
  artifactKey: Guid(1e03bdfb941cca24aae27fb11a3e5b65) Importer(815301076,1909f56bfc062723c751e8b465ee728b)
Start importing Assets/IMG/Player/Adventurer-1.5/Individual Sprites/adventurer-air-attack3-rdy-00.png using Guid(1e03bdfb941cca24aae27fb11a3e5b65) Importer(815301076,1909f56bfc062723c751e8b465ee728b) [PhysX] Initialized MultithreadedTaskDispatcher with 12 workers.
[PhysX] Initialized MultithreadedTaskDispatcher with 12 workers.
 -> (artifact id: '4ca2ad130e99416cd7ed55d56f77af48') in 0.009303 seconds
Number of updated asset objects reloaded before import = 0
Number of asset objects unloaded after import = 3
========================================================================
Received Import Request.
  Time since last request: 0.000032 seconds.
  path: Assets/IMG/Player/Adventurer-1.5/Individual Sprites/adventurer-attack1-03.png
  artifactKey: Guid(02b3a65b1009d4b488d56fd2aea5b161) Importer(815301076,1909f56bfc062723c751e8b465ee728b)
Start importing Assets/IMG/Player/Adventurer-1.5/Individual Sprites/adventurer-attack1-03.png using Guid(02b3a65b1009d4b488d56fd2aea5b161) Importer(815301076,1909f56bfc062723c751e8b465ee728b) [PhysX] Initialized MultithreadedTaskDispatcher with 12 workers.
[PhysX] Initialized MultithreadedTaskDispatcher with 12 workers.
 -> (artifact id: '76b9ca6642ea5500eb406a324e17c81e') in 0.008186 seconds
Number of updated asset objects reloaded before import = 0
Number of asset objects unloaded after import = 3
========================================================================
Received Import Request.
  Time since last request: 4.415289 seconds.
  path: Assets/IMG/Player/sword sprite/Iicon_32_25.png
  artifactKey: Guid(454b5a8fdd1eb0c41aa2ff70ae3a7569) Importer(815301076,1909f56bfc062723c751e8b465ee728b)
Start importing Assets/IMG/Player/sword sprite/Iicon_32_25.png using Guid(454b5a8fdd1eb0c41aa2ff70ae3a7569) Importer(815301076,1909f56bfc062723c751e8b465ee728b) [PhysX] Initialized MultithreadedTaskDispatcher with 12 workers.
[PhysX] Initialized MultithreadedTaskDispatcher with 12 workers.
 -> (artifact id: '29ed3b6741fba8c9906a1938ab622d54') in 0.008960 seconds
Number of updated asset objects reloaded before import = 0
Number of asset objects unloaded after import = 3
========================================================================
Received Import Request.
  Time since last request: 0.000020 seconds.
  path: Assets/IMG/Player/sword sprite/Iicon_32_28.png
  artifactKey: Guid(ca4386c00b8ab894eb5538c2430bbdb4) Importer(815301076,1909f56bfc062723c751e8b465ee728b)
Start importing Assets/IMG/Player/sword sprite/Iicon_32_28.png using Guid(ca4386c00b8ab894eb5538c2430bbdb4) Importer(815301076,1909f56bfc062723c751e8b465ee728b) [PhysX] Initialized MultithreadedTaskDispatcher with 12 workers.
[PhysX] Initialized MultithreadedTaskDispatcher with 12 workers.
 -> (artifact id: '9b4663f7eaa65f4e142b82684e2685e3') in 0.007820 seconds
Number of updated asset objects reloaded before import = 0
Number of asset objects unloaded after import = 3
========================================================================
Received Import Request.
  Time since last request: 0.007276 seconds.
  path: Assets/IMG/Player/sword sprite/Iicon_32_32.png
  artifactKey: Guid(5c2f2a07fc386ab4ab9d4fc643956f1b) Importer(815301076,1909f56bfc062723c751e8b465ee728b)
Start importing Assets/IMG/Player/sword sprite/Iicon_32_32.png using Guid(5c2f2a07fc386ab4ab9d4fc643956f1b) Importer(815301076,1909f56bfc062723c751e8b465ee728b) [PhysX] Initialized MultithreadedTaskDispatcher with 12 workers.
[PhysX] Initialized MultithreadedTaskDispatcher with 12 workers.
 -> (artifact id: 'f9c97be409f8dad3e36b45f917e55cab') in 0.009494 seconds
Number of updated asset objects reloaded before import = 0
Number of asset objects unloaded after import = 3
========================================================================
Received Import Request.
  Time since last request: 0.000021 seconds.
  path: Assets/IMG/Player/sword sprite/Iicon_32_36.png
  artifactKey: Guid(625f527ecd8c4c940a2f236cfb8fabef) Importer(815301076,1909f56bfc062723c751e8b465ee728b)
Start importing Assets/IMG/Player/sword sprite/Iicon_32_36.png using Guid(625f527ecd8c4c940a2f236cfb8fabef) Importer(815301076,1909f56bfc062723c751e8b465ee728b) [PhysX] Initialized MultithreadedTaskDispatcher with 12 workers.
[PhysX] Initialized MultithreadedTaskDispatcher with 12 workers.
 -> (artifact id: 'f68d51861f9169f28f49468768122107') in 0.008427 seconds
Number of updated asset objects reloaded before import = 0
Number of asset objects unloaded after import = 3
========================================================================
Received Import Request.
  Time since last request: 0.033613 seconds.
  path: Assets/IMG/Player/sword sprite/Iicon_32_39.png
  artifactKey: Guid(ab26d455eb1342b40b85c96967f87326) Importer(815301076,1909f56bfc062723c751e8b465ee728b)
Start importing Assets/IMG/Player/sword sprite/Iicon_32_39.png using Guid(ab26d455eb1342b40b85c96967f87326) Importer(815301076,1909f56bfc062723c751e8b465ee728b) [PhysX] Initialized MultithreadedTaskDispatcher with 12 workers.
[PhysX] Initialized MultithreadedTaskDispatcher with 12 workers.
 -> (artifact id: '11388efeb2bd4490dd70c75a8d5cdf60') in 0.008959 seconds
Number of updated asset objects reloaded before import = 0
Number of asset objects unloaded after import = 3
Editor requested this worker to shutdown with reason: Scaling down because of idle timeout
TcpMessagingSession - receive error: operation aborted. errorcode: 995, details: The I/O operation has been aborted because of either a thread exit or an application request.
AssetImportWorker is now disconnected from the server
Process exiting
Exiting without the bug reporter. Application will terminate with return code 0