Using pre-set license
Built from '2022.3/respin/2022.3.62f2-4af31df585-v2' branch; Version is '2022.3.62f3 (96770f904ca7) revision 9860879'; Using compiler version '192829333'; Build Type 'Release'
OS: 'Windows 11  (10.0.26200) 64bit CoreSingleLanguage' Language: 'vi' Physical Memory: 16163 MB
BatchMode: 1, IsHumanControllingUs: 0, StartBugReporterOnCrash: 0, Is64bit: 1, IsPro: 1

COMMAND LINE ARGUMENTS:
C:\Program Files\Unity\Hub\Editor\2022.3.62f3\Editor\Unity.exe
-adb2
-batchMode
-noUpm
-name
AssetImportWorker5
-projectPath
D:/DN/UNITY/Dungeon-Seeker
-logFile
Logs/AssetImportWorker5.log
-srvPort
62792
Successfully changed project path to: D:/DN/UNITY/Dungeon-Seeker
D:/DN/UNITY/Dungeon-Seeker
[UnityMemory] Configuration Parameters - Can be set up in boot.config
    "memorysetup-bucket-allocator-granularity=16"
    "memorysetup-bucket-allocator-bucket-count=8"
    "memorysetup-bucket-allocator-block-size=33554432"
    "memorysetup-bucket-allocator-block-count=8"
    "memorysetup-main-allocator-block-size=16777216"
    "memorysetup-thread-allocator-block-size=16777216"
    "memorysetup-gfx-main-allocator-block-size=16777216"
    "memorysetup-gfx-thread-allocator-block-size=16777216"
    "memorysetup-cache-allocator-block-size=4194304"
    "memorysetup-typetree-allocator-block-size=2097152"
    "memorysetup-profiler-bucket-allocator-granularity=16"
    "memorysetup-profiler-bucket-allocator-bucket-count=8"
    "memorysetup-profiler-bucket-allocator-block-size=33554432"
    "memorysetup-profiler-bucket-allocator-block-count=8"
    "memorysetup-profiler-allocator-block-size=16777216"
    "memorysetup-profiler-editor-allocator-block-size=1048576"
    "memorysetup-temp-allocator-size-main=16777216"
    "memorysetup-job-temp-allocator-block-size=2097152"
    "memorysetup-job-temp-allocator-block-size-background=1048576"
    "memorysetup-job-temp-allocator-reduction-small-platforms=262144"
    "memorysetup-allocator-temp-initial-block-size-main=262144"
    "memorysetup-allocator-temp-initial-block-size-worker=262144"
    "memorysetup-temp-allocator-size-background-worker=32768"
    "memorysetup-temp-allocator-size-job-worker=262144"
    "memorysetup-temp-allocator-size-preload-manager=33554432"
    "memorysetup-temp-allocator-size-nav-mesh-worker=65536"
    "memorysetup-temp-allocator-size-audio-worker=65536"
    "memorysetup-temp-allocator-size-cloud-worker=32768"
    "memorysetup-temp-allocator-size-gi-baking-worker=262144"
    "memorysetup-temp-allocator-size-gfx=262144"
Player connection [22076]  Target information:

Player connection [22076]  * "[IP] 26.253.110.139 [Port] 0 [Flags] 2 [Guid] 2175014668 [EditorId] 2175014668 [Version] 1048832 [Id] WindowsEditor(7,GIGABYTE_G5) [Debug] 1 [PackageName] WindowsEditor [ProjectName] Editor" 

Player connection [22076]  * "[IP] 192.168.100.100 [Port] 0 [Flags] 2 [Guid] 2175014668 [EditorId] 2175014668 [Version] 1048832 [Id] WindowsEditor(7,GIGABYTE_G5) [Debug] 1 [PackageName] WindowsEditor [ProjectName] Editor" 

Player connection [22076] Host joined multi-casting on [225.0.0.222:54997]...
Player connection [22076] Host joined alternative multi-casting on [225.0.0.222:34997]...
Input System module state changed to: Initialized.
[PhysX] Initialized MultithreadedTaskDispatcher with 12 workers.
Refreshing native plugins compatible for Editor in 6.20 ms, found 1 plugins.
Preloading 0 native plugins for Editor in 0.00 ms.
Initialize engine version: 2022.3.62f3 (96770f904ca7)
[Subsystems] Discovering subsystems at path C:/Program Files/Unity/Hub/Editor/2022.3.62f3/Editor/Data/Resources/UnitySubsystems
[Subsystems] Discovering subsystems at path D:/DN/UNITY/Dungeon-Seeker/Assets
GfxDevice: creating device client; threaded=0; jobified=0
Direct3D:
    Version:  Direct3D 11.0 [level 11.1]
    Renderer: NVIDIA GeForce RTX 3050 Laptop GPU (ID=0x25a2)
    Vendor:   NVIDIA
    VRAM:     3962 MB
    Driver:   32.0.15.9186
Initialize mono
Mono path[0] = 'C:/Program Files/Unity/Hub/Editor/2022.3.62f3/Editor/Data/Managed'
Mono path[1] = 'C:/Program Files/Unity/Hub/Editor/2022.3.62f3/Editor/Data/MonoBleedingEdge/lib/mono/unityjit-win32'
Mono config path = 'C:/Program Files/Unity/Hub/Editor/2022.3.62f3/Editor/Data/MonoBleedingEdge/etc'
Using monoOptions --debugger-agent=transport=dt_socket,embedding=1,server=y,suspend=n,address=127.0.0.1:56260
Begin MonoManager ReloadAssembly
Registering precompiled unity dll's ...
Register platform support module: C:/Program Files/Unity/Hub/Editor/2022.3.62f3/Editor/Data/PlaybackEngines/AndroidPlayer/UnityEditor.Android.Extensions.dll
Register platform support module: C:/Program Files/Unity/Hub/Editor/2022.3.62f3/Editor/Data/PlaybackEngines/WindowsStandaloneSupport/UnityEditor.WindowsStandalone.Extensions.dll
Registered in 0.012374 seconds.
- Loaded All Assemblies, in  0.371 seconds
Native extension for WindowsStandalone target not found
Native extension for Android target not found
Android Extension - Scanning For ADB Devices 251 ms
Mono: successfully reloaded assembly
- Finished resetting the current domain, in  0.562 seconds
Domain Reload Profiling: 932ms
	BeginReloadAssembly (97ms)
		ExecutionOrderSort (0ms)
		DisableScriptedObjects (0ms)
		BackupInstance (0ms)
		ReleaseScriptingObjects (0ms)
		CreateAndSetChildDomain (1ms)
	RebuildCommonClasses (34ms)
	RebuildNativeTypeToScriptingClass (10ms)
	initialDomainReloadingComplete (66ms)
	LoadAllAssembliesAndSetupDomain (161ms)
		LoadAssemblies (94ms)
		RebuildTransferFunctionScriptingTraits (0ms)
		AnalyzeDomain (159ms)
			TypeCache.Refresh (157ms)
				TypeCache.ScanAssembly (142ms)
			ScanForSourceGeneratedMonoScriptInfo (0ms)
			ResolveRequiredComponents (1ms)
	FinalizeReload (563ms)
		ReleaseScriptCaches (0ms)
		RebuildScriptCaches (0ms)
		SetupLoadedEditorAssemblies (511ms)
			LogAssemblyErrors (0ms)
			InitializePlatformSupportModulesInManaged (336ms)
			SetLoadedEditorAssemblies (3ms)
			RefreshPlugins (0ms)
			BeforeProcessingInitializeOnLoad (2ms)
			ProcessInitializeOnLoadAttributes (124ms)
			ProcessInitializeOnLoadMethodAttributes (46ms)
			AfterProcessingInitializeOnLoad (0ms)
			EditorAssembliesLoaded (0ms)
		ExecutionOrderSort2 (0ms)
		AwakeInstancesAfterBackupRestoration (0ms)
========================================================================
Worker process is ready to serve import requests
Caller must complete domain reload
Begin MonoManager ReloadAssembly
- Loaded All Assemblies, in  0.557 seconds
Native extension for WindowsStandalone target not found
Native extension for Android target not found
Mono: successfully reloaded assembly
- Finished resetting the current domain, in  0.655 seconds
Domain Reload Profiling: 1210ms
	BeginReloadAssembly (135ms)
		ExecutionOrderSort (0ms)
		DisableScriptedObjects (5ms)
		BackupInstance (0ms)
		ReleaseScriptingObjects (0ms)
		CreateAndSetChildDomain (24ms)
	RebuildCommonClasses (33ms)
	RebuildNativeTypeToScriptingClass (10ms)
	initialDomainReloadingComplete (39ms)
	LoadAllAssembliesAndSetupDomain (337ms)
		LoadAssemblies (263ms)
		RebuildTransferFunctionScriptingTraits (0ms)
		AnalyzeDomain (147ms)
			TypeCache.Refresh (112ms)
				TypeCache.ScanAssembly (99ms)
			ScanForSourceGeneratedMonoScriptInfo (22ms)
			ResolveRequiredComponents (13ms)
	FinalizeReload (655ms)
		ReleaseScriptCaches (0ms)
		RebuildScriptCaches (0ms)
		SetupLoadedEditorAssemblies (454ms)
			LogAssemblyErrors (0ms)
			InitializePlatformSupportModulesInManaged (31ms)
			SetLoadedEditorAssemblies (5ms)
			RefreshPlugins (0ms)
			BeforeProcessingInitializeOnLoad (110ms)
			ProcessInitializeOnLoadAttributes (210ms)
			ProcessInitializeOnLoadMethodAttributes (89ms)
			AfterProcessingInitializeOnLoad (8ms)
			EditorAssembliesLoaded (0ms)
		ExecutionOrderSort2 (0ms)
		AwakeInstancesAfterBackupRestoration (7ms)
Launched and connected shader compiler UnityShaderCompiler.exe after 0.04 seconds
Refreshing native plugins compatible for Editor in 1.82 ms, found 1 plugins.
Preloading 0 native plugins for Editor in 0.00 ms.
Unloading 3777 Unused Serialized files (Serialized files now loaded: 0)
Unloading 37 unused Assets / (413.0 KB). Loaded Objects now: 4256.
Memory consumption went from 194.0 MB to 193.6 MB.
Total: 3.074100 ms (FindLiveObjects: 0.338600 ms CreateObjectMapping: 0.101700 ms MarkObjects: 2.446800 ms  DeleteObjects: 0.185700 ms)

AssetImportParameters requested are different than current active one (requested -> active):
  custom:scripting/monoscript/fileName/UIParticleSystem.cs: 75704037c35ba7eeff779d77cdf4ef02 -> ae9d428231ed39e0620c5c4869aebe89
  custom:container-demuxer-ogg: 62fdf1f143b41e24485cea50d1cbac27 -> 
  custom:video-codec-MediaFoundation-h265: 746d11721c4dcdbdad8f713fa42b33f4 -> 
  custom:video-decoder-ogg-theora: a1e56fd34408186e4bbccfd4996cb3dc -> 
  custom:framework-win-MediaFoundation: 216162199b28c13a410421893ffa2e32 -> 
  custom:CustomObjectIndexerAttribute: 72b91833f83ae208fae7752999fa3104 -> 
  custom:container-demuxer-webm: 4f35f7cbe854078d1ac9338744f61a02 -> 
  custom:scripting/monoscript/fileName/PanelView.cs: 6691c2d35e5e4bfaf63d481d72d2130a -> d2deaee66b7a61da10ffeed4fd8cb200
  custom:container-muxer-webm: aa71ff27fc2769a1b78a27578f13a17b -> 
  custom:video-decoder-webm-vp8: 9c59270c3fd7afecdb556c50c9e8de78 -> 
  custom:scripting/monoscript/fileName/PanelControl.cs: a3041f590ce3bb9956463a52f741e4df -> 02e56fdb1f44a3296f5290b5dcaa9121
  custom:SearchIndexIgnoredProperties: e643bd26f0fe6173181afceb89e7c659 -> 
  custom:AudioImporter_EditorPlatform: d09bf68614088b80899f8185d706f6e7 -> 
  custom:video-encoder-webm-vp8: eb34c28f22e8b96e1ab97ce403110664 -> 
  custom:audio-decoder-ogg-vorbis: bf7c407c2cedff20999df2af8eb42d56 -> 
  custom:audio-encoder-webm-vorbis: bf7c407c2cedff20999df2af8eb42d56 -> 
========================================================================
Received Import Request.
  Time since last request: 52411.694649 seconds.
  path: Assets/Quan/Asset/Layer Lab/GUI Pro-FantasyRPG/ResourcesData/Sprites/Component/Button/Button_Rectangle_01_Convex_White_Gradient.png
  artifactKey: Guid(c1b0c09d68c0641b08bca1277842f8fc) Importer(815301076,1909f56bfc062723c751e8b465ee728b)
Start importing Assets/Quan/Asset/Layer Lab/GUI Pro-FantasyRPG/ResourcesData/Sprites/Component/Button/Button_Rectangle_01_Convex_White_Gradient.png using Guid(c1b0c09d68c0641b08bca1277842f8fc) Importer(815301076,1909f56bfc062723c751e8b465ee728b) [PhysX] Initialized MultithreadedTaskDispatcher with 12 workers.
[PhysX] Initialized MultithreadedTaskDispatcher with 12 workers.
 -> (artifact id: 'ad8951537a6d69d28d26bf6160e56383') in 0.113895 seconds
Number of updated asset objects reloaded before import = 0
Number of asset objects unloaded after import = 3
========================================================================
Received Import Request.
  Time since last request: 0.000038 seconds.
  path: Assets/IMG/Khoi/map7/5 GUI/Buttons/Button_19.png
  artifactKey: Guid(f0cc19c3ef8c5c7428254c3a287ae0ba) Importer(815301076,1909f56bfc062723c751e8b465ee728b)
Start importing Assets/IMG/Khoi/map7/5 GUI/Buttons/Button_19.png using Guid(f0cc19c3ef8c5c7428254c3a287ae0ba) Importer(815301076,1909f56bfc062723c751e8b465ee728b) [PhysX] Initialized MultithreadedTaskDispatcher with 12 workers.
[PhysX] Initialized MultithreadedTaskDispatcher with 12 workers.
 -> (artifact id: 'd2ca7ba19721e97c74f04eb89f41db3d') in 0.012182 seconds
Number of updated asset objects reloaded before import = 0
Number of asset objects unloaded after import = 3
========================================================================
Received Import Request.
  Time since last request: 0.000023 seconds.
  path: Assets/IMG/Khoi/map7/5 GUI/Buttons/Button_28.png
  artifactKey: Guid(82d1f3c36a11f6f498fefd60321e153d) Importer(815301076,1909f56bfc062723c751e8b465ee728b)
Start importing Assets/IMG/Khoi/map7/5 GUI/Buttons/Button_28.png using Guid(82d1f3c36a11f6f498fefd60321e153d) Importer(815301076,1909f56bfc062723c751e8b465ee728b) [PhysX] Initialized MultithreadedTaskDispatcher with 12 workers.
[PhysX] Initialized MultithreadedTaskDispatcher with 12 workers.
 -> (artifact id: 'a418618551a609ea97b156b12efb1ab2') in 0.009520 seconds
Number of updated asset objects reloaded before import = 0
Number of asset objects unloaded after import = 3
========================================================================
Received Import Request.
  Time since last request: 0.000034 seconds.
  path: Assets/IMG/Khoi/map7/5 GUI/Buttons/Button_10.png
  artifactKey: Guid(e4420292a66d197439f5ecc93b8755c3) Importer(815301076,1909f56bfc062723c751e8b465ee728b)
Start importing Assets/IMG/Khoi/map7/5 GUI/Buttons/Button_10.png using Guid(e4420292a66d197439f5ecc93b8755c3) Importer(815301076,1909f56bfc062723c751e8b465ee728b) [PhysX] Initialized MultithreadedTaskDispatcher with 12 workers.
[PhysX] Initialized MultithreadedTaskDispatcher with 12 workers.
 -> (artifact id: 'cbdf48f53f9d0f4244eaf75d2bb76e88') in 0.012228 seconds
Number of updated asset objects reloaded before import = 0
Number of asset objects unloaded after import = 3
========================================================================
Received Import Request.
  Time since last request: 0.000018 seconds.
  path: Assets/Quan/Asset/Layer Lab/GUI Pro-FantasyRPG/ResourcesData/Sprites/Component/Button/Button_Rectangle_01_Convex_OffWhite.Png
  artifactKey: Guid(215d9dff07115427c805c2bc477a4e81) Importer(815301076,1909f56bfc062723c751e8b465ee728b)
Start importing Assets/Quan/Asset/Layer Lab/GUI Pro-FantasyRPG/ResourcesData/Sprites/Component/Button/Button_Rectangle_01_Convex_OffWhite.Png using Guid(215d9dff07115427c805c2bc477a4e81) Importer(815301076,1909f56bfc062723c751e8b465ee728b) [PhysX] Initialized MultithreadedTaskDispatcher with 12 workers.
[PhysX] Initialized MultithreadedTaskDispatcher with 12 workers.
 -> (artifact id: '28e16195ecbedd07fbbaba31f1387894') in 0.013642 seconds
Number of updated asset objects reloaded before import = 0
Number of asset objects unloaded after import = 3
========================================================================
Received Import Request.
  Time since last request: 0.000022 seconds.
  path: Assets/IMG/Khoi/map7/5 GUI/Buttons/Button_31.png
  artifactKey: Guid(bef5d04f9a7429f4c8395b7ece5d1150) Importer(815301076,1909f56bfc062723c751e8b465ee728b)
Start importing Assets/IMG/Khoi/map7/5 GUI/Buttons/Button_31.png using Guid(bef5d04f9a7429f4c8395b7ece5d1150) Importer(815301076,1909f56bfc062723c751e8b465ee728b) [PhysX] Initialized MultithreadedTaskDispatcher with 12 workers.
[PhysX] Initialized MultithreadedTaskDispatcher with 12 workers.
 -> (artifact id: '716e0822b656d1db7785dd919f0926d2') in 0.009191 seconds
Number of updated asset objects reloaded before import = 0
Number of asset objects unloaded after import = 3
========================================================================
Received Import Request.
  Time since last request: 0.000021 seconds.
  path: Assets/IMG/Khoi/map7/5 GUI/Buttons/Button_04.png
  artifactKey: Guid(219f3711263c4b84dbe24bf7b2f0a3ab) Importer(815301076,1909f56bfc062723c751e8b465ee728b)
Start importing Assets/IMG/Khoi/map7/5 GUI/Buttons/Button_04.png using Guid(219f3711263c4b84dbe24bf7b2f0a3ab) Importer(815301076,1909f56bfc062723c751e8b465ee728b) [PhysX] Initialized MultithreadedTaskDispatcher with 12 workers.
[PhysX] Initialized MultithreadedTaskDispatcher with 12 workers.
 -> (artifact id: '1b085ed1d027581cb0d2585a346f4a3f') in 0.008953 seconds
Number of updated asset objects reloaded before import = 0
Number of asset objects unloaded after import = 3
========================================================================
Received Import Request.
  Time since last request: 0.000021 seconds.
  path: Assets/IMG/Khoi/map7/5 GUI/Buttons/Button_37.png
  artifactKey: Guid(1fdc4e8b0f914c547ad8c594f4cd0f9f) Importer(815301076,1909f56bfc062723c751e8b465ee728b)
Start importing Assets/IMG/Khoi/map7/5 GUI/Buttons/Button_37.png using Guid(1fdc4e8b0f914c547ad8c594f4cd0f9f) Importer(815301076,1909f56bfc062723c751e8b465ee728b) [PhysX] Initialized MultithreadedTaskDispatcher with 12 workers.
[PhysX] Initialized MultithreadedTaskDispatcher with 12 workers.
 -> (artifact id: 'bf8922b9d509f069148877014fa0aa61') in 0.010699 seconds
Number of updated asset objects reloaded before import = 0
Number of asset objects unloaded after import = 3
========================================================================
Received Import Request.
  Time since last request: 0.000021 seconds.
  path: Assets/IMG/Khoi/map7/5 GUI/Buttons/Button_14.png
  artifactKey: Guid(dc3b2e23fe3f4144a85dafa11e97c6aa) Importer(815301076,1909f56bfc062723c751e8b465ee728b)
Start importing Assets/IMG/Khoi/map7/5 GUI/Buttons/Button_14.png using Guid(dc3b2e23fe3f4144a85dafa11e97c6aa) Importer(815301076,1909f56bfc062723c751e8b465ee728b) [PhysX] Initialized MultithreadedTaskDispatcher with 12 workers.
[PhysX] Initialized MultithreadedTaskDispatcher with 12 workers.
 -> (artifact id: '0d28938f88acdbd17fd04b14ffcfda0c') in 0.008002 seconds
Number of updated asset objects reloaded before import = 0
Number of asset objects unloaded after import = 3
========================================================================
Received Import Request.
  Time since last request: 0.000023 seconds.
  path: Assets/IMG/Khoi/map7/5 GUI/Buttons/Button_40.png
  artifactKey: Guid(90552ba57657b3f408359c9b70380d6b) Importer(815301076,1909f56bfc062723c751e8b465ee728b)
Start importing Assets/IMG/Khoi/map7/5 GUI/Buttons/Button_40.png using Guid(90552ba57657b3f408359c9b70380d6b) Importer(815301076,1909f56bfc062723c751e8b465ee728b) [PhysX] Initialized MultithreadedTaskDispatcher with 12 workers.
[PhysX] Initialized MultithreadedTaskDispatcher with 12 workers.
 -> (artifact id: 'fca0083119cbf9c40edc5fdbce774d71') in 0.009319 seconds
Number of updated asset objects reloaded before import = 0
Number of asset objects unloaded after import = 3
========================================================================
Received Import Request.
  Time since last request: 0.000028 seconds.
  path: Assets/Quan/Asset/Layer Lab/GUI Pro-FantasyRPG/ResourcesData/Sprites/Component/Button/Button_Rectangle_01_Convex_Blue.Png
  artifactKey: Guid(6900647849bf74c2daec9082ae11cc1c) Importer(815301076,1909f56bfc062723c751e8b465ee728b)
Start importing Assets/Quan/Asset/Layer Lab/GUI Pro-FantasyRPG/ResourcesData/Sprites/Component/Button/Button_Rectangle_01_Convex_Blue.Png using Guid(6900647849bf74c2daec9082ae11cc1c) Importer(815301076,1909f56bfc062723c751e8b465ee728b) [PhysX] Initialized MultithreadedTaskDispatcher with 12 workers.
[PhysX] Initialized MultithreadedTaskDispatcher with 12 workers.
 -> (artifact id: '543c238069721cc47eaad3b03ca91955') in 0.010627 seconds
Number of updated asset objects reloaded before import = 0
Number of asset objects unloaded after import = 3
========================================================================
Received Import Request.
  Time since last request: 0.000018 seconds.
  path: Assets/IMG/Khoi/logo/keyboard/Escape button.png
  artifactKey: Guid(0333cfc8618957d42904e13d1373749a) Importer(815301076,1909f56bfc062723c751e8b465ee728b)
Start importing Assets/IMG/Khoi/logo/keyboard/Escape button.png using Guid(0333cfc8618957d42904e13d1373749a) Importer(815301076,1909f56bfc062723c751e8b465ee728b) [PhysX] Initialized MultithreadedTaskDispatcher with 12 workers.
[PhysX] Initialized MultithreadedTaskDispatcher with 12 workers.
 -> (artifact id: '29971bbe6a5d75a4572a50f82820d928') in 0.011730 seconds
Number of updated asset objects reloaded before import = 0
Number of asset objects unloaded after import = 3
========================================================================
Received Import Request.
  Time since last request: 0.000026 seconds.
  path: Assets/IMG/Khoi/map7/5 GUI/Buttons/Button_23.png
  artifactKey: Guid(8024623a23fc46546b45e3a0fa8175b2) Importer(815301076,1909f56bfc062723c751e8b465ee728b)
Start importing Assets/IMG/Khoi/map7/5 GUI/Buttons/Button_23.png using Guid(8024623a23fc46546b45e3a0fa8175b2) Importer(815301076,1909f56bfc062723c751e8b465ee728b) [PhysX] Initialized MultithreadedTaskDispatcher with 12 workers.
[PhysX] Initialized MultithreadedTaskDispatcher with 12 workers.
 -> (artifact id: '1d03a14dc66923178979c9248f595656') in 0.009838 seconds
Number of updated asset objects reloaded before import = 0
Number of asset objects unloaded after import = 3
========================================================================
Received Import Request.
  Time since last request: 0.000023 seconds.
  path: Assets/Quan/Asset/Layer Lab/GUI Pro-FantasyRPG/ResourcesData/Sprites/Component/Button/Button_Rectangle_01_Convex_Gray.Png
  artifactKey: Guid(2dd4604925f264cb1990818641361190) Importer(815301076,1909f56bfc062723c751e8b465ee728b)
Start importing Assets/Quan/Asset/Layer Lab/GUI Pro-FantasyRPG/ResourcesData/Sprites/Component/Button/Button_Rectangle_01_Convex_Gray.Png using Guid(2dd4604925f264cb1990818641361190) Importer(815301076,1909f56bfc062723c751e8b465ee728b) [PhysX] Initialized MultithreadedTaskDispatcher with 12 workers.
[PhysX] Initialized MultithreadedTaskDispatcher with 12 workers.
 -> (artifact id: '4243398cd6d7818a17eafa7f401870b2') in 0.012034 seconds
Number of updated asset objects reloaded before import = 0
Number of asset objects unloaded after import = 3
========================================================================
Received Import Request.
  Time since last request: 0.000032 seconds.
  path: Assets/Quan/Asset/Layer Lab/GUI Pro-FantasyRPG/ResourcesData/Sprites/Component/Button/Button_Rectangle_01_Convex_Bluegray.Png
  artifactKey: Guid(68b35d2059b8c46e0a98e53628e9b3af) Importer(815301076,1909f56bfc062723c751e8b465ee728b)
Start importing Assets/Quan/Asset/Layer Lab/GUI Pro-FantasyRPG/ResourcesData/Sprites/Component/Button/Button_Rectangle_01_Convex_Bluegray.Png using Guid(68b35d2059b8c46e0a98e53628e9b3af) Importer(815301076,1909f56bfc062723c751e8b465ee728b) [PhysX] Initialized MultithreadedTaskDispatcher with 12 workers.
[PhysX] Initialized MultithreadedTaskDispatcher with 12 workers.
 -> (artifact id: '3f62588d5fa6c4f3d73d09a9e34b396d') in 0.011892 seconds
Number of updated asset objects reloaded before import = 0
Number of asset objects unloaded after import = 3
========================================================================
Received Import Request.
  Time since last request: 0.000022 seconds.
  path: Assets/IMG/Khoi/map7/5 GUI/Buttons/Button_17.png
  artifactKey: Guid(9a63c0b864fcfc343b69e43da8bee00e) Importer(815301076,1909f56bfc062723c751e8b465ee728b)
Start importing Assets/IMG/Khoi/map7/5 GUI/Buttons/Button_17.png using Guid(9a63c0b864fcfc343b69e43da8bee00e) Importer(815301076,1909f56bfc062723c751e8b465ee728b) [PhysX] Initialized MultithreadedTaskDispatcher with 12 workers.
[PhysX] Initialized MultithreadedTaskDispatcher with 12 workers.
 -> (artifact id: '402524306b791830df479d9a5545255d') in 0.009143 seconds
Number of updated asset objects reloaded before import = 0
Number of asset objects unloaded after import = 3
========================================================================
Received Import Request.
  Time since last request: 0.000019 seconds.
  path: Assets/IMG/Khoi/map7/5 GUI/Buttons/Button_18.png
  artifactKey: Guid(fe7cff047f281d140b21f22b381248c1) Importer(815301076,1909f56bfc062723c751e8b465ee728b)
Start importing Assets/IMG/Khoi/map7/5 GUI/Buttons/Button_18.png using Guid(fe7cff047f281d140b21f22b381248c1) Importer(815301076,1909f56bfc062723c751e8b465ee728b) [PhysX] Initialized MultithreadedTaskDispatcher with 12 workers.
[PhysX] Initialized MultithreadedTaskDispatcher with 12 workers.
 -> (artifact id: 'f86a22f81d859bfdf4ffbdcabccdee62') in 0.008754 seconds
Number of updated asset objects reloaded before import = 0
Number of asset objects unloaded after import = 3
========================================================================
Received Import Request.
  Time since last request: 0.000023 seconds.
  path: Assets/IMG/Khoi/map7/5 GUI/Buttons/Button_01.png
  artifactKey: Guid(e5e92018ab4065e4c84525225c01e265) Importer(815301076,1909f56bfc062723c751e8b465ee728b)
Start importing Assets/IMG/Khoi/map7/5 GUI/Buttons/Button_01.png using Guid(e5e92018ab4065e4c84525225c01e265) Importer(815301076,1909f56bfc062723c751e8b465ee728b) [PhysX] Initialized MultithreadedTaskDispatcher with 12 workers.
[PhysX] Initialized MultithreadedTaskDispatcher with 12 workers.
 -> (artifact id: '8beb5b0699e577fab505f772ff3d986e') in 0.008985 seconds
Number of updated asset objects reloaded before import = 0
Number of asset objects unloaded after import = 3
========================================================================
Received Import Request.
  Time since last request: 0.000020 seconds.
  path: Assets/Quan/Asset/Layer Lab/GUI Pro-FantasyRPG/ResourcesData/Sprites/Component/Button/Button_Rectangle_01_Convex_White_Light.png
  artifactKey: Guid(fd3a5facdc117446f8ce7e4917c6f57f) Importer(815301076,1909f56bfc062723c751e8b465ee728b)
Start importing Assets/Quan/Asset/Layer Lab/GUI Pro-FantasyRPG/ResourcesData/Sprites/Component/Button/Button_Rectangle_01_Convex_White_Light.png using Guid(fd3a5facdc117446f8ce7e4917c6f57f) Importer(815301076,1909f56bfc062723c751e8b465ee728b) [PhysX] Initialized MultithreadedTaskDispatcher with 12 workers.
[PhysX] Initialized MultithreadedTaskDispatcher with 12 workers.
 -> (artifact id: 'd92a0105cba24ff89309de281458ba23') in 0.010771 seconds
Number of updated asset objects reloaded before import = 0
Number of asset objects unloaded after import = 3
========================================================================
Received Import Request.
  Time since last request: 16.381767 seconds.
  path: Assets/IMG/Khoi/Loading/01.png
  artifactKey: Guid(8aab52d8600fc604eabc15f9b5ef3064) Importer(815301076,1909f56bfc062723c751e8b465ee728b)
Start importing Assets/IMG/Khoi/Loading/01.png using Guid(8aab52d8600fc604eabc15f9b5ef3064) Importer(815301076,1909f56bfc062723c751e8b465ee728b) [PhysX] Initialized MultithreadedTaskDispatcher with 12 workers.
[PhysX] Initialized MultithreadedTaskDispatcher with 12 workers.
 -> (artifact id: '436d21cd330664fdd873a30fc96ba265') in 0.010551 seconds
Number of updated asset objects reloaded before import = 0
Number of asset objects unloaded after import = 3
========================================================================
Received Import Request.
  Time since last request: 0.000017 seconds.
  path: Assets/IMG/Enemies/Frost_Guardian_FULL_v1.0/PNG files/frost_guardian/1_atk/1_atk_10.png
  artifactKey: Guid(f279dc056616f18469e99464f7448804) Importer(815301076,1909f56bfc062723c751e8b465ee728b)
Start importing Assets/IMG/Enemies/Frost_Guardian_FULL_v1.0/PNG files/frost_guardian/1_atk/1_atk_10.png using Guid(f279dc056616f18469e99464f7448804) Importer(815301076,1909f56bfc062723c751e8b465ee728b) [PhysX] Initialized MultithreadedTaskDispatcher with 12 workers.
[PhysX] Initialized MultithreadedTaskDispatcher with 12 workers.
 -> (artifact id: '617dae3469bba40230a816a86fb1485c') in 0.012421 seconds
Number of updated asset objects reloaded before import = 0
Number of asset objects unloaded after import = 3
========================================================================
Received Import Request.
  Time since last request: 0.000022 seconds.
  path: Assets/IMG/Khoi/Loading/02.png
  artifactKey: Guid(16a536a95a968124890d702c73b35e20) Importer(815301076,1909f56bfc062723c751e8b465ee728b)
Start importing Assets/IMG/Khoi/Loading/02.png using Guid(16a536a95a968124890d702c73b35e20) Importer(815301076,1909f56bfc062723c751e8b465ee728b) [PhysX] Initialized MultithreadedTaskDispatcher with 12 workers.
[PhysX] Initialized MultithreadedTaskDispatcher with 12 workers.
 -> (artifact id: '65ad6c27bb346e3d3e8745cdf2396305') in 0.013522 seconds
Number of updated asset objects reloaded before import = 0
Number of asset objects unloaded after import = 3
========================================================================
Received Import Request.
  Time since last request: 0.000023 seconds.
  path: Assets/IMG/GUI/Border and Panels Menu Part 1/01 Border 01.png
  artifactKey: Guid(03a39eada87f3e44f9d793770bc6f0d2) Importer(815301076,1909f56bfc062723c751e8b465ee728b)
Start importing Assets/IMG/GUI/Border and Panels Menu Part 1/01 Border 01.png using Guid(03a39eada87f3e44f9d793770bc6f0d2) Importer(815301076,1909f56bfc062723c751e8b465ee728b) [PhysX] Initialized MultithreadedTaskDispatcher with 12 workers.
[PhysX] Initialized MultithreadedTaskDispatcher with 12 workers.
 -> (artifact id: 'abab220b458bfcbb02a8f087ad35bbdc') in 0.012289 seconds
Number of updated asset objects reloaded before import = 0
Number of asset objects unloaded after import = 3
========================================================================
Received Import Request.
  Time since last request: 0.000024 seconds.
  path: Assets/IMG/Khoi/logo/1.psd
  artifactKey: Guid(ded1b589edad7014cac91659fec3bd60) Importer(815301076,1909f56bfc062723c751e8b465ee728b)
Start importing Assets/IMG/Khoi/logo/1.psd using Guid(ded1b589edad7014cac91659fec3bd60) Importer(815301076,1909f56bfc062723c751e8b465ee728b) [PhysX] Initialized MultithreadedTaskDispatcher with 12 workers.
[PhysX] Initialized MultithreadedTaskDispatcher with 12 workers.
 -> (artifact id: 'fdc4e4fc9b3c3441b6bde6aa4aeaf44d') in 0.012946 seconds
Number of updated asset objects reloaded before import = 0
Number of asset objects unloaded after import = 3
========================================================================
Received Import Request.
  Time since last request: 0.000026 seconds.
  path: Assets/IMG/Enemies/Frost_Guardian_FULL_v1.0/PNG files/frost_guardian/1_atk/1_atk_1.png
  artifactKey: Guid(28200f6478458fd458985cc0b3b7eb93) Importer(815301076,1909f56bfc062723c751e8b465ee728b)
Start importing Assets/IMG/Enemies/Frost_Guardian_FULL_v1.0/PNG files/frost_guardian/1_atk/1_atk_1.png using Guid(28200f6478458fd458985cc0b3b7eb93) Importer(815301076,1909f56bfc062723c751e8b465ee728b) [PhysX] Initialized MultithreadedTaskDispatcher with 12 workers.
[PhysX] Initialized MultithreadedTaskDispatcher with 12 workers.
 -> (artifact id: 'a5b0e01700ee3e173ea8e2bd07b82454') in 0.010395 seconds
Number of updated asset objects reloaded before import = 0
Number of asset objects unloaded after import = 3
========================================================================
Received Import Request.
  Time since last request: 0.000023 seconds.
  path: Assets/IMG/Enemies/Frost_Guardian_FULL_v1.0/PNG files/frost_guardian/1_atk/1_atk_7.png
  artifactKey: Guid(e93e61906e7c8bd49b3e3249de88e154) Importer(815301076,1909f56bfc062723c751e8b465ee728b)
Start importing Assets/IMG/Enemies/Frost_Guardian_FULL_v1.0/PNG files/frost_guardian/1_atk/1_atk_7.png using Guid(e93e61906e7c8bd49b3e3249de88e154) Importer(815301076,1909f56bfc062723c751e8b465ee728b) [PhysX] Initialized MultithreadedTaskDispatcher with 12 workers.
[PhysX] Initialized MultithreadedTaskDispatcher with 12 workers.
 -> (artifact id: 'a4aa1c589ec18ca0ddd27e680d94af05') in 0.009639 seconds
Number of updated asset objects reloaded before import = 0
Number of asset objects unloaded after import = 3
========================================================================
Received Import Request.
  Time since last request: 0.000023 seconds.
  path: Assets/IMG/Enemies/Frost_Guardian_FULL_v1.0/PNG files/frost_guardian/1_atk/1_atk_8.png
  artifactKey: Guid(3c6f4b6be7afad743b30c3cb264c91cf) Importer(815301076,1909f56bfc062723c751e8b465ee728b)
Start importing Assets/IMG/Enemies/Frost_Guardian_FULL_v1.0/PNG files/frost_guardian/1_atk/1_atk_8.png using Guid(3c6f4b6be7afad743b30c3cb264c91cf) Importer(815301076,1909f56bfc062723c751e8b465ee728b) [PhysX] Initialized MultithreadedTaskDispatcher with 12 workers.
[PhysX] Initialized MultithreadedTaskDispatcher with 12 workers.
 -> (artifact id: '53c8d06bd7427f5fa2918aeed7018273') in 0.010548 seconds
Number of updated asset objects reloaded before import = 0
Number of asset objects unloaded after import = 3
========================================================================
Received Import Request.
  Time since last request: 0.000023 seconds.
  path: Assets/IMG/Khoi/logo/keyboard/2.png
  artifactKey: Guid(d3754815650449f4e927c15e08bdf096) Importer(815301076,1909f56bfc062723c751e8b465ee728b)
Start importing Assets/IMG/Khoi/logo/keyboard/2.png using Guid(d3754815650449f4e927c15e08bdf096) Importer(815301076,1909f56bfc062723c751e8b465ee728b) [PhysX] Initialized MultithreadedTaskDispatcher with 12 workers.
[PhysX] Initialized MultithreadedTaskDispatcher with 12 workers.
 -> (artifact id: 'ddc1703ad87b5ead90aaf01560a2e5dd') in 0.007926 seconds
Number of updated asset objects reloaded before import = 0
Number of asset objects unloaded after import = 3
========================================================================
Received Import Request.
  Time since last request: 0.000028 seconds.
  path: Assets/IMG/Enemies/Frost_Guardian_FULL_v1.0/gif samples/1_atk.gif
  artifactKey: Guid(b5960b3c5c56e4f4fa78e003c8aa3df1) Importer(815301076,1909f56bfc062723c751e8b465ee728b)
Start importing Assets/IMG/Enemies/Frost_Guardian_FULL_v1.0/gif samples/1_atk.gif using Guid(b5960b3c5c56e4f4fa78e003c8aa3df1) Importer(815301076,1909f56bfc062723c751e8b465ee728b) [PhysX] Initialized MultithreadedTaskDispatcher with 12 workers.
[PhysX] Initialized MultithreadedTaskDispatcher with 12 workers.
 -> (artifact id: '65ef7f2e5b3c4e888ad5728636fa588a') in 0.010164 seconds
Number of updated asset objects reloaded before import = 0
Number of asset objects unloaded after import = 3
========================================================================
Received Import Request.
  Time since last request: 0.000030 seconds.
  path: Assets/IMG/Khoi/map1/Aseprite/01-Artboard.aseprite
  artifactKey: Guid(7554be51bcdea4940b1b8c4b72c8eac0) Importer(815301076,1909f56bfc062723c751e8b465ee728b)
Start importing Assets/IMG/Khoi/map1/Aseprite/01-Artboard.aseprite using Guid(7554be51bcdea4940b1b8c4b72c8eac0) Importer(815301076,1909f56bfc062723c751e8b465ee728b) [PhysX] Initialized MultithreadedTaskDispatcher with 12 workers.
[PhysX] Initialized MultithreadedTaskDispatcher with 12 workers.
[PhysX] Initialized MultithreadedTaskDispatcher with 12 workers.
 -> (artifact id: '0fd1a089513b922e51054f2a67cbcb88') in 0.269514 seconds
Number of updated asset objects reloaded before import = 0
Number of asset objects unloaded after import = 26
========================================================================
Received Import Request.
  Time since last request: 4.779969 seconds.
  path: Assets/IMG/Khoi/logo/5dcfa75dab83f7d9b94c3cd9cf129c491072d449aecfc-iHxI7F_fw1200.psd
  artifactKey: Guid(9fce1c327a7b0ce4081900b0269e665e) Importer(815301076,1909f56bfc062723c751e8b465ee728b)
Start importing Assets/IMG/Khoi/logo/5dcfa75dab83f7d9b94c3cd9cf129c491072d449aecfc-iHxI7F_fw1200.psd using Guid(9fce1c327a7b0ce4081900b0269e665e) Importer(815301076,1909f56bfc062723c751e8b465ee728b) [PhysX] Initialized MultithreadedTaskDispatcher with 12 workers.
[PhysX] Initialized MultithreadedTaskDispatcher with 12 workers.
 -> (artifact id: 'c4b204e531ea2de6b04593f543ce9f02') in 0.018289 seconds
Number of updated asset objects reloaded before import = 0
Number of asset objects unloaded after import = 3
========================================================================
Received Import Request.
  Time since last request: 0.000024 seconds.
  path: Assets/IMG/Khoi/map1/Aseprite/07-KingPig.aseprite
  artifactKey: Guid(28c30353bba9b6e48a1bed12c7e9d256) Importer(815301076,1909f56bfc062723c751e8b465ee728b)
Start importing Assets/IMG/Khoi/map1/Aseprite/07-KingPig.aseprite using Guid(28c30353bba9b6e48a1bed12c7e9d256) Importer(815301076,1909f56bfc062723c751e8b465ee728b) [PhysX] Initialized MultithreadedTaskDispatcher with 12 workers.
[PhysX] Initialized MultithreadedTaskDispatcher with 12 workers.
[PhysX] Initialized MultithreadedTaskDispatcher with 12 workers.
 -> (artifact id: '09d7a7b9dea320fa9544d9ea778bd91a') in 0.074621 seconds
Number of updated asset objects reloaded before import = 0
Number of asset objects unloaded after import = 60
========================================================================
Received Import Request.
  Time since last request: 5.668051 seconds.
  path: Assets/Quan/Asset/Layer Lab/GUI Pro-FantasyRPG/Prefabs/Prefabs_DemoScene_Panels/CharacterSelect.prefab
  artifactKey: Guid(e6d5ce135ad7f4a279f4add381cad69e) Importer(815301076,1909f56bfc062723c751e8b465ee728b)
Start importing Assets/Quan/Asset/Layer Lab/GUI Pro-FantasyRPG/Prefabs/Prefabs_DemoScene_Panels/CharacterSelect.prefab using Guid(e6d5ce135ad7f4a279f4add381cad69e) Importer(815301076,1909f56bfc062723c751e8b465ee728b) [PhysX] Initialized MultithreadedTaskDispatcher with 12 workers.
 -> (artifact id: 'a81bb41aabfeb5da7a2a98abc26e096d') in 0.049184 seconds
Number of updated asset objects reloaded before import = 0
Number of asset objects unloaded after import = 416
========================================================================
Received Import Request.
  Time since last request: 0.000033 seconds.
  path: Assets/Quan/Asset/Layer Lab/GUI Pro-FantasyRPG/Prefabs/Prefabs_DemoScene_Panels/Language.prefab
  artifactKey: Guid(719cf6e27262c44ddbb5ba3c3e1698e8) Importer(815301076,1909f56bfc062723c751e8b465ee728b)
Start importing Assets/Quan/Asset/Layer Lab/GUI Pro-FantasyRPG/Prefabs/Prefabs_DemoScene_Panels/Language.prefab using Guid(719cf6e27262c44ddbb5ba3c3e1698e8) Importer(815301076,1909f56bfc062723c751e8b465ee728b) [PhysX] Initialized MultithreadedTaskDispatcher with 12 workers.
 -> (artifact id: '9f1b258fd14e45c7acf69551f8b9b0c5') in 0.021247 seconds
Number of updated asset objects reloaded before import = 0
Number of asset objects unloaded after import = 199
========================================================================
Received Import Request.
  Time since last request: 0.000031 seconds.
  path: Assets/Quan/Asset/Layer Lab/GUI Pro-FantasyRPG/Prefabs/Prefabs_DemoScene_Panels/Guild.prefab
  artifactKey: Guid(ab2368fc366a3474cb18b61f079bed67) Importer(815301076,1909f56bfc062723c751e8b465ee728b)
Start importing Assets/Quan/Asset/Layer Lab/GUI Pro-FantasyRPG/Prefabs/Prefabs_DemoScene_Panels/Guild.prefab using Guid(ab2368fc366a3474cb18b61f079bed67) Importer(815301076,1909f56bfc062723c751e8b465ee728b) [PhysX] Initialized MultithreadedTaskDispatcher with 12 workers.
 -> (artifact id: 'b880355921ce7858bea0c45dd0573606') in 0.029609 seconds
Number of updated asset objects reloaded before import = 0
Number of asset objects unloaded after import = 557
========================================================================
Received Import Request.
  Time since last request: 0.000031 seconds.
  path: Assets/Quan/Asset/Layer Lab/GUI Pro-FantasyRPG/Prefabs/Prefabs_DemoScene_Panels/PlayBoss.prefab
  artifactKey: Guid(745a86c2724c049cfb7fe4b03a0c2e1d) Importer(815301076,1909f56bfc062723c751e8b465ee728b)
Start importing Assets/Quan/Asset/Layer Lab/GUI Pro-FantasyRPG/Prefabs/Prefabs_DemoScene_Panels/PlayBoss.prefab using Guid(745a86c2724c049cfb7fe4b03a0c2e1d) Importer(815301076,1909f56bfc062723c751e8b465ee728b) [PhysX] Initialized MultithreadedTaskDispatcher with 12 workers.
 -> (artifact id: 'cea6212caa1db90dfbfc93cfcae77023') in 0.011683 seconds
Number of updated asset objects reloaded before import = 0
Number of asset objects unloaded after import = 118
========================================================================
Received Import Request.
  Time since last request: 0.000023 seconds.
  path: Assets/Quan/Asset/Layer Lab/GUI Pro-FantasyRPG/Prefabs/Prefabs_DemoScene_Panels/LevelUp.prefab
  artifactKey: Guid(0593b0dd0c5b74e868cb11047bfe9aef) Importer(815301076,1909f56bfc062723c751e8b465ee728b)
Start importing Assets/Quan/Asset/Layer Lab/GUI Pro-FantasyRPG/Prefabs/Prefabs_DemoScene_Panels/LevelUp.prefab using Guid(0593b0dd0c5b74e868cb11047bfe9aef) Importer(815301076,1909f56bfc062723c751e8b465ee728b) [PhysX] Initialized MultithreadedTaskDispatcher with 12 workers.
[PhysX] Initialized MultithreadedTaskDispatcher with 12 workers.
 -> (artifact id: 'f92f393362ca742a78806bd7405b8289') in 0.072026 seconds
Number of updated asset objects reloaded before import = 0
Number of asset objects unloaded after import = 238
========================================================================
Received Import Request.
  Time since last request: 0.000030 seconds.
  path: Assets/Quan/Asset/Layer Lab/GUI Pro-FantasyRPG/Prefabs/Prefabs_DemoScene_Panels/Equipment_ItemDetail1.prefab
  artifactKey: Guid(8e2ce3fdc21cd40428128fa3e3101250) Importer(815301076,1909f56bfc062723c751e8b465ee728b)
Start importing Assets/Quan/Asset/Layer Lab/GUI Pro-FantasyRPG/Prefabs/Prefabs_DemoScene_Panels/Equipment_ItemDetail1.prefab using Guid(8e2ce3fdc21cd40428128fa3e3101250) Importer(815301076,1909f56bfc062723c751e8b465ee728b) [PhysX] Initialized MultithreadedTaskDispatcher with 12 workers.
 -> (artifact id: 'd53257e96a505f76dcd3fc75cd3a0f9a') in 0.012900 seconds
Number of updated asset objects reloaded before import = 0
Number of asset objects unloaded after import = 137
========================================================================
Received Import Request.
  Time since last request: 16.070996 seconds.
  path: Assets/Quan/Asset/Layer Lab/GUI Pro-FantasyRPG/Prefabs/Prefabs_DemoScene_Panels/PlayType2.prefab
  artifactKey: Guid(c9d3b6ee66c6b4dfd9d62b917f562cf7) Importer(815301076,1909f56bfc062723c751e8b465ee728b)
Start importing Assets/Quan/Asset/Layer Lab/GUI Pro-FantasyRPG/Prefabs/Prefabs_DemoScene_Panels/PlayType2.prefab using Guid(c9d3b6ee66c6b4dfd9d62b917f562cf7) Importer(815301076,1909f56bfc062723c751e8b465ee728b) [PhysX] Initialized MultithreadedTaskDispatcher with 12 workers.
 -> (artifact id: 'a24e9ba7709d2f1e4c6c0828a68aecaa') in 0.045498 seconds
Number of updated asset objects reloaded before import = 0
Number of asset objects unloaded after import = 566
Editor requested this worker to shutdown with reason: Scaling down because of idle timeout
TcpMessagingSession - receive error: operation aborted. errorcode: 995, details: The I/O operation has been aborted because of either a thread exit or an application request.
AssetImportWorker is now disconnected from the server
Process exiting
Exiting without the bug reporter. Application will terminate with return code 0